[0.231s] Invoking command in '/home/ros25/ROS/ROS_25/colcon_ws/build/dynamixel_sdk': CMAKE_PREFIX_PATH=${CMAKE_PREFIX_PATH}:/home/ros25/ROS/ROS_25/colcon_ws/install/turtlebot3_teleop:/home/ros25/ROS/ROS_25/colcon_ws/install/turtlebot3_example:/home/ros25/ROS/ROS_25/colcon_ws/install/turtlebot3_controller:/home/ros25/ROS/ROS_25/colcon_ws/install/test_node:/opt/ros/humble /usr/bin/cmake --build /home/ros25/ROS/ROS_25/colcon_ws/build/dynamixel_sdk -- -j2 -l2
[0.918s] [35m[1mConsolidate compiler generated dependencies of target dynamixel_sdk[0m
[1.172s] [100%] Built target dynamixel_sdk
[1.662s] [100%] Built target ament_cmake_python_copy_dynamixel_sdk
[4.258s] running egg_info
[4.274s] writing dynamixel_sdk.egg-info/PKG-INFO
[4.278s] writing dependency_links to dynamixel_sdk.egg-info/dependency_links.txt
[4.285s] writing top-level names to dynamixel_sdk.egg-info/top_level.txt
[4.331s] reading manifest file 'dynamixel_sdk.egg-info/SOURCES.txt'
[4.336s] writing manifest file 'dynamixel_sdk.egg-info/SOURCES.txt'
[4.569s] [100%] Built target ament_cmake_python_build_dynamixel_sdk_egg
[4.634s] Invoked command in '/home/ros25/ROS/ROS_25/colcon_ws/build/dynamixel_sdk' returned '0': CMAKE_PREFIX_PATH=${CMAKE_PREFIX_PATH}:/home/ros25/ROS/ROS_25/colcon_ws/install/turtlebot3_teleop:/home/ros25/ROS/ROS_25/colcon_ws/install/turtlebot3_example:/home/ros25/ROS/ROS_25/colcon_ws/install/turtlebot3_controller:/home/ros25/ROS/ROS_25/colcon_ws/install/test_node:/opt/ros/humble /usr/bin/cmake --build /home/ros25/ROS/ROS_25/colcon_ws/build/dynamixel_sdk -- -j2 -l2
[4.687s] Invoking command in '/home/ros25/ROS/ROS_25/colcon_ws/build/dynamixel_sdk': CMAKE_PREFIX_PATH=${CMAKE_PREFIX_PATH}:/home/ros25/ROS/ROS_25/colcon_ws/install/turtlebot3_teleop:/home/ros25/ROS/ROS_25/colcon_ws/install/turtlebot3_example:/home/ros25/ROS/ROS_25/colcon_ws/install/turtlebot3_controller:/home/ros25/ROS/ROS_25/colcon_ws/install/test_node:/opt/ros/humble /usr/bin/cmake --install /home/ros25/ROS/ROS_25/colcon_ws/build/dynamixel_sdk
[4.761s] -- Install configuration: ""
[4.761s] -- Up-to-date: /home/ros25/ROS/ROS_25/colcon_ws/install/dynamixel_sdk/include/
[4.762s] -- Up-to-date: /home/ros25/ROS/ROS_25/colcon_ws/install/dynamixel_sdk/include//dynamixel_sdk
[4.762s] -- Up-to-date: /home/ros25/ROS/ROS_25/colcon_ws/install/dynamixel_sdk/include//dynamixel_sdk/port_handler.h
[4.762s] -- Up-to-date: /home/ros25/ROS/ROS_25/colcon_ws/install/dynamixel_sdk/include//dynamixel_sdk/port_handler_windows.h
[4.762s] -- Up-to-date: /home/ros25/ROS/ROS_25/colcon_ws/install/dynamixel_sdk/include//dynamixel_sdk/group_sync_read.h
[4.762s] -- Up-to-date: /home/ros25/ROS/ROS_25/colcon_ws/install/dynamixel_sdk/include//dynamixel_sdk/protocol1_packet_handler.h
[4.762s] -- Up-to-date: /home/ros25/ROS/ROS_25/colcon_ws/install/dynamixel_sdk/include//dynamixel_sdk/group_bulk_read.h
[4.762s] -- Up-to-date: /home/ros25/ROS/ROS_25/colcon_ws/install/dynamixel_sdk/include//dynamixel_sdk/dynamixel_sdk.h
[4.767s] -- Up-to-date: /home/ros25/ROS/ROS_25/colcon_ws/install/dynamixel_sdk/include//dynamixel_sdk/port_handler_linux.h
[4.767s] -- Up-to-date: /home/ros25/ROS/ROS_25/colcon_ws/install/dynamixel_sdk/include//dynamixel_sdk/port_handler_arduino.h
[4.767s] -- Up-to-date: /home/ros25/ROS/ROS_25/colcon_ws/install/dynamixel_sdk/include//dynamixel_sdk/port_handler_mac.h
[4.767s] -- Up-to-date: /home/ros25/ROS/ROS_25/colcon_ws/install/dynamixel_sdk/include//dynamixel_sdk/group_bulk_write.h
[4.767s] -- Up-to-date: /home/ros25/ROS/ROS_25/colcon_ws/install/dynamixel_sdk/include//dynamixel_sdk/group_handler.h
[4.767s] -- Up-to-date: /home/ros25/ROS/ROS_25/colcon_ws/install/dynamixel_sdk/include//dynamixel_sdk/group_fast_bulk_read.h
[4.767s] -- Up-to-date: /home/ros25/ROS/ROS_25/colcon_ws/install/dynamixel_sdk/include//dynamixel_sdk/group_sync_write.h
[4.767s] -- Up-to-date: /home/ros25/ROS/ROS_25/colcon_ws/install/dynamixel_sdk/include//dynamixel_sdk/packet_handler.h
[4.767s] -- Up-to-date: /home/ros25/ROS/ROS_25/colcon_ws/install/dynamixel_sdk/include//dynamixel_sdk/protocol2_packet_handler.h
[4.767s] -- Up-to-date: /home/ros25/ROS/ROS_25/colcon_ws/install/dynamixel_sdk/include//dynamixel_sdk/group_fast_sync_read.h
[4.767s] -- Up-to-date: /home/ros25/ROS/ROS_25/colcon_ws/install/dynamixel_sdk/lib/libdynamixel_sdk.so
[4.771s] -- Up-to-date: /home/ros25/ROS/ROS_25/colcon_ws/install/dynamixel_sdk/share/dynamixel_sdk/environment/pythonpath.sh
[4.771s] -- Up-to-date: /home/ros25/ROS/ROS_25/colcon_ws/install/dynamixel_sdk/share/dynamixel_sdk/environment/pythonpath.dsv
[4.771s] -- Up-to-date: /home/ros25/ROS/ROS_25/colcon_ws/install/dynamixel_sdk/local/lib/python3.10/dist-packages/dynamixel_sdk-3.8.4-py3.10.egg-info
[4.771s] -- Installing: /home/ros25/ROS/ROS_25/colcon_ws/install/dynamixel_sdk/local/lib/python3.10/dist-packages/dynamixel_sdk-3.8.4-py3.10.egg-info/top_level.txt
[4.771s] -- Installing: /home/ros25/ROS/ROS_25/colcon_ws/install/dynamixel_sdk/local/lib/python3.10/dist-packages/dynamixel_sdk-3.8.4-py3.10.egg-info/dependency_links.txt
[4.772s] -- Installing: /home/ros25/ROS/ROS_25/colcon_ws/install/dynamixel_sdk/local/lib/python3.10/dist-packages/dynamixel_sdk-3.8.4-py3.10.egg-info/PKG-INFO
[4.772s] -- Installing: /home/ros25/ROS/ROS_25/colcon_ws/install/dynamixel_sdk/local/lib/python3.10/dist-packages/dynamixel_sdk-3.8.4-py3.10.egg-info/SOURCES.txt
[4.776s] -- Up-to-date: /home/ros25/ROS/ROS_25/colcon_ws/install/dynamixel_sdk/local/lib/python3.10/dist-packages/dynamixel_sdk
[4.776s] -- Up-to-date: /home/ros25/ROS/ROS_25/colcon_ws/install/dynamixel_sdk/local/lib/python3.10/dist-packages/dynamixel_sdk/group_sync_read.py
[4.777s] -- Up-to-date: /home/ros25/ROS/ROS_25/colcon_ws/install/dynamixel_sdk/local/lib/python3.10/dist-packages/dynamixel_sdk/group_bulk_write.cpp
[4.777s] -- Up-to-date: /home/ros25/ROS/ROS_25/colcon_ws/install/dynamixel_sdk/local/lib/python3.10/dist-packages/dynamixel_sdk/port_handler_linux.cpp
[4.777s] -- Up-to-date: /home/ros25/ROS/ROS_25/colcon_ws/install/dynamixel_sdk/local/lib/python3.10/dist-packages/dynamixel_sdk/group_fast_sync_read.cpp
[4.777s] -- Up-to-date: /home/ros25/ROS/ROS_25/colcon_ws/install/dynamixel_sdk/local/lib/python3.10/dist-packages/dynamixel_sdk/packet_handler.cpp
[4.777s] -- Up-to-date: /home/ros25/ROS/ROS_25/colcon_ws/install/dynamixel_sdk/local/lib/python3.10/dist-packages/dynamixel_sdk/group_sync_write.py
[4.777s] -- Up-to-date: /home/ros25/ROS/ROS_25/colcon_ws/install/dynamixel_sdk/local/lib/python3.10/dist-packages/dynamixel_sdk/port_handler.cpp
[4.778s] -- Up-to-date: /home/ros25/ROS/ROS_25/colcon_ws/install/dynamixel_sdk/local/lib/python3.10/dist-packages/dynamixel_sdk/protocol2_packet_handler.cpp
[4.778s] -- Up-to-date: /home/ros25/ROS/ROS_25/colcon_ws/install/dynamixel_sdk/local/lib/python3.10/dist-packages/dynamixel_sdk/protocol2_packet_handler.py
[4.778s] -- Up-to-date: /home/ros25/ROS/ROS_25/colcon_ws/install/dynamixel_sdk/local/lib/python3.10/dist-packages/dynamixel_sdk/port_handler.py
[4.778s] -- Up-to-date: /home/ros25/ROS/ROS_25/colcon_ws/install/dynamixel_sdk/local/lib/python3.10/dist-packages/dynamixel_sdk/group_fast_bulk_read.cpp
[4.778s] -- Up-to-date: /home/ros25/ROS/ROS_25/colcon_ws/install/dynamixel_sdk/local/lib/python3.10/dist-packages/dynamixel_sdk/group_bulk_read.py
[4.778s] -- Up-to-date: /home/ros25/ROS/ROS_25/colcon_ws/install/dynamixel_sdk/local/lib/python3.10/dist-packages/dynamixel_sdk/protocol1_packet_handler.py
[4.778s] -- Up-to-date: /home/ros25/ROS/ROS_25/colcon_ws/install/dynamixel_sdk/local/lib/python3.10/dist-packages/dynamixel_sdk/group_bulk_read.cpp
[4.779s] -- Up-to-date: /home/ros25/ROS/ROS_25/colcon_ws/install/dynamixel_sdk/local/lib/python3.10/dist-packages/dynamixel_sdk/group_sync_write.cpp
[4.779s] -- Up-to-date: /home/ros25/ROS/ROS_25/colcon_ws/install/dynamixel_sdk/local/lib/python3.10/dist-packages/dynamixel_sdk/port_handler_mac.cpp
[4.779s] -- Up-to-date: /home/ros25/ROS/ROS_25/colcon_ws/install/dynamixel_sdk/local/lib/python3.10/dist-packages/dynamixel_sdk/port_handler_windows.cpp
[4.779s] -- Up-to-date: /home/ros25/ROS/ROS_25/colcon_ws/install/dynamixel_sdk/local/lib/python3.10/dist-packages/dynamixel_sdk/group_bulk_write.py
[4.779s] -- Up-to-date: /home/ros25/ROS/ROS_25/colcon_ws/install/dynamixel_sdk/local/lib/python3.10/dist-packages/dynamixel_sdk/group_sync_read.cpp
[4.780s] -- Up-to-date: /home/ros25/ROS/ROS_25/colcon_ws/install/dynamixel_sdk/local/lib/python3.10/dist-packages/dynamixel_sdk/robotis_def.py
[4.780s] -- Up-to-date: /home/ros25/ROS/ROS_25/colcon_ws/install/dynamixel_sdk/local/lib/python3.10/dist-packages/dynamixel_sdk/__init__.py
[4.780s] -- Up-to-date: /home/ros25/ROS/ROS_25/colcon_ws/install/dynamixel_sdk/local/lib/python3.10/dist-packages/dynamixel_sdk/protocol1_packet_handler.cpp
[4.780s] -- Up-to-date: /home/ros25/ROS/ROS_25/colcon_ws/install/dynamixel_sdk/local/lib/python3.10/dist-packages/dynamixel_sdk/group_handler.cpp
[4.780s] -- Up-to-date: /home/ros25/ROS/ROS_25/colcon_ws/install/dynamixel_sdk/local/lib/python3.10/dist-packages/dynamixel_sdk/port_handler_arduino.cpp
[4.780s] -- Up-to-date: /home/ros25/ROS/ROS_25/colcon_ws/install/dynamixel_sdk/local/lib/python3.10/dist-packages/dynamixel_sdk/packet_handler.py
[4.945s] Listing '/home/ros25/ROS/ROS_25/colcon_ws/install/dynamixel_sdk/local/lib/python3.10/dist-packages/dynamixel_sdk'...
[4.967s] -- Up-to-date: /home/ros25/ROS/ROS_25/colcon_ws/install/dynamixel_sdk/share/dynamixel_sdk/environment/library_path.sh
[4.974s] -- Up-to-date: /home/ros25/ROS/ROS_25/colcon_ws/install/dynamixel_sdk/share/dynamixel_sdk/environment/library_path.dsv
[4.975s] -- Up-to-date: /home/ros25/ROS/ROS_25/colcon_ws/install/dynamixel_sdk/share/ament_index/resource_index/package_run_dependencies/dynamixel_sdk
[4.975s] -- Up-to-date: /home/ros25/ROS/ROS_25/colcon_ws/install/dynamixel_sdk/share/ament_index/resource_index/parent_prefix_path/dynamixel_sdk
[4.975s] -- Up-to-date: /home/ros25/ROS/ROS_25/colcon_ws/install/dynamixel_sdk/share/dynamixel_sdk/environment/ament_prefix_path.sh
[4.975s] -- Up-to-date: /home/ros25/ROS/ROS_25/colcon_ws/install/dynamixel_sdk/share/dynamixel_sdk/environment/ament_prefix_path.dsv
[4.975s] -- Up-to-date: /home/ros25/ROS/ROS_25/colcon_ws/install/dynamixel_sdk/share/dynamixel_sdk/environment/path.sh
[4.975s] -- Up-to-date: /home/ros25/ROS/ROS_25/colcon_ws/install/dynamixel_sdk/share/dynamixel_sdk/environment/path.dsv
[4.975s] -- Up-to-date: /home/ros25/ROS/ROS_25/colcon_ws/install/dynamixel_sdk/share/dynamixel_sdk/local_setup.bash
[4.975s] -- Up-to-date: /home/ros25/ROS/ROS_25/colcon_ws/install/dynamixel_sdk/share/dynamixel_sdk/local_setup.sh
[4.975s] -- Up-to-date: /home/ros25/ROS/ROS_25/colcon_ws/install/dynamixel_sdk/share/dynamixel_sdk/local_setup.zsh
[4.987s] -- Up-to-date: /home/ros25/ROS/ROS_25/colcon_ws/install/dynamixel_sdk/share/dynamixel_sdk/local_setup.dsv
[4.987s] -- Installing: /home/ros25/ROS/ROS_25/colcon_ws/install/dynamixel_sdk/share/dynamixel_sdk/package.dsv
[4.987s] -- Up-to-date: /home/ros25/ROS/ROS_25/colcon_ws/install/dynamixel_sdk/share/ament_index/resource_index/packages/dynamixel_sdk
[4.993s] -- Up-to-date: /home/ros25/ROS/ROS_25/colcon_ws/install/dynamixel_sdk/share/dynamixel_sdk/cmake/dynamixel_sdkExport.cmake
[4.994s] -- Up-to-date: /home/ros25/ROS/ROS_25/colcon_ws/install/dynamixel_sdk/share/dynamixel_sdk/cmake/dynamixel_sdkExport-noconfig.cmake
[4.994s] -- Up-to-date: /home/ros25/ROS/ROS_25/colcon_ws/install/dynamixel_sdk/share/dynamixel_sdk/cmake/ament_cmake_export_targets-extras.cmake
[4.994s] -- Up-to-date: /home/ros25/ROS/ROS_25/colcon_ws/install/dynamixel_sdk/share/dynamixel_sdk/cmake/ament_cmake_export_include_directories-extras.cmake
[4.994s] -- Up-to-date: /home/ros25/ROS/ROS_25/colcon_ws/install/dynamixel_sdk/share/dynamixel_sdk/cmake/ament_cmake_export_libraries-extras.cmake
[4.994s] -- Up-to-date: /home/ros25/ROS/ROS_25/colcon_ws/install/dynamixel_sdk/share/dynamixel_sdk/cmake/dynamixel_sdkConfig.cmake
[4.994s] -- Up-to-date: /home/ros25/ROS/ROS_25/colcon_ws/install/dynamixel_sdk/share/dynamixel_sdk/cmake/dynamixel_sdkConfig-version.cmake
[4.994s] -- Up-to-date: /home/ros25/ROS/ROS_25/colcon_ws/install/dynamixel_sdk/share/dynamixel_sdk/package.xml
[4.995s] Invoked command in '/home/ros25/ROS/ROS_25/colcon_ws/build/dynamixel_sdk' returned '0': CMAKE_PREFIX_PATH=${CMAKE_PREFIX_PATH}:/home/ros25/ROS/ROS_25/colcon_ws/install/turtlebot3_teleop:/home/ros25/ROS/ROS_25/colcon_ws/install/turtlebot3_example:/home/ros25/ROS/ROS_25/colcon_ws/install/turtlebot3_controller:/home/ros25/ROS/ROS_25/colcon_ws/install/test_node:/opt/ros/humble /usr/bin/cmake --install /home/ros25/ROS/ROS_25/colcon_ws/build/dynamixel_sdk
