[0.116s] Invoking command in '/home/ros25/ROS/ROS_25/colcon_ws/build/turtlebot3_navigation2': CMAKE_PREFIX_PATH=${CMAKE_PREFIX_PATH}:/home/ros25/ROS/ROS_25/colcon_ws/install/turtlebot3_teleop:/home/ros25/ROS/ROS_25/colcon_ws/install/turtlebot3_example:/home/ros25/ROS/ROS_25/colcon_ws/install/turtlebot3_controller:/home/ros25/ROS/ROS_25/colcon_ws/install/test_node:/opt/ros/humble /usr/bin/cmake --build /home/ros25/ROS/ROS_25/colcon_ws/build/turtlebot3_navigation2 -- -j2 -l2
[1.185s] Invoked command in '/home/ros25/ROS/ROS_25/colcon_ws/build/turtlebot3_navigation2' returned '0': CMAKE_PREFIX_PATH=${CMAKE_PREFIX_PATH}:/home/ros25/ROS/ROS_25/colcon_ws/install/turtlebot3_teleop:/home/ros25/ROS/ROS_25/colcon_ws/install/turtlebot3_example:/home/ros25/ROS/ROS_25/colcon_ws/install/turtlebot3_controller:/home/ros25/ROS/ROS_25/colcon_ws/install/test_node:/opt/ros/humble /usr/bin/cmake --build /home/ros25/ROS/ROS_25/colcon_ws/build/turtlebot3_navigation2 -- -j2 -l2
[1.196s] Invoking command in '/home/ros25/ROS/ROS_25/colcon_ws/build/turtlebot3_navigation2': CMAKE_PREFIX_PATH=${CMAKE_PREFIX_PATH}:/home/ros25/ROS/ROS_25/colcon_ws/install/turtlebot3_teleop:/home/ros25/ROS/ROS_25/colcon_ws/install/turtlebot3_example:/home/ros25/ROS/ROS_25/colcon_ws/install/turtlebot3_controller:/home/ros25/ROS/ROS_25/colcon_ws/install/test_node:/opt/ros/humble /usr/bin/cmake --install /home/ros25/ROS/ROS_25/colcon_ws/build/turtlebot3_navigation2
[1.273s] -- Install configuration: ""
[1.275s] -- Up-to-date: /home/ros25/ROS/ROS_25/colcon_ws/install/turtlebot3_navigation2/share/turtlebot3_navigation2/launch
[1.281s] -- Up-to-date: /home/ros25/ROS/ROS_25/colcon_ws/install/turtlebot3_navigation2/share/turtlebot3_navigation2/launch/navigation2.launch.py
[1.282s] -- Up-to-date: /home/ros25/ROS/ROS_25/colcon_ws/install/turtlebot3_navigation2/share/turtlebot3_navigation2/map
[1.282s] -- Up-to-date: /home/ros25/ROS/ROS_25/colcon_ws/install/turtlebot3_navigation2/share/turtlebot3_navigation2/map/map.yaml
[1.282s] -- Up-to-date: /home/ros25/ROS/ROS_25/colcon_ws/install/turtlebot3_navigation2/share/turtlebot3_navigation2/map/map.pgm
[1.282s] -- Up-to-date: /home/ros25/ROS/ROS_25/colcon_ws/install/turtlebot3_navigation2/share/turtlebot3_navigation2/param
[1.282s] -- Up-to-date: /home/ros25/ROS/ROS_25/colcon_ws/install/turtlebot3_navigation2/share/turtlebot3_navigation2/param/burger_cam.yaml
[1.283s] -- Up-to-date: /home/ros25/ROS/ROS_25/colcon_ws/install/turtlebot3_navigation2/share/turtlebot3_navigation2/param/waffle_pi.yaml
[1.283s] -- Up-to-date: /home/ros25/ROS/ROS_25/colcon_ws/install/turtlebot3_navigation2/share/turtlebot3_navigation2/param/burger.yaml
[1.283s] -- Up-to-date: /home/ros25/ROS/ROS_25/colcon_ws/install/turtlebot3_navigation2/share/turtlebot3_navigation2/param/humble
[1.288s] -- Up-to-date: /home/ros25/ROS/ROS_25/colcon_ws/install/turtlebot3_navigation2/share/turtlebot3_navigation2/param/humble/burger_cam.yaml
[1.288s] -- Up-to-date: /home/ros25/ROS/ROS_25/colcon_ws/install/turtlebot3_navigation2/share/turtlebot3_navigation2/param/humble/waffle_pi.yaml
[1.288s] -- Up-to-date: /home/ros25/ROS/ROS_25/colcon_ws/install/turtlebot3_navigation2/share/turtlebot3_navigation2/param/humble/burger.yaml
[1.289s] -- Up-to-date: /home/ros25/ROS/ROS_25/colcon_ws/install/turtlebot3_navigation2/share/turtlebot3_navigation2/param/humble/waffle.yaml
[1.290s] -- Up-to-date: /home/ros25/ROS/ROS_25/colcon_ws/install/turtlebot3_navigation2/share/turtlebot3_navigation2/param/waffle.yaml
[1.293s] -- Up-to-date: /home/ros25/ROS/ROS_25/colcon_ws/install/turtlebot3_navigation2/share/turtlebot3_navigation2/rviz
[1.293s] -- Up-to-date: /home/ros25/ROS/ROS_25/colcon_ws/install/turtlebot3_navigation2/share/turtlebot3_navigation2/rviz/tb3_navigation2.rviz
[1.293s] -- Up-to-date: /home/ros25/ROS/ROS_25/colcon_ws/install/turtlebot3_navigation2/share/ament_index/resource_index/package_run_dependencies/turtlebot3_navigation2
[1.293s] -- Up-to-date: /home/ros25/ROS/ROS_25/colcon_ws/install/turtlebot3_navigation2/share/ament_index/resource_index/parent_prefix_path/turtlebot3_navigation2
[1.293s] -- Up-to-date: /home/ros25/ROS/ROS_25/colcon_ws/install/turtlebot3_navigation2/share/turtlebot3_navigation2/environment/ament_prefix_path.sh
[1.294s] -- Up-to-date: /home/ros25/ROS/ROS_25/colcon_ws/install/turtlebot3_navigation2/share/turtlebot3_navigation2/environment/ament_prefix_path.dsv
[1.298s] -- Up-to-date: /home/ros25/ROS/ROS_25/colcon_ws/install/turtlebot3_navigation2/share/turtlebot3_navigation2/environment/path.sh
[1.298s] -- Up-to-date: /home/ros25/ROS/ROS_25/colcon_ws/install/turtlebot3_navigation2/share/turtlebot3_navigation2/environment/path.dsv
[1.298s] -- Up-to-date: /home/ros25/ROS/ROS_25/colcon_ws/install/turtlebot3_navigation2/share/turtlebot3_navigation2/local_setup.bash
[1.299s] -- Up-to-date: /home/ros25/ROS/ROS_25/colcon_ws/install/turtlebot3_navigation2/share/turtlebot3_navigation2/local_setup.sh
[1.301s] -- Up-to-date: /home/ros25/ROS/ROS_25/colcon_ws/install/turtlebot3_navigation2/share/turtlebot3_navigation2/local_setup.zsh
[1.301s] -- Up-to-date: /home/ros25/ROS/ROS_25/colcon_ws/install/turtlebot3_navigation2/share/turtlebot3_navigation2/local_setup.dsv
[1.301s] -- Installing: /home/ros25/ROS/ROS_25/colcon_ws/install/turtlebot3_navigation2/share/turtlebot3_navigation2/package.dsv
[1.301s] -- Up-to-date: /home/ros25/ROS/ROS_25/colcon_ws/install/turtlebot3_navigation2/share/ament_index/resource_index/packages/turtlebot3_navigation2
[1.304s] -- Up-to-date: /home/ros25/ROS/ROS_25/colcon_ws/install/turtlebot3_navigation2/share/turtlebot3_navigation2/cmake/turtlebot3_navigation2Config.cmake
[1.305s] -- Up-to-date: /home/ros25/ROS/ROS_25/colcon_ws/install/turtlebot3_navigation2/share/turtlebot3_navigation2/cmake/turtlebot3_navigation2Config-version.cmake
[1.309s] -- Up-to-date: /home/ros25/ROS/ROS_25/colcon_ws/install/turtlebot3_navigation2/share/turtlebot3_navigation2/package.xml
[1.309s] Invoked command in '/home/ros25/ROS/ROS_25/colcon_ws/build/turtlebot3_navigation2' returned '0': CMAKE_PREFIX_PATH=${CMAKE_PREFIX_PATH}:/home/ros25/ROS/ROS_25/colcon_ws/install/turtlebot3_teleop:/home/ros25/ROS/ROS_25/colcon_ws/install/turtlebot3_example:/home/ros25/ROS/ROS_25/colcon_ws/install/turtlebot3_controller:/home/ros25/ROS/ROS_25/colcon_ws/install/test_node:/opt/ros/humble /usr/bin/cmake --install /home/ros25/ROS/ROS_25/colcon_ws/build/turtlebot3_navigation2
