[  0%] Built target ros_gz_interfaces__cpp
[ 13%] Built target ros_gz_interfaces__rosidl_generator_c
[ 13%] Built target ament_cmake_python_symlink_ros_gz_interfaces
[ 25%] Built target ros_gz_interfaces__rosidl_typesupport_cpp
[ 37%] Built target ros_gz_interfaces__rosidl_typesupport_fastrtps_c
[35m[1mConsolidate compiler generated dependencies of target ros_gz_interfaces__rosidl_typesupport_fastrtps_cpp[0m
[ 49%] Built target ros_gz_interfaces__rosidl_typesupport_fastrtps_cpp
[35m[1mConsolidate compiler generated dependencies of target ros_gz_interfaces__rosidl_typesupport_introspection_c[0m
[ 61%] Built target ros_gz_interfaces__rosidl_typesupport_introspection_c
[35m[1mConsolidate compiler generated dependencies of target ros_gz_interfaces__rosidl_typesupport_c[0m
[ 73%] Built target ros_gz_interfaces__rosidl_typesupport_c
[35m[1mConsolidate compiler generated dependencies of target ros_gz_interfaces__rosidl_typesupport_introspection_cpp[0m
[ 86%] Built target ros_gz_interfaces__rosidl_typesupport_introspection_cpp
running egg_info
writing ros_gz_interfaces.egg-info/PKG-INFO
writing dependency_links to ros_gz_interfaces.egg-info/dependency_links.txt
writing top-level names to ros_gz_interfaces.egg-info/top_level.txt
reading manifest file 'ros_gz_interfaces.egg-info/SOURCES.txt'
writing manifest file 'ros_gz_interfaces.egg-info/SOURCES.txt'
[ 86%] Built target ament_cmake_python_build_ros_gz_interfaces_egg
[ 86%] Built target ros_gz_interfaces
[ 86%] Built target ros_gz_interfaces__py
[35m[1mConsolidate compiler generated dependencies of target ros_gz_interfaces__rosidl_generator_py[0m
[ 97%] Built target ros_gz_interfaces__rosidl_generator_py
[35m[1mConsolidate compiler generated dependencies of target ros_gz_interfaces__rosidl_typesupport_fastrtps_c__pyext[0m
[ 98%] Built target ros_gz_interfaces__rosidl_typesupport_fastrtps_c__pyext
[35m[1mConsolidate compiler generated dependencies of target ros_gz_interfaces__rosidl_typesupport_introspection_c__pyext[0m
[ 99%] Built target ros_gz_interfaces__rosidl_typesupport_introspection_c__pyext
[35m[1mConsolidate compiler generated dependencies of target ros_gz_interfaces__rosidl_typesupport_c__pyext[0m
[100%] Built target ros_gz_interfaces__rosidl_typesupport_c__pyext
