[0.068s] Invoking command in '/home/ros25/ROS/ROS_25/colcon_ws/build/dynamixel_sdk_custom_interfaces': CMAKE_PREFIX_PATH=${CMAKE_PREFIX_PATH}:/home/ros25/ROS/ROS_25/colcon_ws/install/turtlebot3_teleop:/home/ros25/ROS/ROS_25/colcon_ws/install/turtlebot3_example:/home/ros25/ROS/ROS_25/colcon_ws/install/turtlebot3_controller:/home/ros25/ROS/ROS_25/colcon_ws/install/test_node:/opt/ros/humble /usr/bin/cmake --build /home/ros25/ROS/ROS_25/colcon_ws/build/dynamixel_sdk_custom_interfaces -- -j2 -l2
[0.473s] [  2%] Built target dynamixel_sdk_custom_interfaces__cpp
[0.741s] [ 12%] Built target dynamixel_sdk_custom_interfaces__rosidl_generator_c
[1.052s] [ 12%] Built target ament_cmake_python_copy_dynamixel_sdk_custom_interfaces
[1.285s] [ 23%] Built target dynamixel_sdk_custom_interfaces__rosidl_typesupport_cpp
[1.539s] [ 33%] Built target dynamixel_sdk_custom_interfaces__rosidl_typesupport_fastrtps_c
[1.813s] [ 43%] Built target dynamixel_sdk_custom_interfaces__rosidl_typesupport_fastrtps_cpp
[2.125s] [ 53%] Built target dynamixel_sdk_custom_interfaces__rosidl_typesupport_introspection_c
[2.209s] [ 64%] Built target dynamixel_sdk_custom_interfaces__rosidl_typesupport_c
[2.404s] [ 74%] Built target dynamixel_sdk_custom_interfaces__rosidl_typesupport_introspection_cpp
[4.358s] running egg_info
[4.364s] writing dynamixel_sdk_custom_interfaces.egg-info/PKG-INFO
[4.366s] writing dependency_links to dynamixel_sdk_custom_interfaces.egg-info/dependency_links.txt
[4.369s] writing top-level names to dynamixel_sdk_custom_interfaces.egg-info/top_level.txt
[4.391s] reading manifest file 'dynamixel_sdk_custom_interfaces.egg-info/SOURCES.txt'
[4.400s] writing manifest file 'dynamixel_sdk_custom_interfaces.egg-info/SOURCES.txt'
[4.698s] [ 74%] Built target ament_cmake_python_build_dynamixel_sdk_custom_interfaces_egg
[4.976s] [ 74%] Built target dynamixel_sdk_custom_interfaces
[5.169s] [ 76%] Built target dynamixel_sdk_custom_interfaces__py
[5.510s] [ 84%] Built target dynamixel_sdk_custom_interfaces__rosidl_generator_py
[5.787s] [ 89%] Built target dynamixel_sdk_custom_interfaces__rosidl_typesupport_fastrtps_c__pyext
[6.069s] [ 94%] Built target dynamixel_sdk_custom_interfaces__rosidl_typesupport_introspection_c__pyext
[6.322s] [100%] Built target dynamixel_sdk_custom_interfaces__rosidl_typesupport_c__pyext
[6.407s] Invoked command in '/home/ros25/ROS/ROS_25/colcon_ws/build/dynamixel_sdk_custom_interfaces' returned '0': CMAKE_PREFIX_PATH=${CMAKE_PREFIX_PATH}:/home/ros25/ROS/ROS_25/colcon_ws/install/turtlebot3_teleop:/home/ros25/ROS/ROS_25/colcon_ws/install/turtlebot3_example:/home/ros25/ROS/ROS_25/colcon_ws/install/turtlebot3_controller:/home/ros25/ROS/ROS_25/colcon_ws/install/test_node:/opt/ros/humble /usr/bin/cmake --build /home/ros25/ROS/ROS_25/colcon_ws/build/dynamixel_sdk_custom_interfaces -- -j2 -l2
[6.415s] Invoking command in '/home/ros25/ROS/ROS_25/colcon_ws/build/dynamixel_sdk_custom_interfaces': CMAKE_PREFIX_PATH=${CMAKE_PREFIX_PATH}:/home/ros25/ROS/ROS_25/colcon_ws/install/turtlebot3_teleop:/home/ros25/ROS/ROS_25/colcon_ws/install/turtlebot3_example:/home/ros25/ROS/ROS_25/colcon_ws/install/turtlebot3_controller:/home/ros25/ROS/ROS_25/colcon_ws/install/test_node:/opt/ros/humble /usr/bin/cmake --install /home/ros25/ROS/ROS_25/colcon_ws/build/dynamixel_sdk_custom_interfaces
[6.501s] -- Install configuration: ""
[6.501s] -- Up-to-date: /home/ros25/ROS/ROS_25/colcon_ws/install/dynamixel_sdk_custom_interfaces/share/ament_index/resource_index/rosidl_interfaces/dynamixel_sdk_custom_interfaces
[6.501s] -- Up-to-date: /home/ros25/ROS/ROS_25/colcon_ws/install/dynamixel_sdk_custom_interfaces/include/dynamixel_sdk_custom_interfaces/dynamixel_sdk_custom_interfaces
[6.502s] -- Up-to-date: /home/ros25/ROS/ROS_25/colcon_ws/install/dynamixel_sdk_custom_interfaces/include/dynamixel_sdk_custom_interfaces/dynamixel_sdk_custom_interfaces/msg
[6.502s] -- Up-to-date: /home/ros25/ROS/ROS_25/colcon_ws/install/dynamixel_sdk_custom_interfaces/include/dynamixel_sdk_custom_interfaces/dynamixel_sdk_custom_interfaces/msg/set_position.h
[6.502s] -- Up-to-date: /home/ros25/ROS/ROS_25/colcon_ws/install/dynamixel_sdk_custom_interfaces/include/dynamixel_sdk_custom_interfaces/dynamixel_sdk_custom_interfaces/msg/detail
[6.506s] -- Up-to-date: /home/ros25/ROS/ROS_25/colcon_ws/install/dynamixel_sdk_custom_interfaces/include/dynamixel_sdk_custom_interfaces/dynamixel_sdk_custom_interfaces/msg/detail/set_position__functions.h
[6.508s] -- Up-to-date: /home/ros25/ROS/ROS_25/colcon_ws/install/dynamixel_sdk_custom_interfaces/include/dynamixel_sdk_custom_interfaces/dynamixel_sdk_custom_interfaces/msg/detail/set_position__type_support.h
[6.510s] -- Up-to-date: /home/ros25/ROS/ROS_25/colcon_ws/install/dynamixel_sdk_custom_interfaces/include/dynamixel_sdk_custom_interfaces/dynamixel_sdk_custom_interfaces/msg/detail/set_position__struct.h
[6.511s] -- Up-to-date: /home/ros25/ROS/ROS_25/colcon_ws/install/dynamixel_sdk_custom_interfaces/include/dynamixel_sdk_custom_interfaces/dynamixel_sdk_custom_interfaces/msg/detail/set_position__functions.c
[6.511s] -- Up-to-date: /home/ros25/ROS/ROS_25/colcon_ws/install/dynamixel_sdk_custom_interfaces/include/dynamixel_sdk_custom_interfaces/dynamixel_sdk_custom_interfaces/msg/rosidl_generator_c__visibility_control.h
[6.511s] -- Up-to-date: /home/ros25/ROS/ROS_25/colcon_ws/install/dynamixel_sdk_custom_interfaces/include/dynamixel_sdk_custom_interfaces/dynamixel_sdk_custom_interfaces/srv
[6.514s] -- Up-to-date: /home/ros25/ROS/ROS_25/colcon_ws/install/dynamixel_sdk_custom_interfaces/include/dynamixel_sdk_custom_interfaces/dynamixel_sdk_custom_interfaces/srv/detail
[6.517s] -- Up-to-date: /home/ros25/ROS/ROS_25/colcon_ws/install/dynamixel_sdk_custom_interfaces/include/dynamixel_sdk_custom_interfaces/dynamixel_sdk_custom_interfaces/srv/detail/get_position__functions.c
[6.518s] -- Up-to-date: /home/ros25/ROS/ROS_25/colcon_ws/install/dynamixel_sdk_custom_interfaces/include/dynamixel_sdk_custom_interfaces/dynamixel_sdk_custom_interfaces/srv/detail/get_position__struct.h
[6.518s] -- Up-to-date: /home/ros25/ROS/ROS_25/colcon_ws/install/dynamixel_sdk_custom_interfaces/include/dynamixel_sdk_custom_interfaces/dynamixel_sdk_custom_interfaces/srv/detail/get_position__type_support.h
[6.522s] -- Up-to-date: /home/ros25/ROS/ROS_25/colcon_ws/install/dynamixel_sdk_custom_interfaces/include/dynamixel_sdk_custom_interfaces/dynamixel_sdk_custom_interfaces/srv/detail/get_position__functions.h
[6.523s] -- Up-to-date: /home/ros25/ROS/ROS_25/colcon_ws/install/dynamixel_sdk_custom_interfaces/include/dynamixel_sdk_custom_interfaces/dynamixel_sdk_custom_interfaces/srv/get_position.h
[6.524s] -- Up-to-date: /home/ros25/ROS/ROS_25/colcon_ws/install/dynamixel_sdk_custom_interfaces/share/dynamixel_sdk_custom_interfaces/environment/library_path.sh
[6.524s] -- Up-to-date: /home/ros25/ROS/ROS_25/colcon_ws/install/dynamixel_sdk_custom_interfaces/share/dynamixel_sdk_custom_interfaces/environment/library_path.dsv
[6.524s] -- Up-to-date: /home/ros25/ROS/ROS_25/colcon_ws/install/dynamixel_sdk_custom_interfaces/lib/libdynamixel_sdk_custom_interfaces__rosidl_generator_c.so
[6.531s] -- Up-to-date: /home/ros25/ROS/ROS_25/colcon_ws/install/dynamixel_sdk_custom_interfaces/include/dynamixel_sdk_custom_interfaces/dynamixel_sdk_custom_interfaces
[6.531s] -- Up-to-date: /home/ros25/ROS/ROS_25/colcon_ws/install/dynamixel_sdk_custom_interfaces/include/dynamixel_sdk_custom_interfaces/dynamixel_sdk_custom_interfaces/msg
[6.531s] -- Up-to-date: /home/ros25/ROS/ROS_25/colcon_ws/install/dynamixel_sdk_custom_interfaces/include/dynamixel_sdk_custom_interfaces/dynamixel_sdk_custom_interfaces/msg/detail
[6.531s] -- Up-to-date: /home/ros25/ROS/ROS_25/colcon_ws/install/dynamixel_sdk_custom_interfaces/include/dynamixel_sdk_custom_interfaces/dynamixel_sdk_custom_interfaces/msg/detail/set_position__rosidl_typesupport_fastrtps_c.h
[6.531s] -- Up-to-date: /home/ros25/ROS/ROS_25/colcon_ws/install/dynamixel_sdk_custom_interfaces/include/dynamixel_sdk_custom_interfaces/dynamixel_sdk_custom_interfaces/msg/rosidl_typesupport_fastrtps_c__visibility_control.h
[6.531s] -- Up-to-date: /home/ros25/ROS/ROS_25/colcon_ws/install/dynamixel_sdk_custom_interfaces/include/dynamixel_sdk_custom_interfaces/dynamixel_sdk_custom_interfaces/srv
[6.531s] -- Up-to-date: /home/ros25/ROS/ROS_25/colcon_ws/install/dynamixel_sdk_custom_interfaces/include/dynamixel_sdk_custom_interfaces/dynamixel_sdk_custom_interfaces/srv/detail
[6.532s] -- Up-to-date: /home/ros25/ROS/ROS_25/colcon_ws/install/dynamixel_sdk_custom_interfaces/include/dynamixel_sdk_custom_interfaces/dynamixel_sdk_custom_interfaces/srv/detail/get_position__rosidl_typesupport_fastrtps_c.h
[6.535s] -- Up-to-date: /home/ros25/ROS/ROS_25/colcon_ws/install/dynamixel_sdk_custom_interfaces/lib/libdynamixel_sdk_custom_interfaces__rosidl_typesupport_fastrtps_c.so
[6.537s] -- Up-to-date: /home/ros25/ROS/ROS_25/colcon_ws/install/dynamixel_sdk_custom_interfaces/include/dynamixel_sdk_custom_interfaces/dynamixel_sdk_custom_interfaces
[6.537s] -- Up-to-date: /home/ros25/ROS/ROS_25/colcon_ws/install/dynamixel_sdk_custom_interfaces/include/dynamixel_sdk_custom_interfaces/dynamixel_sdk_custom_interfaces/msg
[6.537s] -- Up-to-date: /home/ros25/ROS/ROS_25/colcon_ws/install/dynamixel_sdk_custom_interfaces/include/dynamixel_sdk_custom_interfaces/dynamixel_sdk_custom_interfaces/msg/set_position.hpp
[6.537s] -- Up-to-date: /home/ros25/ROS/ROS_25/colcon_ws/install/dynamixel_sdk_custom_interfaces/include/dynamixel_sdk_custom_interfaces/dynamixel_sdk_custom_interfaces/msg/detail
[6.537s] -- Up-to-date: /home/ros25/ROS/ROS_25/colcon_ws/install/dynamixel_sdk_custom_interfaces/include/dynamixel_sdk_custom_interfaces/dynamixel_sdk_custom_interfaces/msg/detail/set_position__builder.hpp
[6.537s] -- Up-to-date: /home/ros25/ROS/ROS_25/colcon_ws/install/dynamixel_sdk_custom_interfaces/include/dynamixel_sdk_custom_interfaces/dynamixel_sdk_custom_interfaces/msg/detail/set_position__type_support.hpp
[6.537s] -- Up-to-date: /home/ros25/ROS/ROS_25/colcon_ws/install/dynamixel_sdk_custom_interfaces/include/dynamixel_sdk_custom_interfaces/dynamixel_sdk_custom_interfaces/msg/detail/set_position__struct.hpp
[6.543s] -- Up-to-date: /home/ros25/ROS/ROS_25/colcon_ws/install/dynamixel_sdk_custom_interfaces/include/dynamixel_sdk_custom_interfaces/dynamixel_sdk_custom_interfaces/msg/detail/set_position__traits.hpp
[6.543s] -- Up-to-date: /home/ros25/ROS/ROS_25/colcon_ws/install/dynamixel_sdk_custom_interfaces/include/dynamixel_sdk_custom_interfaces/dynamixel_sdk_custom_interfaces/msg/rosidl_generator_cpp__visibility_control.hpp
[6.543s] -- Up-to-date: /home/ros25/ROS/ROS_25/colcon_ws/install/dynamixel_sdk_custom_interfaces/include/dynamixel_sdk_custom_interfaces/dynamixel_sdk_custom_interfaces/srv
[6.544s] -- Up-to-date: /home/ros25/ROS/ROS_25/colcon_ws/install/dynamixel_sdk_custom_interfaces/include/dynamixel_sdk_custom_interfaces/dynamixel_sdk_custom_interfaces/srv/get_position.hpp
[6.544s] -- Up-to-date: /home/ros25/ROS/ROS_25/colcon_ws/install/dynamixel_sdk_custom_interfaces/include/dynamixel_sdk_custom_interfaces/dynamixel_sdk_custom_interfaces/srv/detail
[6.544s] -- Up-to-date: /home/ros25/ROS/ROS_25/colcon_ws/install/dynamixel_sdk_custom_interfaces/include/dynamixel_sdk_custom_interfaces/dynamixel_sdk_custom_interfaces/srv/detail/get_position__type_support.hpp
[6.547s] -- Up-to-date: /home/ros25/ROS/ROS_25/colcon_ws/install/dynamixel_sdk_custom_interfaces/include/dynamixel_sdk_custom_interfaces/dynamixel_sdk_custom_interfaces/srv/detail/get_position__traits.hpp
[6.547s] -- Up-to-date: /home/ros25/ROS/ROS_25/colcon_ws/install/dynamixel_sdk_custom_interfaces/include/dynamixel_sdk_custom_interfaces/dynamixel_sdk_custom_interfaces/srv/detail/get_position__builder.hpp
[6.547s] -- Up-to-date: /home/ros25/ROS/ROS_25/colcon_ws/install/dynamixel_sdk_custom_interfaces/include/dynamixel_sdk_custom_interfaces/dynamixel_sdk_custom_interfaces/srv/detail/get_position__struct.hpp
[6.547s] -- Up-to-date: /home/ros25/ROS/ROS_25/colcon_ws/install/dynamixel_sdk_custom_interfaces/include/dynamixel_sdk_custom_interfaces/dynamixel_sdk_custom_interfaces
[6.548s] -- Up-to-date: /home/ros25/ROS/ROS_25/colcon_ws/install/dynamixel_sdk_custom_interfaces/include/dynamixel_sdk_custom_interfaces/dynamixel_sdk_custom_interfaces/msg
[6.548s] -- Up-to-date: /home/ros25/ROS/ROS_25/colcon_ws/install/dynamixel_sdk_custom_interfaces/include/dynamixel_sdk_custom_interfaces/dynamixel_sdk_custom_interfaces/msg/detail
[6.548s] -- Up-to-date: /home/ros25/ROS/ROS_25/colcon_ws/install/dynamixel_sdk_custom_interfaces/include/dynamixel_sdk_custom_interfaces/dynamixel_sdk_custom_interfaces/msg/detail/set_position__rosidl_typesupport_fastrtps_cpp.hpp
[6.548s] -- Up-to-date: /home/ros25/ROS/ROS_25/colcon_ws/install/dynamixel_sdk_custom_interfaces/include/dynamixel_sdk_custom_interfaces/dynamixel_sdk_custom_interfaces/msg/detail/dds_fastrtps
[6.551s] -- Up-to-date: /home/ros25/ROS/ROS_25/colcon_ws/install/dynamixel_sdk_custom_interfaces/include/dynamixel_sdk_custom_interfaces/dynamixel_sdk_custom_interfaces/msg/rosidl_typesupport_fastrtps_cpp__visibility_control.h
[6.551s] -- Up-to-date: /home/ros25/ROS/ROS_25/colcon_ws/install/dynamixel_sdk_custom_interfaces/include/dynamixel_sdk_custom_interfaces/dynamixel_sdk_custom_interfaces/srv
[6.551s] -- Up-to-date: /home/ros25/ROS/ROS_25/colcon_ws/install/dynamixel_sdk_custom_interfaces/include/dynamixel_sdk_custom_interfaces/dynamixel_sdk_custom_interfaces/srv/detail
[6.552s] -- Up-to-date: /home/ros25/ROS/ROS_25/colcon_ws/install/dynamixel_sdk_custom_interfaces/include/dynamixel_sdk_custom_interfaces/dynamixel_sdk_custom_interfaces/srv/detail/get_position__rosidl_typesupport_fastrtps_cpp.hpp
[6.552s] -- Up-to-date: /home/ros25/ROS/ROS_25/colcon_ws/install/dynamixel_sdk_custom_interfaces/include/dynamixel_sdk_custom_interfaces/dynamixel_sdk_custom_interfaces/srv/detail/dds_fastrtps
[6.552s] -- Up-to-date: /home/ros25/ROS/ROS_25/colcon_ws/install/dynamixel_sdk_custom_interfaces/lib/libdynamixel_sdk_custom_interfaces__rosidl_typesupport_fastrtps_cpp.so
[6.552s] -- Up-to-date: /home/ros25/ROS/ROS_25/colcon_ws/install/dynamixel_sdk_custom_interfaces/include/dynamixel_sdk_custom_interfaces/dynamixel_sdk_custom_interfaces
[6.552s] -- Up-to-date: /home/ros25/ROS/ROS_25/colcon_ws/install/dynamixel_sdk_custom_interfaces/include/dynamixel_sdk_custom_interfaces/dynamixel_sdk_custom_interfaces/msg
[6.552s] -- Up-to-date: /home/ros25/ROS/ROS_25/colcon_ws/install/dynamixel_sdk_custom_interfaces/include/dynamixel_sdk_custom_interfaces/dynamixel_sdk_custom_interfaces/msg/rosidl_typesupport_introspection_c__visibility_control.h
[6.552s] -- Up-to-date: /home/ros25/ROS/ROS_25/colcon_ws/install/dynamixel_sdk_custom_interfaces/include/dynamixel_sdk_custom_interfaces/dynamixel_sdk_custom_interfaces/msg/detail
[6.555s] -- Up-to-date: /home/ros25/ROS/ROS_25/colcon_ws/install/dynamixel_sdk_custom_interfaces/include/dynamixel_sdk_custom_interfaces/dynamixel_sdk_custom_interfaces/msg/detail/set_position__rosidl_typesupport_introspection_c.h
[6.555s] -- Up-to-date: /home/ros25/ROS/ROS_25/colcon_ws/install/dynamixel_sdk_custom_interfaces/include/dynamixel_sdk_custom_interfaces/dynamixel_sdk_custom_interfaces/msg/detail/set_position__type_support.c
[6.556s] -- Up-to-date: /home/ros25/ROS/ROS_25/colcon_ws/install/dynamixel_sdk_custom_interfaces/include/dynamixel_sdk_custom_interfaces/dynamixel_sdk_custom_interfaces/srv
[6.556s] -- Up-to-date: /home/ros25/ROS/ROS_25/colcon_ws/install/dynamixel_sdk_custom_interfaces/include/dynamixel_sdk_custom_interfaces/dynamixel_sdk_custom_interfaces/srv/detail
[6.556s] -- Up-to-date: /home/ros25/ROS/ROS_25/colcon_ws/install/dynamixel_sdk_custom_interfaces/include/dynamixel_sdk_custom_interfaces/dynamixel_sdk_custom_interfaces/srv/detail/get_position__rosidl_typesupport_introspection_c.h
[6.556s] -- Up-to-date: /home/ros25/ROS/ROS_25/colcon_ws/install/dynamixel_sdk_custom_interfaces/include/dynamixel_sdk_custom_interfaces/dynamixel_sdk_custom_interfaces/srv/detail/get_position__type_support.c
[6.562s] -- Up-to-date: /home/ros25/ROS/ROS_25/colcon_ws/install/dynamixel_sdk_custom_interfaces/lib/libdynamixel_sdk_custom_interfaces__rosidl_typesupport_introspection_c.so
[6.562s] -- Up-to-date: /home/ros25/ROS/ROS_25/colcon_ws/install/dynamixel_sdk_custom_interfaces/lib/libdynamixel_sdk_custom_interfaces__rosidl_typesupport_c.so
[6.562s] -- Up-to-date: /home/ros25/ROS/ROS_25/colcon_ws/install/dynamixel_sdk_custom_interfaces/include/dynamixel_sdk_custom_interfaces/dynamixel_sdk_custom_interfaces
[6.562s] -- Up-to-date: /home/ros25/ROS/ROS_25/colcon_ws/install/dynamixel_sdk_custom_interfaces/include/dynamixel_sdk_custom_interfaces/dynamixel_sdk_custom_interfaces/msg
[6.563s] -- Up-to-date: /home/ros25/ROS/ROS_25/colcon_ws/install/dynamixel_sdk_custom_interfaces/include/dynamixel_sdk_custom_interfaces/dynamixel_sdk_custom_interfaces/msg/detail
[6.563s] -- Up-to-date: /home/ros25/ROS/ROS_25/colcon_ws/install/dynamixel_sdk_custom_interfaces/include/dynamixel_sdk_custom_interfaces/dynamixel_sdk_custom_interfaces/msg/detail/set_position__rosidl_typesupport_introspection_cpp.hpp
[6.563s] -- Up-to-date: /home/ros25/ROS/ROS_25/colcon_ws/install/dynamixel_sdk_custom_interfaces/include/dynamixel_sdk_custom_interfaces/dynamixel_sdk_custom_interfaces/msg/detail/set_position__type_support.cpp
[6.566s] -- Up-to-date: /home/ros25/ROS/ROS_25/colcon_ws/install/dynamixel_sdk_custom_interfaces/include/dynamixel_sdk_custom_interfaces/dynamixel_sdk_custom_interfaces/srv
[6.566s] -- Up-to-date: /home/ros25/ROS/ROS_25/colcon_ws/install/dynamixel_sdk_custom_interfaces/include/dynamixel_sdk_custom_interfaces/dynamixel_sdk_custom_interfaces/srv/detail
[6.567s] -- Up-to-date: /home/ros25/ROS/ROS_25/colcon_ws/install/dynamixel_sdk_custom_interfaces/include/dynamixel_sdk_custom_interfaces/dynamixel_sdk_custom_interfaces/srv/detail/get_position__type_support.cpp
[6.567s] -- Up-to-date: /home/ros25/ROS/ROS_25/colcon_ws/install/dynamixel_sdk_custom_interfaces/include/dynamixel_sdk_custom_interfaces/dynamixel_sdk_custom_interfaces/srv/detail/get_position__rosidl_typesupport_introspection_cpp.hpp
[6.572s] -- Up-to-date: /home/ros25/ROS/ROS_25/colcon_ws/install/dynamixel_sdk_custom_interfaces/lib/libdynamixel_sdk_custom_interfaces__rosidl_typesupport_introspection_cpp.so
[6.573s] -- Up-to-date: /home/ros25/ROS/ROS_25/colcon_ws/install/dynamixel_sdk_custom_interfaces/lib/libdynamixel_sdk_custom_interfaces__rosidl_typesupport_cpp.so
[6.573s] -- Up-to-date: /home/ros25/ROS/ROS_25/colcon_ws/install/dynamixel_sdk_custom_interfaces/share/dynamixel_sdk_custom_interfaces/environment/pythonpath.sh
[6.573s] -- Up-to-date: /home/ros25/ROS/ROS_25/colcon_ws/install/dynamixel_sdk_custom_interfaces/share/dynamixel_sdk_custom_interfaces/environment/pythonpath.dsv
[6.575s] -- Up-to-date: /home/ros25/ROS/ROS_25/colcon_ws/install/dynamixel_sdk_custom_interfaces/local/lib/python3.10/dist-packages/dynamixel_sdk_custom_interfaces-3.8.4-py3.10.egg-info
[6.575s] -- Installing: /home/ros25/ROS/ROS_25/colcon_ws/install/dynamixel_sdk_custom_interfaces/local/lib/python3.10/dist-packages/dynamixel_sdk_custom_interfaces-3.8.4-py3.10.egg-info/top_level.txt
[6.575s] -- Installing: /home/ros25/ROS/ROS_25/colcon_ws/install/dynamixel_sdk_custom_interfaces/local/lib/python3.10/dist-packages/dynamixel_sdk_custom_interfaces-3.8.4-py3.10.egg-info/dependency_links.txt
[6.575s] -- Installing: /home/ros25/ROS/ROS_25/colcon_ws/install/dynamixel_sdk_custom_interfaces/local/lib/python3.10/dist-packages/dynamixel_sdk_custom_interfaces-3.8.4-py3.10.egg-info/PKG-INFO
[6.576s] -- Installing: /home/ros25/ROS/ROS_25/colcon_ws/install/dynamixel_sdk_custom_interfaces/local/lib/python3.10/dist-packages/dynamixel_sdk_custom_interfaces-3.8.4-py3.10.egg-info/SOURCES.txt
[6.576s] -- Up-to-date: /home/ros25/ROS/ROS_25/colcon_ws/install/dynamixel_sdk_custom_interfaces/local/lib/python3.10/dist-packages/dynamixel_sdk_custom_interfaces
[6.576s] -- Up-to-date: /home/ros25/ROS/ROS_25/colcon_ws/install/dynamixel_sdk_custom_interfaces/local/lib/python3.10/dist-packages/dynamixel_sdk_custom_interfaces/_dynamixel_sdk_custom_interfaces_s.ep.rosidl_typesupport_introspection_c.c
[6.579s] -- Up-to-date: /home/ros25/ROS/ROS_25/colcon_ws/install/dynamixel_sdk_custom_interfaces/local/lib/python3.10/dist-packages/dynamixel_sdk_custom_interfaces/dynamixel_sdk_custom_interfaces_s__rosidl_typesupport_fastrtps_c.cpython-310-x86_64-linux-gnu.so
[6.579s] -- Up-to-date: /home/ros25/ROS/ROS_25/colcon_ws/install/dynamixel_sdk_custom_interfaces/local/lib/python3.10/dist-packages/dynamixel_sdk_custom_interfaces/dynamixel_sdk_custom_interfaces_s__rosidl_typesupport_c.cpython-310-x86_64-linux-gnu.so
[6.580s] -- Up-to-date: /home/ros25/ROS/ROS_25/colcon_ws/install/dynamixel_sdk_custom_interfaces/local/lib/python3.10/dist-packages/dynamixel_sdk_custom_interfaces/_dynamixel_sdk_custom_interfaces_s.ep.rosidl_typesupport_fastrtps_c.c
[6.580s] -- Up-to-date: /home/ros25/ROS/ROS_25/colcon_ws/install/dynamixel_sdk_custom_interfaces/local/lib/python3.10/dist-packages/dynamixel_sdk_custom_interfaces/dynamixel_sdk_custom_interfaces_s__rosidl_typesupport_introspection_c.cpython-310-x86_64-linux-gnu.so
[6.580s] -- Up-to-date: /home/ros25/ROS/ROS_25/colcon_ws/install/dynamixel_sdk_custom_interfaces/local/lib/python3.10/dist-packages/dynamixel_sdk_custom_interfaces/msg
[6.580s] -- Up-to-date: /home/ros25/ROS/ROS_25/colcon_ws/install/dynamixel_sdk_custom_interfaces/local/lib/python3.10/dist-packages/dynamixel_sdk_custom_interfaces/msg/_set_position_s.c
[6.580s] -- Up-to-date: /home/ros25/ROS/ROS_25/colcon_ws/install/dynamixel_sdk_custom_interfaces/local/lib/python3.10/dist-packages/dynamixel_sdk_custom_interfaces/msg/__init__.py
[6.580s] -- Up-to-date: /home/ros25/ROS/ROS_25/colcon_ws/install/dynamixel_sdk_custom_interfaces/local/lib/python3.10/dist-packages/dynamixel_sdk_custom_interfaces/msg/_set_position.py
[6.580s] -- Up-to-date: /home/ros25/ROS/ROS_25/colcon_ws/install/dynamixel_sdk_custom_interfaces/local/lib/python3.10/dist-packages/dynamixel_sdk_custom_interfaces/__init__.py
[6.581s] -- Up-to-date: /home/ros25/ROS/ROS_25/colcon_ws/install/dynamixel_sdk_custom_interfaces/local/lib/python3.10/dist-packages/dynamixel_sdk_custom_interfaces/libdynamixel_sdk_custom_interfaces__rosidl_generator_py.so
[6.581s] -- Up-to-date: /home/ros25/ROS/ROS_25/colcon_ws/install/dynamixel_sdk_custom_interfaces/local/lib/python3.10/dist-packages/dynamixel_sdk_custom_interfaces/_dynamixel_sdk_custom_interfaces_s.ep.rosidl_typesupport_c.c
[6.581s] -- Up-to-date: /home/ros25/ROS/ROS_25/colcon_ws/install/dynamixel_sdk_custom_interfaces/local/lib/python3.10/dist-packages/dynamixel_sdk_custom_interfaces/srv
[6.587s] -- Up-to-date: /home/ros25/ROS/ROS_25/colcon_ws/install/dynamixel_sdk_custom_interfaces/local/lib/python3.10/dist-packages/dynamixel_sdk_custom_interfaces/srv/__init__.py
[6.587s] -- Up-to-date: /home/ros25/ROS/ROS_25/colcon_ws/install/dynamixel_sdk_custom_interfaces/local/lib/python3.10/dist-packages/dynamixel_sdk_custom_interfaces/srv/_get_position.py
[6.588s] -- Up-to-date: /home/ros25/ROS/ROS_25/colcon_ws/install/dynamixel_sdk_custom_interfaces/local/lib/python3.10/dist-packages/dynamixel_sdk_custom_interfaces/srv/_get_position_s.c
[6.834s] Listing '/home/ros25/ROS/ROS_25/colcon_ws/install/dynamixel_sdk_custom_interfaces/local/lib/python3.10/dist-packages/dynamixel_sdk_custom_interfaces'...
[6.834s] Listing '/home/ros25/ROS/ROS_25/colcon_ws/install/dynamixel_sdk_custom_interfaces/local/lib/python3.10/dist-packages/dynamixel_sdk_custom_interfaces/msg'...
[6.835s] Listing '/home/ros25/ROS/ROS_25/colcon_ws/install/dynamixel_sdk_custom_interfaces/local/lib/python3.10/dist-packages/dynamixel_sdk_custom_interfaces/srv'...
[6.867s] -- Up-to-date: /home/ros25/ROS/ROS_25/colcon_ws/install/dynamixel_sdk_custom_interfaces/local/lib/python3.10/dist-packages/dynamixel_sdk_custom_interfaces/dynamixel_sdk_custom_interfaces_s__rosidl_typesupport_fastrtps_c.cpython-310-x86_64-linux-gnu.so
[6.875s] -- Up-to-date: /home/ros25/ROS/ROS_25/colcon_ws/install/dynamixel_sdk_custom_interfaces/local/lib/python3.10/dist-packages/dynamixel_sdk_custom_interfaces/dynamixel_sdk_custom_interfaces_s__rosidl_typesupport_introspection_c.cpython-310-x86_64-linux-gnu.so
[6.881s] -- Up-to-date: /home/ros25/ROS/ROS_25/colcon_ws/install/dynamixel_sdk_custom_interfaces/local/lib/python3.10/dist-packages/dynamixel_sdk_custom_interfaces/dynamixel_sdk_custom_interfaces_s__rosidl_typesupport_c.cpython-310-x86_64-linux-gnu.so
[6.884s] -- Up-to-date: /home/ros25/ROS/ROS_25/colcon_ws/install/dynamixel_sdk_custom_interfaces/lib/libdynamixel_sdk_custom_interfaces__rosidl_generator_py.so
[6.888s] -- Up-to-date: /home/ros25/ROS/ROS_25/colcon_ws/install/dynamixel_sdk_custom_interfaces/share/dynamixel_sdk_custom_interfaces/msg/SetPosition.idl
[6.889s] -- Up-to-date: /home/ros25/ROS/ROS_25/colcon_ws/install/dynamixel_sdk_custom_interfaces/share/dynamixel_sdk_custom_interfaces/srv/GetPosition.idl
[6.889s] -- Up-to-date: /home/ros25/ROS/ROS_25/colcon_ws/install/dynamixel_sdk_custom_interfaces/share/dynamixel_sdk_custom_interfaces/msg/SetPosition.msg
[6.889s] -- Up-to-date: /home/ros25/ROS/ROS_25/colcon_ws/install/dynamixel_sdk_custom_interfaces/share/dynamixel_sdk_custom_interfaces/srv/GetPosition.srv
[6.889s] -- Up-to-date: /home/ros25/ROS/ROS_25/colcon_ws/install/dynamixel_sdk_custom_interfaces/share/dynamixel_sdk_custom_interfaces/srv/GetPosition_Request.msg
[6.889s] -- Up-to-date: /home/ros25/ROS/ROS_25/colcon_ws/install/dynamixel_sdk_custom_interfaces/share/dynamixel_sdk_custom_interfaces/srv/GetPosition_Response.msg
[6.890s] -- Up-to-date: /home/ros25/ROS/ROS_25/colcon_ws/install/dynamixel_sdk_custom_interfaces/share/ament_index/resource_index/package_run_dependencies/dynamixel_sdk_custom_interfaces
[6.890s] -- Up-to-date: /home/ros25/ROS/ROS_25/colcon_ws/install/dynamixel_sdk_custom_interfaces/share/ament_index/resource_index/parent_prefix_path/dynamixel_sdk_custom_interfaces
[6.891s] -- Up-to-date: /home/ros25/ROS/ROS_25/colcon_ws/install/dynamixel_sdk_custom_interfaces/share/dynamixel_sdk_custom_interfaces/environment/ament_prefix_path.sh
[6.894s] -- Up-to-date: /home/ros25/ROS/ROS_25/colcon_ws/install/dynamixel_sdk_custom_interfaces/share/dynamixel_sdk_custom_interfaces/environment/ament_prefix_path.dsv
[6.894s] -- Up-to-date: /home/ros25/ROS/ROS_25/colcon_ws/install/dynamixel_sdk_custom_interfaces/share/dynamixel_sdk_custom_interfaces/environment/path.sh
[6.895s] -- Up-to-date: /home/ros25/ROS/ROS_25/colcon_ws/install/dynamixel_sdk_custom_interfaces/share/dynamixel_sdk_custom_interfaces/environment/path.dsv
[6.895s] -- Up-to-date: /home/ros25/ROS/ROS_25/colcon_ws/install/dynamixel_sdk_custom_interfaces/share/dynamixel_sdk_custom_interfaces/local_setup.bash
[6.895s] -- Up-to-date: /home/ros25/ROS/ROS_25/colcon_ws/install/dynamixel_sdk_custom_interfaces/share/dynamixel_sdk_custom_interfaces/local_setup.sh
[6.895s] -- Up-to-date: /home/ros25/ROS/ROS_25/colcon_ws/install/dynamixel_sdk_custom_interfaces/share/dynamixel_sdk_custom_interfaces/local_setup.zsh
[6.895s] -- Up-to-date: /home/ros25/ROS/ROS_25/colcon_ws/install/dynamixel_sdk_custom_interfaces/share/dynamixel_sdk_custom_interfaces/local_setup.dsv
[6.895s] -- Installing: /home/ros25/ROS/ROS_25/colcon_ws/install/dynamixel_sdk_custom_interfaces/share/dynamixel_sdk_custom_interfaces/package.dsv
[6.903s] -- Up-to-date: /home/ros25/ROS/ROS_25/colcon_ws/install/dynamixel_sdk_custom_interfaces/share/ament_index/resource_index/packages/dynamixel_sdk_custom_interfaces
[6.905s] -- Up-to-date: /home/ros25/ROS/ROS_25/colcon_ws/install/dynamixel_sdk_custom_interfaces/share/dynamixel_sdk_custom_interfaces/cmake/export_dynamixel_sdk_custom_interfaces__rosidl_generator_cExport.cmake
[6.906s] -- Up-to-date: /home/ros25/ROS/ROS_25/colcon_ws/install/dynamixel_sdk_custom_interfaces/share/dynamixel_sdk_custom_interfaces/cmake/export_dynamixel_sdk_custom_interfaces__rosidl_generator_cExport-noconfig.cmake
[6.906s] -- Up-to-date: /home/ros25/ROS/ROS_25/colcon_ws/install/dynamixel_sdk_custom_interfaces/share/dynamixel_sdk_custom_interfaces/cmake/export_dynamixel_sdk_custom_interfaces__rosidl_typesupport_fastrtps_cExport.cmake
[6.906s] -- Up-to-date: /home/ros25/ROS/ROS_25/colcon_ws/install/dynamixel_sdk_custom_interfaces/share/dynamixel_sdk_custom_interfaces/cmake/export_dynamixel_sdk_custom_interfaces__rosidl_typesupport_fastrtps_cExport-noconfig.cmake
[6.906s] -- Up-to-date: /home/ros25/ROS/ROS_25/colcon_ws/install/dynamixel_sdk_custom_interfaces/share/dynamixel_sdk_custom_interfaces/cmake/export_dynamixel_sdk_custom_interfaces__rosidl_generator_cppExport.cmake
[6.907s] -- Up-to-date: /home/ros25/ROS/ROS_25/colcon_ws/install/dynamixel_sdk_custom_interfaces/share/dynamixel_sdk_custom_interfaces/cmake/export_dynamixel_sdk_custom_interfaces__rosidl_typesupport_fastrtps_cppExport.cmake
[6.908s] -- Up-to-date: /home/ros25/ROS/ROS_25/colcon_ws/install/dynamixel_sdk_custom_interfaces/share/dynamixel_sdk_custom_interfaces/cmake/export_dynamixel_sdk_custom_interfaces__rosidl_typesupport_fastrtps_cppExport-noconfig.cmake
[6.912s] -- Up-to-date: /home/ros25/ROS/ROS_25/colcon_ws/install/dynamixel_sdk_custom_interfaces/share/dynamixel_sdk_custom_interfaces/cmake/dynamixel_sdk_custom_interfaces__rosidl_typesupport_introspection_cExport.cmake
[6.915s] -- Up-to-date: /home/ros25/ROS/ROS_25/colcon_ws/install/dynamixel_sdk_custom_interfaces/share/dynamixel_sdk_custom_interfaces/cmake/dynamixel_sdk_custom_interfaces__rosidl_typesupport_introspection_cExport-noconfig.cmake
[6.918s] -- Up-to-date: /home/ros25/ROS/ROS_25/colcon_ws/install/dynamixel_sdk_custom_interfaces/share/dynamixel_sdk_custom_interfaces/cmake/dynamixel_sdk_custom_interfaces__rosidl_typesupport_cExport.cmake
[6.923s] -- Up-to-date: /home/ros25/ROS/ROS_25/colcon_ws/install/dynamixel_sdk_custom_interfaces/share/dynamixel_sdk_custom_interfaces/cmake/dynamixel_sdk_custom_interfaces__rosidl_typesupport_cExport-noconfig.cmake
[6.923s] -- Up-to-date: /home/ros25/ROS/ROS_25/colcon_ws/install/dynamixel_sdk_custom_interfaces/share/dynamixel_sdk_custom_interfaces/cmake/dynamixel_sdk_custom_interfaces__rosidl_typesupport_introspection_cppExport.cmake
[6.928s] -- Up-to-date: /home/ros25/ROS/ROS_25/colcon_ws/install/dynamixel_sdk_custom_interfaces/share/dynamixel_sdk_custom_interfaces/cmake/dynamixel_sdk_custom_interfaces__rosidl_typesupport_introspection_cppExport-noconfig.cmake
[6.928s] -- Up-to-date: /home/ros25/ROS/ROS_25/colcon_ws/install/dynamixel_sdk_custom_interfaces/share/dynamixel_sdk_custom_interfaces/cmake/dynamixel_sdk_custom_interfaces__rosidl_typesupport_cppExport.cmake
[6.929s] -- Up-to-date: /home/ros25/ROS/ROS_25/colcon_ws/install/dynamixel_sdk_custom_interfaces/share/dynamixel_sdk_custom_interfaces/cmake/dynamixel_sdk_custom_interfaces__rosidl_typesupport_cppExport-noconfig.cmake
[6.929s] -- Up-to-date: /home/ros25/ROS/ROS_25/colcon_ws/install/dynamixel_sdk_custom_interfaces/share/dynamixel_sdk_custom_interfaces/cmake/export_dynamixel_sdk_custom_interfaces__rosidl_generator_pyExport.cmake
[6.929s] -- Up-to-date: /home/ros25/ROS/ROS_25/colcon_ws/install/dynamixel_sdk_custom_interfaces/share/dynamixel_sdk_custom_interfaces/cmake/export_dynamixel_sdk_custom_interfaces__rosidl_generator_pyExport-noconfig.cmake
[6.933s] -- Up-to-date: /home/ros25/ROS/ROS_25/colcon_ws/install/dynamixel_sdk_custom_interfaces/share/dynamixel_sdk_custom_interfaces/cmake/rosidl_cmake-extras.cmake
[6.935s] -- Up-to-date: /home/ros25/ROS/ROS_25/colcon_ws/install/dynamixel_sdk_custom_interfaces/share/dynamixel_sdk_custom_interfaces/cmake/ament_cmake_export_dependencies-extras.cmake
[6.935s] -- Up-to-date: /home/ros25/ROS/ROS_25/colcon_ws/install/dynamixel_sdk_custom_interfaces/share/dynamixel_sdk_custom_interfaces/cmake/ament_cmake_export_include_directories-extras.cmake
[6.935s] -- Up-to-date: /home/ros25/ROS/ROS_25/colcon_ws/install/dynamixel_sdk_custom_interfaces/share/dynamixel_sdk_custom_interfaces/cmake/ament_cmake_export_libraries-extras.cmake
[6.936s] -- Up-to-date: /home/ros25/ROS/ROS_25/colcon_ws/install/dynamixel_sdk_custom_interfaces/share/dynamixel_sdk_custom_interfaces/cmake/ament_cmake_export_targets-extras.cmake
[6.936s] -- Up-to-date: /home/ros25/ROS/ROS_25/colcon_ws/install/dynamixel_sdk_custom_interfaces/share/dynamixel_sdk_custom_interfaces/cmake/rosidl_cmake_export_typesupport_targets-extras.cmake
[6.936s] -- Up-to-date: /home/ros25/ROS/ROS_25/colcon_ws/install/dynamixel_sdk_custom_interfaces/share/dynamixel_sdk_custom_interfaces/cmake/rosidl_cmake_export_typesupport_libraries-extras.cmake
[6.938s] -- Up-to-date: /home/ros25/ROS/ROS_25/colcon_ws/install/dynamixel_sdk_custom_interfaces/share/dynamixel_sdk_custom_interfaces/cmake/dynamixel_sdk_custom_interfacesConfig.cmake
[6.938s] -- Up-to-date: /home/ros25/ROS/ROS_25/colcon_ws/install/dynamixel_sdk_custom_interfaces/share/dynamixel_sdk_custom_interfaces/cmake/dynamixel_sdk_custom_interfacesConfig-version.cmake
[6.938s] -- Up-to-date: /home/ros25/ROS/ROS_25/colcon_ws/install/dynamixel_sdk_custom_interfaces/share/dynamixel_sdk_custom_interfaces/package.xml
[6.950s] Invoked command in '/home/ros25/ROS/ROS_25/colcon_ws/build/dynamixel_sdk_custom_interfaces' returned '0': CMAKE_PREFIX_PATH=${CMAKE_PREFIX_PATH}:/home/ros25/ROS/ROS_25/colcon_ws/install/turtlebot3_teleop:/home/ros25/ROS/ROS_25/colcon_ws/install/turtlebot3_example:/home/ros25/ROS/ROS_25/colcon_ws/install/turtlebot3_controller:/home/ros25/ROS/ROS_25/colcon_ws/install/test_node:/opt/ros/humble /usr/bin/cmake --install /home/ros25/ROS/ROS_25/colcon_ws/build/dynamixel_sdk_custom_interfaces
