[0.134s] Invoking command in '/home/ros25/ROS/ROS_25/colcon_ws/build/turtlebot3_manipulation_gazebo': CMAKE_PREFIX_PATH=${CMAKE_PREFIX_PATH}:/home/ros25/ROS/ROS_25/colcon_ws/install/turtlebot3_teleop:/home/ros25/ROS/ROS_25/colcon_ws/install/turtlebot3_example:/home/ros25/ROS/ROS_25/colcon_ws/install/turtlebot3_controller:/home/ros25/ROS/ROS_25/colcon_ws/install/test_node:/opt/ros/humble /usr/bin/cmake /home/ros25/ROS/ROS_25/colcon_ws/src/turtlebot3_simulations/turtlebot3_manipulation_gazebo -DCMAKE_INSTALL_PREFIX=/home/ros25/ROS/ROS_25/colcon_ws/install/turtlebot3_manipulation_gazebo
[0.590s] -- The C compiler identification is GNU 11.4.0
[0.871s] -- The CXX compiler identification is GNU 11.4.0
[0.960s] -- Detecting C compiler ABI info
[1.319s] -- Detecting C compiler ABI info - done
[1.334s] -- Check for working C compiler: /usr/bin/cc - skipped
[1.337s] -- Detecting C compile features
[1.341s] -- Detecting C compile features - done
[1.356s] -- Detecting CXX compiler ABI info
[1.971s] -- Detecting CXX compiler ABI info - done
[2.007s] -- Check for working CXX compiler: /usr/bin/c++ - skipped
[2.010s] -- Detecting CXX compile features
[2.011s] -- Detecting CXX compile features - done
[2.097s] -- Found ament_cmake: 1.3.11 (/opt/ros/humble/share/ament_cmake/cmake)
[2.759s] -- Found Python3: /usr/bin/python3 (found version "3.10.12") found components: Interpreter 
[3.578s] -- Configuring done
[3.587s] -- Generating done
[3.597s] -- Build files have been written to: /home/ros25/ROS/ROS_25/colcon_ws/build/turtlebot3_manipulation_gazebo
[3.636s] Invoked command in '/home/ros25/ROS/ROS_25/colcon_ws/build/turtlebot3_manipulation_gazebo' returned '0': CMAKE_PREFIX_PATH=${CMAKE_PREFIX_PATH}:/home/ros25/ROS/ROS_25/colcon_ws/install/turtlebot3_teleop:/home/ros25/ROS/ROS_25/colcon_ws/install/turtlebot3_example:/home/ros25/ROS/ROS_25/colcon_ws/install/turtlebot3_controller:/home/ros25/ROS/ROS_25/colcon_ws/install/test_node:/opt/ros/humble /usr/bin/cmake /home/ros25/ROS/ROS_25/colcon_ws/src/turtlebot3_simulations/turtlebot3_manipulation_gazebo -DCMAKE_INSTALL_PREFIX=/home/ros25/ROS/ROS_25/colcon_ws/install/turtlebot3_manipulation_gazebo
[3.637s] Invoking command in '/home/ros25/ROS/ROS_25/colcon_ws/build/turtlebot3_manipulation_gazebo': CMAKE_PREFIX_PATH=${CMAKE_PREFIX_PATH}:/home/ros25/ROS/ROS_25/colcon_ws/install/turtlebot3_teleop:/home/ros25/ROS/ROS_25/colcon_ws/install/turtlebot3_example:/home/ros25/ROS/ROS_25/colcon_ws/install/turtlebot3_controller:/home/ros25/ROS/ROS_25/colcon_ws/install/test_node:/opt/ros/humble /usr/bin/cmake --build /home/ros25/ROS/ROS_25/colcon_ws/build/turtlebot3_manipulation_gazebo -- -j2 -l2
[3.819s] Invoked command in '/home/ros25/ROS/ROS_25/colcon_ws/build/turtlebot3_manipulation_gazebo' returned '0': CMAKE_PREFIX_PATH=${CMAKE_PREFIX_PATH}:/home/ros25/ROS/ROS_25/colcon_ws/install/turtlebot3_teleop:/home/ros25/ROS/ROS_25/colcon_ws/install/turtlebot3_example:/home/ros25/ROS/ROS_25/colcon_ws/install/turtlebot3_controller:/home/ros25/ROS/ROS_25/colcon_ws/install/test_node:/opt/ros/humble /usr/bin/cmake --build /home/ros25/ROS/ROS_25/colcon_ws/build/turtlebot3_manipulation_gazebo -- -j2 -l2
[3.821s] Invoking command in '/home/ros25/ROS/ROS_25/colcon_ws/build/turtlebot3_manipulation_gazebo': CMAKE_PREFIX_PATH=${CMAKE_PREFIX_PATH}:/home/ros25/ROS/ROS_25/colcon_ws/install/turtlebot3_teleop:/home/ros25/ROS/ROS_25/colcon_ws/install/turtlebot3_example:/home/ros25/ROS/ROS_25/colcon_ws/install/turtlebot3_controller:/home/ros25/ROS/ROS_25/colcon_ws/install/test_node:/opt/ros/humble /usr/bin/cmake --install /home/ros25/ROS/ROS_25/colcon_ws/build/turtlebot3_manipulation_gazebo
[3.844s] -- Install configuration: ""
[3.845s] -- Installing: /home/ros25/ROS/ROS_25/colcon_ws/install/turtlebot3_manipulation_gazebo/share/turtlebot3_manipulation_gazebo/config
[3.849s] -- Installing: /home/ros25/ROS/ROS_25/colcon_ws/install/turtlebot3_manipulation_gazebo/share/turtlebot3_manipulation_gazebo/config/hardware_controller_manager.yaml
[3.851s] -- Installing: /home/ros25/ROS/ROS_25/colcon_ws/install/turtlebot3_manipulation_gazebo/share/turtlebot3_manipulation_gazebo/config/gazebo_controller_manager.yaml
[3.853s] -- Installing: /home/ros25/ROS/ROS_25/colcon_ws/install/turtlebot3_manipulation_gazebo/share/turtlebot3_manipulation_gazebo/gazebo
[3.855s] -- Installing: /home/ros25/ROS/ROS_25/colcon_ws/install/turtlebot3_manipulation_gazebo/share/turtlebot3_manipulation_gazebo/gazebo/open_manipulator_x.gazebo.xacro
[3.856s] -- Installing: /home/ros25/ROS/ROS_25/colcon_ws/install/turtlebot3_manipulation_gazebo/share/turtlebot3_manipulation_gazebo/gazebo/materials.xacro
[3.857s] -- Installing: /home/ros25/ROS/ROS_25/colcon_ws/install/turtlebot3_manipulation_gazebo/share/turtlebot3_manipulation_gazebo/gazebo/turtlebot3_waffle_pi.gazebo.xacro
[3.858s] -- Installing: /home/ros25/ROS/ROS_25/colcon_ws/install/turtlebot3_manipulation_gazebo/share/turtlebot3_manipulation_gazebo/launch
[3.860s] -- Installing: /home/ros25/ROS/ROS_25/colcon_ws/install/turtlebot3_manipulation_gazebo/share/turtlebot3_manipulation_gazebo/launch/gazebo.launch.py
[3.861s] -- Installing: /home/ros25/ROS/ROS_25/colcon_ws/install/turtlebot3_manipulation_gazebo/share/turtlebot3_manipulation_gazebo/launch/turtlebot3_home_service_challenge.launch.py
[3.862s] -- Installing: /home/ros25/ROS/ROS_25/colcon_ws/install/turtlebot3_manipulation_gazebo/share/turtlebot3_manipulation_gazebo/launch/fake.launch.py
[3.863s] -- Installing: /home/ros25/ROS/ROS_25/colcon_ws/install/turtlebot3_manipulation_gazebo/share/turtlebot3_manipulation_gazebo/launch/base.launch.py
[3.865s] -- Installing: /home/ros25/ROS/ROS_25/colcon_ws/install/turtlebot3_manipulation_gazebo/share/turtlebot3_manipulation_gazebo/ros2_control
[3.866s] -- Installing: /home/ros25/ROS/ROS_25/colcon_ws/install/turtlebot3_manipulation_gazebo/share/turtlebot3_manipulation_gazebo/ros2_control/turtlebot3_manipulation_system.ros2_control.xacro
[3.867s] -- Installing: /home/ros25/ROS/ROS_25/colcon_ws/install/turtlebot3_manipulation_gazebo/share/turtlebot3_manipulation_gazebo/rviz
[3.869s] -- Installing: /home/ros25/ROS/ROS_25/colcon_ws/install/turtlebot3_manipulation_gazebo/share/turtlebot3_manipulation_gazebo/rviz/turtlebot3_manipulation.rviz
[3.870s] -- Installing: /home/ros25/ROS/ROS_25/colcon_ws/install/turtlebot3_manipulation_gazebo/share/turtlebot3_manipulation_gazebo/urdf
[3.871s] -- Installing: /home/ros25/ROS/ROS_25/colcon_ws/install/turtlebot3_manipulation_gazebo/share/turtlebot3_manipulation_gazebo/urdf/open_manipulator_x.urdf.xacro
[3.875s] -- Installing: /home/ros25/ROS/ROS_25/colcon_ws/install/turtlebot3_manipulation_gazebo/share/turtlebot3_manipulation_gazebo/urdf/turtlebot3_manipulation.urdf.xacro
[3.878s] -- Installing: /home/ros25/ROS/ROS_25/colcon_ws/install/turtlebot3_manipulation_gazebo/share/turtlebot3_manipulation_gazebo/urdf/turtlebot3_waffle_pi.urdf.xacro
[3.879s] -- Installing: /home/ros25/ROS/ROS_25/colcon_ws/install/turtlebot3_manipulation_gazebo/share/turtlebot3_manipulation_gazebo/worlds
[3.880s] -- Installing: /home/ros25/ROS/ROS_25/colcon_ws/install/turtlebot3_manipulation_gazebo/share/turtlebot3_manipulation_gazebo/worlds/turtlebot3_home_service_challenge.world
[3.884s] -- Installing: /home/ros25/ROS/ROS_25/colcon_ws/install/turtlebot3_manipulation_gazebo/share/turtlebot3_manipulation_gazebo/models
[3.885s] -- Installing: /home/ros25/ROS/ROS_25/colcon_ws/install/turtlebot3_manipulation_gazebo/share/turtlebot3_manipulation_gazebo/models/turtlebot3_home_service_challenge
[3.888s] -- Installing: /home/ros25/ROS/ROS_25/colcon_ws/install/turtlebot3_manipulation_gazebo/share/turtlebot3_manipulation_gazebo/models/turtlebot3_home_service_challenge/marker8
[3.890s] -- Installing: /home/ros25/ROS/ROS_25/colcon_ws/install/turtlebot3_manipulation_gazebo/share/turtlebot3_manipulation_gazebo/models/turtlebot3_home_service_challenge/marker8/model-1_4.sdf
[3.890s] -- Installing: /home/ros25/ROS/ROS_25/colcon_ws/install/turtlebot3_manipulation_gazebo/share/turtlebot3_manipulation_gazebo/models/turtlebot3_home_service_challenge/marker8/model.config
[3.892s] -- Installing: /home/ros25/ROS/ROS_25/colcon_ws/install/turtlebot3_manipulation_gazebo/share/turtlebot3_manipulation_gazebo/models/turtlebot3_home_service_challenge/marker8/model-1_5.sdf
[3.892s] -- Installing: /home/ros25/ROS/ROS_25/colcon_ws/install/turtlebot3_manipulation_gazebo/share/turtlebot3_manipulation_gazebo/models/turtlebot3_home_service_challenge/marker8/meshes
[3.892s] -- Installing: /home/ros25/ROS/ROS_25/colcon_ws/install/turtlebot3_manipulation_gazebo/share/turtlebot3_manipulation_gazebo/models/turtlebot3_home_service_challenge/marker8/meshes/Marker8.dae
[3.893s] -- Installing: /home/ros25/ROS/ROS_25/colcon_ws/install/turtlebot3_manipulation_gazebo/share/turtlebot3_manipulation_gazebo/models/turtlebot3_home_service_challenge/marker8/materials
[3.894s] -- Installing: /home/ros25/ROS/ROS_25/colcon_ws/install/turtlebot3_manipulation_gazebo/share/turtlebot3_manipulation_gazebo/models/turtlebot3_home_service_challenge/marker8/materials/textures
[3.896s] -- Installing: /home/ros25/ROS/ROS_25/colcon_ws/install/turtlebot3_manipulation_gazebo/share/turtlebot3_manipulation_gazebo/models/turtlebot3_home_service_challenge/marker8/materials/textures/Marker8.png
[3.898s] -- Installing: /home/ros25/ROS/ROS_25/colcon_ws/install/turtlebot3_manipulation_gazebo/share/turtlebot3_manipulation_gazebo/models/turtlebot3_home_service_challenge/marker8/model.sdf
[3.899s] -- Installing: /home/ros25/ROS/ROS_25/colcon_ws/install/turtlebot3_manipulation_gazebo/share/turtlebot3_manipulation_gazebo/models/turtlebot3_home_service_challenge/marker2
[3.900s] -- Installing: /home/ros25/ROS/ROS_25/colcon_ws/install/turtlebot3_manipulation_gazebo/share/turtlebot3_manipulation_gazebo/models/turtlebot3_home_service_challenge/marker2/model-1_4.sdf
[3.901s] -- Installing: /home/ros25/ROS/ROS_25/colcon_ws/install/turtlebot3_manipulation_gazebo/share/turtlebot3_manipulation_gazebo/models/turtlebot3_home_service_challenge/marker2/model.config
[3.905s] -- Installing: /home/ros25/ROS/ROS_25/colcon_ws/install/turtlebot3_manipulation_gazebo/share/turtlebot3_manipulation_gazebo/models/turtlebot3_home_service_challenge/marker2/model-1_5.sdf
[3.905s] -- Installing: /home/ros25/ROS/ROS_25/colcon_ws/install/turtlebot3_manipulation_gazebo/share/turtlebot3_manipulation_gazebo/models/turtlebot3_home_service_challenge/marker2/meshes
[3.905s] -- Installing: /home/ros25/ROS/ROS_25/colcon_ws/install/turtlebot3_manipulation_gazebo/share/turtlebot3_manipulation_gazebo/models/turtlebot3_home_service_challenge/marker2/meshes/Marker2.dae
[3.907s] -- Installing: /home/ros25/ROS/ROS_25/colcon_ws/install/turtlebot3_manipulation_gazebo/share/turtlebot3_manipulation_gazebo/models/turtlebot3_home_service_challenge/marker2/materials
[3.909s] -- Installing: /home/ros25/ROS/ROS_25/colcon_ws/install/turtlebot3_manipulation_gazebo/share/turtlebot3_manipulation_gazebo/models/turtlebot3_home_service_challenge/marker2/materials/textures
[3.911s] -- Installing: /home/ros25/ROS/ROS_25/colcon_ws/install/turtlebot3_manipulation_gazebo/share/turtlebot3_manipulation_gazebo/models/turtlebot3_home_service_challenge/marker2/materials/textures/Marker2.png
[3.914s] -- Installing: /home/ros25/ROS/ROS_25/colcon_ws/install/turtlebot3_manipulation_gazebo/share/turtlebot3_manipulation_gazebo/models/turtlebot3_home_service_challenge/marker2/model.sdf
[3.918s] -- Installing: /home/ros25/ROS/ROS_25/colcon_ws/install/turtlebot3_manipulation_gazebo/share/turtlebot3_manipulation_gazebo/models/turtlebot3_home_service_challenge/marker5
[3.920s] -- Installing: /home/ros25/ROS/ROS_25/colcon_ws/install/turtlebot3_manipulation_gazebo/share/turtlebot3_manipulation_gazebo/models/turtlebot3_home_service_challenge/marker5/model-1_4.sdf
[3.925s] -- Installing: /home/ros25/ROS/ROS_25/colcon_ws/install/turtlebot3_manipulation_gazebo/share/turtlebot3_manipulation_gazebo/models/turtlebot3_home_service_challenge/marker5/model.config
[3.926s] -- Installing: /home/ros25/ROS/ROS_25/colcon_ws/install/turtlebot3_manipulation_gazebo/share/turtlebot3_manipulation_gazebo/models/turtlebot3_home_service_challenge/marker5/model-1_5.sdf
[3.931s] -- Installing: /home/ros25/ROS/ROS_25/colcon_ws/install/turtlebot3_manipulation_gazebo/share/turtlebot3_manipulation_gazebo/models/turtlebot3_home_service_challenge/marker5/meshes
[3.932s] -- Installing: /home/ros25/ROS/ROS_25/colcon_ws/install/turtlebot3_manipulation_gazebo/share/turtlebot3_manipulation_gazebo/models/turtlebot3_home_service_challenge/marker5/meshes/Marker5.dae
[3.933s] -- Installing: /home/ros25/ROS/ROS_25/colcon_ws/install/turtlebot3_manipulation_gazebo/share/turtlebot3_manipulation_gazebo/models/turtlebot3_home_service_challenge/marker5/materials
[3.933s] -- Installing: /home/ros25/ROS/ROS_25/colcon_ws/install/turtlebot3_manipulation_gazebo/share/turtlebot3_manipulation_gazebo/models/turtlebot3_home_service_challenge/marker5/materials/textures
[3.934s] -- Installing: /home/ros25/ROS/ROS_25/colcon_ws/install/turtlebot3_manipulation_gazebo/share/turtlebot3_manipulation_gazebo/models/turtlebot3_home_service_challenge/marker5/materials/textures/Marker5.png
[3.934s] -- Installing: /home/ros25/ROS/ROS_25/colcon_ws/install/turtlebot3_manipulation_gazebo/share/turtlebot3_manipulation_gazebo/models/turtlebot3_home_service_challenge/marker5/model.sdf
[3.935s] -- Installing: /home/ros25/ROS/ROS_25/colcon_ws/install/turtlebot3_manipulation_gazebo/share/turtlebot3_manipulation_gazebo/models/turtlebot3_home_service_challenge/marker6
[3.935s] -- Installing: /home/ros25/ROS/ROS_25/colcon_ws/install/turtlebot3_manipulation_gazebo/share/turtlebot3_manipulation_gazebo/models/turtlebot3_home_service_challenge/marker6/model-1_4.sdf
[3.936s] -- Installing: /home/ros25/ROS/ROS_25/colcon_ws/install/turtlebot3_manipulation_gazebo/share/turtlebot3_manipulation_gazebo/models/turtlebot3_home_service_challenge/marker6/model.config
[3.937s] -- Installing: /home/ros25/ROS/ROS_25/colcon_ws/install/turtlebot3_manipulation_gazebo/share/turtlebot3_manipulation_gazebo/models/turtlebot3_home_service_challenge/marker6/model-1_5.sdf
[3.939s] -- Installing: /home/ros25/ROS/ROS_25/colcon_ws/install/turtlebot3_manipulation_gazebo/share/turtlebot3_manipulation_gazebo/models/turtlebot3_home_service_challenge/marker6/meshes
[3.945s] -- Installing: /home/ros25/ROS/ROS_25/colcon_ws/install/turtlebot3_manipulation_gazebo/share/turtlebot3_manipulation_gazebo/models/turtlebot3_home_service_challenge/marker6/meshes/Marker6.dae
[3.946s] -- Installing: /home/ros25/ROS/ROS_25/colcon_ws/install/turtlebot3_manipulation_gazebo/share/turtlebot3_manipulation_gazebo/models/turtlebot3_home_service_challenge/marker6/materials
[3.947s] -- Installing: /home/ros25/ROS/ROS_25/colcon_ws/install/turtlebot3_manipulation_gazebo/share/turtlebot3_manipulation_gazebo/models/turtlebot3_home_service_challenge/marker6/materials/textures
[3.947s] -- Installing: /home/ros25/ROS/ROS_25/colcon_ws/install/turtlebot3_manipulation_gazebo/share/turtlebot3_manipulation_gazebo/models/turtlebot3_home_service_challenge/marker6/materials/textures/Marker6.png
[3.947s] -- Installing: /home/ros25/ROS/ROS_25/colcon_ws/install/turtlebot3_manipulation_gazebo/share/turtlebot3_manipulation_gazebo/models/turtlebot3_home_service_challenge/marker6/model.sdf
[3.947s] -- Installing: /home/ros25/ROS/ROS_25/colcon_ws/install/turtlebot3_manipulation_gazebo/share/turtlebot3_manipulation_gazebo/models/turtlebot3_home_service_challenge/marker7
[3.948s] -- Installing: /home/ros25/ROS/ROS_25/colcon_ws/install/turtlebot3_manipulation_gazebo/share/turtlebot3_manipulation_gazebo/models/turtlebot3_home_service_challenge/marker7/model-1_4.sdf
[3.949s] -- Installing: /home/ros25/ROS/ROS_25/colcon_ws/install/turtlebot3_manipulation_gazebo/share/turtlebot3_manipulation_gazebo/models/turtlebot3_home_service_challenge/marker7/model.config
[3.954s] -- Installing: /home/ros25/ROS/ROS_25/colcon_ws/install/turtlebot3_manipulation_gazebo/share/turtlebot3_manipulation_gazebo/models/turtlebot3_home_service_challenge/marker7/model-1_5.sdf
[3.960s] -- Installing: /home/ros25/ROS/ROS_25/colcon_ws/install/turtlebot3_manipulation_gazebo/share/turtlebot3_manipulation_gazebo/models/turtlebot3_home_service_challenge/marker7/meshes
[3.962s] -- Installing: /home/ros25/ROS/ROS_25/colcon_ws/install/turtlebot3_manipulation_gazebo/share/turtlebot3_manipulation_gazebo/models/turtlebot3_home_service_challenge/marker7/meshes/Marker7.dae
[3.963s] -- Installing: /home/ros25/ROS/ROS_25/colcon_ws/install/turtlebot3_manipulation_gazebo/share/turtlebot3_manipulation_gazebo/models/turtlebot3_home_service_challenge/marker7/materials
[3.963s] -- Installing: /home/ros25/ROS/ROS_25/colcon_ws/install/turtlebot3_manipulation_gazebo/share/turtlebot3_manipulation_gazebo/models/turtlebot3_home_service_challenge/marker7/materials/textures
[3.963s] -- Installing: /home/ros25/ROS/ROS_25/colcon_ws/install/turtlebot3_manipulation_gazebo/share/turtlebot3_manipulation_gazebo/models/turtlebot3_home_service_challenge/marker7/materials/textures/Marker7.png
[3.964s] -- Installing: /home/ros25/ROS/ROS_25/colcon_ws/install/turtlebot3_manipulation_gazebo/share/turtlebot3_manipulation_gazebo/models/turtlebot3_home_service_challenge/marker7/model.sdf
[3.964s] -- Installing: /home/ros25/ROS/ROS_25/colcon_ws/install/turtlebot3_manipulation_gazebo/share/turtlebot3_manipulation_gazebo/models/turtlebot3_home_service_challenge/marker1
[3.964s] -- Installing: /home/ros25/ROS/ROS_25/colcon_ws/install/turtlebot3_manipulation_gazebo/share/turtlebot3_manipulation_gazebo/models/turtlebot3_home_service_challenge/marker1/model-1_4.sdf
[3.964s] -- Installing: /home/ros25/ROS/ROS_25/colcon_ws/install/turtlebot3_manipulation_gazebo/share/turtlebot3_manipulation_gazebo/models/turtlebot3_home_service_challenge/marker1/model.config
[3.976s] -- Installing: /home/ros25/ROS/ROS_25/colcon_ws/install/turtlebot3_manipulation_gazebo/share/turtlebot3_manipulation_gazebo/models/turtlebot3_home_service_challenge/marker1/model-1_5.sdf
[3.976s] -- Installing: /home/ros25/ROS/ROS_25/colcon_ws/install/turtlebot3_manipulation_gazebo/share/turtlebot3_manipulation_gazebo/models/turtlebot3_home_service_challenge/marker1/meshes
[3.977s] -- Installing: /home/ros25/ROS/ROS_25/colcon_ws/install/turtlebot3_manipulation_gazebo/share/turtlebot3_manipulation_gazebo/models/turtlebot3_home_service_challenge/marker1/meshes/Marker1.dae
[3.977s] -- Installing: /home/ros25/ROS/ROS_25/colcon_ws/install/turtlebot3_manipulation_gazebo/share/turtlebot3_manipulation_gazebo/models/turtlebot3_home_service_challenge/marker1/materials
[3.979s] -- Installing: /home/ros25/ROS/ROS_25/colcon_ws/install/turtlebot3_manipulation_gazebo/share/turtlebot3_manipulation_gazebo/models/turtlebot3_home_service_challenge/marker1/materials/textures
[3.981s] -- Installing: /home/ros25/ROS/ROS_25/colcon_ws/install/turtlebot3_manipulation_gazebo/share/turtlebot3_manipulation_gazebo/models/turtlebot3_home_service_challenge/marker1/materials/textures/Marker1.png
[3.981s] -- Installing: /home/ros25/ROS/ROS_25/colcon_ws/install/turtlebot3_manipulation_gazebo/share/turtlebot3_manipulation_gazebo/models/turtlebot3_home_service_challenge/marker1/model.sdf
[3.983s] -- Installing: /home/ros25/ROS/ROS_25/colcon_ws/install/turtlebot3_manipulation_gazebo/share/turtlebot3_manipulation_gazebo/models/turtlebot3_home_service_challenge/marker0
[3.984s] -- Installing: /home/ros25/ROS/ROS_25/colcon_ws/install/turtlebot3_manipulation_gazebo/share/turtlebot3_manipulation_gazebo/models/turtlebot3_home_service_challenge/marker0/model-1_4.sdf
[3.992s] -- Installing: /home/ros25/ROS/ROS_25/colcon_ws/install/turtlebot3_manipulation_gazebo/share/turtlebot3_manipulation_gazebo/models/turtlebot3_home_service_challenge/marker0/model.config
[3.993s] -- Installing: /home/ros25/ROS/ROS_25/colcon_ws/install/turtlebot3_manipulation_gazebo/share/turtlebot3_manipulation_gazebo/models/turtlebot3_home_service_challenge/marker0/model-1_5.sdf
[3.994s] -- Installing: /home/ros25/ROS/ROS_25/colcon_ws/install/turtlebot3_manipulation_gazebo/share/turtlebot3_manipulation_gazebo/models/turtlebot3_home_service_challenge/marker0/meshes
[4.001s] -- Installing: /home/ros25/ROS/ROS_25/colcon_ws/install/turtlebot3_manipulation_gazebo/share/turtlebot3_manipulation_gazebo/models/turtlebot3_home_service_challenge/marker0/meshes/Marker0.dae
[4.002s] -- Installing: /home/ros25/ROS/ROS_25/colcon_ws/install/turtlebot3_manipulation_gazebo/share/turtlebot3_manipulation_gazebo/models/turtlebot3_home_service_challenge/marker0/materials
[4.002s] -- Installing: /home/ros25/ROS/ROS_25/colcon_ws/install/turtlebot3_manipulation_gazebo/share/turtlebot3_manipulation_gazebo/models/turtlebot3_home_service_challenge/marker0/materials/textures
[4.007s] -- Installing: /home/ros25/ROS/ROS_25/colcon_ws/install/turtlebot3_manipulation_gazebo/share/turtlebot3_manipulation_gazebo/models/turtlebot3_home_service_challenge/marker0/materials/textures/Marker0.png
[4.036s] -- Installing: /home/ros25/ROS/ROS_25/colcon_ws/install/turtlebot3_manipulation_gazebo/share/turtlebot3_manipulation_gazebo/models/turtlebot3_home_service_challenge/marker0/model.sdf
[4.047s] -- Installing: /home/ros25/ROS/ROS_25/colcon_ws/install/turtlebot3_manipulation_gazebo/share/turtlebot3_manipulation_gazebo/models/turtlebot3_home_service_challenge/marker9
[4.049s] -- Installing: /home/ros25/ROS/ROS_25/colcon_ws/install/turtlebot3_manipulation_gazebo/share/turtlebot3_manipulation_gazebo/models/turtlebot3_home_service_challenge/marker9/model-1_4.sdf
[4.053s] -- Installing: /home/ros25/ROS/ROS_25/colcon_ws/install/turtlebot3_manipulation_gazebo/share/turtlebot3_manipulation_gazebo/models/turtlebot3_home_service_challenge/marker9/model.config
[4.062s] -- Installing: /home/ros25/ROS/ROS_25/colcon_ws/install/turtlebot3_manipulation_gazebo/share/turtlebot3_manipulation_gazebo/models/turtlebot3_home_service_challenge/marker9/model-1_5.sdf
[4.063s] -- Installing: /home/ros25/ROS/ROS_25/colcon_ws/install/turtlebot3_manipulation_gazebo/share/turtlebot3_manipulation_gazebo/models/turtlebot3_home_service_challenge/marker9/meshes
[4.063s] -- Installing: /home/ros25/ROS/ROS_25/colcon_ws/install/turtlebot3_manipulation_gazebo/share/turtlebot3_manipulation_gazebo/models/turtlebot3_home_service_challenge/marker9/meshes/Marker9.dae
[4.067s] -- Installing: /home/ros25/ROS/ROS_25/colcon_ws/install/turtlebot3_manipulation_gazebo/share/turtlebot3_manipulation_gazebo/models/turtlebot3_home_service_challenge/marker9/materials
[4.067s] -- Installing: /home/ros25/ROS/ROS_25/colcon_ws/install/turtlebot3_manipulation_gazebo/share/turtlebot3_manipulation_gazebo/models/turtlebot3_home_service_challenge/marker9/materials/textures
[4.068s] -- Installing: /home/ros25/ROS/ROS_25/colcon_ws/install/turtlebot3_manipulation_gazebo/share/turtlebot3_manipulation_gazebo/models/turtlebot3_home_service_challenge/marker9/materials/textures/Marker9.png
[4.068s] -- Installing: /home/ros25/ROS/ROS_25/colcon_ws/install/turtlebot3_manipulation_gazebo/share/turtlebot3_manipulation_gazebo/models/turtlebot3_home_service_challenge/marker9/model.sdf
[4.068s] -- Installing: /home/ros25/ROS/ROS_25/colcon_ws/install/turtlebot3_manipulation_gazebo/share/turtlebot3_manipulation_gazebo/models/turtlebot3_home_service_challenge/marker3
[4.068s] -- Installing: /home/ros25/ROS/ROS_25/colcon_ws/install/turtlebot3_manipulation_gazebo/share/turtlebot3_manipulation_gazebo/models/turtlebot3_home_service_challenge/marker3/model-1_4.sdf
[4.076s] -- Installing: /home/ros25/ROS/ROS_25/colcon_ws/install/turtlebot3_manipulation_gazebo/share/turtlebot3_manipulation_gazebo/models/turtlebot3_home_service_challenge/marker3/model.config
[4.076s] -- Installing: /home/ros25/ROS/ROS_25/colcon_ws/install/turtlebot3_manipulation_gazebo/share/turtlebot3_manipulation_gazebo/models/turtlebot3_home_service_challenge/marker3/model-1_5.sdf
[4.076s] -- Installing: /home/ros25/ROS/ROS_25/colcon_ws/install/turtlebot3_manipulation_gazebo/share/turtlebot3_manipulation_gazebo/models/turtlebot3_home_service_challenge/marker3/meshes
[4.082s] -- Installing: /home/ros25/ROS/ROS_25/colcon_ws/install/turtlebot3_manipulation_gazebo/share/turtlebot3_manipulation_gazebo/models/turtlebot3_home_service_challenge/marker3/meshes/Marker3.dae
[4.082s] -- Installing: /home/ros25/ROS/ROS_25/colcon_ws/install/turtlebot3_manipulation_gazebo/share/turtlebot3_manipulation_gazebo/models/turtlebot3_home_service_challenge/marker3/materials
[4.082s] -- Installing: /home/ros25/ROS/ROS_25/colcon_ws/install/turtlebot3_manipulation_gazebo/share/turtlebot3_manipulation_gazebo/models/turtlebot3_home_service_challenge/marker3/materials/textures
[4.082s] -- Installing: /home/ros25/ROS/ROS_25/colcon_ws/install/turtlebot3_manipulation_gazebo/share/turtlebot3_manipulation_gazebo/models/turtlebot3_home_service_challenge/marker3/materials/textures/Marker3.png
[4.083s] -- Installing: /home/ros25/ROS/ROS_25/colcon_ws/install/turtlebot3_manipulation_gazebo/share/turtlebot3_manipulation_gazebo/models/turtlebot3_home_service_challenge/marker3/model.sdf
[4.083s] -- Installing: /home/ros25/ROS/ROS_25/colcon_ws/install/turtlebot3_manipulation_gazebo/share/turtlebot3_manipulation_gazebo/models/turtlebot3_home_service_challenge/marker4
[4.083s] -- Installing: /home/ros25/ROS/ROS_25/colcon_ws/install/turtlebot3_manipulation_gazebo/share/turtlebot3_manipulation_gazebo/models/turtlebot3_home_service_challenge/marker4/model-1_4.sdf
[4.083s] -- Installing: /home/ros25/ROS/ROS_25/colcon_ws/install/turtlebot3_manipulation_gazebo/share/turtlebot3_manipulation_gazebo/models/turtlebot3_home_service_challenge/marker4/model.config
[4.086s] -- Installing: /home/ros25/ROS/ROS_25/colcon_ws/install/turtlebot3_manipulation_gazebo/share/turtlebot3_manipulation_gazebo/models/turtlebot3_home_service_challenge/marker4/model-1_5.sdf
[4.094s] -- Installing: /home/ros25/ROS/ROS_25/colcon_ws/install/turtlebot3_manipulation_gazebo/share/turtlebot3_manipulation_gazebo/models/turtlebot3_home_service_challenge/marker4/meshes
[4.094s] -- Installing: /home/ros25/ROS/ROS_25/colcon_ws/install/turtlebot3_manipulation_gazebo/share/turtlebot3_manipulation_gazebo/models/turtlebot3_home_service_challenge/marker4/meshes/Marker4.dae
[4.094s] -- Installing: /home/ros25/ROS/ROS_25/colcon_ws/install/turtlebot3_manipulation_gazebo/share/turtlebot3_manipulation_gazebo/models/turtlebot3_home_service_challenge/marker4/materials
[4.098s] -- Installing: /home/ros25/ROS/ROS_25/colcon_ws/install/turtlebot3_manipulation_gazebo/share/turtlebot3_manipulation_gazebo/models/turtlebot3_home_service_challenge/marker4/materials/textures
[4.098s] -- Installing: /home/ros25/ROS/ROS_25/colcon_ws/install/turtlebot3_manipulation_gazebo/share/turtlebot3_manipulation_gazebo/models/turtlebot3_home_service_challenge/marker4/materials/textures/Marker4.png
[4.099s] -- Installing: /home/ros25/ROS/ROS_25/colcon_ws/install/turtlebot3_manipulation_gazebo/share/turtlebot3_manipulation_gazebo/models/turtlebot3_home_service_challenge/marker4/model.sdf
[4.099s] -- Installing: /home/ros25/ROS/ROS_25/colcon_ws/install/turtlebot3_manipulation_gazebo/share/ament_index/resource_index/package_run_dependencies/turtlebot3_manipulation_gazebo
[4.099s] -- Installing: /home/ros25/ROS/ROS_25/colcon_ws/install/turtlebot3_manipulation_gazebo/share/ament_index/resource_index/parent_prefix_path/turtlebot3_manipulation_gazebo
[4.099s] -- Installing: /home/ros25/ROS/ROS_25/colcon_ws/install/turtlebot3_manipulation_gazebo/share/turtlebot3_manipulation_gazebo/environment/ament_prefix_path.sh
[4.099s] -- Installing: /home/ros25/ROS/ROS_25/colcon_ws/install/turtlebot3_manipulation_gazebo/share/turtlebot3_manipulation_gazebo/environment/ament_prefix_path.dsv
[4.101s] -- Installing: /home/ros25/ROS/ROS_25/colcon_ws/install/turtlebot3_manipulation_gazebo/share/turtlebot3_manipulation_gazebo/environment/path.sh
[4.102s] -- Installing: /home/ros25/ROS/ROS_25/colcon_ws/install/turtlebot3_manipulation_gazebo/share/turtlebot3_manipulation_gazebo/environment/path.dsv
[4.102s] -- Installing: /home/ros25/ROS/ROS_25/colcon_ws/install/turtlebot3_manipulation_gazebo/share/turtlebot3_manipulation_gazebo/local_setup.bash
[4.102s] -- Installing: /home/ros25/ROS/ROS_25/colcon_ws/install/turtlebot3_manipulation_gazebo/share/turtlebot3_manipulation_gazebo/local_setup.sh
[4.102s] -- Installing: /home/ros25/ROS/ROS_25/colcon_ws/install/turtlebot3_manipulation_gazebo/share/turtlebot3_manipulation_gazebo/local_setup.zsh
[4.102s] -- Installing: /home/ros25/ROS/ROS_25/colcon_ws/install/turtlebot3_manipulation_gazebo/share/turtlebot3_manipulation_gazebo/local_setup.dsv
[4.106s] -- Installing: /home/ros25/ROS/ROS_25/colcon_ws/install/turtlebot3_manipulation_gazebo/share/turtlebot3_manipulation_gazebo/package.dsv
[4.106s] -- Installing: /home/ros25/ROS/ROS_25/colcon_ws/install/turtlebot3_manipulation_gazebo/share/ament_index/resource_index/packages/turtlebot3_manipulation_gazebo
[4.106s] -- Installing: /home/ros25/ROS/ROS_25/colcon_ws/install/turtlebot3_manipulation_gazebo/share/turtlebot3_manipulation_gazebo/cmake/turtlebot3_manipulation_gazeboConfig.cmake
[4.106s] -- Installing: /home/ros25/ROS/ROS_25/colcon_ws/install/turtlebot3_manipulation_gazebo/share/turtlebot3_manipulation_gazebo/cmake/turtlebot3_manipulation_gazeboConfig-version.cmake
[4.106s] -- Installing: /home/ros25/ROS/ROS_25/colcon_ws/install/turtlebot3_manipulation_gazebo/share/turtlebot3_manipulation_gazebo/package.xml
[4.129s] Invoked command in '/home/ros25/ROS/ROS_25/colcon_ws/build/turtlebot3_manipulation_gazebo' returned '0': CMAKE_PREFIX_PATH=${CMAKE_PREFIX_PATH}:/home/ros25/ROS/ROS_25/colcon_ws/install/turtlebot3_teleop:/home/ros25/ROS/ROS_25/colcon_ws/install/turtlebot3_example:/home/ros25/ROS/ROS_25/colcon_ws/install/turtlebot3_controller:/home/ros25/ROS/ROS_25/colcon_ws/install/test_node:/opt/ros/humble /usr/bin/cmake --install /home/ros25/ROS/ROS_25/colcon_ws/build/turtlebot3_manipulation_gazebo
