[0.104s] Invoking command in '/home/ros25/ROS/ROS_25/colcon_ws/build/turtlebot3_cartographer': CMAKE_PREFIX_PATH=${CMAKE_PREFIX_PATH}:/home/ros25/ROS/ROS_25/colcon_ws/install/turtlebot3_teleop:/home/ros25/ROS/ROS_25/colcon_ws/install/turtlebot3_example:/home/ros25/ROS/ROS_25/colcon_ws/install/test_node:/opt/ros/humble /usr/bin/cmake --build /home/ros25/ROS/ROS_25/colcon_ws/build/turtlebot3_cartographer -- -j2 -l2
[0.565s] Invoked command in '/home/ros25/ROS/ROS_25/colcon_ws/build/turtlebot3_cartographer' returned '0': CMAKE_PREFIX_PATH=${CMAKE_PREFIX_PATH}:/home/ros25/ROS/ROS_25/colcon_ws/install/turtlebot3_teleop:/home/ros25/ROS/ROS_25/colcon_ws/install/turtlebot3_example:/home/ros25/ROS/ROS_25/colcon_ws/install/test_node:/opt/ros/humble /usr/bin/cmake --build /home/ros25/ROS/ROS_25/colcon_ws/build/turtlebot3_cartographer -- -j2 -l2
[0.578s] Invoking command in '/home/ros25/ROS/ROS_25/colcon_ws/build/turtlebot3_cartographer': CMAKE_PREFIX_PATH=${CMAKE_PREFIX_PATH}:/home/ros25/ROS/ROS_25/colcon_ws/install/turtlebot3_teleop:/home/ros25/ROS/ROS_25/colcon_ws/install/turtlebot3_example:/home/ros25/ROS/ROS_25/colcon_ws/install/test_node:/opt/ros/humble /usr/bin/cmake --install /home/ros25/ROS/ROS_25/colcon_ws/build/turtlebot3_cartographer
[0.693s] -- Install configuration: ""
[0.696s] -- Up-to-date: /home/ros25/ROS/ROS_25/colcon_ws/install/turtlebot3_cartographer/share/turtlebot3_cartographer/config
[0.696s] -- Up-to-date: /home/ros25/ROS/ROS_25/colcon_ws/install/turtlebot3_cartographer/share/turtlebot3_cartographer/config/turtlebot3_lds_2d.lua
[0.696s] -- Up-to-date: /home/ros25/ROS/ROS_25/colcon_ws/install/turtlebot3_cartographer/share/turtlebot3_cartographer/launch
[0.696s] -- Up-to-date: /home/ros25/ROS/ROS_25/colcon_ws/install/turtlebot3_cartographer/share/turtlebot3_cartographer/launch/cartographer.launch.py
[0.696s] -- Up-to-date: /home/ros25/ROS/ROS_25/colcon_ws/install/turtlebot3_cartographer/share/turtlebot3_cartographer/launch/occupancy_grid.launch.py
[0.696s] -- Up-to-date: /home/ros25/ROS/ROS_25/colcon_ws/install/turtlebot3_cartographer/share/turtlebot3_cartographer/rviz
[0.700s] -- Up-to-date: /home/ros25/ROS/ROS_25/colcon_ws/install/turtlebot3_cartographer/share/turtlebot3_cartographer/rviz/tb3_cartographer.rviz
[0.700s] -- Up-to-date: /home/ros25/ROS/ROS_25/colcon_ws/install/turtlebot3_cartographer/share/ament_index/resource_index/package_run_dependencies/turtlebot3_cartographer
[0.700s] -- Up-to-date: /home/ros25/ROS/ROS_25/colcon_ws/install/turtlebot3_cartographer/share/ament_index/resource_index/parent_prefix_path/turtlebot3_cartographer
[0.700s] -- Up-to-date: /home/ros25/ROS/ROS_25/colcon_ws/install/turtlebot3_cartographer/share/turtlebot3_cartographer/environment/ament_prefix_path.sh
[0.711s] -- Up-to-date: /home/ros25/ROS/ROS_25/colcon_ws/install/turtlebot3_cartographer/share/turtlebot3_cartographer/environment/ament_prefix_path.dsv
[0.712s] -- Up-to-date: /home/ros25/ROS/ROS_25/colcon_ws/install/turtlebot3_cartographer/share/turtlebot3_cartographer/environment/path.sh
[0.712s] -- Up-to-date: /home/ros25/ROS/ROS_25/colcon_ws/install/turtlebot3_cartographer/share/turtlebot3_cartographer/environment/path.dsv
[0.721s] -- Up-to-date: /home/ros25/ROS/ROS_25/colcon_ws/install/turtlebot3_cartographer/share/turtlebot3_cartographer/local_setup.bash
[0.722s] -- Up-to-date: /home/ros25/ROS/ROS_25/colcon_ws/install/turtlebot3_cartographer/share/turtlebot3_cartographer/local_setup.sh
[0.722s] -- Up-to-date: /home/ros25/ROS/ROS_25/colcon_ws/install/turtlebot3_cartographer/share/turtlebot3_cartographer/local_setup.zsh
[0.722s] -- Up-to-date: /home/ros25/ROS/ROS_25/colcon_ws/install/turtlebot3_cartographer/share/turtlebot3_cartographer/local_setup.dsv
[0.722s] -- Installing: /home/ros25/ROS/ROS_25/colcon_ws/install/turtlebot3_cartographer/share/turtlebot3_cartographer/package.dsv
[0.745s] -- Up-to-date: /home/ros25/ROS/ROS_25/colcon_ws/install/turtlebot3_cartographer/share/ament_index/resource_index/packages/turtlebot3_cartographer
[0.751s] -- Up-to-date: /home/ros25/ROS/ROS_25/colcon_ws/install/turtlebot3_cartographer/share/turtlebot3_cartographer/cmake/turtlebot3_cartographerConfig.cmake
[0.751s] -- Up-to-date: /home/ros25/ROS/ROS_25/colcon_ws/install/turtlebot3_cartographer/share/turtlebot3_cartographer/cmake/turtlebot3_cartographerConfig-version.cmake
[0.752s] -- Up-to-date: /home/ros25/ROS/ROS_25/colcon_ws/install/turtlebot3_cartographer/share/turtlebot3_cartographer/package.xml
[0.763s] Invoked command in '/home/ros25/ROS/ROS_25/colcon_ws/build/turtlebot3_cartographer' returned '0': CMAKE_PREFIX_PATH=${CMAKE_PREFIX_PATH}:/home/ros25/ROS/ROS_25/colcon_ws/install/turtlebot3_teleop:/home/ros25/ROS/ROS_25/colcon_ws/install/turtlebot3_example:/home/ros25/ROS/ROS_25/colcon_ws/install/test_node:/opt/ros/humble /usr/bin/cmake --install /home/ros25/ROS/ROS_25/colcon_ws/build/turtlebot3_cartographer
