[0.052s] Invoking command in '/home/ros25/ROS/ROS_25/colcon_ws/build/turtlebot3_gazebo': CMAKE_PREFIX_PATH=${CMAKE_PREFIX_PATH}:/home/ros25/ROS/ROS_25/colcon_ws/install/turtlebot3_teleop:/home/ros25/ROS/ROS_25/colcon_ws/install/turtlebot3_example:/home/ros25/ROS/ROS_25/colcon_ws/install/test_node:/opt/ros/humble /usr/bin/cmake --build /home/ros25/ROS/ROS_25/colcon_ws/build/turtlebot3_gazebo -- -j2 -l2
[0.686s] [ 16%] Built target turtlebot3_drive
[1.122s] [ 33%] Built target traffic_light_plugin
[1.495s] [ 50%] Built target traffic_bar_plugin
[1.852s] [ 66%] Built target obstacle1
[2.285s] [ 83%] Built target obstacle2
[2.683s] [100%] Built target obstacles
[2.796s] Invoked command in '/home/ros25/ROS/ROS_25/colcon_ws/build/turtlebot3_gazebo' returned '0': CMAKE_PREFIX_PATH=${CMAKE_PREFIX_PATH}:/home/ros25/ROS/ROS_25/colcon_ws/install/turtlebot3_teleop:/home/ros25/ROS/ROS_25/colcon_ws/install/turtlebot3_example:/home/ros25/ROS/ROS_25/colcon_ws/install/test_node:/opt/ros/humble /usr/bin/cmake --build /home/ros25/ROS/ROS_25/colcon_ws/build/turtlebot3_gazebo -- -j2 -l2
[2.819s] Invoking command in '/home/ros25/ROS/ROS_25/colcon_ws/build/turtlebot3_gazebo': CMAKE_PREFIX_PATH=${CMAKE_PREFIX_PATH}:/home/ros25/ROS/ROS_25/colcon_ws/install/turtlebot3_teleop:/home/ros25/ROS/ROS_25/colcon_ws/install/turtlebot3_example:/home/ros25/ROS/ROS_25/colcon_ws/install/test_node:/opt/ros/humble /usr/bin/cmake --install /home/ros25/ROS/ROS_25/colcon_ws/build/turtlebot3_gazebo
[2.928s] -- Install configuration: ""
[2.953s] -- Up-to-date: /home/ros25/ROS/ROS_25/colcon_ws/install/turtlebot3_gazebo/lib/turtlebot3_gazebo/turtlebot3_drive
[2.953s] -- Up-to-date: /home/ros25/ROS/ROS_25/colcon_ws/install/turtlebot3_gazebo/share/turtlebot3_gazebo//launch
[2.954s] -- Up-to-date: /home/ros25/ROS/ROS_25/colcon_ws/install/turtlebot3_gazebo/share/turtlebot3_gazebo//launch/turtlebot3_house.launch.py
[2.954s] -- Up-to-date: /home/ros25/ROS/ROS_25/colcon_ws/install/turtlebot3_gazebo/share/turtlebot3_gazebo//launch/turtlebot3_dqn_stage3.launch.py
[2.954s] -- Up-to-date: /home/ros25/ROS/ROS_25/colcon_ws/install/turtlebot3_gazebo/share/turtlebot3_gazebo//launch/turtlebot3_dqn_stage4.launch.py
[2.954s] -- Up-to-date: /home/ros25/ROS/ROS_25/colcon_ws/install/turtlebot3_gazebo/share/turtlebot3_gazebo//launch/multi_spawn_turtlebot3.launch.py
[2.954s] -- Up-to-date: /home/ros25/ROS/ROS_25/colcon_ws/install/turtlebot3_gazebo/share/turtlebot3_gazebo//launch/multi_robot.launch.py
[2.954s] -- Up-to-date: /home/ros25/ROS/ROS_25/colcon_ws/install/turtlebot3_gazebo/share/turtlebot3_gazebo//launch/empty_world.launch.py
[2.954s] -- Up-to-date: /home/ros25/ROS/ROS_25/colcon_ws/install/turtlebot3_gazebo/share/turtlebot3_gazebo//launch/spawn_turtlebot3.launch.py
[2.954s] -- Up-to-date: /home/ros25/ROS/ROS_25/colcon_ws/install/turtlebot3_gazebo/share/turtlebot3_gazebo//launch/turtlebot3_dqn_stage2.launch.py
[2.954s] -- Up-to-date: /home/ros25/ROS/ROS_25/colcon_ws/install/turtlebot3_gazebo/share/turtlebot3_gazebo//launch/robot_state_publisher.launch.py
[2.958s] -- Up-to-date: /home/ros25/ROS/ROS_25/colcon_ws/install/turtlebot3_gazebo/share/turtlebot3_gazebo//launch/turtlebot3_autorace_2020.launch.py
[2.959s] -- Up-to-date: /home/ros25/ROS/ROS_25/colcon_ws/install/turtlebot3_gazebo/share/turtlebot3_gazebo//launch/turtlebot3_world.launch.py
[2.959s] -- Up-to-date: /home/ros25/ROS/ROS_25/colcon_ws/install/turtlebot3_gazebo/share/turtlebot3_gazebo//launch/turtlebot3_dqn_stage1.launch.py
[2.959s] -- Up-to-date: /home/ros25/ROS/ROS_25/colcon_ws/install/turtlebot3_gazebo/share/turtlebot3_gazebo//models
[2.963s] -- Up-to-date: /home/ros25/ROS/ROS_25/colcon_ws/install/turtlebot3_gazebo/share/turtlebot3_gazebo//models/turtlebot3_waffle
[2.963s] -- Up-to-date: /home/ros25/ROS/ROS_25/colcon_ws/install/turtlebot3_gazebo/share/turtlebot3_gazebo//models/turtlebot3_waffle/model-1_4.sdf
[2.963s] -- Up-to-date: /home/ros25/ROS/ROS_25/colcon_ws/install/turtlebot3_gazebo/share/turtlebot3_gazebo//models/turtlebot3_waffle/model.config
[2.968s] -- Up-to-date: /home/ros25/ROS/ROS_25/colcon_ws/install/turtlebot3_gazebo/share/turtlebot3_gazebo//models/turtlebot3_waffle/model.sdf
[2.968s] -- Up-to-date: /home/ros25/ROS/ROS_25/colcon_ws/install/turtlebot3_gazebo/share/turtlebot3_gazebo//models/turtlebot3_burger
[2.968s] -- Up-to-date: /home/ros25/ROS/ROS_25/colcon_ws/install/turtlebot3_gazebo/share/turtlebot3_gazebo//models/turtlebot3_burger/model-1_4.sdf
[2.971s] -- Up-to-date: /home/ros25/ROS/ROS_25/colcon_ws/install/turtlebot3_gazebo/share/turtlebot3_gazebo//models/turtlebot3_burger/model.config
[2.971s] -- Up-to-date: /home/ros25/ROS/ROS_25/colcon_ws/install/turtlebot3_gazebo/share/turtlebot3_gazebo//models/turtlebot3_burger/model.sdf
[2.971s] -- Up-to-date: /home/ros25/ROS/ROS_25/colcon_ws/install/turtlebot3_gazebo/share/turtlebot3_gazebo//models/turtlebot3_dqn_world
[2.971s] -- Up-to-date: /home/ros25/ROS/ROS_25/colcon_ws/install/turtlebot3_gazebo/share/turtlebot3_gazebo//models/turtlebot3_dqn_world/goal_box
[2.971s] -- Up-to-date: /home/ros25/ROS/ROS_25/colcon_ws/install/turtlebot3_gazebo/share/turtlebot3_gazebo//models/turtlebot3_dqn_world/goal_box/model.config
[2.972s] -- Up-to-date: /home/ros25/ROS/ROS_25/colcon_ws/install/turtlebot3_gazebo/share/turtlebot3_gazebo//models/turtlebot3_dqn_world/goal_box/model.sdf
[2.972s] -- Up-to-date: /home/ros25/ROS/ROS_25/colcon_ws/install/turtlebot3_gazebo/share/turtlebot3_gazebo//models/turtlebot3_dqn_world/inner_walls
[2.976s] -- Up-to-date: /home/ros25/ROS/ROS_25/colcon_ws/install/turtlebot3_gazebo/share/turtlebot3_gazebo//models/turtlebot3_dqn_world/inner_walls/model.config
[2.976s] -- Up-to-date: /home/ros25/ROS/ROS_25/colcon_ws/install/turtlebot3_gazebo/share/turtlebot3_gazebo//models/turtlebot3_dqn_world/inner_walls/model.sdf
[2.976s] -- Up-to-date: /home/ros25/ROS/ROS_25/colcon_ws/install/turtlebot3_gazebo/share/turtlebot3_gazebo//models/turtlebot3_dqn_world/model.config
[2.976s] -- Up-to-date: /home/ros25/ROS/ROS_25/colcon_ws/install/turtlebot3_gazebo/share/turtlebot3_gazebo//models/turtlebot3_dqn_world/obstacles
[2.976s] -- Up-to-date: /home/ros25/ROS/ROS_25/colcon_ws/install/turtlebot3_gazebo/share/turtlebot3_gazebo//models/turtlebot3_dqn_world/obstacles/model.config
[2.976s] -- Up-to-date: /home/ros25/ROS/ROS_25/colcon_ws/install/turtlebot3_gazebo/share/turtlebot3_gazebo//models/turtlebot3_dqn_world/obstacles/model.sdf
[2.977s] -- Up-to-date: /home/ros25/ROS/ROS_25/colcon_ws/install/turtlebot3_gazebo/share/turtlebot3_gazebo//models/turtlebot3_dqn_world/obstacle2
[2.977s] -- Up-to-date: /home/ros25/ROS/ROS_25/colcon_ws/install/turtlebot3_gazebo/share/turtlebot3_gazebo//models/turtlebot3_dqn_world/obstacle2/model.config
[2.977s] -- Up-to-date: /home/ros25/ROS/ROS_25/colcon_ws/install/turtlebot3_gazebo/share/turtlebot3_gazebo//models/turtlebot3_dqn_world/obstacle2/model.sdf
[2.977s] -- Up-to-date: /home/ros25/ROS/ROS_25/colcon_ws/install/turtlebot3_gazebo/share/turtlebot3_gazebo//models/turtlebot3_dqn_world/obstacle1
[2.977s] -- Up-to-date: /home/ros25/ROS/ROS_25/colcon_ws/install/turtlebot3_gazebo/share/turtlebot3_gazebo//models/turtlebot3_dqn_world/obstacle1/model.config
[2.977s] -- Up-to-date: /home/ros25/ROS/ROS_25/colcon_ws/install/turtlebot3_gazebo/share/turtlebot3_gazebo//models/turtlebot3_dqn_world/obstacle1/model.sdf
[2.977s] -- Up-to-date: /home/ros25/ROS/ROS_25/colcon_ws/install/turtlebot3_gazebo/share/turtlebot3_gazebo//models/turtlebot3_dqn_world/model.sdf
[2.977s] -- Up-to-date: /home/ros25/ROS/ROS_25/colcon_ws/install/turtlebot3_gazebo/share/turtlebot3_gazebo//models/turtlebot3_waffle_pi
[2.983s] -- Up-to-date: /home/ros25/ROS/ROS_25/colcon_ws/install/turtlebot3_gazebo/share/turtlebot3_gazebo//models/turtlebot3_waffle_pi/model.config
[2.985s] -- Up-to-date: /home/ros25/ROS/ROS_25/colcon_ws/install/turtlebot3_gazebo/share/turtlebot3_gazebo//models/turtlebot3_waffle_pi/model-1_4_.sdf
[2.986s] -- Up-to-date: /home/ros25/ROS/ROS_25/colcon_ws/install/turtlebot3_gazebo/share/turtlebot3_gazebo//models/turtlebot3_waffle_pi/model.sdf
[2.986s] -- Up-to-date: /home/ros25/ROS/ROS_25/colcon_ws/install/turtlebot3_gazebo/share/turtlebot3_gazebo//models/turtlebot3_common
[2.987s] -- Up-to-date: /home/ros25/ROS/ROS_25/colcon_ws/install/turtlebot3_gazebo/share/turtlebot3_gazebo//models/turtlebot3_common/model.config
[2.988s] -- Up-to-date: /home/ros25/ROS/ROS_25/colcon_ws/install/turtlebot3_gazebo/share/turtlebot3_gazebo//models/turtlebot3_common/meshes
[2.988s] -- Up-to-date: /home/ros25/ROS/ROS_25/colcon_ws/install/turtlebot3_gazebo/share/turtlebot3_gazebo//models/turtlebot3_common/meshes/waffle_base.dae
[2.988s] -- Up-to-date: /home/ros25/ROS/ROS_25/colcon_ws/install/turtlebot3_gazebo/share/turtlebot3_gazebo//models/turtlebot3_common/meshes/r200.dae
[2.988s] -- Up-to-date: /home/ros25/ROS/ROS_25/colcon_ws/install/turtlebot3_gazebo/share/turtlebot3_gazebo//models/turtlebot3_common/meshes/sensors
[2.988s] -- Up-to-date: /home/ros25/ROS/ROS_25/colcon_ws/install/turtlebot3_gazebo/share/turtlebot3_gazebo//models/turtlebot3_common/meshes/sensors/r200.dae
[2.988s] -- Up-to-date: /home/ros25/ROS/ROS_25/colcon_ws/install/turtlebot3_gazebo/share/turtlebot3_gazebo//models/turtlebot3_common/meshes/sensors/astra.jpg
[2.988s] -- Up-to-date: /home/ros25/ROS/ROS_25/colcon_ws/install/turtlebot3_gazebo/share/turtlebot3_gazebo//models/turtlebot3_common/meshes/sensors/astra.dae
[2.992s] -- Up-to-date: /home/ros25/ROS/ROS_25/colcon_ws/install/turtlebot3_gazebo/share/turtlebot3_gazebo//models/turtlebot3_common/meshes/sensors/lds.stl
[2.992s] -- Up-to-date: /home/ros25/ROS/ROS_25/colcon_ws/install/turtlebot3_gazebo/share/turtlebot3_gazebo//models/turtlebot3_common/meshes/sensors/r200.jpg
[2.993s] -- Up-to-date: /home/ros25/ROS/ROS_25/colcon_ws/install/turtlebot3_gazebo/share/turtlebot3_gazebo//models/turtlebot3_common/meshes/lds.dae
[2.996s] -- Up-to-date: /home/ros25/ROS/ROS_25/colcon_ws/install/turtlebot3_gazebo/share/turtlebot3_gazebo//models/turtlebot3_common/meshes/bases
[2.997s] -- Up-to-date: /home/ros25/ROS/ROS_25/colcon_ws/install/turtlebot3_gazebo/share/turtlebot3_gazebo//models/turtlebot3_common/meshes/bases/waffle_base.stl
[2.997s] -- Up-to-date: /home/ros25/ROS/ROS_25/colcon_ws/install/turtlebot3_gazebo/share/turtlebot3_gazebo//models/turtlebot3_common/meshes/bases/burger_base.stl
[2.997s] -- Up-to-date: /home/ros25/ROS/ROS_25/colcon_ws/install/turtlebot3_gazebo/share/turtlebot3_gazebo//models/turtlebot3_common/meshes/bases/waffle_pi_base.stl
[2.997s] -- Up-to-date: /home/ros25/ROS/ROS_25/colcon_ws/install/turtlebot3_gazebo/share/turtlebot3_gazebo//models/turtlebot3_common/meshes/tire.dae
[2.997s] -- Up-to-date: /home/ros25/ROS/ROS_25/colcon_ws/install/turtlebot3_gazebo/share/turtlebot3_gazebo//models/turtlebot3_common/meshes/wheels
[3.004s] -- Up-to-date: /home/ros25/ROS/ROS_25/colcon_ws/install/turtlebot3_gazebo/share/turtlebot3_gazebo//models/turtlebot3_common/meshes/wheels/left_tire.stl
[3.004s] -- Up-to-date: /home/ros25/ROS/ROS_25/colcon_ws/install/turtlebot3_gazebo/share/turtlebot3_gazebo//models/turtlebot3_common/meshes/wheels/right_tire.stl
[3.004s] -- Up-to-date: /home/ros25/ROS/ROS_25/colcon_ws/install/turtlebot3_gazebo/share/turtlebot3_gazebo//models/turtlebot3_common/meshes/waffle_pi_base.dae
[3.005s] -- Up-to-date: /home/ros25/ROS/ROS_25/colcon_ws/install/turtlebot3_gazebo/share/turtlebot3_gazebo//models/turtlebot3_common/meshes/burger_base.dae
[3.005s] -- Up-to-date: /home/ros25/ROS/ROS_25/colcon_ws/install/turtlebot3_gazebo/share/turtlebot3_gazebo//models/turtlebot3_burger_cam
[3.005s] -- Up-to-date: /home/ros25/ROS/ROS_25/colcon_ws/install/turtlebot3_gazebo/share/turtlebot3_gazebo//models/turtlebot3_burger_cam/model-1_4.sdf
[3.005s] -- Up-to-date: /home/ros25/ROS/ROS_25/colcon_ws/install/turtlebot3_gazebo/share/turtlebot3_gazebo//models/turtlebot3_burger_cam/model.config
[3.005s] -- Up-to-date: /home/ros25/ROS/ROS_25/colcon_ws/install/turtlebot3_gazebo/share/turtlebot3_gazebo//models/turtlebot3_burger_cam/model.sdf
[3.005s] -- Up-to-date: /home/ros25/ROS/ROS_25/colcon_ws/install/turtlebot3_gazebo/share/turtlebot3_gazebo//models/turtlebot3_house
[3.010s] -- Up-to-date: /home/ros25/ROS/ROS_25/colcon_ws/install/turtlebot3_gazebo/share/turtlebot3_gazebo//models/turtlebot3_house/model.config
[3.010s] -- Up-to-date: /home/ros25/ROS/ROS_25/colcon_ws/install/turtlebot3_gazebo/share/turtlebot3_gazebo//models/turtlebot3_house/model.sdf
[3.012s] -- Up-to-date: /home/ros25/ROS/ROS_25/colcon_ws/install/turtlebot3_gazebo/share/turtlebot3_gazebo//models/turtlebot3_autorace_2020
[3.012s] -- Up-to-date: /home/ros25/ROS/ROS_25/colcon_ws/install/turtlebot3_gazebo/share/turtlebot3_gazebo//models/turtlebot3_autorace_2020/traffic_bar
[3.012s] -- Up-to-date: /home/ros25/ROS/ROS_25/colcon_ws/install/turtlebot3_gazebo/share/turtlebot3_gazebo//models/turtlebot3_autorace_2020/traffic_bar/model.config
[3.013s] -- Up-to-date: /home/ros25/ROS/ROS_25/colcon_ws/install/turtlebot3_gazebo/share/turtlebot3_gazebo//models/turtlebot3_autorace_2020/traffic_bar/materials
[3.016s] -- Up-to-date: /home/ros25/ROS/ROS_25/colcon_ws/install/turtlebot3_gazebo/share/turtlebot3_gazebo//models/turtlebot3_autorace_2020/traffic_bar/materials/textures
[3.016s] -- Up-to-date: /home/ros25/ROS/ROS_25/colcon_ws/install/turtlebot3_gazebo/share/turtlebot3_gazebo//models/turtlebot3_autorace_2020/traffic_bar/materials/textures/traffic_bar.png
[3.016s] -- Up-to-date: /home/ros25/ROS/ROS_25/colcon_ws/install/turtlebot3_gazebo/share/turtlebot3_gazebo//models/turtlebot3_autorace_2020/traffic_bar/materials/scripts
[3.016s] -- Up-to-date: /home/ros25/ROS/ROS_25/colcon_ws/install/turtlebot3_gazebo/share/turtlebot3_gazebo//models/turtlebot3_autorace_2020/traffic_bar/materials/scripts/traffic_bar.material
[3.017s] -- Up-to-date: /home/ros25/ROS/ROS_25/colcon_ws/install/turtlebot3_gazebo/share/turtlebot3_gazebo//models/turtlebot3_autorace_2020/traffic_bar/model.sdf
[3.017s] -- Up-to-date: /home/ros25/ROS/ROS_25/colcon_ws/install/turtlebot3_gazebo/share/turtlebot3_gazebo//models/turtlebot3_autorace_2020/traffic_left
[3.017s] -- Up-to-date: /home/ros25/ROS/ROS_25/colcon_ws/install/turtlebot3_gazebo/share/turtlebot3_gazebo//models/turtlebot3_autorace_2020/traffic_left/model.config
[3.017s] -- Up-to-date: /home/ros25/ROS/ROS_25/colcon_ws/install/turtlebot3_gazebo/share/turtlebot3_gazebo//models/turtlebot3_autorace_2020/traffic_left/materials
[3.017s] -- Up-to-date: /home/ros25/ROS/ROS_25/colcon_ws/install/turtlebot3_gazebo/share/turtlebot3_gazebo//models/turtlebot3_autorace_2020/traffic_left/materials/textures
[3.017s] -- Up-to-date: /home/ros25/ROS/ROS_25/colcon_ws/install/turtlebot3_gazebo/share/turtlebot3_gazebo//models/turtlebot3_autorace_2020/traffic_left/materials/textures/traffic_left.png
[3.017s] -- Up-to-date: /home/ros25/ROS/ROS_25/colcon_ws/install/turtlebot3_gazebo/share/turtlebot3_gazebo//models/turtlebot3_autorace_2020/traffic_left/materials/scripts
[3.021s] -- Up-to-date: /home/ros25/ROS/ROS_25/colcon_ws/install/turtlebot3_gazebo/share/turtlebot3_gazebo//models/turtlebot3_autorace_2020/traffic_left/materials/scripts/traffic_is_left.material
[3.023s] -- Up-to-date: /home/ros25/ROS/ROS_25/colcon_ws/install/turtlebot3_gazebo/share/turtlebot3_gazebo//models/turtlebot3_autorace_2020/traffic_left/model.sdf
[3.023s] -- Up-to-date: /home/ros25/ROS/ROS_25/colcon_ws/install/turtlebot3_gazebo/share/turtlebot3_gazebo//models/turtlebot3_autorace_2020/traffic_pl_left
[3.023s] -- Up-to-date: /home/ros25/ROS/ROS_25/colcon_ws/install/turtlebot3_gazebo/share/turtlebot3_gazebo//models/turtlebot3_autorace_2020/traffic_pl_left/model.config
[3.026s] -- Up-to-date: /home/ros25/ROS/ROS_25/colcon_ws/install/turtlebot3_gazebo/share/turtlebot3_gazebo//models/turtlebot3_autorace_2020/traffic_pl_left/materials
[3.026s] -- Up-to-date: /home/ros25/ROS/ROS_25/colcon_ws/install/turtlebot3_gazebo/share/turtlebot3_gazebo//models/turtlebot3_autorace_2020/traffic_pl_left/materials/textures
[3.027s] -- Up-to-date: /home/ros25/ROS/ROS_25/colcon_ws/install/turtlebot3_gazebo/share/turtlebot3_gazebo//models/turtlebot3_autorace_2020/traffic_pl_left/materials/textures/traffic_pl_left.png
[3.029s] -- Up-to-date: /home/ros25/ROS/ROS_25/colcon_ws/install/turtlebot3_gazebo/share/turtlebot3_gazebo//models/turtlebot3_autorace_2020/traffic_pl_left/materials/scripts
[3.029s] -- Up-to-date: /home/ros25/ROS/ROS_25/colcon_ws/install/turtlebot3_gazebo/share/turtlebot3_gazebo//models/turtlebot3_autorace_2020/traffic_pl_left/materials/scripts/traffic_pl_left.material
[3.029s] -- Up-to-date: /home/ros25/ROS/ROS_25/colcon_ws/install/turtlebot3_gazebo/share/turtlebot3_gazebo//models/turtlebot3_autorace_2020/traffic_pl_left/model.sdf
[3.029s] -- Up-to-date: /home/ros25/ROS/ROS_25/colcon_ws/install/turtlebot3_gazebo/share/turtlebot3_gazebo//models/turtlebot3_autorace_2020/traffic_tunnel
[3.029s] -- Up-to-date: /home/ros25/ROS/ROS_25/colcon_ws/install/turtlebot3_gazebo/share/turtlebot3_gazebo//models/turtlebot3_autorace_2020/traffic_tunnel/model.config
[3.030s] -- Up-to-date: /home/ros25/ROS/ROS_25/colcon_ws/install/turtlebot3_gazebo/share/turtlebot3_gazebo//models/turtlebot3_autorace_2020/traffic_tunnel/materials
[3.030s] -- Up-to-date: /home/ros25/ROS/ROS_25/colcon_ws/install/turtlebot3_gazebo/share/turtlebot3_gazebo//models/turtlebot3_autorace_2020/traffic_tunnel/materials/textures
[3.030s] -- Up-to-date: /home/ros25/ROS/ROS_25/colcon_ws/install/turtlebot3_gazebo/share/turtlebot3_gazebo//models/turtlebot3_autorace_2020/traffic_tunnel/materials/textures/tunnel.png
[3.030s] -- Up-to-date: /home/ros25/ROS/ROS_25/colcon_ws/install/turtlebot3_gazebo/share/turtlebot3_gazebo//models/turtlebot3_autorace_2020/traffic_tunnel/materials/scripts
[3.030s] -- Up-to-date: /home/ros25/ROS/ROS_25/colcon_ws/install/turtlebot3_gazebo/share/turtlebot3_gazebo//models/turtlebot3_autorace_2020/traffic_tunnel/materials/scripts/tunnel.material
[3.030s] -- Up-to-date: /home/ros25/ROS/ROS_25/colcon_ws/install/turtlebot3_gazebo/share/turtlebot3_gazebo//models/turtlebot3_autorace_2020/traffic_tunnel/model.sdf
[3.030s] -- Up-to-date: /home/ros25/ROS/ROS_25/colcon_ws/install/turtlebot3_gazebo/share/turtlebot3_gazebo//models/turtlebot3_autorace_2020/traffic_intersection
[3.030s] -- Up-to-date: /home/ros25/ROS/ROS_25/colcon_ws/install/turtlebot3_gazebo/share/turtlebot3_gazebo//models/turtlebot3_autorace_2020/traffic_intersection/model.config
[3.033s] -- Up-to-date: /home/ros25/ROS/ROS_25/colcon_ws/install/turtlebot3_gazebo/share/turtlebot3_gazebo//models/turtlebot3_autorace_2020/traffic_intersection/materials
[3.035s] -- Up-to-date: /home/ros25/ROS/ROS_25/colcon_ws/install/turtlebot3_gazebo/share/turtlebot3_gazebo//models/turtlebot3_autorace_2020/traffic_intersection/materials/textures
[3.035s] -- Up-to-date: /home/ros25/ROS/ROS_25/colcon_ws/install/turtlebot3_gazebo/share/turtlebot3_gazebo//models/turtlebot3_autorace_2020/traffic_intersection/materials/textures/traffic_intersection.png
[3.035s] -- Up-to-date: /home/ros25/ROS/ROS_25/colcon_ws/install/turtlebot3_gazebo/share/turtlebot3_gazebo//models/turtlebot3_autorace_2020/traffic_intersection/materials/scripts
[3.036s] -- Up-to-date: /home/ros25/ROS/ROS_25/colcon_ws/install/turtlebot3_gazebo/share/turtlebot3_gazebo//models/turtlebot3_autorace_2020/traffic_intersection/materials/scripts/traffic_intersection.material
[3.036s] -- Up-to-date: /home/ros25/ROS/ROS_25/colcon_ws/install/turtlebot3_gazebo/share/turtlebot3_gazebo//models/turtlebot3_autorace_2020/traffic_intersection/model.sdf
[3.036s] -- Up-to-date: /home/ros25/ROS/ROS_25/colcon_ws/install/turtlebot3_gazebo/share/turtlebot3_gazebo//models/turtlebot3_autorace_2020/course
[3.036s] -- Up-to-date: /home/ros25/ROS/ROS_25/colcon_ws/install/turtlebot3_gazebo/share/turtlebot3_gazebo//models/turtlebot3_autorace_2020/course/model.config
[3.036s] -- Up-to-date: /home/ros25/ROS/ROS_25/colcon_ws/install/turtlebot3_gazebo/share/turtlebot3_gazebo//models/turtlebot3_autorace_2020/course/materials
[3.036s] -- Up-to-date: /home/ros25/ROS/ROS_25/colcon_ws/install/turtlebot3_gazebo/share/turtlebot3_gazebo//models/turtlebot3_autorace_2020/course/materials/textures
[3.036s] -- Up-to-date: /home/ros25/ROS/ROS_25/colcon_ws/install/turtlebot3_gazebo/share/turtlebot3_gazebo//models/turtlebot3_autorace_2020/course/materials/textures/course.png
[3.036s] -- Up-to-date: /home/ros25/ROS/ROS_25/colcon_ws/install/turtlebot3_gazebo/share/turtlebot3_gazebo//models/turtlebot3_autorace_2020/course/materials/scripts
[3.039s] -- Up-to-date: /home/ros25/ROS/ROS_25/colcon_ws/install/turtlebot3_gazebo/share/turtlebot3_gazebo//models/turtlebot3_autorace_2020/course/materials/scripts/course.material
[3.039s] -- Up-to-date: /home/ros25/ROS/ROS_25/colcon_ws/install/turtlebot3_gazebo/share/turtlebot3_gazebo//models/turtlebot3_autorace_2020/course/model.sdf
[3.039s] -- Up-to-date: /home/ros25/ROS/ROS_25/colcon_ws/install/turtlebot3_gazebo/share/turtlebot3_gazebo//models/turtlebot3_autorace_2020/traffic_parking
[3.039s] -- Up-to-date: /home/ros25/ROS/ROS_25/colcon_ws/install/turtlebot3_gazebo/share/turtlebot3_gazebo//models/turtlebot3_autorace_2020/traffic_parking/model.config
[3.039s] -- Up-to-date: /home/ros25/ROS/ROS_25/colcon_ws/install/turtlebot3_gazebo/share/turtlebot3_gazebo//models/turtlebot3_autorace_2020/traffic_parking/materials
[3.040s] -- Up-to-date: /home/ros25/ROS/ROS_25/colcon_ws/install/turtlebot3_gazebo/share/turtlebot3_gazebo//models/turtlebot3_autorace_2020/traffic_parking/materials/textures
[3.040s] -- Up-to-date: /home/ros25/ROS/ROS_25/colcon_ws/install/turtlebot3_gazebo/share/turtlebot3_gazebo//models/turtlebot3_autorace_2020/traffic_parking/materials/textures/traffic_parking.png
[3.040s] -- Up-to-date: /home/ros25/ROS/ROS_25/colcon_ws/install/turtlebot3_gazebo/share/turtlebot3_gazebo//models/turtlebot3_autorace_2020/traffic_parking/materials/scripts
[3.040s] -- Up-to-date: /home/ros25/ROS/ROS_25/colcon_ws/install/turtlebot3_gazebo/share/turtlebot3_gazebo//models/turtlebot3_autorace_2020/traffic_parking/materials/scripts/traffic_parking.material
[3.040s] -- Up-to-date: /home/ros25/ROS/ROS_25/colcon_ws/install/turtlebot3_gazebo/share/turtlebot3_gazebo//models/turtlebot3_autorace_2020/traffic_parking/model.sdf
[3.040s] -- Up-to-date: /home/ros25/ROS/ROS_25/colcon_ws/install/turtlebot3_gazebo/share/turtlebot3_gazebo//models/turtlebot3_autorace_2020/checker
[3.040s] -- Up-to-date: /home/ros25/ROS/ROS_25/colcon_ws/install/turtlebot3_gazebo/share/turtlebot3_gazebo//models/turtlebot3_autorace_2020/checker/model.config
[3.040s] -- Up-to-date: /home/ros25/ROS/ROS_25/colcon_ws/install/turtlebot3_gazebo/share/turtlebot3_gazebo//models/turtlebot3_autorace_2020/checker/materials
[3.040s] -- Up-to-date: /home/ros25/ROS/ROS_25/colcon_ws/install/turtlebot3_gazebo/share/turtlebot3_gazebo//models/turtlebot3_autorace_2020/checker/materials/textures
[3.041s] -- Up-to-date: /home/ros25/ROS/ROS_25/colcon_ws/install/turtlebot3_gazebo/share/turtlebot3_gazebo//models/turtlebot3_autorace_2020/checker/materials/textures/checker.png
[3.041s] -- Up-to-date: /home/ros25/ROS/ROS_25/colcon_ws/install/turtlebot3_gazebo/share/turtlebot3_gazebo//models/turtlebot3_autorace_2020/checker/materials/scripts
[3.041s] -- Up-to-date: /home/ros25/ROS/ROS_25/colcon_ws/install/turtlebot3_gazebo/share/turtlebot3_gazebo//models/turtlebot3_autorace_2020/checker/materials/scripts/checker.material
[3.041s] -- Up-to-date: /home/ros25/ROS/ROS_25/colcon_ws/install/turtlebot3_gazebo/share/turtlebot3_gazebo//models/turtlebot3_autorace_2020/checker/materials/checker.png
[3.041s] -- Up-to-date: /home/ros25/ROS/ROS_25/colcon_ws/install/turtlebot3_gazebo/share/turtlebot3_gazebo//models/turtlebot3_autorace_2020/checker/model.sdf
[3.041s] -- Up-to-date: /home/ros25/ROS/ROS_25/colcon_ws/install/turtlebot3_gazebo/share/turtlebot3_gazebo//models/turtlebot3_autorace_2020/traffic_right
[3.041s] -- Up-to-date: /home/ros25/ROS/ROS_25/colcon_ws/install/turtlebot3_gazebo/share/turtlebot3_gazebo//models/turtlebot3_autorace_2020/traffic_right/model.config
[3.042s] -- Up-to-date: /home/ros25/ROS/ROS_25/colcon_ws/install/turtlebot3_gazebo/share/turtlebot3_gazebo//models/turtlebot3_autorace_2020/traffic_right/materials
[3.042s] -- Up-to-date: /home/ros25/ROS/ROS_25/colcon_ws/install/turtlebot3_gazebo/share/turtlebot3_gazebo//models/turtlebot3_autorace_2020/traffic_right/materials/textures
[3.042s] -- Up-to-date: /home/ros25/ROS/ROS_25/colcon_ws/install/turtlebot3_gazebo/share/turtlebot3_gazebo//models/turtlebot3_autorace_2020/traffic_right/materials/textures/traffic_right.png
[3.047s] -- Up-to-date: /home/ros25/ROS/ROS_25/colcon_ws/install/turtlebot3_gazebo/share/turtlebot3_gazebo//models/turtlebot3_autorace_2020/traffic_right/materials/scripts
[3.047s] -- Up-to-date: /home/ros25/ROS/ROS_25/colcon_ws/install/turtlebot3_gazebo/share/turtlebot3_gazebo//models/turtlebot3_autorace_2020/traffic_right/materials/scripts/traffic_right.material
[3.047s] -- Up-to-date: /home/ros25/ROS/ROS_25/colcon_ws/install/turtlebot3_gazebo/share/turtlebot3_gazebo//models/turtlebot3_autorace_2020/traffic_right/model.sdf
[3.047s] -- Up-to-date: /home/ros25/ROS/ROS_25/colcon_ws/install/turtlebot3_gazebo/share/turtlebot3_gazebo//models/turtlebot3_autorace_2020/traffic_light
[3.047s] -- Up-to-date: /home/ros25/ROS/ROS_25/colcon_ws/install/turtlebot3_gazebo/share/turtlebot3_gazebo//models/turtlebot3_autorace_2020/traffic_light/model.config
[3.047s] -- Up-to-date: /home/ros25/ROS/ROS_25/colcon_ws/install/turtlebot3_gazebo/share/turtlebot3_gazebo//models/turtlebot3_autorace_2020/traffic_light/materials
[3.049s] -- Up-to-date: /home/ros25/ROS/ROS_25/colcon_ws/install/turtlebot3_gazebo/share/turtlebot3_gazebo//models/turtlebot3_autorace_2020/traffic_light/materials/textures
[3.049s] -- Up-to-date: /home/ros25/ROS/ROS_25/colcon_ws/install/turtlebot3_gazebo/share/turtlebot3_gazebo//models/turtlebot3_autorace_2020/traffic_light/materials/textures/traffic_light_red.png
[3.049s] -- Up-to-date: /home/ros25/ROS/ROS_25/colcon_ws/install/turtlebot3_gazebo/share/turtlebot3_gazebo//models/turtlebot3_autorace_2020/traffic_light/materials/textures/traffic_light_yellow.png
[3.049s] -- Up-to-date: /home/ros25/ROS/ROS_25/colcon_ws/install/turtlebot3_gazebo/share/turtlebot3_gazebo//models/turtlebot3_autorace_2020/traffic_light/materials/textures/traffic_light_green.png
[3.049s] -- Up-to-date: /home/ros25/ROS/ROS_25/colcon_ws/install/turtlebot3_gazebo/share/turtlebot3_gazebo//models/turtlebot3_autorace_2020/traffic_light/materials/textures/traffic_light.png
[3.050s] -- Up-to-date: /home/ros25/ROS/ROS_25/colcon_ws/install/turtlebot3_gazebo/share/turtlebot3_gazebo//models/turtlebot3_autorace_2020/traffic_light/materials/scripts
[3.056s] -- Up-to-date: /home/ros25/ROS/ROS_25/colcon_ws/install/turtlebot3_gazebo/share/turtlebot3_gazebo//models/turtlebot3_autorace_2020/traffic_light/materials/scripts/traffic_light.material
[3.056s] -- Up-to-date: /home/ros25/ROS/ROS_25/colcon_ws/install/turtlebot3_gazebo/share/turtlebot3_gazebo//models/turtlebot3_autorace_2020/traffic_light/model.sdf
[3.056s] -- Up-to-date: /home/ros25/ROS/ROS_25/colcon_ws/install/turtlebot3_gazebo/share/turtlebot3_gazebo//models/turtlebot3_autorace_2020/traffic_construction
[3.057s] -- Up-to-date: /home/ros25/ROS/ROS_25/colcon_ws/install/turtlebot3_gazebo/share/turtlebot3_gazebo//models/turtlebot3_autorace_2020/traffic_construction/model.config
[3.058s] -- Up-to-date: /home/ros25/ROS/ROS_25/colcon_ws/install/turtlebot3_gazebo/share/turtlebot3_gazebo//models/turtlebot3_autorace_2020/traffic_construction/materials
[3.058s] -- Up-to-date: /home/ros25/ROS/ROS_25/colcon_ws/install/turtlebot3_gazebo/share/turtlebot3_gazebo//models/turtlebot3_autorace_2020/traffic_construction/materials/textures
[3.058s] -- Up-to-date: /home/ros25/ROS/ROS_25/colcon_ws/install/turtlebot3_gazebo/share/turtlebot3_gazebo//models/turtlebot3_autorace_2020/traffic_construction/materials/textures/traffic_construction.png
[3.058s] -- Up-to-date: /home/ros25/ROS/ROS_25/colcon_ws/install/turtlebot3_gazebo/share/turtlebot3_gazebo//models/turtlebot3_autorace_2020/traffic_construction/materials/scripts
[3.058s] -- Up-to-date: /home/ros25/ROS/ROS_25/colcon_ws/install/turtlebot3_gazebo/share/turtlebot3_gazebo//models/turtlebot3_autorace_2020/traffic_construction/materials/scripts/traffic_construction.material
[3.058s] -- Up-to-date: /home/ros25/ROS/ROS_25/colcon_ws/install/turtlebot3_gazebo/share/turtlebot3_gazebo//models/turtlebot3_autorace_2020/traffic_construction/model.sdf
[3.058s] -- Up-to-date: /home/ros25/ROS/ROS_25/colcon_ws/install/turtlebot3_gazebo/share/turtlebot3_gazebo//models/turtlebot3_autorace_2020/traffic_noentry
[3.062s] -- Up-to-date: /home/ros25/ROS/ROS_25/colcon_ws/install/turtlebot3_gazebo/share/turtlebot3_gazebo//models/turtlebot3_autorace_2020/traffic_noentry/model.config
[3.062s] -- Up-to-date: /home/ros25/ROS/ROS_25/colcon_ws/install/turtlebot3_gazebo/share/turtlebot3_gazebo//models/turtlebot3_autorace_2020/traffic_noentry/materials
[3.062s] -- Up-to-date: /home/ros25/ROS/ROS_25/colcon_ws/install/turtlebot3_gazebo/share/turtlebot3_gazebo//models/turtlebot3_autorace_2020/traffic_noentry/materials/textures
[3.062s] -- Up-to-date: /home/ros25/ROS/ROS_25/colcon_ws/install/turtlebot3_gazebo/share/turtlebot3_gazebo//models/turtlebot3_autorace_2020/traffic_noentry/materials/textures/traffic_noentry.png
[3.063s] -- Up-to-date: /home/ros25/ROS/ROS_25/colcon_ws/install/turtlebot3_gazebo/share/turtlebot3_gazebo//models/turtlebot3_autorace_2020/traffic_noentry/materials/scripts
[3.063s] -- Up-to-date: /home/ros25/ROS/ROS_25/colcon_ws/install/turtlebot3_gazebo/share/turtlebot3_gazebo//models/turtlebot3_autorace_2020/traffic_noentry/materials/scripts/traffic_noentry.material
[3.064s] -- Up-to-date: /home/ros25/ROS/ROS_25/colcon_ws/install/turtlebot3_gazebo/share/turtlebot3_gazebo//models/turtlebot3_autorace_2020/traffic_noentry/model.sdf
[3.064s] -- Up-to-date: /home/ros25/ROS/ROS_25/colcon_ws/install/turtlebot3_gazebo/share/turtlebot3_gazebo//models/turtlebot3_autorace_2020/traffic_stop
[3.064s] -- Up-to-date: /home/ros25/ROS/ROS_25/colcon_ws/install/turtlebot3_gazebo/share/turtlebot3_gazebo//models/turtlebot3_autorace_2020/traffic_stop/model.config
[3.064s] -- Up-to-date: /home/ros25/ROS/ROS_25/colcon_ws/install/turtlebot3_gazebo/share/turtlebot3_gazebo//models/turtlebot3_autorace_2020/traffic_stop/materials
[3.064s] -- Up-to-date: /home/ros25/ROS/ROS_25/colcon_ws/install/turtlebot3_gazebo/share/turtlebot3_gazebo//models/turtlebot3_autorace_2020/traffic_stop/materials/textures
[3.064s] -- Up-to-date: /home/ros25/ROS/ROS_25/colcon_ws/install/turtlebot3_gazebo/share/turtlebot3_gazebo//models/turtlebot3_autorace_2020/traffic_stop/materials/textures/traffic_stop.png
[3.067s] -- Up-to-date: /home/ros25/ROS/ROS_25/colcon_ws/install/turtlebot3_gazebo/share/turtlebot3_gazebo//models/turtlebot3_autorace_2020/traffic_stop/materials/scripts
[3.067s] -- Up-to-date: /home/ros25/ROS/ROS_25/colcon_ws/install/turtlebot3_gazebo/share/turtlebot3_gazebo//models/turtlebot3_autorace_2020/traffic_stop/materials/scripts/traffic_stop.material
[3.068s] -- Up-to-date: /home/ros25/ROS/ROS_25/colcon_ws/install/turtlebot3_gazebo/share/turtlebot3_gazebo//models/turtlebot3_autorace_2020/traffic_stop/model.sdf
[3.068s] -- Up-to-date: /home/ros25/ROS/ROS_25/colcon_ws/install/turtlebot3_gazebo/share/turtlebot3_gazebo//models/turtlebot3_world
[3.068s] -- Up-to-date: /home/ros25/ROS/ROS_25/colcon_ws/install/turtlebot3_gazebo/share/turtlebot3_gazebo//models/turtlebot3_world/model-1_4.sdf
[3.068s] -- Up-to-date: /home/ros25/ROS/ROS_25/colcon_ws/install/turtlebot3_gazebo/share/turtlebot3_gazebo//models/turtlebot3_world/model.config
[3.068s] -- Up-to-date: /home/ros25/ROS/ROS_25/colcon_ws/install/turtlebot3_gazebo/share/turtlebot3_gazebo//models/turtlebot3_world/meshes
[3.069s] -- Up-to-date: /home/ros25/ROS/ROS_25/colcon_ws/install/turtlebot3_gazebo/share/turtlebot3_gazebo//models/turtlebot3_world/meshes/hexagon.dae
[3.069s] -- Up-to-date: /home/ros25/ROS/ROS_25/colcon_ws/install/turtlebot3_gazebo/share/turtlebot3_gazebo//models/turtlebot3_world/meshes/wall.dae
[3.069s] -- Up-to-date: /home/ros25/ROS/ROS_25/colcon_ws/install/turtlebot3_gazebo/share/turtlebot3_gazebo//models/turtlebot3_world/model.sdf
[3.069s] -- Up-to-date: /home/ros25/ROS/ROS_25/colcon_ws/install/turtlebot3_gazebo/share/turtlebot3_gazebo//rviz
[3.069s] -- Up-to-date: /home/ros25/ROS/ROS_25/colcon_ws/install/turtlebot3_gazebo/share/turtlebot3_gazebo//rviz/tb3_gazebo.rviz
[3.069s] -- Up-to-date: /home/ros25/ROS/ROS_25/colcon_ws/install/turtlebot3_gazebo/share/turtlebot3_gazebo//urdf
[3.069s] -- Up-to-date: /home/ros25/ROS/ROS_25/colcon_ws/install/turtlebot3_gazebo/share/turtlebot3_gazebo//urdf/turtlebot3_burger.urdf
[3.069s] -- Up-to-date: /home/ros25/ROS/ROS_25/colcon_ws/install/turtlebot3_gazebo/share/turtlebot3_gazebo//urdf/turtlebot3_waffle.urdf
[3.069s] -- Up-to-date: /home/ros25/ROS/ROS_25/colcon_ws/install/turtlebot3_gazebo/share/turtlebot3_gazebo//urdf/turtlebot3_waffle_pi.urdf
[3.069s] -- Up-to-date: /home/ros25/ROS/ROS_25/colcon_ws/install/turtlebot3_gazebo/share/turtlebot3_gazebo//urdf/common_properties.urdf
[3.071s] -- Up-to-date: /home/ros25/ROS/ROS_25/colcon_ws/install/turtlebot3_gazebo/share/turtlebot3_gazebo//urdf/turtlebot3_burger_cam.urdf
[3.072s] -- Up-to-date: /home/ros25/ROS/ROS_25/colcon_ws/install/turtlebot3_gazebo/share/turtlebot3_gazebo//worlds
[3.073s] -- Up-to-date: /home/ros25/ROS/ROS_25/colcon_ws/install/turtlebot3_gazebo/share/turtlebot3_gazebo//worlds/turtlebot3_dqn_stage4.world
[3.073s] -- Up-to-date: /home/ros25/ROS/ROS_25/colcon_ws/install/turtlebot3_gazebo/share/turtlebot3_gazebo//worlds/turtlebot3_dqn_stage2.world
[3.074s] -- Up-to-date: /home/ros25/ROS/ROS_25/colcon_ws/install/turtlebot3_gazebo/share/turtlebot3_gazebo//worlds/turtlebot3_dqn_stage1.world
[3.074s] -- Up-to-date: /home/ros25/ROS/ROS_25/colcon_ws/install/turtlebot3_gazebo/share/turtlebot3_gazebo//worlds/turtlebot3_dqn_stage3.world
[3.074s] -- Up-to-date: /home/ros25/ROS/ROS_25/colcon_ws/install/turtlebot3_gazebo/share/turtlebot3_gazebo//worlds/empty_world.world
[3.074s] -- Up-to-date: /home/ros25/ROS/ROS_25/colcon_ws/install/turtlebot3_gazebo/share/turtlebot3_gazebo//worlds/turtlebot3_autorace_2020.world
[3.077s] -- Up-to-date: /home/ros25/ROS/ROS_25/colcon_ws/install/turtlebot3_gazebo/share/turtlebot3_gazebo//worlds/turtlebot3_world.world
[3.078s] -- Up-to-date: /home/ros25/ROS/ROS_25/colcon_ws/install/turtlebot3_gazebo/share/turtlebot3_gazebo//worlds/turtlebot3_house.world
[3.078s] -- Up-to-date: /home/ros25/ROS/ROS_25/colcon_ws/install/turtlebot3_gazebo/include/
[3.078s] -- Up-to-date: /home/ros25/ROS/ROS_25/colcon_ws/install/turtlebot3_gazebo/include//turtlebot3_gazebo
[3.078s] -- Up-to-date: /home/ros25/ROS/ROS_25/colcon_ws/install/turtlebot3_gazebo/include//turtlebot3_gazebo/traffic_light_plugin.hpp
[3.082s] -- Up-to-date: /home/ros25/ROS/ROS_25/colcon_ws/install/turtlebot3_gazebo/include//turtlebot3_gazebo/turtlebot3_drive.hpp
[3.082s] -- Up-to-date: /home/ros25/ROS/ROS_25/colcon_ws/install/turtlebot3_gazebo/include//turtlebot3_gazebo/obstacle1.hpp
[3.083s] -- Up-to-date: /home/ros25/ROS/ROS_25/colcon_ws/install/turtlebot3_gazebo/include//turtlebot3_gazebo/obstacles.hpp
[3.085s] -- Up-to-date: /home/ros25/ROS/ROS_25/colcon_ws/install/turtlebot3_gazebo/include//turtlebot3_gazebo/traffic_bar_plugin.hpp
[3.085s] -- Up-to-date: /home/ros25/ROS/ROS_25/colcon_ws/install/turtlebot3_gazebo/include//turtlebot3_gazebo/obstacle2.hpp
[3.085s] -- Up-to-date: /home/ros25/ROS/ROS_25/colcon_ws/install/turtlebot3_gazebo/share/ament_index/resource_index/package_run_dependencies/turtlebot3_gazebo
[3.085s] -- Up-to-date: /home/ros25/ROS/ROS_25/colcon_ws/install/turtlebot3_gazebo/share/ament_index/resource_index/parent_prefix_path/turtlebot3_gazebo
[3.085s] -- Up-to-date: /home/ros25/ROS/ROS_25/colcon_ws/install/turtlebot3_gazebo/share/turtlebot3_gazebo/environment/ament_prefix_path.sh
[3.085s] -- Up-to-date: /home/ros25/ROS/ROS_25/colcon_ws/install/turtlebot3_gazebo/share/turtlebot3_gazebo/environment/ament_prefix_path.dsv
[3.086s] -- Up-to-date: /home/ros25/ROS/ROS_25/colcon_ws/install/turtlebot3_gazebo/share/turtlebot3_gazebo/environment/path.sh
[3.086s] -- Up-to-date: /home/ros25/ROS/ROS_25/colcon_ws/install/turtlebot3_gazebo/share/turtlebot3_gazebo/environment/path.dsv
[3.086s] -- Up-to-date: /home/ros25/ROS/ROS_25/colcon_ws/install/turtlebot3_gazebo/share/turtlebot3_gazebo/local_setup.bash
[3.087s] -- Up-to-date: /home/ros25/ROS/ROS_25/colcon_ws/install/turtlebot3_gazebo/share/turtlebot3_gazebo/local_setup.sh
[3.087s] -- Up-to-date: /home/ros25/ROS/ROS_25/colcon_ws/install/turtlebot3_gazebo/share/turtlebot3_gazebo/local_setup.zsh
[3.087s] -- Up-to-date: /home/ros25/ROS/ROS_25/colcon_ws/install/turtlebot3_gazebo/share/turtlebot3_gazebo/local_setup.dsv
[3.087s] -- Installing: /home/ros25/ROS/ROS_25/colcon_ws/install/turtlebot3_gazebo/share/turtlebot3_gazebo/package.dsv
[3.087s] -- Up-to-date: /home/ros25/ROS/ROS_25/colcon_ws/install/turtlebot3_gazebo/share/ament_index/resource_index/packages/turtlebot3_gazebo
[3.087s] -- Up-to-date: /home/ros25/ROS/ROS_25/colcon_ws/install/turtlebot3_gazebo/share/turtlebot3_gazebo/cmake/ament_cmake_export_include_directories-extras.cmake
[3.087s] -- Up-to-date: /home/ros25/ROS/ROS_25/colcon_ws/install/turtlebot3_gazebo/share/turtlebot3_gazebo/cmake/ament_cmake_export_dependencies-extras.cmake
[3.087s] -- Up-to-date: /home/ros25/ROS/ROS_25/colcon_ws/install/turtlebot3_gazebo/share/turtlebot3_gazebo/cmake/turtlebot3_gazeboConfig.cmake
[3.087s] -- Up-to-date: /home/ros25/ROS/ROS_25/colcon_ws/install/turtlebot3_gazebo/share/turtlebot3_gazebo/cmake/turtlebot3_gazeboConfig-version.cmake
[3.088s] -- Up-to-date: /home/ros25/ROS/ROS_25/colcon_ws/install/turtlebot3_gazebo/share/turtlebot3_gazebo/package.xml
[3.125s] Invoked command in '/home/ros25/ROS/ROS_25/colcon_ws/build/turtlebot3_gazebo' returned '0': CMAKE_PREFIX_PATH=${CMAKE_PREFIX_PATH}:/home/ros25/ROS/ROS_25/colcon_ws/install/turtlebot3_teleop:/home/ros25/ROS/ROS_25/colcon_ws/install/turtlebot3_example:/home/ros25/ROS/ROS_25/colcon_ws/install/test_node:/opt/ros/humble /usr/bin/cmake --install /home/ros25/ROS/ROS_25/colcon_ws/build/turtlebot3_gazebo
