[0.021s] Invoking command in '/home/ros25/ROS/ROS_25/colcon_ws/build/dynamixel_sdk': CMAKE_PREFIX_PATH=${CMAKE_PREFIX_PATH}:/home/ros25/ROS/ROS_25/colcon_ws/install/turtlebot3_teleop:/home/ros25/ROS/ROS_25/colcon_ws/install/turtlebot3_example:/home/ros25/ROS/ROS_25/colcon_ws/install/turtlebot3_controller:/home/ros25/ROS/ROS_25/colcon_ws/install/test_node:/opt/ros/humble /usr/bin/cmake /home/ros25/ROS/ROS_25/colcon_ws/src/DynamixelSDK/ros/dynamixel_sdk -DCMAKE_INSTALL_PREFIX=/home/ros25/ROS/ROS_25/colcon_ws/install/dynamixel_sdk
[0.589s] -- The C compiler identification is GNU 11.4.0
[1.036s] -- The CXX compiler identification is GNU 11.4.0
[1.069s] -- Detecting C compiler ABI info
[1.375s] -- Detecting C compiler ABI info - done
[1.392s] -- Check for working C compiler: /usr/bin/cc - skipped
[1.392s] -- Detecting C compile features
[1.392s] -- Detecting C compile features - done
[1.398s] -- Detecting CXX compiler ABI info
[1.743s] -- Detecting CXX compiler ABI info - done
[1.771s] -- Check for working CXX compiler: /usr/bin/c++ - skipped
[1.772s] -- Detecting CXX compile features
[1.773s] -- Detecting CXX compile features - done
[1.811s] -- Found ament_cmake: 1.3.11 (/opt/ros/humble/share/ament_cmake/cmake)
[2.264s] -- Found Python3: /usr/bin/python3 (found version "3.10.12") found components: Interpreter 
[3.260s] -- Configuring done
[3.296s] -- Generating done
[3.302s] -- Build files have been written to: /home/ros25/ROS/ROS_25/colcon_ws/build/dynamixel_sdk
[3.324s] Invoked command in '/home/ros25/ROS/ROS_25/colcon_ws/build/dynamixel_sdk' returned '0': CMAKE_PREFIX_PATH=${CMAKE_PREFIX_PATH}:/home/ros25/ROS/ROS_25/colcon_ws/install/turtlebot3_teleop:/home/ros25/ROS/ROS_25/colcon_ws/install/turtlebot3_example:/home/ros25/ROS/ROS_25/colcon_ws/install/turtlebot3_controller:/home/ros25/ROS/ROS_25/colcon_ws/install/test_node:/opt/ros/humble /usr/bin/cmake /home/ros25/ROS/ROS_25/colcon_ws/src/DynamixelSDK/ros/dynamixel_sdk -DCMAKE_INSTALL_PREFIX=/home/ros25/ROS/ROS_25/colcon_ws/install/dynamixel_sdk
[3.325s] Invoking command in '/home/ros25/ROS/ROS_25/colcon_ws/build/dynamixel_sdk': CMAKE_PREFIX_PATH=${CMAKE_PREFIX_PATH}:/home/ros25/ROS/ROS_25/colcon_ws/install/turtlebot3_teleop:/home/ros25/ROS/ROS_25/colcon_ws/install/turtlebot3_example:/home/ros25/ROS/ROS_25/colcon_ws/install/turtlebot3_controller:/home/ros25/ROS/ROS_25/colcon_ws/install/test_node:/opt/ros/humble /usr/bin/cmake --build /home/ros25/ROS/ROS_25/colcon_ws/build/dynamixel_sdk -- -j2 -l2
[3.584s] [  7%] [32mBuilding CXX object CMakeFiles/dynamixel_sdk.dir/src/dynamixel_sdk/packet_handler.cpp.o[0m
[4.046s] [ 15%] [32mBuilding CXX object CMakeFiles/dynamixel_sdk.dir/src/dynamixel_sdk/protocol1_packet_handler.cpp.o[0m
[4.530s] [ 23%] [32mBuilding CXX object CMakeFiles/dynamixel_sdk.dir/src/dynamixel_sdk/protocol2_packet_handler.cpp.o[0m
[5.142s] [ 30%] [32mBuilding CXX object CMakeFiles/dynamixel_sdk.dir/src/dynamixel_sdk/group_sync_read.cpp.o[0m
[6.324s] [ 38%] [32mBuilding CXX object CMakeFiles/dynamixel_sdk.dir/src/dynamixel_sdk/group_sync_write.cpp.o[0m
[7.952s] [ 46%] [32mBuilding CXX object CMakeFiles/dynamixel_sdk.dir/src/dynamixel_sdk/group_bulk_read.cpp.o[0m
[9.847s] [ 53%] [32mBuilding CXX object CMakeFiles/dynamixel_sdk.dir/src/dynamixel_sdk/group_bulk_write.cpp.o[0m
[11.127s] [ 61%] [32mBuilding CXX object CMakeFiles/dynamixel_sdk.dir/src/dynamixel_sdk/group_fast_bulk_read.cpp.o[0m
[12.180s] [ 69%] [32mBuilding CXX object CMakeFiles/dynamixel_sdk.dir/src/dynamixel_sdk/group_fast_sync_read.cpp.o[0m
[13.100s] [ 76%] [32mBuilding CXX object CMakeFiles/dynamixel_sdk.dir/src/dynamixel_sdk/group_handler.cpp.o[0m
[13.573s] [ 84%] [32mBuilding CXX object CMakeFiles/dynamixel_sdk.dir/src/dynamixel_sdk/port_handler.cpp.o[0m
[13.665s] [ 92%] [32mBuilding CXX object CMakeFiles/dynamixel_sdk.dir/src/dynamixel_sdk/port_handler_linux.cpp.o[0m
[13.864s] [100%] [32m[1mLinking CXX shared library libdynamixel_sdk.so[0m
[14.144s] [100%] Built target dynamixel_sdk
[14.265s] [100%] Built target ament_cmake_python_copy_dynamixel_sdk
[14.872s] running egg_info
[14.873s] creating dynamixel_sdk.egg-info
[14.873s] writing dynamixel_sdk.egg-info/PKG-INFO
[14.874s] writing dependency_links to dynamixel_sdk.egg-info/dependency_links.txt
[14.875s] writing top-level names to dynamixel_sdk.egg-info/top_level.txt
[14.877s] writing manifest file 'dynamixel_sdk.egg-info/SOURCES.txt'
[14.880s] reading manifest file 'dynamixel_sdk.egg-info/SOURCES.txt'
[14.882s] writing manifest file 'dynamixel_sdk.egg-info/SOURCES.txt'
[14.954s] [100%] Built target ament_cmake_python_build_dynamixel_sdk_egg
[15.018s] Invoked command in '/home/ros25/ROS/ROS_25/colcon_ws/build/dynamixel_sdk' returned '0': CMAKE_PREFIX_PATH=${CMAKE_PREFIX_PATH}:/home/ros25/ROS/ROS_25/colcon_ws/install/turtlebot3_teleop:/home/ros25/ROS/ROS_25/colcon_ws/install/turtlebot3_example:/home/ros25/ROS/ROS_25/colcon_ws/install/turtlebot3_controller:/home/ros25/ROS/ROS_25/colcon_ws/install/test_node:/opt/ros/humble /usr/bin/cmake --build /home/ros25/ROS/ROS_25/colcon_ws/build/dynamixel_sdk -- -j2 -l2
[15.044s] Invoking command in '/home/ros25/ROS/ROS_25/colcon_ws/build/dynamixel_sdk': CMAKE_PREFIX_PATH=${CMAKE_PREFIX_PATH}:/home/ros25/ROS/ROS_25/colcon_ws/install/turtlebot3_teleop:/home/ros25/ROS/ROS_25/colcon_ws/install/turtlebot3_example:/home/ros25/ROS/ROS_25/colcon_ws/install/turtlebot3_controller:/home/ros25/ROS/ROS_25/colcon_ws/install/test_node:/opt/ros/humble /usr/bin/cmake --install /home/ros25/ROS/ROS_25/colcon_ws/build/dynamixel_sdk
[15.080s] -- Install configuration: ""
[15.081s] -- Installing: /home/ros25/ROS/ROS_25/colcon_ws/install/dynamixel_sdk/include/
[15.081s] -- Installing: /home/ros25/ROS/ROS_25/colcon_ws/install/dynamixel_sdk/include//dynamixel_sdk
[15.082s] -- Installing: /home/ros25/ROS/ROS_25/colcon_ws/install/dynamixel_sdk/include//dynamixel_sdk/port_handler.h
[15.082s] -- Installing: /home/ros25/ROS/ROS_25/colcon_ws/install/dynamixel_sdk/include//dynamixel_sdk/port_handler_windows.h
[15.090s] -- Installing: /home/ros25/ROS/ROS_25/colcon_ws/install/dynamixel_sdk/include//dynamixel_sdk/group_sync_read.h
[15.091s] -- Installing: /home/ros25/ROS/ROS_25/colcon_ws/install/dynamixel_sdk/include//dynamixel_sdk/protocol1_packet_handler.h
[15.092s] -- Installing: /home/ros25/ROS/ROS_25/colcon_ws/install/dynamixel_sdk/include//dynamixel_sdk/group_bulk_read.h
[15.092s] -- Installing: /home/ros25/ROS/ROS_25/colcon_ws/install/dynamixel_sdk/include//dynamixel_sdk/dynamixel_sdk.h
[15.092s] -- Installing: /home/ros25/ROS/ROS_25/colcon_ws/install/dynamixel_sdk/include//dynamixel_sdk/port_handler_linux.h
[15.092s] -- Installing: /home/ros25/ROS/ROS_25/colcon_ws/install/dynamixel_sdk/include//dynamixel_sdk/port_handler_arduino.h
[15.093s] -- Installing: /home/ros25/ROS/ROS_25/colcon_ws/install/dynamixel_sdk/include//dynamixel_sdk/port_handler_mac.h
[15.095s] -- Installing: /home/ros25/ROS/ROS_25/colcon_ws/install/dynamixel_sdk/include//dynamixel_sdk/group_bulk_write.h
[15.096s] -- Installing: /home/ros25/ROS/ROS_25/colcon_ws/install/dynamixel_sdk/include//dynamixel_sdk/group_handler.h
[15.096s] -- Installing: /home/ros25/ROS/ROS_25/colcon_ws/install/dynamixel_sdk/include//dynamixel_sdk/group_fast_bulk_read.h
[15.097s] -- Installing: /home/ros25/ROS/ROS_25/colcon_ws/install/dynamixel_sdk/include//dynamixel_sdk/group_sync_write.h
[15.097s] -- Installing: /home/ros25/ROS/ROS_25/colcon_ws/install/dynamixel_sdk/include//dynamixel_sdk/packet_handler.h
[15.098s] -- Installing: /home/ros25/ROS/ROS_25/colcon_ws/install/dynamixel_sdk/include//dynamixel_sdk/protocol2_packet_handler.h
[15.099s] -- Installing: /home/ros25/ROS/ROS_25/colcon_ws/install/dynamixel_sdk/include//dynamixel_sdk/group_fast_sync_read.h
[15.099s] -- Installing: /home/ros25/ROS/ROS_25/colcon_ws/install/dynamixel_sdk/lib/libdynamixel_sdk.so
[15.100s] -- Installing: /home/ros25/ROS/ROS_25/colcon_ws/install/dynamixel_sdk/share/dynamixel_sdk/environment/pythonpath.sh
[15.101s] -- Installing: /home/ros25/ROS/ROS_25/colcon_ws/install/dynamixel_sdk/share/dynamixel_sdk/environment/pythonpath.dsv
[15.101s] -- Installing: /home/ros25/ROS/ROS_25/colcon_ws/install/dynamixel_sdk/local/lib/python3.10/dist-packages/dynamixel_sdk-3.8.4-py3.10.egg-info
[15.101s] -- Installing: /home/ros25/ROS/ROS_25/colcon_ws/install/dynamixel_sdk/local/lib/python3.10/dist-packages/dynamixel_sdk-3.8.4-py3.10.egg-info/top_level.txt
[15.102s] -- Installing: /home/ros25/ROS/ROS_25/colcon_ws/install/dynamixel_sdk/local/lib/python3.10/dist-packages/dynamixel_sdk-3.8.4-py3.10.egg-info/dependency_links.txt
[15.102s] -- Installing: /home/ros25/ROS/ROS_25/colcon_ws/install/dynamixel_sdk/local/lib/python3.10/dist-packages/dynamixel_sdk-3.8.4-py3.10.egg-info/PKG-INFO
[15.102s] -- Installing: /home/ros25/ROS/ROS_25/colcon_ws/install/dynamixel_sdk/local/lib/python3.10/dist-packages/dynamixel_sdk-3.8.4-py3.10.egg-info/SOURCES.txt
[15.103s] -- Installing: /home/ros25/ROS/ROS_25/colcon_ws/install/dynamixel_sdk/local/lib/python3.10/dist-packages/dynamixel_sdk
[15.103s] -- Installing: /home/ros25/ROS/ROS_25/colcon_ws/install/dynamixel_sdk/local/lib/python3.10/dist-packages/dynamixel_sdk/group_sync_read.py
[15.104s] -- Installing: /home/ros25/ROS/ROS_25/colcon_ws/install/dynamixel_sdk/local/lib/python3.10/dist-packages/dynamixel_sdk/group_bulk_write.cpp
[15.104s] -- Installing: /home/ros25/ROS/ROS_25/colcon_ws/install/dynamixel_sdk/local/lib/python3.10/dist-packages/dynamixel_sdk/port_handler_linux.cpp
[15.104s] -- Installing: /home/ros25/ROS/ROS_25/colcon_ws/install/dynamixel_sdk/local/lib/python3.10/dist-packages/dynamixel_sdk/group_fast_sync_read.cpp
[15.104s] -- Installing: /home/ros25/ROS/ROS_25/colcon_ws/install/dynamixel_sdk/local/lib/python3.10/dist-packages/dynamixel_sdk/packet_handler.cpp
[15.105s] -- Installing: /home/ros25/ROS/ROS_25/colcon_ws/install/dynamixel_sdk/local/lib/python3.10/dist-packages/dynamixel_sdk/group_sync_write.py
[15.105s] -- Installing: /home/ros25/ROS/ROS_25/colcon_ws/install/dynamixel_sdk/local/lib/python3.10/dist-packages/dynamixel_sdk/port_handler.cpp
[15.106s] -- Installing: /home/ros25/ROS/ROS_25/colcon_ws/install/dynamixel_sdk/local/lib/python3.10/dist-packages/dynamixel_sdk/protocol2_packet_handler.cpp
[15.106s] -- Installing: /home/ros25/ROS/ROS_25/colcon_ws/install/dynamixel_sdk/local/lib/python3.10/dist-packages/dynamixel_sdk/protocol2_packet_handler.py
[15.106s] -- Installing: /home/ros25/ROS/ROS_25/colcon_ws/install/dynamixel_sdk/local/lib/python3.10/dist-packages/dynamixel_sdk/port_handler.py
[15.107s] -- Installing: /home/ros25/ROS/ROS_25/colcon_ws/install/dynamixel_sdk/local/lib/python3.10/dist-packages/dynamixel_sdk/group_fast_bulk_read.cpp
[15.107s] -- Installing: /home/ros25/ROS/ROS_25/colcon_ws/install/dynamixel_sdk/local/lib/python3.10/dist-packages/dynamixel_sdk/group_bulk_read.py
[15.107s] -- Installing: /home/ros25/ROS/ROS_25/colcon_ws/install/dynamixel_sdk/local/lib/python3.10/dist-packages/dynamixel_sdk/protocol1_packet_handler.py
[15.108s] -- Installing: /home/ros25/ROS/ROS_25/colcon_ws/install/dynamixel_sdk/local/lib/python3.10/dist-packages/dynamixel_sdk/group_bulk_read.cpp
[15.109s] -- Installing: /home/ros25/ROS/ROS_25/colcon_ws/install/dynamixel_sdk/local/lib/python3.10/dist-packages/dynamixel_sdk/group_sync_write.cpp
[15.109s] -- Installing: /home/ros25/ROS/ROS_25/colcon_ws/install/dynamixel_sdk/local/lib/python3.10/dist-packages/dynamixel_sdk/port_handler_mac.cpp
[15.109s] -- Installing: /home/ros25/ROS/ROS_25/colcon_ws/install/dynamixel_sdk/local/lib/python3.10/dist-packages/dynamixel_sdk/port_handler_windows.cpp
[15.109s] -- Installing: /home/ros25/ROS/ROS_25/colcon_ws/install/dynamixel_sdk/local/lib/python3.10/dist-packages/dynamixel_sdk/group_bulk_write.py
[15.110s] -- Installing: /home/ros25/ROS/ROS_25/colcon_ws/install/dynamixel_sdk/local/lib/python3.10/dist-packages/dynamixel_sdk/group_sync_read.cpp
[15.110s] -- Installing: /home/ros25/ROS/ROS_25/colcon_ws/install/dynamixel_sdk/local/lib/python3.10/dist-packages/dynamixel_sdk/robotis_def.py
[15.110s] -- Installing: /home/ros25/ROS/ROS_25/colcon_ws/install/dynamixel_sdk/local/lib/python3.10/dist-packages/dynamixel_sdk/__init__.py
[15.111s] -- Installing: /home/ros25/ROS/ROS_25/colcon_ws/install/dynamixel_sdk/local/lib/python3.10/dist-packages/dynamixel_sdk/protocol1_packet_handler.cpp
[15.111s] -- Installing: /home/ros25/ROS/ROS_25/colcon_ws/install/dynamixel_sdk/local/lib/python3.10/dist-packages/dynamixel_sdk/group_handler.cpp
[15.112s] -- Installing: /home/ros25/ROS/ROS_25/colcon_ws/install/dynamixel_sdk/local/lib/python3.10/dist-packages/dynamixel_sdk/port_handler_arduino.cpp
[15.112s] -- Installing: /home/ros25/ROS/ROS_25/colcon_ws/install/dynamixel_sdk/local/lib/python3.10/dist-packages/dynamixel_sdk/packet_handler.py
[15.246s] Listing '/home/ros25/ROS/ROS_25/colcon_ws/install/dynamixel_sdk/local/lib/python3.10/dist-packages/dynamixel_sdk'...
[15.246s] Compiling '/home/ros25/ROS/ROS_25/colcon_ws/install/dynamixel_sdk/local/lib/python3.10/dist-packages/dynamixel_sdk/__init__.py'...
[15.246s] Compiling '/home/ros25/ROS/ROS_25/colcon_ws/install/dynamixel_sdk/local/lib/python3.10/dist-packages/dynamixel_sdk/group_bulk_read.py'...
[15.246s] Compiling '/home/ros25/ROS/ROS_25/colcon_ws/install/dynamixel_sdk/local/lib/python3.10/dist-packages/dynamixel_sdk/group_bulk_write.py'...
[15.247s] Compiling '/home/ros25/ROS/ROS_25/colcon_ws/install/dynamixel_sdk/local/lib/python3.10/dist-packages/dynamixel_sdk/group_sync_read.py'...
[15.247s] Compiling '/home/ros25/ROS/ROS_25/colcon_ws/install/dynamixel_sdk/local/lib/python3.10/dist-packages/dynamixel_sdk/group_sync_write.py'...
[15.247s] Compiling '/home/ros25/ROS/ROS_25/colcon_ws/install/dynamixel_sdk/local/lib/python3.10/dist-packages/dynamixel_sdk/packet_handler.py'...
[15.247s] Compiling '/home/ros25/ROS/ROS_25/colcon_ws/install/dynamixel_sdk/local/lib/python3.10/dist-packages/dynamixel_sdk/port_handler.py'...
[15.247s] Compiling '/home/ros25/ROS/ROS_25/colcon_ws/install/dynamixel_sdk/local/lib/python3.10/dist-packages/dynamixel_sdk/protocol1_packet_handler.py'...
[15.247s] Compiling '/home/ros25/ROS/ROS_25/colcon_ws/install/dynamixel_sdk/local/lib/python3.10/dist-packages/dynamixel_sdk/protocol2_packet_handler.py'...
[15.247s] Compiling '/home/ros25/ROS/ROS_25/colcon_ws/install/dynamixel_sdk/local/lib/python3.10/dist-packages/dynamixel_sdk/robotis_def.py'...
[15.265s] -- Installing: /home/ros25/ROS/ROS_25/colcon_ws/install/dynamixel_sdk/share/dynamixel_sdk/environment/library_path.sh
[15.266s] -- Installing: /home/ros25/ROS/ROS_25/colcon_ws/install/dynamixel_sdk/share/dynamixel_sdk/environment/library_path.dsv
[15.266s] -- Installing: /home/ros25/ROS/ROS_25/colcon_ws/install/dynamixel_sdk/share/ament_index/resource_index/package_run_dependencies/dynamixel_sdk
[15.266s] -- Installing: /home/ros25/ROS/ROS_25/colcon_ws/install/dynamixel_sdk/share/ament_index/resource_index/parent_prefix_path/dynamixel_sdk
[15.267s] -- Installing: /home/ros25/ROS/ROS_25/colcon_ws/install/dynamixel_sdk/share/dynamixel_sdk/environment/ament_prefix_path.sh
[15.268s] -- Installing: /home/ros25/ROS/ROS_25/colcon_ws/install/dynamixel_sdk/share/dynamixel_sdk/environment/ament_prefix_path.dsv
[15.268s] -- Installing: /home/ros25/ROS/ROS_25/colcon_ws/install/dynamixel_sdk/share/dynamixel_sdk/environment/path.sh
[15.269s] -- Installing: /home/ros25/ROS/ROS_25/colcon_ws/install/dynamixel_sdk/share/dynamixel_sdk/environment/path.dsv
[15.270s] -- Installing: /home/ros25/ROS/ROS_25/colcon_ws/install/dynamixel_sdk/share/dynamixel_sdk/local_setup.bash
[15.271s] -- Installing: /home/ros25/ROS/ROS_25/colcon_ws/install/dynamixel_sdk/share/dynamixel_sdk/local_setup.sh
[15.272s] -- Installing: /home/ros25/ROS/ROS_25/colcon_ws/install/dynamixel_sdk/share/dynamixel_sdk/local_setup.zsh
[15.273s] -- Installing: /home/ros25/ROS/ROS_25/colcon_ws/install/dynamixel_sdk/share/dynamixel_sdk/local_setup.dsv
[15.274s] -- Installing: /home/ros25/ROS/ROS_25/colcon_ws/install/dynamixel_sdk/share/dynamixel_sdk/package.dsv
[15.274s] -- Installing: /home/ros25/ROS/ROS_25/colcon_ws/install/dynamixel_sdk/share/ament_index/resource_index/packages/dynamixel_sdk
[15.275s] -- Installing: /home/ros25/ROS/ROS_25/colcon_ws/install/dynamixel_sdk/share/dynamixel_sdk/cmake/dynamixel_sdkExport.cmake
[15.276s] -- Installing: /home/ros25/ROS/ROS_25/colcon_ws/install/dynamixel_sdk/share/dynamixel_sdk/cmake/dynamixel_sdkExport-noconfig.cmake
[15.277s] -- Installing: /home/ros25/ROS/ROS_25/colcon_ws/install/dynamixel_sdk/share/dynamixel_sdk/cmake/ament_cmake_export_targets-extras.cmake
[15.277s] -- Installing: /home/ros25/ROS/ROS_25/colcon_ws/install/dynamixel_sdk/share/dynamixel_sdk/cmake/ament_cmake_export_include_directories-extras.cmake
[15.278s] -- Installing: /home/ros25/ROS/ROS_25/colcon_ws/install/dynamixel_sdk/share/dynamixel_sdk/cmake/ament_cmake_export_libraries-extras.cmake
[15.279s] -- Installing: /home/ros25/ROS/ROS_25/colcon_ws/install/dynamixel_sdk/share/dynamixel_sdk/cmake/dynamixel_sdkConfig.cmake
[15.280s] -- Installing: /home/ros25/ROS/ROS_25/colcon_ws/install/dynamixel_sdk/share/dynamixel_sdk/cmake/dynamixel_sdkConfig-version.cmake
[15.280s] -- Installing: /home/ros25/ROS/ROS_25/colcon_ws/install/dynamixel_sdk/share/dynamixel_sdk/package.xml
[15.287s] Invoked command in '/home/ros25/ROS/ROS_25/colcon_ws/build/dynamixel_sdk' returned '0': CMAKE_PREFIX_PATH=${CMAKE_PREFIX_PATH}:/home/ros25/ROS/ROS_25/colcon_ws/install/turtlebot3_teleop:/home/ros25/ROS/ROS_25/colcon_ws/install/turtlebot3_example:/home/ros25/ROS/ROS_25/colcon_ws/install/turtlebot3_controller:/home/ros25/ROS/ROS_25/colcon_ws/install/test_node:/opt/ros/humble /usr/bin/cmake --install /home/ros25/ROS/ROS_25/colcon_ws/build/dynamixel_sdk
