[2.633s] Invoking command in '/home/ros25/ROS/ROS_25/colcon_ws/src/turtlebot3_controller': PYTHONPATH=/home/ros25/ROS/ROS_25/colcon_ws/build/turtlebot3_controller/prefix_override:/usr/lib/python3/dist-packages/colcon_core/task/python/colcon_distutils_commands:/home/ros25/ROS/ROS_25/colcon_ws/install/turtlebot3_controller/lib/python3.10/site-packages:${PYTHONPATH} /usr/bin/python3 -W ignore:setup.py install is deprecated -W ignore:easy_install command is deprecated setup.py egg_info --egg-base ../../build/turtlebot3_controller build --build-base /home/ros25/ROS/ROS_25/colcon_ws/build/turtlebot3_controller/build install --record /home/ros25/ROS/ROS_25/colcon_ws/build/turtlebot3_controller/install.log --single-version-externally-managed install_data
[3.466s] running egg_info
[3.466s] writing ../../build/turtlebot3_controller/turtlebot3_controller.egg-info/PKG-INFO
[3.472s] writing dependency_links to ../../build/turtlebot3_controller/turtlebot3_controller.egg-info/dependency_links.txt
[3.472s] writing entry points to ../../build/turtlebot3_controller/turtlebot3_controller.egg-info/entry_points.txt
[3.472s] writing requirements to ../../build/turtlebot3_controller/turtlebot3_controller.egg-info/requires.txt
[3.473s] writing top-level names to ../../build/turtlebot3_controller/turtlebot3_controller.egg-info/top_level.txt
[3.483s] reading manifest file '../../build/turtlebot3_controller/turtlebot3_controller.egg-info/SOURCES.txt'
[3.491s] writing manifest file '../../build/turtlebot3_controller/turtlebot3_controller.egg-info/SOURCES.txt'
[3.491s] running build
[3.496s] running build_py
[3.496s] running install
[3.499s] running install_lib
[3.507s] running install_data
[3.510s] running install_egg_info
[3.523s] removing '/home/ros25/ROS/ROS_25/colcon_ws/install/turtlebot3_controller/lib/python3.10/site-packages/turtlebot3_controller-0.0.0-py3.10.egg-info' (and everything under it)
[3.535s] Copying ../../build/turtlebot3_controller/turtlebot3_controller.egg-info to /home/ros25/ROS/ROS_25/colcon_ws/install/turtlebot3_controller/lib/python3.10/site-packages/turtlebot3_controller-0.0.0-py3.10.egg-info
[3.536s] running install_scripts
[3.580s] Installing mission_manager script to /home/ros25/ROS/ROS_25/colcon_ws/install/turtlebot3_controller/lib/turtlebot3_controller
[3.585s] Installing navigator script to /home/ros25/ROS/ROS_25/colcon_ws/install/turtlebot3_controller/lib/turtlebot3_controller
[3.586s] Installing obstacle_avoider script to /home/ros25/ROS/ROS_25/colcon_ws/install/turtlebot3_controller/lib/turtlebot3_controller
[3.586s] Installing patrol_manager script to /home/ros25/ROS/ROS_25/colcon_ws/install/turtlebot3_controller/lib/turtlebot3_controller
[3.589s] Installing patrol_waypoints script to /home/ros25/ROS/ROS_25/colcon_ws/install/turtlebot3_controller/lib/turtlebot3_controller
[3.590s] Installing scan_info_printer script to /home/ros25/ROS/ROS_25/colcon_ws/install/turtlebot3_controller/lib/turtlebot3_controller
[3.591s] Installing sensor_listener script to /home/ros25/ROS/ROS_25/colcon_ws/install/turtlebot3_controller/lib/turtlebot3_controller
[3.598s] writing list of installed files to '/home/ros25/ROS/ROS_25/colcon_ws/build/turtlebot3_controller/install.log'
[3.658s] Invoked command in '/home/ros25/ROS/ROS_25/colcon_ws/src/turtlebot3_controller' returned '0': PYTHONPATH=/home/ros25/ROS/ROS_25/colcon_ws/build/turtlebot3_controller/prefix_override:/usr/lib/python3/dist-packages/colcon_core/task/python/colcon_distutils_commands:/home/ros25/ROS/ROS_25/colcon_ws/install/turtlebot3_controller/lib/python3.10/site-packages:${PYTHONPATH} /usr/bin/python3 -W ignore:setup.py install is deprecated -W ignore:easy_install command is deprecated setup.py egg_info --egg-base ../../build/turtlebot3_controller build --build-base /home/ros25/ROS/ROS_25/colcon_ws/build/turtlebot3_controller/build install --record /home/ros25/ROS/ROS_25/colcon_ws/build/turtlebot3_controller/install.log --single-version-externally-managed install_data
