[0.116s] Invoking command in '/home/ros25/ROS/ROS_25/colcon_ws/build/dynamixel_sdk_custom_interfaces': CMAKE_PREFIX_PATH=${CMAKE_PREFIX_PATH}:/home/ros25/ROS/ROS_25/colcon_ws/install/turtlebot3_teleop:/home/ros25/ROS/ROS_25/colcon_ws/install/turtlebot3_example:/home/ros25/ROS/ROS_25/colcon_ws/install/turtlebot3_controller:/home/ros25/ROS/ROS_25/colcon_ws/install/test_node:/opt/ros/humble /usr/bin/cmake --build /home/ros25/ROS/ROS_25/colcon_ws/build/dynamixel_sdk_custom_interfaces -- -j2 -l2
[0.992s] [  2%] Built target dynamixel_sdk_custom_interfaces__cpp
[1.396s] [ 12%] Built target dynamixel_sdk_custom_interfaces__rosidl_generator_c
[1.810s] [ 12%] Built target ament_cmake_python_copy_dynamixel_sdk_custom_interfaces
[2.117s] [ 23%] Built target dynamixel_sdk_custom_interfaces__rosidl_typesupport_cpp
[2.478s] [ 33%] Built target dynamixel_sdk_custom_interfaces__rosidl_typesupport_fastrtps_c
[2.799s] [ 43%] Built target dynamixel_sdk_custom_interfaces__rosidl_typesupport_fastrtps_cpp
[3.085s] [ 53%] Built target dynamixel_sdk_custom_interfaces__rosidl_typesupport_introspection_c
[3.419s] [ 64%] Built target dynamixel_sdk_custom_interfaces__rosidl_typesupport_c
[3.706s] [ 74%] Built target dynamixel_sdk_custom_interfaces__rosidl_typesupport_introspection_cpp
[6.352s] running egg_info
[6.358s] writing dynamixel_sdk_custom_interfaces.egg-info/PKG-INFO
[6.377s] writing dependency_links to dynamixel_sdk_custom_interfaces.egg-info/dependency_links.txt
[6.377s] writing top-level names to dynamixel_sdk_custom_interfaces.egg-info/top_level.txt
[6.397s] reading manifest file 'dynamixel_sdk_custom_interfaces.egg-info/SOURCES.txt'
[6.398s] writing manifest file 'dynamixel_sdk_custom_interfaces.egg-info/SOURCES.txt'
[6.718s] [ 74%] Built target ament_cmake_python_build_dynamixel_sdk_custom_interfaces_egg
[7.014s] [ 74%] Built target dynamixel_sdk_custom_interfaces
[7.428s] [ 76%] Built target dynamixel_sdk_custom_interfaces__py
[7.863s] [ 84%] Built target dynamixel_sdk_custom_interfaces__rosidl_generator_py
[8.200s] [ 89%] Built target dynamixel_sdk_custom_interfaces__rosidl_typesupport_fastrtps_c__pyext
[8.506s] [ 94%] Built target dynamixel_sdk_custom_interfaces__rosidl_typesupport_introspection_c__pyext
[8.848s] [100%] Built target dynamixel_sdk_custom_interfaces__rosidl_typesupport_c__pyext
[9.010s] Invoked command in '/home/ros25/ROS/ROS_25/colcon_ws/build/dynamixel_sdk_custom_interfaces' returned '0': CMAKE_PREFIX_PATH=${CMAKE_PREFIX_PATH}:/home/ros25/ROS/ROS_25/colcon_ws/install/turtlebot3_teleop:/home/ros25/ROS/ROS_25/colcon_ws/install/turtlebot3_example:/home/ros25/ROS/ROS_25/colcon_ws/install/turtlebot3_controller:/home/ros25/ROS/ROS_25/colcon_ws/install/test_node:/opt/ros/humble /usr/bin/cmake --build /home/ros25/ROS/ROS_25/colcon_ws/build/dynamixel_sdk_custom_interfaces -- -j2 -l2
[9.016s] Invoking command in '/home/ros25/ROS/ROS_25/colcon_ws/build/dynamixel_sdk_custom_interfaces': CMAKE_PREFIX_PATH=${CMAKE_PREFIX_PATH}:/home/ros25/ROS/ROS_25/colcon_ws/install/turtlebot3_teleop:/home/ros25/ROS/ROS_25/colcon_ws/install/turtlebot3_example:/home/ros25/ROS/ROS_25/colcon_ws/install/turtlebot3_controller:/home/ros25/ROS/ROS_25/colcon_ws/install/test_node:/opt/ros/humble /usr/bin/cmake --install /home/ros25/ROS/ROS_25/colcon_ws/build/dynamixel_sdk_custom_interfaces
[9.142s] -- Install configuration: ""
[9.143s] -- Up-to-date: /home/ros25/ROS/ROS_25/colcon_ws/install/dynamixel_sdk_custom_interfaces/share/ament_index/resource_index/rosidl_interfaces/dynamixel_sdk_custom_interfaces
[9.148s] -- Up-to-date: /home/ros25/ROS/ROS_25/colcon_ws/install/dynamixel_sdk_custom_interfaces/include/dynamixel_sdk_custom_interfaces/dynamixel_sdk_custom_interfaces
[9.148s] -- Up-to-date: /home/ros25/ROS/ROS_25/colcon_ws/install/dynamixel_sdk_custom_interfaces/include/dynamixel_sdk_custom_interfaces/dynamixel_sdk_custom_interfaces/msg
[9.148s] -- Up-to-date: /home/ros25/ROS/ROS_25/colcon_ws/install/dynamixel_sdk_custom_interfaces/include/dynamixel_sdk_custom_interfaces/dynamixel_sdk_custom_interfaces/msg/set_position.h
[9.148s] -- Up-to-date: /home/ros25/ROS/ROS_25/colcon_ws/install/dynamixel_sdk_custom_interfaces/include/dynamixel_sdk_custom_interfaces/dynamixel_sdk_custom_interfaces/msg/detail
[9.154s] -- Up-to-date: /home/ros25/ROS/ROS_25/colcon_ws/install/dynamixel_sdk_custom_interfaces/include/dynamixel_sdk_custom_interfaces/dynamixel_sdk_custom_interfaces/msg/detail/set_position__functions.h
[9.162s] -- Up-to-date: /home/ros25/ROS/ROS_25/colcon_ws/install/dynamixel_sdk_custom_interfaces/include/dynamixel_sdk_custom_interfaces/dynamixel_sdk_custom_interfaces/msg/detail/set_position__type_support.h
[9.162s] -- Up-to-date: /home/ros25/ROS/ROS_25/colcon_ws/install/dynamixel_sdk_custom_interfaces/include/dynamixel_sdk_custom_interfaces/dynamixel_sdk_custom_interfaces/msg/detail/set_position__struct.h
[9.162s] -- Up-to-date: /home/ros25/ROS/ROS_25/colcon_ws/install/dynamixel_sdk_custom_interfaces/include/dynamixel_sdk_custom_interfaces/dynamixel_sdk_custom_interfaces/msg/detail/set_position__functions.c
[9.170s] -- Up-to-date: /home/ros25/ROS/ROS_25/colcon_ws/install/dynamixel_sdk_custom_interfaces/include/dynamixel_sdk_custom_interfaces/dynamixel_sdk_custom_interfaces/msg/rosidl_generator_c__visibility_control.h
[9.170s] -- Up-to-date: /home/ros25/ROS/ROS_25/colcon_ws/install/dynamixel_sdk_custom_interfaces/include/dynamixel_sdk_custom_interfaces/dynamixel_sdk_custom_interfaces/srv
[9.177s] -- Up-to-date: /home/ros25/ROS/ROS_25/colcon_ws/install/dynamixel_sdk_custom_interfaces/include/dynamixel_sdk_custom_interfaces/dynamixel_sdk_custom_interfaces/srv/detail
[9.177s] -- Up-to-date: /home/ros25/ROS/ROS_25/colcon_ws/install/dynamixel_sdk_custom_interfaces/include/dynamixel_sdk_custom_interfaces/dynamixel_sdk_custom_interfaces/srv/detail/get_position__functions.c
[9.182s] -- Up-to-date: /home/ros25/ROS/ROS_25/colcon_ws/install/dynamixel_sdk_custom_interfaces/include/dynamixel_sdk_custom_interfaces/dynamixel_sdk_custom_interfaces/srv/detail/get_position__struct.h
[9.188s] -- Up-to-date: /home/ros25/ROS/ROS_25/colcon_ws/install/dynamixel_sdk_custom_interfaces/include/dynamixel_sdk_custom_interfaces/dynamixel_sdk_custom_interfaces/srv/detail/get_position__type_support.h
[9.188s] -- Up-to-date: /home/ros25/ROS/ROS_25/colcon_ws/install/dynamixel_sdk_custom_interfaces/include/dynamixel_sdk_custom_interfaces/dynamixel_sdk_custom_interfaces/srv/detail/get_position__functions.h
[9.188s] -- Up-to-date: /home/ros25/ROS/ROS_25/colcon_ws/install/dynamixel_sdk_custom_interfaces/include/dynamixel_sdk_custom_interfaces/dynamixel_sdk_custom_interfaces/srv/get_position.h
[9.188s] -- Up-to-date: /home/ros25/ROS/ROS_25/colcon_ws/install/dynamixel_sdk_custom_interfaces/share/dynamixel_sdk_custom_interfaces/environment/library_path.sh
[9.190s] -- Up-to-date: /home/ros25/ROS/ROS_25/colcon_ws/install/dynamixel_sdk_custom_interfaces/share/dynamixel_sdk_custom_interfaces/environment/library_path.dsv
[9.190s] -- Up-to-date: /home/ros25/ROS/ROS_25/colcon_ws/install/dynamixel_sdk_custom_interfaces/lib/libdynamixel_sdk_custom_interfaces__rosidl_generator_c.so
[9.200s] -- Up-to-date: /home/ros25/ROS/ROS_25/colcon_ws/install/dynamixel_sdk_custom_interfaces/include/dynamixel_sdk_custom_interfaces/dynamixel_sdk_custom_interfaces
[9.205s] -- Up-to-date: /home/ros25/ROS/ROS_25/colcon_ws/install/dynamixel_sdk_custom_interfaces/include/dynamixel_sdk_custom_interfaces/dynamixel_sdk_custom_interfaces/msg
[9.205s] -- Up-to-date: /home/ros25/ROS/ROS_25/colcon_ws/install/dynamixel_sdk_custom_interfaces/include/dynamixel_sdk_custom_interfaces/dynamixel_sdk_custom_interfaces/msg/detail
[9.205s] -- Up-to-date: /home/ros25/ROS/ROS_25/colcon_ws/install/dynamixel_sdk_custom_interfaces/include/dynamixel_sdk_custom_interfaces/dynamixel_sdk_custom_interfaces/msg/detail/set_position__rosidl_typesupport_fastrtps_c.h
[9.218s] -- Up-to-date: /home/ros25/ROS/ROS_25/colcon_ws/install/dynamixel_sdk_custom_interfaces/include/dynamixel_sdk_custom_interfaces/dynamixel_sdk_custom_interfaces/msg/rosidl_typesupport_fastrtps_c__visibility_control.h
[9.218s] -- Up-to-date: /home/ros25/ROS/ROS_25/colcon_ws/install/dynamixel_sdk_custom_interfaces/include/dynamixel_sdk_custom_interfaces/dynamixel_sdk_custom_interfaces/srv
[9.218s] -- Up-to-date: /home/ros25/ROS/ROS_25/colcon_ws/install/dynamixel_sdk_custom_interfaces/include/dynamixel_sdk_custom_interfaces/dynamixel_sdk_custom_interfaces/srv/detail
[9.218s] -- Up-to-date: /home/ros25/ROS/ROS_25/colcon_ws/install/dynamixel_sdk_custom_interfaces/include/dynamixel_sdk_custom_interfaces/dynamixel_sdk_custom_interfaces/srv/detail/get_position__rosidl_typesupport_fastrtps_c.h
[9.219s] -- Up-to-date: /home/ros25/ROS/ROS_25/colcon_ws/install/dynamixel_sdk_custom_interfaces/lib/libdynamixel_sdk_custom_interfaces__rosidl_typesupport_fastrtps_c.so
[9.224s] -- Up-to-date: /home/ros25/ROS/ROS_25/colcon_ws/install/dynamixel_sdk_custom_interfaces/include/dynamixel_sdk_custom_interfaces/dynamixel_sdk_custom_interfaces
[9.224s] -- Up-to-date: /home/ros25/ROS/ROS_25/colcon_ws/install/dynamixel_sdk_custom_interfaces/include/dynamixel_sdk_custom_interfaces/dynamixel_sdk_custom_interfaces/msg
[9.224s] -- Up-to-date: /home/ros25/ROS/ROS_25/colcon_ws/install/dynamixel_sdk_custom_interfaces/include/dynamixel_sdk_custom_interfaces/dynamixel_sdk_custom_interfaces/msg/set_position.hpp
[9.231s] -- Up-to-date: /home/ros25/ROS/ROS_25/colcon_ws/install/dynamixel_sdk_custom_interfaces/include/dynamixel_sdk_custom_interfaces/dynamixel_sdk_custom_interfaces/msg/detail
[9.232s] -- Up-to-date: /home/ros25/ROS/ROS_25/colcon_ws/install/dynamixel_sdk_custom_interfaces/include/dynamixel_sdk_custom_interfaces/dynamixel_sdk_custom_interfaces/msg/detail/set_position__builder.hpp
[9.232s] -- Up-to-date: /home/ros25/ROS/ROS_25/colcon_ws/install/dynamixel_sdk_custom_interfaces/include/dynamixel_sdk_custom_interfaces/dynamixel_sdk_custom_interfaces/msg/detail/set_position__type_support.hpp
[9.232s] -- Up-to-date: /home/ros25/ROS/ROS_25/colcon_ws/install/dynamixel_sdk_custom_interfaces/include/dynamixel_sdk_custom_interfaces/dynamixel_sdk_custom_interfaces/msg/detail/set_position__struct.hpp
[9.232s] -- Up-to-date: /home/ros25/ROS/ROS_25/colcon_ws/install/dynamixel_sdk_custom_interfaces/include/dynamixel_sdk_custom_interfaces/dynamixel_sdk_custom_interfaces/msg/detail/set_position__traits.hpp
[9.232s] -- Up-to-date: /home/ros25/ROS/ROS_25/colcon_ws/install/dynamixel_sdk_custom_interfaces/include/dynamixel_sdk_custom_interfaces/dynamixel_sdk_custom_interfaces/msg/rosidl_generator_cpp__visibility_control.hpp
[9.232s] -- Up-to-date: /home/ros25/ROS/ROS_25/colcon_ws/install/dynamixel_sdk_custom_interfaces/include/dynamixel_sdk_custom_interfaces/dynamixel_sdk_custom_interfaces/srv
[9.232s] -- Up-to-date: /home/ros25/ROS/ROS_25/colcon_ws/install/dynamixel_sdk_custom_interfaces/include/dynamixel_sdk_custom_interfaces/dynamixel_sdk_custom_interfaces/srv/get_position.hpp
[9.232s] -- Up-to-date: /home/ros25/ROS/ROS_25/colcon_ws/install/dynamixel_sdk_custom_interfaces/include/dynamixel_sdk_custom_interfaces/dynamixel_sdk_custom_interfaces/srv/detail
[9.233s] -- Up-to-date: /home/ros25/ROS/ROS_25/colcon_ws/install/dynamixel_sdk_custom_interfaces/include/dynamixel_sdk_custom_interfaces/dynamixel_sdk_custom_interfaces/srv/detail/get_position__type_support.hpp
[9.233s] -- Up-to-date: /home/ros25/ROS/ROS_25/colcon_ws/install/dynamixel_sdk_custom_interfaces/include/dynamixel_sdk_custom_interfaces/dynamixel_sdk_custom_interfaces/srv/detail/get_position__traits.hpp
[9.233s] -- Up-to-date: /home/ros25/ROS/ROS_25/colcon_ws/install/dynamixel_sdk_custom_interfaces/include/dynamixel_sdk_custom_interfaces/dynamixel_sdk_custom_interfaces/srv/detail/get_position__builder.hpp
[9.233s] -- Up-to-date: /home/ros25/ROS/ROS_25/colcon_ws/install/dynamixel_sdk_custom_interfaces/include/dynamixel_sdk_custom_interfaces/dynamixel_sdk_custom_interfaces/srv/detail/get_position__struct.hpp
[9.233s] -- Up-to-date: /home/ros25/ROS/ROS_25/colcon_ws/install/dynamixel_sdk_custom_interfaces/include/dynamixel_sdk_custom_interfaces/dynamixel_sdk_custom_interfaces
[9.233s] -- Up-to-date: /home/ros25/ROS/ROS_25/colcon_ws/install/dynamixel_sdk_custom_interfaces/include/dynamixel_sdk_custom_interfaces/dynamixel_sdk_custom_interfaces/msg
[9.233s] -- Up-to-date: /home/ros25/ROS/ROS_25/colcon_ws/install/dynamixel_sdk_custom_interfaces/include/dynamixel_sdk_custom_interfaces/dynamixel_sdk_custom_interfaces/msg/detail
[9.248s] -- Up-to-date: /home/ros25/ROS/ROS_25/colcon_ws/install/dynamixel_sdk_custom_interfaces/include/dynamixel_sdk_custom_interfaces/dynamixel_sdk_custom_interfaces/msg/detail/set_position__rosidl_typesupport_fastrtps_cpp.hpp
[9.250s] -- Up-to-date: /home/ros25/ROS/ROS_25/colcon_ws/install/dynamixel_sdk_custom_interfaces/include/dynamixel_sdk_custom_interfaces/dynamixel_sdk_custom_interfaces/msg/detail/dds_fastrtps
[9.251s] -- Up-to-date: /home/ros25/ROS/ROS_25/colcon_ws/install/dynamixel_sdk_custom_interfaces/include/dynamixel_sdk_custom_interfaces/dynamixel_sdk_custom_interfaces/msg/rosidl_typesupport_fastrtps_cpp__visibility_control.h
[9.251s] -- Up-to-date: /home/ros25/ROS/ROS_25/colcon_ws/install/dynamixel_sdk_custom_interfaces/include/dynamixel_sdk_custom_interfaces/dynamixel_sdk_custom_interfaces/srv
[9.251s] -- Up-to-date: /home/ros25/ROS/ROS_25/colcon_ws/install/dynamixel_sdk_custom_interfaces/include/dynamixel_sdk_custom_interfaces/dynamixel_sdk_custom_interfaces/srv/detail
[9.251s] -- Up-to-date: /home/ros25/ROS/ROS_25/colcon_ws/install/dynamixel_sdk_custom_interfaces/include/dynamixel_sdk_custom_interfaces/dynamixel_sdk_custom_interfaces/srv/detail/get_position__rosidl_typesupport_fastrtps_cpp.hpp
[9.257s] -- Up-to-date: /home/ros25/ROS/ROS_25/colcon_ws/install/dynamixel_sdk_custom_interfaces/include/dynamixel_sdk_custom_interfaces/dynamixel_sdk_custom_interfaces/srv/detail/dds_fastrtps
[9.260s] -- Up-to-date: /home/ros25/ROS/ROS_25/colcon_ws/install/dynamixel_sdk_custom_interfaces/lib/libdynamixel_sdk_custom_interfaces__rosidl_typesupport_fastrtps_cpp.so
[9.260s] -- Up-to-date: /home/ros25/ROS/ROS_25/colcon_ws/install/dynamixel_sdk_custom_interfaces/include/dynamixel_sdk_custom_interfaces/dynamixel_sdk_custom_interfaces
[9.270s] -- Up-to-date: /home/ros25/ROS/ROS_25/colcon_ws/install/dynamixel_sdk_custom_interfaces/include/dynamixel_sdk_custom_interfaces/dynamixel_sdk_custom_interfaces/msg
[9.270s] -- Up-to-date: /home/ros25/ROS/ROS_25/colcon_ws/install/dynamixel_sdk_custom_interfaces/include/dynamixel_sdk_custom_interfaces/dynamixel_sdk_custom_interfaces/msg/rosidl_typesupport_introspection_c__visibility_control.h
[9.270s] -- Up-to-date: /home/ros25/ROS/ROS_25/colcon_ws/install/dynamixel_sdk_custom_interfaces/include/dynamixel_sdk_custom_interfaces/dynamixel_sdk_custom_interfaces/msg/detail
[9.275s] -- Up-to-date: /home/ros25/ROS/ROS_25/colcon_ws/install/dynamixel_sdk_custom_interfaces/include/dynamixel_sdk_custom_interfaces/dynamixel_sdk_custom_interfaces/msg/detail/set_position__rosidl_typesupport_introspection_c.h
[9.276s] -- Up-to-date: /home/ros25/ROS/ROS_25/colcon_ws/install/dynamixel_sdk_custom_interfaces/include/dynamixel_sdk_custom_interfaces/dynamixel_sdk_custom_interfaces/msg/detail/set_position__type_support.c
[9.276s] -- Up-to-date: /home/ros25/ROS/ROS_25/colcon_ws/install/dynamixel_sdk_custom_interfaces/include/dynamixel_sdk_custom_interfaces/dynamixel_sdk_custom_interfaces/srv
[9.276s] -- Up-to-date: /home/ros25/ROS/ROS_25/colcon_ws/install/dynamixel_sdk_custom_interfaces/include/dynamixel_sdk_custom_interfaces/dynamixel_sdk_custom_interfaces/srv/detail
[9.276s] -- Up-to-date: /home/ros25/ROS/ROS_25/colcon_ws/install/dynamixel_sdk_custom_interfaces/include/dynamixel_sdk_custom_interfaces/dynamixel_sdk_custom_interfaces/srv/detail/get_position__rosidl_typesupport_introspection_c.h
[9.276s] -- Up-to-date: /home/ros25/ROS/ROS_25/colcon_ws/install/dynamixel_sdk_custom_interfaces/include/dynamixel_sdk_custom_interfaces/dynamixel_sdk_custom_interfaces/srv/detail/get_position__type_support.c
[9.281s] -- Up-to-date: /home/ros25/ROS/ROS_25/colcon_ws/install/dynamixel_sdk_custom_interfaces/lib/libdynamixel_sdk_custom_interfaces__rosidl_typesupport_introspection_c.so
[9.281s] -- Up-to-date: /home/ros25/ROS/ROS_25/colcon_ws/install/dynamixel_sdk_custom_interfaces/lib/libdynamixel_sdk_custom_interfaces__rosidl_typesupport_c.so
[9.282s] -- Up-to-date: /home/ros25/ROS/ROS_25/colcon_ws/install/dynamixel_sdk_custom_interfaces/include/dynamixel_sdk_custom_interfaces/dynamixel_sdk_custom_interfaces
[9.282s] -- Up-to-date: /home/ros25/ROS/ROS_25/colcon_ws/install/dynamixel_sdk_custom_interfaces/include/dynamixel_sdk_custom_interfaces/dynamixel_sdk_custom_interfaces/msg
[9.282s] -- Up-to-date: /home/ros25/ROS/ROS_25/colcon_ws/install/dynamixel_sdk_custom_interfaces/include/dynamixel_sdk_custom_interfaces/dynamixel_sdk_custom_interfaces/msg/detail
[9.282s] -- Up-to-date: /home/ros25/ROS/ROS_25/colcon_ws/install/dynamixel_sdk_custom_interfaces/include/dynamixel_sdk_custom_interfaces/dynamixel_sdk_custom_interfaces/msg/detail/set_position__rosidl_typesupport_introspection_cpp.hpp
[9.282s] -- Up-to-date: /home/ros25/ROS/ROS_25/colcon_ws/install/dynamixel_sdk_custom_interfaces/include/dynamixel_sdk_custom_interfaces/dynamixel_sdk_custom_interfaces/msg/detail/set_position__type_support.cpp
[9.286s] -- Up-to-date: /home/ros25/ROS/ROS_25/colcon_ws/install/dynamixel_sdk_custom_interfaces/include/dynamixel_sdk_custom_interfaces/dynamixel_sdk_custom_interfaces/srv
[9.287s] -- Up-to-date: /home/ros25/ROS/ROS_25/colcon_ws/install/dynamixel_sdk_custom_interfaces/include/dynamixel_sdk_custom_interfaces/dynamixel_sdk_custom_interfaces/srv/detail
[9.287s] -- Up-to-date: /home/ros25/ROS/ROS_25/colcon_ws/install/dynamixel_sdk_custom_interfaces/include/dynamixel_sdk_custom_interfaces/dynamixel_sdk_custom_interfaces/srv/detail/get_position__type_support.cpp
[9.287s] -- Up-to-date: /home/ros25/ROS/ROS_25/colcon_ws/install/dynamixel_sdk_custom_interfaces/include/dynamixel_sdk_custom_interfaces/dynamixel_sdk_custom_interfaces/srv/detail/get_position__rosidl_typesupport_introspection_cpp.hpp
[9.293s] -- Up-to-date: /home/ros25/ROS/ROS_25/colcon_ws/install/dynamixel_sdk_custom_interfaces/lib/libdynamixel_sdk_custom_interfaces__rosidl_typesupport_introspection_cpp.so
[9.295s] -- Up-to-date: /home/ros25/ROS/ROS_25/colcon_ws/install/dynamixel_sdk_custom_interfaces/lib/libdynamixel_sdk_custom_interfaces__rosidl_typesupport_cpp.so
[9.295s] -- Up-to-date: /home/ros25/ROS/ROS_25/colcon_ws/install/dynamixel_sdk_custom_interfaces/share/dynamixel_sdk_custom_interfaces/environment/pythonpath.sh
[9.295s] -- Up-to-date: /home/ros25/ROS/ROS_25/colcon_ws/install/dynamixel_sdk_custom_interfaces/share/dynamixel_sdk_custom_interfaces/environment/pythonpath.dsv
[9.299s] -- Up-to-date: /home/ros25/ROS/ROS_25/colcon_ws/install/dynamixel_sdk_custom_interfaces/local/lib/python3.10/dist-packages/dynamixel_sdk_custom_interfaces-3.8.4-py3.10.egg-info
[9.301s] -- Installing: /home/ros25/ROS/ROS_25/colcon_ws/install/dynamixel_sdk_custom_interfaces/local/lib/python3.10/dist-packages/dynamixel_sdk_custom_interfaces-3.8.4-py3.10.egg-info/top_level.txt
[9.301s] -- Installing: /home/ros25/ROS/ROS_25/colcon_ws/install/dynamixel_sdk_custom_interfaces/local/lib/python3.10/dist-packages/dynamixel_sdk_custom_interfaces-3.8.4-py3.10.egg-info/dependency_links.txt
[9.301s] -- Installing: /home/ros25/ROS/ROS_25/colcon_ws/install/dynamixel_sdk_custom_interfaces/local/lib/python3.10/dist-packages/dynamixel_sdk_custom_interfaces-3.8.4-py3.10.egg-info/PKG-INFO
[9.301s] -- Installing: /home/ros25/ROS/ROS_25/colcon_ws/install/dynamixel_sdk_custom_interfaces/local/lib/python3.10/dist-packages/dynamixel_sdk_custom_interfaces-3.8.4-py3.10.egg-info/SOURCES.txt
[9.308s] -- Up-to-date: /home/ros25/ROS/ROS_25/colcon_ws/install/dynamixel_sdk_custom_interfaces/local/lib/python3.10/dist-packages/dynamixel_sdk_custom_interfaces
[9.309s] -- Up-to-date: /home/ros25/ROS/ROS_25/colcon_ws/install/dynamixel_sdk_custom_interfaces/local/lib/python3.10/dist-packages/dynamixel_sdk_custom_interfaces/_dynamixel_sdk_custom_interfaces_s.ep.rosidl_typesupport_introspection_c.c
[9.309s] -- Up-to-date: /home/ros25/ROS/ROS_25/colcon_ws/install/dynamixel_sdk_custom_interfaces/local/lib/python3.10/dist-packages/dynamixel_sdk_custom_interfaces/dynamixel_sdk_custom_interfaces_s__rosidl_typesupport_fastrtps_c.cpython-310-x86_64-linux-gnu.so
[9.318s] -- Up-to-date: /home/ros25/ROS/ROS_25/colcon_ws/install/dynamixel_sdk_custom_interfaces/local/lib/python3.10/dist-packages/dynamixel_sdk_custom_interfaces/dynamixel_sdk_custom_interfaces_s__rosidl_typesupport_c.cpython-310-x86_64-linux-gnu.so
[9.319s] -- Up-to-date: /home/ros25/ROS/ROS_25/colcon_ws/install/dynamixel_sdk_custom_interfaces/local/lib/python3.10/dist-packages/dynamixel_sdk_custom_interfaces/_dynamixel_sdk_custom_interfaces_s.ep.rosidl_typesupport_fastrtps_c.c
[9.324s] -- Up-to-date: /home/ros25/ROS/ROS_25/colcon_ws/install/dynamixel_sdk_custom_interfaces/local/lib/python3.10/dist-packages/dynamixel_sdk_custom_interfaces/dynamixel_sdk_custom_interfaces_s__rosidl_typesupport_introspection_c.cpython-310-x86_64-linux-gnu.so
[9.325s] -- Up-to-date: /home/ros25/ROS/ROS_25/colcon_ws/install/dynamixel_sdk_custom_interfaces/local/lib/python3.10/dist-packages/dynamixel_sdk_custom_interfaces/msg
[9.327s] -- Up-to-date: /home/ros25/ROS/ROS_25/colcon_ws/install/dynamixel_sdk_custom_interfaces/local/lib/python3.10/dist-packages/dynamixel_sdk_custom_interfaces/msg/_set_position_s.c
[9.327s] -- Up-to-date: /home/ros25/ROS/ROS_25/colcon_ws/install/dynamixel_sdk_custom_interfaces/local/lib/python3.10/dist-packages/dynamixel_sdk_custom_interfaces/msg/__init__.py
[9.327s] -- Up-to-date: /home/ros25/ROS/ROS_25/colcon_ws/install/dynamixel_sdk_custom_interfaces/local/lib/python3.10/dist-packages/dynamixel_sdk_custom_interfaces/msg/_set_position.py
[9.328s] -- Up-to-date: /home/ros25/ROS/ROS_25/colcon_ws/install/dynamixel_sdk_custom_interfaces/local/lib/python3.10/dist-packages/dynamixel_sdk_custom_interfaces/__init__.py
[9.328s] -- Up-to-date: /home/ros25/ROS/ROS_25/colcon_ws/install/dynamixel_sdk_custom_interfaces/local/lib/python3.10/dist-packages/dynamixel_sdk_custom_interfaces/libdynamixel_sdk_custom_interfaces__rosidl_generator_py.so
[9.328s] -- Up-to-date: /home/ros25/ROS/ROS_25/colcon_ws/install/dynamixel_sdk_custom_interfaces/local/lib/python3.10/dist-packages/dynamixel_sdk_custom_interfaces/_dynamixel_sdk_custom_interfaces_s.ep.rosidl_typesupport_c.c
[9.338s] -- Up-to-date: /home/ros25/ROS/ROS_25/colcon_ws/install/dynamixel_sdk_custom_interfaces/local/lib/python3.10/dist-packages/dynamixel_sdk_custom_interfaces/srv
[9.338s] -- Up-to-date: /home/ros25/ROS/ROS_25/colcon_ws/install/dynamixel_sdk_custom_interfaces/local/lib/python3.10/dist-packages/dynamixel_sdk_custom_interfaces/srv/__init__.py
[9.338s] -- Up-to-date: /home/ros25/ROS/ROS_25/colcon_ws/install/dynamixel_sdk_custom_interfaces/local/lib/python3.10/dist-packages/dynamixel_sdk_custom_interfaces/srv/_get_position.py
[9.340s] -- Up-to-date: /home/ros25/ROS/ROS_25/colcon_ws/install/dynamixel_sdk_custom_interfaces/local/lib/python3.10/dist-packages/dynamixel_sdk_custom_interfaces/srv/_get_position_s.c
[9.599s] Listing '/home/ros25/ROS/ROS_25/colcon_ws/install/dynamixel_sdk_custom_interfaces/local/lib/python3.10/dist-packages/dynamixel_sdk_custom_interfaces'...
[9.599s] Listing '/home/ros25/ROS/ROS_25/colcon_ws/install/dynamixel_sdk_custom_interfaces/local/lib/python3.10/dist-packages/dynamixel_sdk_custom_interfaces/msg'...
[9.599s] Listing '/home/ros25/ROS/ROS_25/colcon_ws/install/dynamixel_sdk_custom_interfaces/local/lib/python3.10/dist-packages/dynamixel_sdk_custom_interfaces/srv'...
[9.625s] -- Up-to-date: /home/ros25/ROS/ROS_25/colcon_ws/install/dynamixel_sdk_custom_interfaces/local/lib/python3.10/dist-packages/dynamixel_sdk_custom_interfaces/dynamixel_sdk_custom_interfaces_s__rosidl_typesupport_fastrtps_c.cpython-310-x86_64-linux-gnu.so
[9.625s] -- Up-to-date: /home/ros25/ROS/ROS_25/colcon_ws/install/dynamixel_sdk_custom_interfaces/local/lib/python3.10/dist-packages/dynamixel_sdk_custom_interfaces/dynamixel_sdk_custom_interfaces_s__rosidl_typesupport_introspection_c.cpython-310-x86_64-linux-gnu.so
[9.631s] -- Up-to-date: /home/ros25/ROS/ROS_25/colcon_ws/install/dynamixel_sdk_custom_interfaces/local/lib/python3.10/dist-packages/dynamixel_sdk_custom_interfaces/dynamixel_sdk_custom_interfaces_s__rosidl_typesupport_c.cpython-310-x86_64-linux-gnu.so
[9.638s] -- Up-to-date: /home/ros25/ROS/ROS_25/colcon_ws/install/dynamixel_sdk_custom_interfaces/lib/libdynamixel_sdk_custom_interfaces__rosidl_generator_py.so
[9.642s] -- Up-to-date: /home/ros25/ROS/ROS_25/colcon_ws/install/dynamixel_sdk_custom_interfaces/share/dynamixel_sdk_custom_interfaces/msg/SetPosition.idl
[9.644s] -- Up-to-date: /home/ros25/ROS/ROS_25/colcon_ws/install/dynamixel_sdk_custom_interfaces/share/dynamixel_sdk_custom_interfaces/srv/GetPosition.idl
[9.644s] -- Up-to-date: /home/ros25/ROS/ROS_25/colcon_ws/install/dynamixel_sdk_custom_interfaces/share/dynamixel_sdk_custom_interfaces/msg/SetPosition.msg
[9.644s] -- Up-to-date: /home/ros25/ROS/ROS_25/colcon_ws/install/dynamixel_sdk_custom_interfaces/share/dynamixel_sdk_custom_interfaces/srv/GetPosition.srv
[9.644s] -- Up-to-date: /home/ros25/ROS/ROS_25/colcon_ws/install/dynamixel_sdk_custom_interfaces/share/dynamixel_sdk_custom_interfaces/srv/GetPosition_Request.msg
[9.649s] -- Up-to-date: /home/ros25/ROS/ROS_25/colcon_ws/install/dynamixel_sdk_custom_interfaces/share/dynamixel_sdk_custom_interfaces/srv/GetPosition_Response.msg
[9.650s] -- Up-to-date: /home/ros25/ROS/ROS_25/colcon_ws/install/dynamixel_sdk_custom_interfaces/share/ament_index/resource_index/package_run_dependencies/dynamixel_sdk_custom_interfaces
[9.650s] -- Up-to-date: /home/ros25/ROS/ROS_25/colcon_ws/install/dynamixel_sdk_custom_interfaces/share/ament_index/resource_index/parent_prefix_path/dynamixel_sdk_custom_interfaces
[9.650s] -- Up-to-date: /home/ros25/ROS/ROS_25/colcon_ws/install/dynamixel_sdk_custom_interfaces/share/dynamixel_sdk_custom_interfaces/environment/ament_prefix_path.sh
[9.650s] -- Up-to-date: /home/ros25/ROS/ROS_25/colcon_ws/install/dynamixel_sdk_custom_interfaces/share/dynamixel_sdk_custom_interfaces/environment/ament_prefix_path.dsv
[9.651s] -- Up-to-date: /home/ros25/ROS/ROS_25/colcon_ws/install/dynamixel_sdk_custom_interfaces/share/dynamixel_sdk_custom_interfaces/environment/path.sh
[9.651s] -- Up-to-date: /home/ros25/ROS/ROS_25/colcon_ws/install/dynamixel_sdk_custom_interfaces/share/dynamixel_sdk_custom_interfaces/environment/path.dsv
[9.655s] -- Up-to-date: /home/ros25/ROS/ROS_25/colcon_ws/install/dynamixel_sdk_custom_interfaces/share/dynamixel_sdk_custom_interfaces/local_setup.bash
[9.655s] -- Up-to-date: /home/ros25/ROS/ROS_25/colcon_ws/install/dynamixel_sdk_custom_interfaces/share/dynamixel_sdk_custom_interfaces/local_setup.sh
[9.655s] -- Up-to-date: /home/ros25/ROS/ROS_25/colcon_ws/install/dynamixel_sdk_custom_interfaces/share/dynamixel_sdk_custom_interfaces/local_setup.zsh
[9.655s] -- Up-to-date: /home/ros25/ROS/ROS_25/colcon_ws/install/dynamixel_sdk_custom_interfaces/share/dynamixel_sdk_custom_interfaces/local_setup.dsv
[9.655s] -- Installing: /home/ros25/ROS/ROS_25/colcon_ws/install/dynamixel_sdk_custom_interfaces/share/dynamixel_sdk_custom_interfaces/package.dsv
[9.658s] -- Up-to-date: /home/ros25/ROS/ROS_25/colcon_ws/install/dynamixel_sdk_custom_interfaces/share/ament_index/resource_index/packages/dynamixel_sdk_custom_interfaces
[9.658s] -- Up-to-date: /home/ros25/ROS/ROS_25/colcon_ws/install/dynamixel_sdk_custom_interfaces/share/dynamixel_sdk_custom_interfaces/cmake/export_dynamixel_sdk_custom_interfaces__rosidl_generator_cExport.cmake
[9.659s] -- Up-to-date: /home/ros25/ROS/ROS_25/colcon_ws/install/dynamixel_sdk_custom_interfaces/share/dynamixel_sdk_custom_interfaces/cmake/export_dynamixel_sdk_custom_interfaces__rosidl_generator_cExport-noconfig.cmake
[9.659s] -- Up-to-date: /home/ros25/ROS/ROS_25/colcon_ws/install/dynamixel_sdk_custom_interfaces/share/dynamixel_sdk_custom_interfaces/cmake/export_dynamixel_sdk_custom_interfaces__rosidl_typesupport_fastrtps_cExport.cmake
[9.659s] -- Up-to-date: /home/ros25/ROS/ROS_25/colcon_ws/install/dynamixel_sdk_custom_interfaces/share/dynamixel_sdk_custom_interfaces/cmake/export_dynamixel_sdk_custom_interfaces__rosidl_typesupport_fastrtps_cExport-noconfig.cmake
[9.663s] -- Up-to-date: /home/ros25/ROS/ROS_25/colcon_ws/install/dynamixel_sdk_custom_interfaces/share/dynamixel_sdk_custom_interfaces/cmake/export_dynamixel_sdk_custom_interfaces__rosidl_generator_cppExport.cmake
[9.663s] -- Up-to-date: /home/ros25/ROS/ROS_25/colcon_ws/install/dynamixel_sdk_custom_interfaces/share/dynamixel_sdk_custom_interfaces/cmake/export_dynamixel_sdk_custom_interfaces__rosidl_typesupport_fastrtps_cppExport.cmake
[9.664s] -- Up-to-date: /home/ros25/ROS/ROS_25/colcon_ws/install/dynamixel_sdk_custom_interfaces/share/dynamixel_sdk_custom_interfaces/cmake/export_dynamixel_sdk_custom_interfaces__rosidl_typesupport_fastrtps_cppExport-noconfig.cmake
[9.667s] -- Up-to-date: /home/ros25/ROS/ROS_25/colcon_ws/install/dynamixel_sdk_custom_interfaces/share/dynamixel_sdk_custom_interfaces/cmake/dynamixel_sdk_custom_interfaces__rosidl_typesupport_introspection_cExport.cmake
[9.667s] -- Up-to-date: /home/ros25/ROS/ROS_25/colcon_ws/install/dynamixel_sdk_custom_interfaces/share/dynamixel_sdk_custom_interfaces/cmake/dynamixel_sdk_custom_interfaces__rosidl_typesupport_introspection_cExport-noconfig.cmake
[9.667s] -- Up-to-date: /home/ros25/ROS/ROS_25/colcon_ws/install/dynamixel_sdk_custom_interfaces/share/dynamixel_sdk_custom_interfaces/cmake/dynamixel_sdk_custom_interfaces__rosidl_typesupport_cExport.cmake
[9.667s] -- Up-to-date: /home/ros25/ROS/ROS_25/colcon_ws/install/dynamixel_sdk_custom_interfaces/share/dynamixel_sdk_custom_interfaces/cmake/dynamixel_sdk_custom_interfaces__rosidl_typesupport_cExport-noconfig.cmake
[9.668s] -- Up-to-date: /home/ros25/ROS/ROS_25/colcon_ws/install/dynamixel_sdk_custom_interfaces/share/dynamixel_sdk_custom_interfaces/cmake/dynamixel_sdk_custom_interfaces__rosidl_typesupport_introspection_cppExport.cmake
[9.670s] -- Up-to-date: /home/ros25/ROS/ROS_25/colcon_ws/install/dynamixel_sdk_custom_interfaces/share/dynamixel_sdk_custom_interfaces/cmake/dynamixel_sdk_custom_interfaces__rosidl_typesupport_introspection_cppExport-noconfig.cmake
[9.672s] -- Up-to-date: /home/ros25/ROS/ROS_25/colcon_ws/install/dynamixel_sdk_custom_interfaces/share/dynamixel_sdk_custom_interfaces/cmake/dynamixel_sdk_custom_interfaces__rosidl_typesupport_cppExport.cmake
[9.672s] -- Up-to-date: /home/ros25/ROS/ROS_25/colcon_ws/install/dynamixel_sdk_custom_interfaces/share/dynamixel_sdk_custom_interfaces/cmake/dynamixel_sdk_custom_interfaces__rosidl_typesupport_cppExport-noconfig.cmake
[9.672s] -- Up-to-date: /home/ros25/ROS/ROS_25/colcon_ws/install/dynamixel_sdk_custom_interfaces/share/dynamixel_sdk_custom_interfaces/cmake/export_dynamixel_sdk_custom_interfaces__rosidl_generator_pyExport.cmake
[9.673s] -- Up-to-date: /home/ros25/ROS/ROS_25/colcon_ws/install/dynamixel_sdk_custom_interfaces/share/dynamixel_sdk_custom_interfaces/cmake/export_dynamixel_sdk_custom_interfaces__rosidl_generator_pyExport-noconfig.cmake
[9.674s] -- Up-to-date: /home/ros25/ROS/ROS_25/colcon_ws/install/dynamixel_sdk_custom_interfaces/share/dynamixel_sdk_custom_interfaces/cmake/rosidl_cmake-extras.cmake
[9.679s] -- Up-to-date: /home/ros25/ROS/ROS_25/colcon_ws/install/dynamixel_sdk_custom_interfaces/share/dynamixel_sdk_custom_interfaces/cmake/ament_cmake_export_dependencies-extras.cmake
[9.679s] -- Up-to-date: /home/ros25/ROS/ROS_25/colcon_ws/install/dynamixel_sdk_custom_interfaces/share/dynamixel_sdk_custom_interfaces/cmake/ament_cmake_export_include_directories-extras.cmake
[9.679s] -- Up-to-date: /home/ros25/ROS/ROS_25/colcon_ws/install/dynamixel_sdk_custom_interfaces/share/dynamixel_sdk_custom_interfaces/cmake/ament_cmake_export_libraries-extras.cmake
[9.682s] -- Up-to-date: /home/ros25/ROS/ROS_25/colcon_ws/install/dynamixel_sdk_custom_interfaces/share/dynamixel_sdk_custom_interfaces/cmake/ament_cmake_export_targets-extras.cmake
[9.683s] -- Up-to-date: /home/ros25/ROS/ROS_25/colcon_ws/install/dynamixel_sdk_custom_interfaces/share/dynamixel_sdk_custom_interfaces/cmake/rosidl_cmake_export_typesupport_targets-extras.cmake
[9.689s] -- Up-to-date: /home/ros25/ROS/ROS_25/colcon_ws/install/dynamixel_sdk_custom_interfaces/share/dynamixel_sdk_custom_interfaces/cmake/rosidl_cmake_export_typesupport_libraries-extras.cmake
[9.694s] -- Up-to-date: /home/ros25/ROS/ROS_25/colcon_ws/install/dynamixel_sdk_custom_interfaces/share/dynamixel_sdk_custom_interfaces/cmake/dynamixel_sdk_custom_interfacesConfig.cmake
[9.695s] -- Up-to-date: /home/ros25/ROS/ROS_25/colcon_ws/install/dynamixel_sdk_custom_interfaces/share/dynamixel_sdk_custom_interfaces/cmake/dynamixel_sdk_custom_interfacesConfig-version.cmake
[9.695s] -- Up-to-date: /home/ros25/ROS/ROS_25/colcon_ws/install/dynamixel_sdk_custom_interfaces/share/dynamixel_sdk_custom_interfaces/package.xml
[9.718s] Invoked command in '/home/ros25/ROS/ROS_25/colcon_ws/build/dynamixel_sdk_custom_interfaces' returned '0': CMAKE_PREFIX_PATH=${CMAKE_PREFIX_PATH}:/home/ros25/ROS/ROS_25/colcon_ws/install/turtlebot3_teleop:/home/ros25/ROS/ROS_25/colcon_ws/install/turtlebot3_example:/home/ros25/ROS/ROS_25/colcon_ws/install/turtlebot3_controller:/home/ros25/ROS/ROS_25/colcon_ws/install/test_node:/opt/ros/humble /usr/bin/cmake --install /home/ros25/ROS/ROS_25/colcon_ws/build/dynamixel_sdk_custom_interfaces
