[0.093s] Invoking command in '/home/ros25/ROS/ROS_25/colcon_ws/build/turtlebot3_navigation2': CMAKE_PREFIX_PATH=${CMAKE_PREFIX_PATH}:/home/ros25/ROS/ROS_25/colcon_ws/install/turtlebot3_teleop:/home/ros25/ROS/ROS_25/colcon_ws/install/turtlebot3_example:/home/ros25/ROS/ROS_25/colcon_ws/install/turtlebot3_dqn:/home/ros25/ROS/ROS_25/colcon_ws/install/turtlebot3_controller:/home/ros25/ROS/ROS_25/colcon_ws/install/test_node:/opt/ros/humble /usr/bin/cmake --build /home/ros25/ROS/ROS_25/colcon_ws/build/turtlebot3_navigation2 -- -j2 -l2
[0.661s] Invoked command in '/home/ros25/ROS/ROS_25/colcon_ws/build/turtlebot3_navigation2' returned '0': CMAKE_PREFIX_PATH=${CMAKE_PREFIX_PATH}:/home/ros25/ROS/ROS_25/colcon_ws/install/turtlebot3_teleop:/home/ros25/ROS/ROS_25/colcon_ws/install/turtlebot3_example:/home/ros25/ROS/ROS_25/colcon_ws/install/turtlebot3_dqn:/home/ros25/ROS/ROS_25/colcon_ws/install/turtlebot3_controller:/home/ros25/ROS/ROS_25/colcon_ws/install/test_node:/opt/ros/humble /usr/bin/cmake --build /home/ros25/ROS/ROS_25/colcon_ws/build/turtlebot3_navigation2 -- -j2 -l2
[0.680s] Invoking command in '/home/ros25/ROS/ROS_25/colcon_ws/build/turtlebot3_navigation2': CMAKE_PREFIX_PATH=${CMAKE_PREFIX_PATH}:/home/ros25/ROS/ROS_25/colcon_ws/install/turtlebot3_teleop:/home/ros25/ROS/ROS_25/colcon_ws/install/turtlebot3_example:/home/ros25/ROS/ROS_25/colcon_ws/install/turtlebot3_dqn:/home/ros25/ROS/ROS_25/colcon_ws/install/turtlebot3_controller:/home/ros25/ROS/ROS_25/colcon_ws/install/test_node:/opt/ros/humble /usr/bin/cmake --install /home/ros25/ROS/ROS_25/colcon_ws/build/turtlebot3_navigation2
[0.958s] -- Install configuration: ""
[0.963s] -- Up-to-date: /home/ros25/ROS/ROS_25/colcon_ws/install/turtlebot3_navigation2/share/turtlebot3_navigation2/launch
[0.963s] -- Up-to-date: /home/ros25/ROS/ROS_25/colcon_ws/install/turtlebot3_navigation2/share/turtlebot3_navigation2/launch/navigation2.launch.py
[0.963s] -- Up-to-date: /home/ros25/ROS/ROS_25/colcon_ws/install/turtlebot3_navigation2/share/turtlebot3_navigation2/map
[0.964s] -- Up-to-date: /home/ros25/ROS/ROS_25/colcon_ws/install/turtlebot3_navigation2/share/turtlebot3_navigation2/map/map.yaml
[0.964s] -- Up-to-date: /home/ros25/ROS/ROS_25/colcon_ws/install/turtlebot3_navigation2/share/turtlebot3_navigation2/map/map.pgm
[0.964s] -- Up-to-date: /home/ros25/ROS/ROS_25/colcon_ws/install/turtlebot3_navigation2/share/turtlebot3_navigation2/param
[0.965s] -- Up-to-date: /home/ros25/ROS/ROS_25/colcon_ws/install/turtlebot3_navigation2/share/turtlebot3_navigation2/param/burger_cam.yaml
[0.965s] -- Up-to-date: /home/ros25/ROS/ROS_25/colcon_ws/install/turtlebot3_navigation2/share/turtlebot3_navigation2/param/waffle_pi.yaml
[0.965s] -- Up-to-date: /home/ros25/ROS/ROS_25/colcon_ws/install/turtlebot3_navigation2/share/turtlebot3_navigation2/param/burger.yaml
[0.965s] -- Up-to-date: /home/ros25/ROS/ROS_25/colcon_ws/install/turtlebot3_navigation2/share/turtlebot3_navigation2/param/humble
[0.965s] -- Up-to-date: /home/ros25/ROS/ROS_25/colcon_ws/install/turtlebot3_navigation2/share/turtlebot3_navigation2/param/humble/burger_cam.yaml
[0.965s] -- Up-to-date: /home/ros25/ROS/ROS_25/colcon_ws/install/turtlebot3_navigation2/share/turtlebot3_navigation2/param/humble/waffle_pi.yaml
[0.966s] -- Up-to-date: /home/ros25/ROS/ROS_25/colcon_ws/install/turtlebot3_navigation2/share/turtlebot3_navigation2/param/humble/burger.yaml
[0.966s] -- Up-to-date: /home/ros25/ROS/ROS_25/colcon_ws/install/turtlebot3_navigation2/share/turtlebot3_navigation2/param/humble/waffle.yaml
[0.966s] -- Up-to-date: /home/ros25/ROS/ROS_25/colcon_ws/install/turtlebot3_navigation2/share/turtlebot3_navigation2/param/waffle.yaml
[0.966s] -- Up-to-date: /home/ros25/ROS/ROS_25/colcon_ws/install/turtlebot3_navigation2/share/turtlebot3_navigation2/rviz
[0.966s] -- Up-to-date: /home/ros25/ROS/ROS_25/colcon_ws/install/turtlebot3_navigation2/share/turtlebot3_navigation2/rviz/tb3_navigation2.rviz
[0.966s] -- Up-to-date: /home/ros25/ROS/ROS_25/colcon_ws/install/turtlebot3_navigation2/share/ament_index/resource_index/package_run_dependencies/turtlebot3_navigation2
[0.967s] -- Up-to-date: /home/ros25/ROS/ROS_25/colcon_ws/install/turtlebot3_navigation2/share/ament_index/resource_index/parent_prefix_path/turtlebot3_navigation2
[0.968s] -- Up-to-date: /home/ros25/ROS/ROS_25/colcon_ws/install/turtlebot3_navigation2/share/turtlebot3_navigation2/environment/ament_prefix_path.sh
[0.972s] -- Up-to-date: /home/ros25/ROS/ROS_25/colcon_ws/install/turtlebot3_navigation2/share/turtlebot3_navigation2/environment/ament_prefix_path.dsv
[0.972s] -- Up-to-date: /home/ros25/ROS/ROS_25/colcon_ws/install/turtlebot3_navigation2/share/turtlebot3_navigation2/environment/path.sh
[0.972s] -- Up-to-date: /home/ros25/ROS/ROS_25/colcon_ws/install/turtlebot3_navigation2/share/turtlebot3_navigation2/environment/path.dsv
[0.972s] -- Up-to-date: /home/ros25/ROS/ROS_25/colcon_ws/install/turtlebot3_navigation2/share/turtlebot3_navigation2/local_setup.bash
[0.972s] -- Up-to-date: /home/ros25/ROS/ROS_25/colcon_ws/install/turtlebot3_navigation2/share/turtlebot3_navigation2/local_setup.sh
[0.973s] -- Up-to-date: /home/ros25/ROS/ROS_25/colcon_ws/install/turtlebot3_navigation2/share/turtlebot3_navigation2/local_setup.zsh
[0.973s] -- Up-to-date: /home/ros25/ROS/ROS_25/colcon_ws/install/turtlebot3_navigation2/share/turtlebot3_navigation2/local_setup.dsv
[0.974s] -- Installing: /home/ros25/ROS/ROS_25/colcon_ws/install/turtlebot3_navigation2/share/turtlebot3_navigation2/package.dsv
[0.974s] -- Up-to-date: /home/ros25/ROS/ROS_25/colcon_ws/install/turtlebot3_navigation2/share/ament_index/resource_index/packages/turtlebot3_navigation2
[0.974s] -- Up-to-date: /home/ros25/ROS/ROS_25/colcon_ws/install/turtlebot3_navigation2/share/turtlebot3_navigation2/cmake/turtlebot3_navigation2Config.cmake
[0.974s] -- Up-to-date: /home/ros25/ROS/ROS_25/colcon_ws/install/turtlebot3_navigation2/share/turtlebot3_navigation2/cmake/turtlebot3_navigation2Config-version.cmake
[0.975s] -- Up-to-date: /home/ros25/ROS/ROS_25/colcon_ws/install/turtlebot3_navigation2/share/turtlebot3_navigation2/package.xml
[0.982s] Invoked command in '/home/ros25/ROS/ROS_25/colcon_ws/build/turtlebot3_navigation2' returned '0': CMAKE_PREFIX_PATH=${CMAKE_PREFIX_PATH}:/home/ros25/ROS/ROS_25/colcon_ws/install/turtlebot3_teleop:/home/ros25/ROS/ROS_25/colcon_ws/install/turtlebot3_example:/home/ros25/ROS/ROS_25/colcon_ws/install/turtlebot3_dqn:/home/ros25/ROS/ROS_25/colcon_ws/install/turtlebot3_controller:/home/ros25/ROS/ROS_25/colcon_ws/install/test_node:/opt/ros/humble /usr/bin/cmake --install /home/ros25/ROS/ROS_25/colcon_ws/build/turtlebot3_navigation2
