[5.380s] Invoking command in '/home/ros25/ROS/ROS_25/colcon_ws/src/turtlebot3_controller': PYTHONPATH=/home/ros25/ROS/ROS_25/colcon_ws/build/turtlebot3_controller/prefix_override:/usr/lib/python3/dist-packages/colcon_core/task/python/colcon_distutils_commands:/home/ros25/ROS/ROS_25/colcon_ws/install/turtlebot3_controller/lib/python3.10/site-packages:${PYTHONPATH} /usr/bin/python3 -W ignore:setup.py install is deprecated -W ignore:easy_install command is deprecated setup.py egg_info --egg-base ../../build/turtlebot3_controller build --build-base /home/ros25/ROS/ROS_25/colcon_ws/build/turtlebot3_controller/build install --record /home/ros25/ROS/ROS_25/colcon_ws/build/turtlebot3_controller/install.log --single-version-externally-managed install_data
[7.809s] running egg_info
[7.822s] writing ../../build/turtlebot3_controller/turtlebot3_controller.egg-info/PKG-INFO
[7.822s] writing dependency_links to ../../build/turtlebot3_controller/turtlebot3_controller.egg-info/dependency_links.txt
[7.829s] writing entry points to ../../build/turtlebot3_controller/turtlebot3_controller.egg-info/entry_points.txt
[7.834s] writing requirements to ../../build/turtlebot3_controller/turtlebot3_controller.egg-info/requires.txt
[7.835s] writing top-level names to ../../build/turtlebot3_controller/turtlebot3_controller.egg-info/top_level.txt
[7.868s] reading manifest file '../../build/turtlebot3_controller/turtlebot3_controller.egg-info/SOURCES.txt'
[7.871s] writing manifest file '../../build/turtlebot3_controller/turtlebot3_controller.egg-info/SOURCES.txt'
[7.878s] running build
[7.878s] running build_py
[7.878s] copying turtlebot3_controller/patrol_waypoints.py -> /home/ros25/ROS/ROS_25/colcon_ws/build/turtlebot3_controller/build/lib/turtlebot3_controller
[7.882s] running install
[7.888s] running install_lib
[7.897s] copying /home/ros25/ROS/ROS_25/colcon_ws/build/turtlebot3_controller/build/lib/turtlebot3_controller/patrol_waypoints.py -> /home/ros25/ROS/ROS_25/colcon_ws/install/turtlebot3_controller/lib/python3.10/site-packages/turtlebot3_controller
[7.911s] byte-compiling /home/ros25/ROS/ROS_25/colcon_ws/install/turtlebot3_controller/lib/python3.10/site-packages/turtlebot3_controller/patrol_waypoints.py to patrol_waypoints.cpython-310.pyc
[7.912s] running install_data
[7.912s] copying launch/bringup_all_two.launch.py -> /home/ros25/ROS/ROS_25/colcon_ws/install/turtlebot3_controller/share/turtlebot3_controller/launch
[7.920s] copying launch/patrol_mission.launch.py -> /home/ros25/ROS/ROS_25/colcon_ws/install/turtlebot3_controller/share/turtlebot3_controller/launch
[7.938s] running install_egg_info
[7.957s] removing '/home/ros25/ROS/ROS_25/colcon_ws/install/turtlebot3_controller/lib/python3.10/site-packages/turtlebot3_controller-0.0.0-py3.10.egg-info' (and everything under it)
[7.962s] Copying ../../build/turtlebot3_controller/turtlebot3_controller.egg-info to /home/ros25/ROS/ROS_25/colcon_ws/install/turtlebot3_controller/lib/python3.10/site-packages/turtlebot3_controller-0.0.0-py3.10.egg-info
[8.006s] running install_scripts
[8.363s] Installing mission_manager script to /home/ros25/ROS/ROS_25/colcon_ws/install/turtlebot3_controller/lib/turtlebot3_controller
[8.369s] Installing navigator script to /home/ros25/ROS/ROS_25/colcon_ws/install/turtlebot3_controller/lib/turtlebot3_controller
[8.369s] Installing obstacle_avoider script to /home/ros25/ROS/ROS_25/colcon_ws/install/turtlebot3_controller/lib/turtlebot3_controller
[8.376s] Installing patrol_manager script to /home/ros25/ROS/ROS_25/colcon_ws/install/turtlebot3_controller/lib/turtlebot3_controller
[8.379s] Installing patrol_waypoints script to /home/ros25/ROS/ROS_25/colcon_ws/install/turtlebot3_controller/lib/turtlebot3_controller
[8.383s] Installing sensor_listener script to /home/ros25/ROS/ROS_25/colcon_ws/install/turtlebot3_controller/lib/turtlebot3_controller
[8.389s] writing list of installed files to '/home/ros25/ROS/ROS_25/colcon_ws/build/turtlebot3_controller/install.log'
[8.756s] Invoked command in '/home/ros25/ROS/ROS_25/colcon_ws/src/turtlebot3_controller' returned '0': PYTHONPATH=/home/ros25/ROS/ROS_25/colcon_ws/build/turtlebot3_controller/prefix_override:/usr/lib/python3/dist-packages/colcon_core/task/python/colcon_distutils_commands:/home/ros25/ROS/ROS_25/colcon_ws/install/turtlebot3_controller/lib/python3.10/site-packages:${PYTHONPATH} /usr/bin/python3 -W ignore:setup.py install is deprecated -W ignore:easy_install command is deprecated setup.py egg_info --egg-base ../../build/turtlebot3_controller build --build-base /home/ros25/ROS/ROS_25/colcon_ws/build/turtlebot3_controller/build install --record /home/ros25/ROS/ROS_25/colcon_ws/build/turtlebot3_controller/install.log --single-version-externally-managed install_data
