[5.074s] Invoking command in '/home/ros25/ROS/ROS_25/colcon_ws/src/turtlebot3/turtlebot3_teleop': PYTHONPATH=/home/ros25/ROS/ROS_25/colcon_ws/build/turtlebot3_teleop/prefix_override:/usr/lib/python3/dist-packages/colcon_core/task/python/colcon_distutils_commands:/home/ros25/ROS/ROS_25/colcon_ws/install/turtlebot3_teleop/lib/python3.10/site-packages:${PYTHONPATH} /usr/bin/python3 -W ignore:setup.py install is deprecated -W ignore:easy_install command is deprecated setup.py egg_info --egg-base ../../../build/turtlebot3_teleop build --build-base /home/ros25/ROS/ROS_25/colcon_ws/build/turtlebot3_teleop/build install --record /home/ros25/ROS/ROS_25/colcon_ws/build/turtlebot3_teleop/install.log --single-version-externally-managed install_data
[6.690s] running egg_info
[6.696s] writing ../../../build/turtlebot3_teleop/turtlebot3_teleop.egg-info/PKG-INFO
[6.700s] writing dependency_links to ../../../build/turtlebot3_teleop/turtlebot3_teleop.egg-info/dependency_links.txt
[6.702s] writing entry points to ../../../build/turtlebot3_teleop/turtlebot3_teleop.egg-info/entry_points.txt
[6.702s] writing requirements to ../../../build/turtlebot3_teleop/turtlebot3_teleop.egg-info/requires.txt
[6.713s] writing top-level names to ../../../build/turtlebot3_teleop/turtlebot3_teleop.egg-info/top_level.txt
[6.722s] reading manifest file '../../../build/turtlebot3_teleop/turtlebot3_teleop.egg-info/SOURCES.txt'
[6.725s] writing manifest file '../../../build/turtlebot3_teleop/turtlebot3_teleop.egg-info/SOURCES.txt'
[6.732s] running build
[6.732s] running build_py
[6.733s] running install
[6.733s] running install_lib
[6.743s] running install_data
[6.743s] running install_egg_info
[6.751s] removing '/home/ros25/ROS/ROS_25/colcon_ws/install/turtlebot3_teleop/lib/python3.10/site-packages/turtlebot3_teleop-2.3.1-py3.10.egg-info' (and everything under it)
[6.757s] Copying ../../../build/turtlebot3_teleop/turtlebot3_teleop.egg-info to /home/ros25/ROS/ROS_25/colcon_ws/install/turtlebot3_teleop/lib/python3.10/site-packages/turtlebot3_teleop-2.3.1-py3.10.egg-info
[6.771s] running install_scripts
[6.924s] Installing teleop_keyboard script to /home/ros25/ROS/ROS_25/colcon_ws/install/turtlebot3_teleop/lib/turtlebot3_teleop
[6.929s] writing list of installed files to '/home/ros25/ROS/ROS_25/colcon_ws/build/turtlebot3_teleop/install.log'
[7.179s] Invoked command in '/home/ros25/ROS/ROS_25/colcon_ws/src/turtlebot3/turtlebot3_teleop' returned '0': PYTHONPATH=/home/ros25/ROS/ROS_25/colcon_ws/build/turtlebot3_teleop/prefix_override:/usr/lib/python3/dist-packages/colcon_core/task/python/colcon_distutils_commands:/home/ros25/ROS/ROS_25/colcon_ws/install/turtlebot3_teleop/lib/python3.10/site-packages:${PYTHONPATH} /usr/bin/python3 -W ignore:setup.py install is deprecated -W ignore:easy_install command is deprecated setup.py egg_info --egg-base ../../../build/turtlebot3_teleop build --build-base /home/ros25/ROS/ROS_25/colcon_ws/build/turtlebot3_teleop/build install --record /home/ros25/ROS/ROS_25/colcon_ws/build/turtlebot3_teleop/install.log --single-version-externally-managed install_data
