[0.214s] Invoking command in '/home/ros25/ROS/ROS_25/colcon_ws/build/turtlebot3_navigation2': CMAKE_PREFIX_PATH=${CMAKE_PREFIX_PATH}:/home/ros25/ROS/ROS_25/colcon_ws/install/turtlebot3_teleop:/home/ros25/ROS/ROS_25/colcon_ws/install/turtlebot3_example:/home/ros25/ROS/ROS_25/colcon_ws/install/turtlebot3_controller:/home/ros25/ROS/ROS_25/colcon_ws/install/test_node:/opt/ros/humble /usr/bin/cmake --build /home/ros25/ROS/ROS_25/colcon_ws/build/turtlebot3_navigation2 -- -j2 -l2
[1.987s] Invoked command in '/home/ros25/ROS/ROS_25/colcon_ws/build/turtlebot3_navigation2' returned '0': CMAKE_PREFIX_PATH=${CMAKE_PREFIX_PATH}:/home/ros25/ROS/ROS_25/colcon_ws/install/turtlebot3_teleop:/home/ros25/ROS/ROS_25/colcon_ws/install/turtlebot3_example:/home/ros25/ROS/ROS_25/colcon_ws/install/turtlebot3_controller:/home/ros25/ROS/ROS_25/colcon_ws/install/test_node:/opt/ros/humble /usr/bin/cmake --build /home/ros25/ROS/ROS_25/colcon_ws/build/turtlebot3_navigation2 -- -j2 -l2
[1.997s] Invoking command in '/home/ros25/ROS/ROS_25/colcon_ws/build/turtlebot3_navigation2': CMAKE_PREFIX_PATH=${CMAKE_PREFIX_PATH}:/home/ros25/ROS/ROS_25/colcon_ws/install/turtlebot3_teleop:/home/ros25/ROS/ROS_25/colcon_ws/install/turtlebot3_example:/home/ros25/ROS/ROS_25/colcon_ws/install/turtlebot3_controller:/home/ros25/ROS/ROS_25/colcon_ws/install/test_node:/opt/ros/humble /usr/bin/cmake --install /home/ros25/ROS/ROS_25/colcon_ws/build/turtlebot3_navigation2
[2.138s] -- Install configuration: ""
[2.144s] -- Up-to-date: /home/ros25/ROS/ROS_25/colcon_ws/install/turtlebot3_navigation2/share/turtlebot3_navigation2/launch
[2.144s] -- Up-to-date: /home/ros25/ROS/ROS_25/colcon_ws/install/turtlebot3_navigation2/share/turtlebot3_navigation2/launch/navigation2.launch.py
[2.149s] -- Up-to-date: /home/ros25/ROS/ROS_25/colcon_ws/install/turtlebot3_navigation2/share/turtlebot3_navigation2/map
[2.155s] -- Up-to-date: /home/ros25/ROS/ROS_25/colcon_ws/install/turtlebot3_navigation2/share/turtlebot3_navigation2/map/map.yaml
[2.155s] -- Up-to-date: /home/ros25/ROS/ROS_25/colcon_ws/install/turtlebot3_navigation2/share/turtlebot3_navigation2/map/map.pgm
[2.161s] -- Up-to-date: /home/ros25/ROS/ROS_25/colcon_ws/install/turtlebot3_navigation2/share/turtlebot3_navigation2/param
[2.161s] -- Up-to-date: /home/ros25/ROS/ROS_25/colcon_ws/install/turtlebot3_navigation2/share/turtlebot3_navigation2/param/burger_cam.yaml
[2.161s] -- Up-to-date: /home/ros25/ROS/ROS_25/colcon_ws/install/turtlebot3_navigation2/share/turtlebot3_navigation2/param/waffle_pi.yaml
[2.161s] -- Up-to-date: /home/ros25/ROS/ROS_25/colcon_ws/install/turtlebot3_navigation2/share/turtlebot3_navigation2/param/burger.yaml
[2.161s] -- Up-to-date: /home/ros25/ROS/ROS_25/colcon_ws/install/turtlebot3_navigation2/share/turtlebot3_navigation2/param/humble
[2.167s] -- Up-to-date: /home/ros25/ROS/ROS_25/colcon_ws/install/turtlebot3_navigation2/share/turtlebot3_navigation2/param/humble/burger_cam.yaml
[2.168s] -- Up-to-date: /home/ros25/ROS/ROS_25/colcon_ws/install/turtlebot3_navigation2/share/turtlebot3_navigation2/param/humble/waffle_pi.yaml
[2.168s] -- Up-to-date: /home/ros25/ROS/ROS_25/colcon_ws/install/turtlebot3_navigation2/share/turtlebot3_navigation2/param/humble/burger.yaml
[2.168s] -- Up-to-date: /home/ros25/ROS/ROS_25/colcon_ws/install/turtlebot3_navigation2/share/turtlebot3_navigation2/param/humble/waffle.yaml
[2.168s] -- Up-to-date: /home/ros25/ROS/ROS_25/colcon_ws/install/turtlebot3_navigation2/share/turtlebot3_navigation2/param/waffle.yaml
[2.168s] -- Up-to-date: /home/ros25/ROS/ROS_25/colcon_ws/install/turtlebot3_navigation2/share/turtlebot3_navigation2/rviz
[2.168s] -- Up-to-date: /home/ros25/ROS/ROS_25/colcon_ws/install/turtlebot3_navigation2/share/turtlebot3_navigation2/rviz/tb3_navigation2.rviz
[2.169s] -- Up-to-date: /home/ros25/ROS/ROS_25/colcon_ws/install/turtlebot3_navigation2/share/ament_index/resource_index/package_run_dependencies/turtlebot3_navigation2
[2.169s] -- Up-to-date: /home/ros25/ROS/ROS_25/colcon_ws/install/turtlebot3_navigation2/share/ament_index/resource_index/parent_prefix_path/turtlebot3_navigation2
[2.169s] -- Up-to-date: /home/ros25/ROS/ROS_25/colcon_ws/install/turtlebot3_navigation2/share/turtlebot3_navigation2/environment/ament_prefix_path.sh
[2.176s] -- Up-to-date: /home/ros25/ROS/ROS_25/colcon_ws/install/turtlebot3_navigation2/share/turtlebot3_navigation2/environment/ament_prefix_path.dsv
[2.176s] -- Up-to-date: /home/ros25/ROS/ROS_25/colcon_ws/install/turtlebot3_navigation2/share/turtlebot3_navigation2/environment/path.sh
[2.176s] -- Up-to-date: /home/ros25/ROS/ROS_25/colcon_ws/install/turtlebot3_navigation2/share/turtlebot3_navigation2/environment/path.dsv
[2.176s] -- Up-to-date: /home/ros25/ROS/ROS_25/colcon_ws/install/turtlebot3_navigation2/share/turtlebot3_navigation2/local_setup.bash
[2.176s] -- Up-to-date: /home/ros25/ROS/ROS_25/colcon_ws/install/turtlebot3_navigation2/share/turtlebot3_navigation2/local_setup.sh
[2.176s] -- Up-to-date: /home/ros25/ROS/ROS_25/colcon_ws/install/turtlebot3_navigation2/share/turtlebot3_navigation2/local_setup.zsh
[2.177s] -- Up-to-date: /home/ros25/ROS/ROS_25/colcon_ws/install/turtlebot3_navigation2/share/turtlebot3_navigation2/local_setup.dsv
[2.177s] -- Installing: /home/ros25/ROS/ROS_25/colcon_ws/install/turtlebot3_navigation2/share/turtlebot3_navigation2/package.dsv
[2.177s] -- Up-to-date: /home/ros25/ROS/ROS_25/colcon_ws/install/turtlebot3_navigation2/share/ament_index/resource_index/packages/turtlebot3_navigation2
[2.177s] -- Up-to-date: /home/ros25/ROS/ROS_25/colcon_ws/install/turtlebot3_navigation2/share/turtlebot3_navigation2/cmake/turtlebot3_navigation2Config.cmake
[2.177s] -- Up-to-date: /home/ros25/ROS/ROS_25/colcon_ws/install/turtlebot3_navigation2/share/turtlebot3_navigation2/cmake/turtlebot3_navigation2Config-version.cmake
[2.177s] -- Up-to-date: /home/ros25/ROS/ROS_25/colcon_ws/install/turtlebot3_navigation2/share/turtlebot3_navigation2/package.xml
[2.192s] Invoked command in '/home/ros25/ROS/ROS_25/colcon_ws/build/turtlebot3_navigation2' returned '0': CMAKE_PREFIX_PATH=${CMAKE_PREFIX_PATH}:/home/ros25/ROS/ROS_25/colcon_ws/install/turtlebot3_teleop:/home/ros25/ROS/ROS_25/colcon_ws/install/turtlebot3_example:/home/ros25/ROS/ROS_25/colcon_ws/install/turtlebot3_controller:/home/ros25/ROS/ROS_25/colcon_ws/install/test_node:/opt/ros/humble /usr/bin/cmake --install /home/ros25/ROS/ROS_25/colcon_ws/build/turtlebot3_navigation2
