-- Found ament_cmake: 1.3.11 (/opt/ros/humble/share/ament_cmake/cmake)
-- Found urdf: 2.6.1 (/opt/ros/humble/share/urdf/cmake)
-- Configuring done
-- Generating done
-- Build files have been written to: /home/ros25/ROS/ROS_25/colcon_ws/build/turtlebot3_description
-- Install configuration: ""
-- Up-to-date: /home/ros25/ROS/ROS_25/colcon_ws/install/turtlebot3_description/share/turtlebot3_description/meshes
-- Up-to-date: /home/ros25/ROS/ROS_25/colcon_ws/install/turtlebot3_description/share/turtlebot3_description/meshes/sensors
-- Installing: /home/ros25/ROS/ROS_25/colcon_ws/install/turtlebot3_description/share/turtlebot3_description/meshes/sensors/r200.dae
-- Installing: /home/ros25/ROS/ROS_25/colcon_ws/install/turtlebot3_description/share/turtlebot3_description/meshes/sensors/astra.jpg
-- Installing: /home/ros25/ROS/ROS_25/colcon_ws/install/turtlebot3_description/share/turtlebot3_description/meshes/sensors/astra.dae
-- Installing: /home/ros25/ROS/ROS_25/colcon_ws/install/turtlebot3_description/share/turtlebot3_description/meshes/sensors/lds.stl
-- Installing: /home/ros25/ROS/ROS_25/colcon_ws/install/turtlebot3_description/share/turtlebot3_description/meshes/sensors/r200.jpg
-- Up-to-date: /home/ros25/ROS/ROS_25/colcon_ws/install/turtlebot3_description/share/turtlebot3_description/meshes/bases
-- Installing: /home/ros25/ROS/ROS_25/colcon_ws/install/turtlebot3_description/share/turtlebot3_description/meshes/bases/waffle_base.stl
-- Installing: /home/ros25/ROS/ROS_25/colcon_ws/install/turtlebot3_description/share/turtlebot3_description/meshes/bases/burger_base.stl
-- Installing: /home/ros25/ROS/ROS_25/colcon_ws/install/turtlebot3_description/share/turtlebot3_description/meshes/bases/waffle_pi_base.stl
-- Up-to-date: /home/ros25/ROS/ROS_25/colcon_ws/install/turtlebot3_description/share/turtlebot3_description/meshes/wheels
-- Installing: /home/ros25/ROS/ROS_25/colcon_ws/install/turtlebot3_description/share/turtlebot3_description/meshes/wheels/left_tire.stl
-- Installing: /home/ros25/ROS/ROS_25/colcon_ws/install/turtlebot3_description/share/turtlebot3_description/meshes/wheels/right_tire.stl
-- Up-to-date: /home/ros25/ROS/ROS_25/colcon_ws/install/turtlebot3_description/share/turtlebot3_description/rviz
-- Installing: /home/ros25/ROS/ROS_25/colcon_ws/install/turtlebot3_description/share/turtlebot3_description/rviz/model.rviz
-- Up-to-date: /home/ros25/ROS/ROS_25/colcon_ws/install/turtlebot3_description/share/turtlebot3_description/urdf
-- Installing: /home/ros25/ROS/ROS_25/colcon_ws/install/turtlebot3_description/share/turtlebot3_description/urdf/turtlebot3_burger.urdf
-- Installing: /home/ros25/ROS/ROS_25/colcon_ws/install/turtlebot3_description/share/turtlebot3_description/urdf/turtlebot3_waffle.urdf
-- Installing: /home/ros25/ROS/ROS_25/colcon_ws/install/turtlebot3_description/share/turtlebot3_description/urdf/turtlebot3_waffle_pi.urdf
-- Installing: /home/ros25/ROS/ROS_25/colcon_ws/install/turtlebot3_description/share/turtlebot3_description/urdf/common_properties.urdf
-- Up-to-date: /home/ros25/ROS/ROS_25/colcon_ws/install/turtlebot3_description/share/ament_index/resource_index/package_run_dependencies/turtlebot3_description
-- Installing: /home/ros25/ROS/ROS_25/colcon_ws/install/turtlebot3_description/share/ament_index/resource_index/parent_prefix_path/turtlebot3_description
-- Up-to-date: /home/ros25/ROS/ROS_25/colcon_ws/install/turtlebot3_description/share/turtlebot3_description/environment/ament_prefix_path.sh
-- Installing: /home/ros25/ROS/ROS_25/colcon_ws/install/turtlebot3_description/share/turtlebot3_description/environment/ament_prefix_path.dsv
-- Up-to-date: /home/ros25/ROS/ROS_25/colcon_ws/install/turtlebot3_description/share/turtlebot3_description/environment/path.sh
-- Installing: /home/ros25/ROS/ROS_25/colcon_ws/install/turtlebot3_description/share/turtlebot3_description/environment/path.dsv
-- Up-to-date: /home/ros25/ROS/ROS_25/colcon_ws/install/turtlebot3_description/share/turtlebot3_description/local_setup.bash
-- Up-to-date: /home/ros25/ROS/ROS_25/colcon_ws/install/turtlebot3_description/share/turtlebot3_description/local_setup.sh
-- Up-to-date: /home/ros25/ROS/ROS_25/colcon_ws/install/turtlebot3_description/share/turtlebot3_description/local_setup.zsh
-- Installing: /home/ros25/ROS/ROS_25/colcon_ws/install/turtlebot3_description/share/turtlebot3_description/local_setup.dsv
-- Installing: /home/ros25/ROS/ROS_25/colcon_ws/install/turtlebot3_description/share/turtlebot3_description/package.dsv
-- Up-to-date: /home/ros25/ROS/ROS_25/colcon_ws/install/turtlebot3_description/share/ament_index/resource_index/packages/turtlebot3_description
-- Up-to-date: /home/ros25/ROS/ROS_25/colcon_ws/install/turtlebot3_description/share/turtlebot3_description/cmake/turtlebot3_descriptionConfig.cmake
-- Up-to-date: /home/ros25/ROS/ROS_25/colcon_ws/install/turtlebot3_description/share/turtlebot3_description/cmake/turtlebot3_descriptionConfig-version.cmake
-- Installing: /home/ros25/ROS/ROS_25/colcon_ws/install/turtlebot3_description/share/turtlebot3_description/package.xml
