[7.593s] Invoking command in '/home/ros25/ROS/ROS_25/colcon_ws/src/turtlebot3/turtlebot3_example': CMAKE_PREFIX_PATH=/home/ros25/ROS/ROS_25/colcon_ws/install/turtlebot3_msgs:/home/ros25/ROS/ROS_25/colcon_ws/install/turtlebot3:/home/ros25/ROS/ROS_25/colcon_ws/install/turtlebot3_simulations:/home/ros25/ROS/ROS_25/colcon_ws/install/turtlebot3_bringup:/home/ros25/ROS/ROS_25/colcon_ws/install/turtlebot3_node:/home/ros25/ROS/ROS_25/colcon_ws/install/turtlebot3_navigation2:/home/ros25/ROS/ROS_25/colcon_ws/install/turtlebot3_machine_learning:/home/ros25/ROS/ROS_25/colcon_ws/install/turtlebot3_fake_node:/home/ros25/ROS/ROS_25/colcon_ws/install/turtlebot3_manipulation_gazebo:/home/ros25/ROS/ROS_25/colcon_ws/install/turtlebot3_gazebo:/home/ros25/ROS/ROS_25/colcon_ws/install/turtlebot3_description:/home/ros25/ROS/ROS_25/colcon_ws/install/turtlebot3_cartographer:/home/ros25/ROS/ROS_25/colcon_ws/install/dynamixel_sdk_examples:/home/ros25/ROS/ROS_25/colcon_ws/install/dynamixel_sdk_custom_interfaces:/home/ros25/ROS/ROS_25/colcon_ws/install/dynamixel_sdk LD_LIBRARY_PATH=/home/ros25/ROS/ROS_25/colcon_ws/install/turtlebot3_msgs/lib:/home/ros25/ROS/ROS_25/colcon_ws/install/dynamixel_sdk_custom_interfaces/lib:/home/ros25/ROS/ROS_25/colcon_ws/install/dynamixel_sdk/lib:/usr/lib/x86_64-linux-gnu/gazebo-11/plugins:/opt/ros/humble/opt/rviz_ogre_vendor/lib:/opt/ros/humble/lib/x86_64-linux-gnu:/opt/ros/humble/lib:/usr/share/gazebo/../../lib/x86_64-linux-gnu/gazebo-11/plugins PYTHONPATH=/home/ros25/ROS/ROS_25/colcon_ws/build/turtlebot3_example/prefix_override:/usr/lib/python3/dist-packages/colcon_core/task/python/colcon_distutils_commands:/home/ros25/ROS/ROS_25/colcon_ws/install/turtlebot3_example/lib/python3.10/site-packages:${PYTHONPATH} /usr/bin/python3 -W ignore:setup.py install is deprecated -W ignore:easy_install command is deprecated setup.py egg_info --egg-base ../../../build/turtlebot3_example build --build-base /home/ros25/ROS/ROS_25/colcon_ws/build/turtlebot3_example/build install --record /home/ros25/ROS/ROS_25/colcon_ws/build/turtlebot3_example/install.log --single-version-externally-managed install_data
[9.708s] running egg_info
[9.720s] writing ../../../build/turtlebot3_example/turtlebot3_example.egg-info/PKG-INFO
[9.720s] writing dependency_links to ../../../build/turtlebot3_example/turtlebot3_example.egg-info/dependency_links.txt
[9.720s] writing entry points to ../../../build/turtlebot3_example/turtlebot3_example.egg-info/entry_points.txt
[9.729s] writing requirements to ../../../build/turtlebot3_example/turtlebot3_example.egg-info/requires.txt
[9.729s] writing top-level names to ../../../build/turtlebot3_example/turtlebot3_example.egg-info/top_level.txt
[9.759s] reading manifest file '../../../build/turtlebot3_example/turtlebot3_example.egg-info/SOURCES.txt'
[9.759s] writing manifest file '../../../build/turtlebot3_example/turtlebot3_example.egg-info/SOURCES.txt'
[9.769s] running build
[9.769s] running build_py
[9.783s] running install
[9.783s] running install_lib
[9.803s] running install_data
[9.803s] running install_egg_info
[9.814s] removing '/home/ros25/ROS/ROS_25/colcon_ws/install/turtlebot3_example/lib/python3.10/site-packages/turtlebot3_example-2.3.1-py3.10.egg-info' (and everything under it)
[9.817s] Copying ../../../build/turtlebot3_example/turtlebot3_example.egg-info to /home/ros25/ROS/ROS_25/colcon_ws/install/turtlebot3_example/lib/python3.10/site-packages/turtlebot3_example-2.3.1-py3.10.egg-info
[9.836s] running install_scripts
[10.082s] Installing turtlebot3_absolute_move script to /home/ros25/ROS/ROS_25/colcon_ws/install/turtlebot3_example/lib/turtlebot3_example
[10.089s] Installing turtlebot3_interactive_marker script to /home/ros25/ROS/ROS_25/colcon_ws/install/turtlebot3_example/lib/turtlebot3_example
[10.104s] Installing turtlebot3_obstacle_detection script to /home/ros25/ROS/ROS_25/colcon_ws/install/turtlebot3_example/lib/turtlebot3_example
[10.104s] Installing turtlebot3_patrol_client script to /home/ros25/ROS/ROS_25/colcon_ws/install/turtlebot3_example/lib/turtlebot3_example
[10.108s] Installing turtlebot3_patrol_server script to /home/ros25/ROS/ROS_25/colcon_ws/install/turtlebot3_example/lib/turtlebot3_example
[10.109s] Installing turtlebot3_relative_move script to /home/ros25/ROS/ROS_25/colcon_ws/install/turtlebot3_example/lib/turtlebot3_example
[10.123s] writing list of installed files to '/home/ros25/ROS/ROS_25/colcon_ws/build/turtlebot3_example/install.log'
[10.427s] Invoked command in '/home/ros25/ROS/ROS_25/colcon_ws/src/turtlebot3/turtlebot3_example' returned '0': CMAKE_PREFIX_PATH=/home/ros25/ROS/ROS_25/colcon_ws/install/turtlebot3_msgs:/home/ros25/ROS/ROS_25/colcon_ws/install/turtlebot3:/home/ros25/ROS/ROS_25/colcon_ws/install/turtlebot3_simulations:/home/ros25/ROS/ROS_25/colcon_ws/install/turtlebot3_bringup:/home/ros25/ROS/ROS_25/colcon_ws/install/turtlebot3_node:/home/ros25/ROS/ROS_25/colcon_ws/install/turtlebot3_navigation2:/home/ros25/ROS/ROS_25/colcon_ws/install/turtlebot3_machine_learning:/home/ros25/ROS/ROS_25/colcon_ws/install/turtlebot3_fake_node:/home/ros25/ROS/ROS_25/colcon_ws/install/turtlebot3_manipulation_gazebo:/home/ros25/ROS/ROS_25/colcon_ws/install/turtlebot3_gazebo:/home/ros25/ROS/ROS_25/colcon_ws/install/turtlebot3_description:/home/ros25/ROS/ROS_25/colcon_ws/install/turtlebot3_cartographer:/home/ros25/ROS/ROS_25/colcon_ws/install/dynamixel_sdk_examples:/home/ros25/ROS/ROS_25/colcon_ws/install/dynamixel_sdk_custom_interfaces:/home/ros25/ROS/ROS_25/colcon_ws/install/dynamixel_sdk LD_LIBRARY_PATH=/home/ros25/ROS/ROS_25/colcon_ws/install/turtlebot3_msgs/lib:/home/ros25/ROS/ROS_25/colcon_ws/install/dynamixel_sdk_custom_interfaces/lib:/home/ros25/ROS/ROS_25/colcon_ws/install/dynamixel_sdk/lib:/usr/lib/x86_64-linux-gnu/gazebo-11/plugins:/opt/ros/humble/opt/rviz_ogre_vendor/lib:/opt/ros/humble/lib/x86_64-linux-gnu:/opt/ros/humble/lib:/usr/share/gazebo/../../lib/x86_64-linux-gnu/gazebo-11/plugins PYTHONPATH=/home/ros25/ROS/ROS_25/colcon_ws/build/turtlebot3_example/prefix_override:/usr/lib/python3/dist-packages/colcon_core/task/python/colcon_distutils_commands:/home/ros25/ROS/ROS_25/colcon_ws/install/turtlebot3_example/lib/python3.10/site-packages:${PYTHONPATH} /usr/bin/python3 -W ignore:setup.py install is deprecated -W ignore:easy_install command is deprecated setup.py egg_info --egg-base ../../../build/turtlebot3_example build --build-base /home/ros25/ROS/ROS_25/colcon_ws/build/turtlebot3_example/build install --record /home/ros25/ROS/ROS_25/colcon_ws/build/turtlebot3_example/install.log --single-version-externally-managed install_data
