[0.048s] Invoking command in '/home/ros25/ROS/ROS_25/colcon_ws/build/dynamixel_sdk_custom_interfaces': CMAKE_PREFIX_PATH=${CMAKE_PREFIX_PATH}:/home/ros25/ROS/ROS_25/colcon_ws/install/test_node:/opt/ros/humble /usr/bin/cmake /home/ros25/ROS/ROS_25/colcon_ws/src/DynamixelSDK/ros/dynamixel_sdk_custom_interfaces -DAMENT_CMAKE_SYMLINK_INSTALL=1 -DCMAKE_INSTALL_PREFIX=/home/ros25/ROS/ROS_25/colcon_ws/install/dynamixel_sdk_custom_interfaces
[0.277s] -- The C compiler identification is GNU 11.4.0
[0.499s] -- The CXX compiler identification is GNU 11.4.0
[0.540s] -- Detecting C compiler ABI info
[0.876s] -- Detecting C compiler ABI info - done
[0.923s] -- Check for working C compiler: /usr/bin/cc - skipped
[0.923s] -- Detecting C compile features
[0.937s] -- Detecting C compile features - done
[0.949s] -- Detecting CXX compiler ABI info
[1.416s] -- Detecting CXX compiler ABI info - done
[1.469s] -- Check for working CXX compiler: /usr/bin/c++ - skipped
[1.470s] -- Detecting CXX compile features
[1.475s] -- Detecting CXX compile features - done
[1.484s] -- Found ament_cmake: 1.3.11 (/opt/ros/humble/share/ament_cmake/cmake)
[2.043s] -- Found Python3: /usr/bin/python3 (found version "3.10.12") found components: Interpreter 
[2.280s] -- Override CMake install command with custom implementation using symlinks instead of copying resources
[2.351s] -- Found builtin_interfaces: 1.2.1 (/opt/ros/humble/share/builtin_interfaces/cmake)
[2.453s] -- Found rosidl_generator_c: 3.1.6 (/opt/ros/humble/share/rosidl_generator_c/cmake)
[2.499s] -- Found rosidl_adapter: 3.1.6 (/opt/ros/humble/share/rosidl_adapter/cmake)
[2.523s] -- Found rosidl_generator_cpp: 3.1.6 (/opt/ros/humble/share/rosidl_generator_cpp/cmake)
[2.555s] -- Using all available rosidl_typesupport_c: rosidl_typesupport_fastrtps_c;rosidl_typesupport_introspection_c
[2.609s] -- Using all available rosidl_typesupport_cpp: rosidl_typesupport_fastrtps_cpp;rosidl_typesupport_introspection_cpp
[2.649s] -- Found rosidl_default_generators: 1.2.0 (/opt/ros/humble/share/rosidl_default_generators/cmake)
[3.987s] -- Found ament_cmake_ros: 0.10.0 (/opt/ros/humble/share/ament_cmake_ros/cmake)
[5.827s] -- Using all available rosidl_typesupport_c: rosidl_typesupport_fastrtps_c;rosidl_typesupport_introspection_c
[6.627s] -- Using all available rosidl_typesupport_cpp: rosidl_typesupport_fastrtps_cpp;rosidl_typesupport_introspection_cpp
[6.781s] -- Found PythonInterp: /usr/bin/python3 (found suitable version "3.10.12", minimum required is "3.6") 
[6.789s] -- Found python_cmake_module: 0.10.0 (/opt/ros/humble/share/python_cmake_module/cmake)
[6.971s] -- Found PythonLibs: /usr/lib/x86_64-linux-gnu/libpython3.10.so (found suitable version "3.10.12", minimum required is "3.5") 
[6.971s] -- Using PYTHON_EXECUTABLE: /usr/bin/python3
[6.971s] -- Using PYTHON_INCLUDE_DIRS: /usr/include/python3.10
[6.971s] -- Using PYTHON_LIBRARIES: /usr/lib/x86_64-linux-gnu/libpython3.10.so
[7.123s] -- Found PythonExtra: .so  
[7.396s] -- Configuring done
[7.600s] -- Generating done
[7.677s] -- Build files have been written to: /home/ros25/ROS/ROS_25/colcon_ws/build/dynamixel_sdk_custom_interfaces
[7.738s] Invoked command in '/home/ros25/ROS/ROS_25/colcon_ws/build/dynamixel_sdk_custom_interfaces' returned '0': CMAKE_PREFIX_PATH=${CMAKE_PREFIX_PATH}:/home/ros25/ROS/ROS_25/colcon_ws/install/test_node:/opt/ros/humble /usr/bin/cmake /home/ros25/ROS/ROS_25/colcon_ws/src/DynamixelSDK/ros/dynamixel_sdk_custom_interfaces -DAMENT_CMAKE_SYMLINK_INSTALL=1 -DCMAKE_INSTALL_PREFIX=/home/ros25/ROS/ROS_25/colcon_ws/install/dynamixel_sdk_custom_interfaces
[7.741s] Invoking command in '/home/ros25/ROS/ROS_25/colcon_ws/build/dynamixel_sdk_custom_interfaces': CMAKE_PREFIX_PATH=${CMAKE_PREFIX_PATH}:/home/ros25/ROS/ROS_25/colcon_ws/install/test_node:/opt/ros/humble /usr/bin/cmake --build /home/ros25/ROS/ROS_25/colcon_ws/build/dynamixel_sdk_custom_interfaces -- -j2 -l2
[8.285s] [  2%] [34m[1mGenerating C code for ROS interfaces[0m
[8.433s] [  5%] [34m[1mGenerating C++ code for ROS interfaces[0m
[11.118s] [  5%] Built target dynamixel_sdk_custom_interfaces__cpp
[11.241s] [  7%] [32mBuilding C object CMakeFiles/dynamixel_sdk_custom_interfaces__rosidl_generator_c.dir/rosidl_generator_c/dynamixel_sdk_custom_interfaces/msg/detail/set_position__functions.c.o[0m
[11.404s] [  7%] Built target ament_cmake_python_symlink_dynamixel_sdk_custom_interfaces
[11.497s] [ 10%] [32mBuilding C object CMakeFiles/dynamixel_sdk_custom_interfaces__rosidl_generator_c.dir/rosidl_generator_c/dynamixel_sdk_custom_interfaces/srv/detail/get_position__functions.c.o[0m
[11.618s] [ 12%] [34m[1mGenerating C++ type support dispatch for ROS interfaces[0m
[11.952s] [ 15%] [32m[1mLinking C shared library libdynamixel_sdk_custom_interfaces__rosidl_generator_c.so[0m
[12.325s] [ 15%] Built target dynamixel_sdk_custom_interfaces__rosidl_generator_c
[12.466s] [ 17%] [34m[1mGenerating C++ type support for eProsima Fast-RTPS[0m
[13.455s] [ 20%] [32mBuilding CXX object CMakeFiles/dynamixel_sdk_custom_interfaces__rosidl_typesupport_cpp.dir/rosidl_typesupport_cpp/dynamixel_sdk_custom_interfaces/msg/set_position__type_support.cpp.o[0m
[14.461s] [ 23%] [32mBuilding CXX object CMakeFiles/dynamixel_sdk_custom_interfaces__rosidl_typesupport_fastrtps_cpp.dir/rosidl_typesupport_fastrtps_cpp/dynamixel_sdk_custom_interfaces/msg/detail/dds_fastrtps/set_position__type_support.cpp.o[0m
[15.302s] [ 25%] [32mBuilding CXX object CMakeFiles/dynamixel_sdk_custom_interfaces__rosidl_typesupport_cpp.dir/rosidl_typesupport_cpp/dynamixel_sdk_custom_interfaces/srv/get_position__type_support.cpp.o[0m
[16.493s] [ 28%] [32m[1mLinking CXX shared library libdynamixel_sdk_custom_interfaces__rosidl_typesupport_cpp.so[0m
[16.732s] [ 30%] [32mBuilding CXX object CMakeFiles/dynamixel_sdk_custom_interfaces__rosidl_typesupport_fastrtps_cpp.dir/rosidl_typesupport_fastrtps_cpp/dynamixel_sdk_custom_interfaces/srv/detail/dds_fastrtps/get_position__type_support.cpp.o[0m
[16.860s] [ 30%] Built target dynamixel_sdk_custom_interfaces__rosidl_typesupport_cpp
[16.931s] [ 33%] [34m[1mGenerating C introspection for ROS interfaces[0m
[18.523s] [ 35%] [32m[1mLinking CXX shared library libdynamixel_sdk_custom_interfaces__rosidl_typesupport_fastrtps_cpp.so[0m
[18.791s] [ 38%] [32mBuilding C object CMakeFiles/dynamixel_sdk_custom_interfaces__rosidl_typesupport_introspection_c.dir/rosidl_typesupport_introspection_c/dynamixel_sdk_custom_interfaces/msg/detail/set_position__type_support.c.o[0m
[18.981s] [ 38%] Built target dynamixel_sdk_custom_interfaces__rosidl_typesupport_fastrtps_cpp
[19.034s] [ 41%] [34m[1mGenerating C type support dispatch for ROS interfaces[0m
[19.049s] [ 43%] [32mBuilding C object CMakeFiles/dynamixel_sdk_custom_interfaces__rosidl_typesupport_introspection_c.dir/rosidl_typesupport_introspection_c/dynamixel_sdk_custom_interfaces/srv/detail/get_position__type_support.c.o[0m
[19.287s] [ 46%] [32m[1mLinking C shared library libdynamixel_sdk_custom_interfaces__rosidl_typesupport_introspection_c.so[0m
[19.567s] [ 46%] Built target dynamixel_sdk_custom_interfaces__rosidl_typesupport_introspection_c
[19.668s] [ 48%] [34m[1mGenerating C++ introspection for ROS interfaces[0m
[20.286s] [ 51%] [32mBuilding CXX object CMakeFiles/dynamixel_sdk_custom_interfaces__rosidl_typesupport_c.dir/rosidl_typesupport_c/dynamixel_sdk_custom_interfaces/msg/set_position__type_support.cpp.o[0m
[20.433s] [ 53%] [32mBuilding CXX object CMakeFiles/dynamixel_sdk_custom_interfaces__rosidl_typesupport_c.dir/rosidl_typesupport_c/dynamixel_sdk_custom_interfaces/srv/get_position__type_support.cpp.o[0m
[20.596s] [ 56%] [32m[1mLinking CXX shared library libdynamixel_sdk_custom_interfaces__rosidl_typesupport_c.so[0m
[20.851s] [ 56%] Built target dynamixel_sdk_custom_interfaces__rosidl_typesupport_c
[21.441s] [ 58%] [32mBuilding CXX object CMakeFiles/dynamixel_sdk_custom_interfaces__rosidl_typesupport_introspection_cpp.dir/rosidl_typesupport_introspection_cpp/dynamixel_sdk_custom_interfaces/msg/detail/set_position__type_support.cpp.o[0m
[21.820s] running egg_info
[21.821s] creating dynamixel_sdk_custom_interfaces.egg-info
[21.824s] writing dynamixel_sdk_custom_interfaces.egg-info/PKG-INFO
[21.825s] writing dependency_links to dynamixel_sdk_custom_interfaces.egg-info/dependency_links.txt
[21.825s] writing top-level names to dynamixel_sdk_custom_interfaces.egg-info/top_level.txt
[21.825s] writing manifest file 'dynamixel_sdk_custom_interfaces.egg-info/SOURCES.txt'
[21.829s] reading manifest file 'dynamixel_sdk_custom_interfaces.egg-info/SOURCES.txt'
[21.831s] writing manifest file 'dynamixel_sdk_custom_interfaces.egg-info/SOURCES.txt'
[22.000s] [ 58%] Built target ament_cmake_python_build_dynamixel_sdk_custom_interfaces_egg
[22.093s] [ 61%] [32mBuilding CXX object CMakeFiles/dynamixel_sdk_custom_interfaces__rosidl_typesupport_introspection_cpp.dir/rosidl_typesupport_introspection_cpp/dynamixel_sdk_custom_interfaces/srv/detail/get_position__type_support.cpp.o[0m
[23.874s] [ 64%] [34m[1mGenerating C type support for eProsima Fast-RTPS[0m
[24.245s] [ 66%] [32m[1mLinking CXX shared library libdynamixel_sdk_custom_interfaces__rosidl_typesupport_introspection_cpp.so[0m
[24.501s] [ 66%] Built target dynamixel_sdk_custom_interfaces__rosidl_typesupport_introspection_cpp
[25.621s] [ 69%] [32mBuilding CXX object CMakeFiles/dynamixel_sdk_custom_interfaces__rosidl_typesupport_fastrtps_c.dir/rosidl_typesupport_fastrtps_c/dynamixel_sdk_custom_interfaces/msg/detail/set_position__type_support_c.cpp.o[0m
[25.705s] [ 71%] [32mBuilding CXX object CMakeFiles/dynamixel_sdk_custom_interfaces__rosidl_typesupport_fastrtps_c.dir/rosidl_typesupport_fastrtps_c/dynamixel_sdk_custom_interfaces/srv/detail/get_position__type_support_c.cpp.o[0m
[27.896s] [ 74%] [32m[1mLinking CXX shared library libdynamixel_sdk_custom_interfaces__rosidl_typesupport_fastrtps_c.so[0m
[28.225s] [ 74%] Built target dynamixel_sdk_custom_interfaces__rosidl_typesupport_fastrtps_c
[28.314s] [ 74%] Built target dynamixel_sdk_custom_interfaces
[28.411s] [ 76%] [34m[1mGenerating Python code for ROS interfaces[0m
[31.152s] [ 76%] Built target dynamixel_sdk_custom_interfaces__py
[31.315s] [ 79%] [32mBuilding C object CMakeFiles/dynamixel_sdk_custom_interfaces__rosidl_generator_py.dir/rosidl_generator_py/dynamixel_sdk_custom_interfaces/msg/_set_position_s.c.o[0m
[32.181s] [ 82%] [32mBuilding C object CMakeFiles/dynamixel_sdk_custom_interfaces__rosidl_generator_py.dir/rosidl_generator_py/dynamixel_sdk_custom_interfaces/srv/_get_position_s.c.o[0m
[32.839s] [ 84%] [32m[1mLinking C shared library rosidl_generator_py/dynamixel_sdk_custom_interfaces/libdynamixel_sdk_custom_interfaces__rosidl_generator_py.so[0m
[33.175s] [ 84%] Built target dynamixel_sdk_custom_interfaces__rosidl_generator_py
[33.311s] [ 87%] [32mBuilding C object CMakeFiles/dynamixel_sdk_custom_interfaces__rosidl_typesupport_fastrtps_c__pyext.dir/rosidl_generator_py/dynamixel_sdk_custom_interfaces/_dynamixel_sdk_custom_interfaces_s.ep.rosidl_typesupport_fastrtps_c.c.o[0m
[33.980s] [ 89%] [32m[1mLinking C shared library rosidl_generator_py/dynamixel_sdk_custom_interfaces/dynamixel_sdk_custom_interfaces_s__rosidl_typesupport_fastrtps_c.cpython-310-x86_64-linux-gnu.so[0m
[34.336s] [ 89%] Built target dynamixel_sdk_custom_interfaces__rosidl_typesupport_fastrtps_c__pyext
[34.462s] [ 92%] [32mBuilding C object CMakeFiles/dynamixel_sdk_custom_interfaces__rosidl_typesupport_introspection_c__pyext.dir/rosidl_generator_py/dynamixel_sdk_custom_interfaces/_dynamixel_sdk_custom_interfaces_s.ep.rosidl_typesupport_introspection_c.c.o[0m
[35.117s] [ 94%] [32m[1mLinking C shared library rosidl_generator_py/dynamixel_sdk_custom_interfaces/dynamixel_sdk_custom_interfaces_s__rosidl_typesupport_introspection_c.cpython-310-x86_64-linux-gnu.so[0m
[35.454s] [ 94%] Built target dynamixel_sdk_custom_interfaces__rosidl_typesupport_introspection_c__pyext
[35.684s] [ 97%] [32mBuilding C object CMakeFiles/dynamixel_sdk_custom_interfaces__rosidl_typesupport_c__pyext.dir/rosidl_generator_py/dynamixel_sdk_custom_interfaces/_dynamixel_sdk_custom_interfaces_s.ep.rosidl_typesupport_c.c.o[0m
[36.348s] [100%] [32m[1mLinking C shared library rosidl_generator_py/dynamixel_sdk_custom_interfaces/dynamixel_sdk_custom_interfaces_s__rosidl_typesupport_c.cpython-310-x86_64-linux-gnu.so[0m
[36.702s] [100%] Built target dynamixel_sdk_custom_interfaces__rosidl_typesupport_c__pyext
[36.804s] Invoked command in '/home/ros25/ROS/ROS_25/colcon_ws/build/dynamixel_sdk_custom_interfaces' returned '0': CMAKE_PREFIX_PATH=${CMAKE_PREFIX_PATH}:/home/ros25/ROS/ROS_25/colcon_ws/install/test_node:/opt/ros/humble /usr/bin/cmake --build /home/ros25/ROS/ROS_25/colcon_ws/build/dynamixel_sdk_custom_interfaces -- -j2 -l2
[36.814s] Invoking command in '/home/ros25/ROS/ROS_25/colcon_ws/build/dynamixel_sdk_custom_interfaces': CMAKE_PREFIX_PATH=${CMAKE_PREFIX_PATH}:/home/ros25/ROS/ROS_25/colcon_ws/install/test_node:/opt/ros/humble /usr/bin/cmake --install /home/ros25/ROS/ROS_25/colcon_ws/build/dynamixel_sdk_custom_interfaces
[36.932s] -- Install configuration: ""
[36.939s] -- Execute custom install script
[36.941s] -- Symlinking: /home/ros25/ROS/ROS_25/colcon_ws/install/dynamixel_sdk_custom_interfaces/share/ament_index/resource_index/rosidl_interfaces/dynamixel_sdk_custom_interfaces
[37.025s] -- Symlinking: /home/ros25/ROS/ROS_25/colcon_ws/install/dynamixel_sdk_custom_interfaces/include/dynamixel_sdk_custom_interfaces/dynamixel_sdk_custom_interfaces/msg/detail/set_position__functions.h
[37.090s] -- Symlinking: /home/ros25/ROS/ROS_25/colcon_ws/install/dynamixel_sdk_custom_interfaces/include/dynamixel_sdk_custom_interfaces/dynamixel_sdk_custom_interfaces/msg/detail/set_position__struct.h
[37.166s] -- Symlinking: /home/ros25/ROS/ROS_25/colcon_ws/install/dynamixel_sdk_custom_interfaces/include/dynamixel_sdk_custom_interfaces/dynamixel_sdk_custom_interfaces/msg/detail/set_position__type_support.h
[37.242s] -- Symlinking: /home/ros25/ROS/ROS_25/colcon_ws/install/dynamixel_sdk_custom_interfaces/include/dynamixel_sdk_custom_interfaces/dynamixel_sdk_custom_interfaces/msg/rosidl_generator_c__visibility_control.h
[37.316s] -- Symlinking: /home/ros25/ROS/ROS_25/colcon_ws/install/dynamixel_sdk_custom_interfaces/include/dynamixel_sdk_custom_interfaces/dynamixel_sdk_custom_interfaces/msg/set_position.h
[37.404s] -- Symlinking: /home/ros25/ROS/ROS_25/colcon_ws/install/dynamixel_sdk_custom_interfaces/include/dynamixel_sdk_custom_interfaces/dynamixel_sdk_custom_interfaces/srv/detail/get_position__functions.h
[37.484s] -- Symlinking: /home/ros25/ROS/ROS_25/colcon_ws/install/dynamixel_sdk_custom_interfaces/include/dynamixel_sdk_custom_interfaces/dynamixel_sdk_custom_interfaces/srv/detail/get_position__struct.h
[37.559s] -- Symlinking: /home/ros25/ROS/ROS_25/colcon_ws/install/dynamixel_sdk_custom_interfaces/include/dynamixel_sdk_custom_interfaces/dynamixel_sdk_custom_interfaces/srv/detail/get_position__type_support.h
[37.638s] -- Symlinking: /home/ros25/ROS/ROS_25/colcon_ws/install/dynamixel_sdk_custom_interfaces/include/dynamixel_sdk_custom_interfaces/dynamixel_sdk_custom_interfaces/srv/get_position.h
[37.717s] -- Symlinking: /home/ros25/ROS/ROS_25/colcon_ws/install/dynamixel_sdk_custom_interfaces/share/dynamixel_sdk_custom_interfaces/environment/library_path.sh
[37.789s] -- Symlinking: /home/ros25/ROS/ROS_25/colcon_ws/install/dynamixel_sdk_custom_interfaces/share/dynamixel_sdk_custom_interfaces/environment/library_path.dsv
[37.862s] -- Symlinking: /home/ros25/ROS/ROS_25/colcon_ws/install/dynamixel_sdk_custom_interfaces/include/dynamixel_sdk_custom_interfaces/dynamixel_sdk_custom_interfaces/msg/detail/set_position__rosidl_typesupport_fastrtps_c.h
[37.942s] -- Symlinking: /home/ros25/ROS/ROS_25/colcon_ws/install/dynamixel_sdk_custom_interfaces/include/dynamixel_sdk_custom_interfaces/dynamixel_sdk_custom_interfaces/msg/rosidl_typesupport_fastrtps_c__visibility_control.h
[38.051s] -- Symlinking: /home/ros25/ROS/ROS_25/colcon_ws/install/dynamixel_sdk_custom_interfaces/include/dynamixel_sdk_custom_interfaces/dynamixel_sdk_custom_interfaces/srv/detail/get_position__rosidl_typesupport_fastrtps_c.h
[38.136s] -- Symlinking: /home/ros25/ROS/ROS_25/colcon_ws/install/dynamixel_sdk_custom_interfaces/include/dynamixel_sdk_custom_interfaces/dynamixel_sdk_custom_interfaces/msg/detail/set_position__builder.hpp
[38.224s] -- Symlinking: /home/ros25/ROS/ROS_25/colcon_ws/install/dynamixel_sdk_custom_interfaces/include/dynamixel_sdk_custom_interfaces/dynamixel_sdk_custom_interfaces/msg/detail/set_position__struct.hpp
[38.310s] -- Symlinking: /home/ros25/ROS/ROS_25/colcon_ws/install/dynamixel_sdk_custom_interfaces/include/dynamixel_sdk_custom_interfaces/dynamixel_sdk_custom_interfaces/msg/detail/set_position__traits.hpp
[38.376s] -- Symlinking: /home/ros25/ROS/ROS_25/colcon_ws/install/dynamixel_sdk_custom_interfaces/include/dynamixel_sdk_custom_interfaces/dynamixel_sdk_custom_interfaces/msg/detail/set_position__type_support.hpp
[38.439s] -- Symlinking: /home/ros25/ROS/ROS_25/colcon_ws/install/dynamixel_sdk_custom_interfaces/include/dynamixel_sdk_custom_interfaces/dynamixel_sdk_custom_interfaces/msg/rosidl_generator_cpp__visibility_control.hpp
[38.499s] -- Symlinking: /home/ros25/ROS/ROS_25/colcon_ws/install/dynamixel_sdk_custom_interfaces/include/dynamixel_sdk_custom_interfaces/dynamixel_sdk_custom_interfaces/msg/set_position.hpp
[38.558s] -- Symlinking: /home/ros25/ROS/ROS_25/colcon_ws/install/dynamixel_sdk_custom_interfaces/include/dynamixel_sdk_custom_interfaces/dynamixel_sdk_custom_interfaces/srv/detail/get_position__builder.hpp
[38.610s] -- Symlinking: /home/ros25/ROS/ROS_25/colcon_ws/install/dynamixel_sdk_custom_interfaces/include/dynamixel_sdk_custom_interfaces/dynamixel_sdk_custom_interfaces/srv/detail/get_position__struct.hpp
[38.685s] -- Symlinking: /home/ros25/ROS/ROS_25/colcon_ws/install/dynamixel_sdk_custom_interfaces/include/dynamixel_sdk_custom_interfaces/dynamixel_sdk_custom_interfaces/srv/detail/get_position__traits.hpp
[38.732s] -- Symlinking: /home/ros25/ROS/ROS_25/colcon_ws/install/dynamixel_sdk_custom_interfaces/include/dynamixel_sdk_custom_interfaces/dynamixel_sdk_custom_interfaces/srv/detail/get_position__type_support.hpp
[38.770s] -- Symlinking: /home/ros25/ROS/ROS_25/colcon_ws/install/dynamixel_sdk_custom_interfaces/include/dynamixel_sdk_custom_interfaces/dynamixel_sdk_custom_interfaces/srv/get_position.hpp
[38.832s] -- Symlinking: /home/ros25/ROS/ROS_25/colcon_ws/install/dynamixel_sdk_custom_interfaces/include/dynamixel_sdk_custom_interfaces/dynamixel_sdk_custom_interfaces/msg/detail/set_position__rosidl_typesupport_fastrtps_cpp.hpp
[38.899s] -- Symlinking: /home/ros25/ROS/ROS_25/colcon_ws/install/dynamixel_sdk_custom_interfaces/include/dynamixel_sdk_custom_interfaces/dynamixel_sdk_custom_interfaces/msg/rosidl_typesupport_fastrtps_cpp__visibility_control.h
[38.948s] -- Symlinking: /home/ros25/ROS/ROS_25/colcon_ws/install/dynamixel_sdk_custom_interfaces/include/dynamixel_sdk_custom_interfaces/dynamixel_sdk_custom_interfaces/srv/detail/get_position__rosidl_typesupport_fastrtps_cpp.hpp
[39.011s] -- Symlinking: /home/ros25/ROS/ROS_25/colcon_ws/install/dynamixel_sdk_custom_interfaces/include/dynamixel_sdk_custom_interfaces/dynamixel_sdk_custom_interfaces/msg/detail/set_position__rosidl_typesupport_introspection_c.h
[39.068s] -- Symlinking: /home/ros25/ROS/ROS_25/colcon_ws/install/dynamixel_sdk_custom_interfaces/include/dynamixel_sdk_custom_interfaces/dynamixel_sdk_custom_interfaces/msg/rosidl_typesupport_introspection_c__visibility_control.h
[39.122s] -- Symlinking: /home/ros25/ROS/ROS_25/colcon_ws/install/dynamixel_sdk_custom_interfaces/include/dynamixel_sdk_custom_interfaces/dynamixel_sdk_custom_interfaces/srv/detail/get_position__rosidl_typesupport_introspection_c.h
[39.187s] -- Symlinking: /home/ros25/ROS/ROS_25/colcon_ws/install/dynamixel_sdk_custom_interfaces/include/dynamixel_sdk_custom_interfaces/dynamixel_sdk_custom_interfaces/msg/detail/set_position__rosidl_typesupport_introspection_cpp.hpp
[39.219s] -- Symlinking: /home/ros25/ROS/ROS_25/colcon_ws/install/dynamixel_sdk_custom_interfaces/include/dynamixel_sdk_custom_interfaces/dynamixel_sdk_custom_interfaces/srv/detail/get_position__rosidl_typesupport_introspection_cpp.hpp
[39.250s] -- Symlinking: /home/ros25/ROS/ROS_25/colcon_ws/install/dynamixel_sdk_custom_interfaces/share/dynamixel_sdk_custom_interfaces/environment/pythonpath.sh
[39.294s] -- Symlinking: /home/ros25/ROS/ROS_25/colcon_ws/install/dynamixel_sdk_custom_interfaces/share/dynamixel_sdk_custom_interfaces/environment/pythonpath.dsv
[39.363s] -- Symlinking: /home/ros25/ROS/ROS_25/colcon_ws/install/dynamixel_sdk_custom_interfaces/local/lib/python3.10/dist-packages/dynamixel_sdk_custom_interfaces-3.8.4-py3.10.egg-info/PKG-INFO
[39.419s] -- Symlinking: /home/ros25/ROS/ROS_25/colcon_ws/install/dynamixel_sdk_custom_interfaces/local/lib/python3.10/dist-packages/dynamixel_sdk_custom_interfaces-3.8.4-py3.10.egg-info/SOURCES.txt
[39.471s] -- Symlinking: /home/ros25/ROS/ROS_25/colcon_ws/install/dynamixel_sdk_custom_interfaces/local/lib/python3.10/dist-packages/dynamixel_sdk_custom_interfaces-3.8.4-py3.10.egg-info/dependency_links.txt
[39.550s] -- Symlinking: /home/ros25/ROS/ROS_25/colcon_ws/install/dynamixel_sdk_custom_interfaces/local/lib/python3.10/dist-packages/dynamixel_sdk_custom_interfaces-3.8.4-py3.10.egg-info/top_level.txt
[39.613s] -- Symlinking: /home/ros25/ROS/ROS_25/colcon_ws/install/dynamixel_sdk_custom_interfaces/local/lib/python3.10/dist-packages/dynamixel_sdk_custom_interfaces/__init__.py
[39.679s] -- Symlinking: /home/ros25/ROS/ROS_25/colcon_ws/install/dynamixel_sdk_custom_interfaces/local/lib/python3.10/dist-packages/dynamixel_sdk_custom_interfaces/_dynamixel_sdk_custom_interfaces_s.ep.rosidl_typesupport_c.c
[39.730s] -- Symlinking: /home/ros25/ROS/ROS_25/colcon_ws/install/dynamixel_sdk_custom_interfaces/local/lib/python3.10/dist-packages/dynamixel_sdk_custom_interfaces/_dynamixel_sdk_custom_interfaces_s.ep.rosidl_typesupport_fastrtps_c.c
[39.788s] -- Symlinking: /home/ros25/ROS/ROS_25/colcon_ws/install/dynamixel_sdk_custom_interfaces/local/lib/python3.10/dist-packages/dynamixel_sdk_custom_interfaces/_dynamixel_sdk_custom_interfaces_s.ep.rosidl_typesupport_introspection_c.c
[39.842s] -- Symlinking: /home/ros25/ROS/ROS_25/colcon_ws/install/dynamixel_sdk_custom_interfaces/local/lib/python3.10/dist-packages/dynamixel_sdk_custom_interfaces/dynamixel_sdk_custom_interfaces_s__rosidl_typesupport_c.cpython-310-x86_64-linux-gnu.so
[39.885s] -- Symlinking: /home/ros25/ROS/ROS_25/colcon_ws/install/dynamixel_sdk_custom_interfaces/local/lib/python3.10/dist-packages/dynamixel_sdk_custom_interfaces/dynamixel_sdk_custom_interfaces_s__rosidl_typesupport_fastrtps_c.cpython-310-x86_64-linux-gnu.so
[39.958s] -- Symlinking: /home/ros25/ROS/ROS_25/colcon_ws/install/dynamixel_sdk_custom_interfaces/local/lib/python3.10/dist-packages/dynamixel_sdk_custom_interfaces/dynamixel_sdk_custom_interfaces_s__rosidl_typesupport_introspection_c.cpython-310-x86_64-linux-gnu.so
[40.032s] -- Symlinking: /home/ros25/ROS/ROS_25/colcon_ws/install/dynamixel_sdk_custom_interfaces/local/lib/python3.10/dist-packages/dynamixel_sdk_custom_interfaces/libdynamixel_sdk_custom_interfaces__rosidl_generator_py.so
[40.091s] -- Symlinking: /home/ros25/ROS/ROS_25/colcon_ws/install/dynamixel_sdk_custom_interfaces/local/lib/python3.10/dist-packages/dynamixel_sdk_custom_interfaces/msg/__init__.py
[40.160s] -- Symlinking: /home/ros25/ROS/ROS_25/colcon_ws/install/dynamixel_sdk_custom_interfaces/local/lib/python3.10/dist-packages/dynamixel_sdk_custom_interfaces/msg/_set_position.py
[40.224s] -- Symlinking: /home/ros25/ROS/ROS_25/colcon_ws/install/dynamixel_sdk_custom_interfaces/local/lib/python3.10/dist-packages/dynamixel_sdk_custom_interfaces/msg/_set_position_s.c
[40.286s] -- Symlinking: /home/ros25/ROS/ROS_25/colcon_ws/install/dynamixel_sdk_custom_interfaces/local/lib/python3.10/dist-packages/dynamixel_sdk_custom_interfaces/srv/__init__.py
[40.363s] -- Symlinking: /home/ros25/ROS/ROS_25/colcon_ws/install/dynamixel_sdk_custom_interfaces/local/lib/python3.10/dist-packages/dynamixel_sdk_custom_interfaces/srv/_get_position.py
[40.442s] -- Symlinking: /home/ros25/ROS/ROS_25/colcon_ws/install/dynamixel_sdk_custom_interfaces/local/lib/python3.10/dist-packages/dynamixel_sdk_custom_interfaces/srv/_get_position_s.c
[40.512s] -- Up-to-date symlink: /home/ros25/ROS/ROS_25/colcon_ws/install/dynamixel_sdk_custom_interfaces/local/lib/python3.10/dist-packages/dynamixel_sdk_custom_interfaces/dynamixel_sdk_custom_interfaces_s__rosidl_typesupport_fastrtps_c.cpython-310-x86_64-linux-gnu.so
[40.517s] -- Up-to-date symlink: /home/ros25/ROS/ROS_25/colcon_ws/install/dynamixel_sdk_custom_interfaces/local/lib/python3.10/dist-packages/dynamixel_sdk_custom_interfaces/dynamixel_sdk_custom_interfaces_s__rosidl_typesupport_introspection_c.cpython-310-x86_64-linux-gnu.so
[40.517s] -- Up-to-date symlink: /home/ros25/ROS/ROS_25/colcon_ws/install/dynamixel_sdk_custom_interfaces/local/lib/python3.10/dist-packages/dynamixel_sdk_custom_interfaces/dynamixel_sdk_custom_interfaces_s__rosidl_typesupport_c.cpython-310-x86_64-linux-gnu.so
[40.517s] -- Symlinking: /home/ros25/ROS/ROS_25/colcon_ws/install/dynamixel_sdk_custom_interfaces/share/dynamixel_sdk_custom_interfaces/msg/SetPosition.idl
[40.586s] -- Symlinking: /home/ros25/ROS/ROS_25/colcon_ws/install/dynamixel_sdk_custom_interfaces/share/dynamixel_sdk_custom_interfaces/srv/GetPosition.idl
[40.657s] -- Symlinking: /home/ros25/ROS/ROS_25/colcon_ws/install/dynamixel_sdk_custom_interfaces/share/dynamixel_sdk_custom_interfaces/msg/SetPosition.msg
[40.714s] -- Symlinking: /home/ros25/ROS/ROS_25/colcon_ws/install/dynamixel_sdk_custom_interfaces/share/dynamixel_sdk_custom_interfaces/srv/GetPosition.srv
[40.769s] -- Symlinking: /home/ros25/ROS/ROS_25/colcon_ws/install/dynamixel_sdk_custom_interfaces/share/dynamixel_sdk_custom_interfaces/srv/GetPosition_Request.msg
[40.825s] -- Symlinking: /home/ros25/ROS/ROS_25/colcon_ws/install/dynamixel_sdk_custom_interfaces/share/dynamixel_sdk_custom_interfaces/srv/GetPosition_Response.msg
[40.884s] -- Symlinking: /home/ros25/ROS/ROS_25/colcon_ws/install/dynamixel_sdk_custom_interfaces/share/ament_index/resource_index/package_run_dependencies/dynamixel_sdk_custom_interfaces
[40.974s] -- Symlinking: /home/ros25/ROS/ROS_25/colcon_ws/install/dynamixel_sdk_custom_interfaces/share/ament_index/resource_index/parent_prefix_path/dynamixel_sdk_custom_interfaces
[41.044s] -- Symlinking: /home/ros25/ROS/ROS_25/colcon_ws/install/dynamixel_sdk_custom_interfaces/share/dynamixel_sdk_custom_interfaces/environment/ament_prefix_path.sh
[41.114s] -- Symlinking: /home/ros25/ROS/ROS_25/colcon_ws/install/dynamixel_sdk_custom_interfaces/share/dynamixel_sdk_custom_interfaces/environment/ament_prefix_path.dsv
[41.179s] -- Symlinking: /home/ros25/ROS/ROS_25/colcon_ws/install/dynamixel_sdk_custom_interfaces/share/dynamixel_sdk_custom_interfaces/environment/path.sh
[41.250s] -- Symlinking: /home/ros25/ROS/ROS_25/colcon_ws/install/dynamixel_sdk_custom_interfaces/share/dynamixel_sdk_custom_interfaces/environment/path.dsv
[41.315s] -- Symlinking: /home/ros25/ROS/ROS_25/colcon_ws/install/dynamixel_sdk_custom_interfaces/share/dynamixel_sdk_custom_interfaces/local_setup.bash
[41.386s] -- Symlinking: /home/ros25/ROS/ROS_25/colcon_ws/install/dynamixel_sdk_custom_interfaces/share/dynamixel_sdk_custom_interfaces/local_setup.sh
[41.445s] -- Symlinking: /home/ros25/ROS/ROS_25/colcon_ws/install/dynamixel_sdk_custom_interfaces/share/dynamixel_sdk_custom_interfaces/local_setup.zsh
[41.517s] -- Symlinking: /home/ros25/ROS/ROS_25/colcon_ws/install/dynamixel_sdk_custom_interfaces/share/dynamixel_sdk_custom_interfaces/local_setup.dsv
[41.580s] -- Symlinking: /home/ros25/ROS/ROS_25/colcon_ws/install/dynamixel_sdk_custom_interfaces/share/dynamixel_sdk_custom_interfaces/package.dsv
[41.644s] -- Symlinking: /home/ros25/ROS/ROS_25/colcon_ws/install/dynamixel_sdk_custom_interfaces/share/ament_index/resource_index/packages/dynamixel_sdk_custom_interfaces
[41.721s] -- Symlinking: /home/ros25/ROS/ROS_25/colcon_ws/install/dynamixel_sdk_custom_interfaces/share/dynamixel_sdk_custom_interfaces/cmake/rosidl_cmake-extras.cmake
[41.788s] -- Symlinking: /home/ros25/ROS/ROS_25/colcon_ws/install/dynamixel_sdk_custom_interfaces/share/dynamixel_sdk_custom_interfaces/cmake/ament_cmake_export_dependencies-extras.cmake
[41.853s] -- Symlinking: /home/ros25/ROS/ROS_25/colcon_ws/install/dynamixel_sdk_custom_interfaces/share/dynamixel_sdk_custom_interfaces/cmake/ament_cmake_export_include_directories-extras.cmake
[41.924s] -- Symlinking: /home/ros25/ROS/ROS_25/colcon_ws/install/dynamixel_sdk_custom_interfaces/share/dynamixel_sdk_custom_interfaces/cmake/ament_cmake_export_libraries-extras.cmake
[42.002s] -- Symlinking: /home/ros25/ROS/ROS_25/colcon_ws/install/dynamixel_sdk_custom_interfaces/share/dynamixel_sdk_custom_interfaces/cmake/ament_cmake_export_targets-extras.cmake
[42.091s] -- Symlinking: /home/ros25/ROS/ROS_25/colcon_ws/install/dynamixel_sdk_custom_interfaces/share/dynamixel_sdk_custom_interfaces/cmake/rosidl_cmake_export_typesupport_targets-extras.cmake
[42.166s] -- Symlinking: /home/ros25/ROS/ROS_25/colcon_ws/install/dynamixel_sdk_custom_interfaces/share/dynamixel_sdk_custom_interfaces/cmake/rosidl_cmake_export_typesupport_libraries-extras.cmake
[42.244s] -- Symlinking: /home/ros25/ROS/ROS_25/colcon_ws/install/dynamixel_sdk_custom_interfaces/share/dynamixel_sdk_custom_interfaces/cmake/dynamixel_sdk_custom_interfacesConfig.cmake
[42.309s] -- Symlinking: /home/ros25/ROS/ROS_25/colcon_ws/install/dynamixel_sdk_custom_interfaces/share/dynamixel_sdk_custom_interfaces/cmake/dynamixel_sdk_custom_interfacesConfig-version.cmake
[42.369s] -- Symlinking: /home/ros25/ROS/ROS_25/colcon_ws/install/dynamixel_sdk_custom_interfaces/share/dynamixel_sdk_custom_interfaces/package.xml
[42.436s] -- Installing: /home/ros25/ROS/ROS_25/colcon_ws/install/dynamixel_sdk_custom_interfaces/lib/libdynamixel_sdk_custom_interfaces__rosidl_generator_c.so
[42.439s] -- Set runtime path of "/home/ros25/ROS/ROS_25/colcon_ws/install/dynamixel_sdk_custom_interfaces/lib/libdynamixel_sdk_custom_interfaces__rosidl_generator_c.so" to ""
[42.443s] -- Installing: /home/ros25/ROS/ROS_25/colcon_ws/install/dynamixel_sdk_custom_interfaces/lib/libdynamixel_sdk_custom_interfaces__rosidl_typesupport_fastrtps_c.so
[42.446s] -- Set runtime path of "/home/ros25/ROS/ROS_25/colcon_ws/install/dynamixel_sdk_custom_interfaces/lib/libdynamixel_sdk_custom_interfaces__rosidl_typesupport_fastrtps_c.so" to ""
[42.449s] -- Installing: /home/ros25/ROS/ROS_25/colcon_ws/install/dynamixel_sdk_custom_interfaces/lib/libdynamixel_sdk_custom_interfaces__rosidl_typesupport_fastrtps_cpp.so
[42.453s] -- Set runtime path of "/home/ros25/ROS/ROS_25/colcon_ws/install/dynamixel_sdk_custom_interfaces/lib/libdynamixel_sdk_custom_interfaces__rosidl_typesupport_fastrtps_cpp.so" to ""
[42.454s] -- Installing: /home/ros25/ROS/ROS_25/colcon_ws/install/dynamixel_sdk_custom_interfaces/lib/libdynamixel_sdk_custom_interfaces__rosidl_typesupport_introspection_c.so
[42.458s] -- Set runtime path of "/home/ros25/ROS/ROS_25/colcon_ws/install/dynamixel_sdk_custom_interfaces/lib/libdynamixel_sdk_custom_interfaces__rosidl_typesupport_introspection_c.so" to ""
[42.458s] -- Installing: /home/ros25/ROS/ROS_25/colcon_ws/install/dynamixel_sdk_custom_interfaces/lib/libdynamixel_sdk_custom_interfaces__rosidl_typesupport_c.so
[42.459s] -- Set runtime path of "/home/ros25/ROS/ROS_25/colcon_ws/install/dynamixel_sdk_custom_interfaces/lib/libdynamixel_sdk_custom_interfaces__rosidl_typesupport_c.so" to ""
[42.464s] -- Installing: /home/ros25/ROS/ROS_25/colcon_ws/install/dynamixel_sdk_custom_interfaces/lib/libdynamixel_sdk_custom_interfaces__rosidl_typesupport_introspection_cpp.so
[42.470s] -- Set runtime path of "/home/ros25/ROS/ROS_25/colcon_ws/install/dynamixel_sdk_custom_interfaces/lib/libdynamixel_sdk_custom_interfaces__rosidl_typesupport_introspection_cpp.so" to ""
[42.470s] -- Installing: /home/ros25/ROS/ROS_25/colcon_ws/install/dynamixel_sdk_custom_interfaces/lib/libdynamixel_sdk_custom_interfaces__rosidl_typesupport_cpp.so
[42.470s] -- Set runtime path of "/home/ros25/ROS/ROS_25/colcon_ws/install/dynamixel_sdk_custom_interfaces/lib/libdynamixel_sdk_custom_interfaces__rosidl_typesupport_cpp.so" to ""
[42.693s] Listing '/home/ros25/ROS/ROS_25/colcon_ws/install/dynamixel_sdk_custom_interfaces/local/lib/python3.10/dist-packages/dynamixel_sdk_custom_interfaces'...
[42.693s] Compiling '/home/ros25/ROS/ROS_25/colcon_ws/install/dynamixel_sdk_custom_interfaces/local/lib/python3.10/dist-packages/dynamixel_sdk_custom_interfaces/__init__.py'...
[42.693s] Listing '/home/ros25/ROS/ROS_25/colcon_ws/install/dynamixel_sdk_custom_interfaces/local/lib/python3.10/dist-packages/dynamixel_sdk_custom_interfaces/msg'...
[42.693s] Compiling '/home/ros25/ROS/ROS_25/colcon_ws/install/dynamixel_sdk_custom_interfaces/local/lib/python3.10/dist-packages/dynamixel_sdk_custom_interfaces/msg/__init__.py'...
[42.693s] Compiling '/home/ros25/ROS/ROS_25/colcon_ws/install/dynamixel_sdk_custom_interfaces/local/lib/python3.10/dist-packages/dynamixel_sdk_custom_interfaces/msg/_set_position.py'...
[42.693s] Listing '/home/ros25/ROS/ROS_25/colcon_ws/install/dynamixel_sdk_custom_interfaces/local/lib/python3.10/dist-packages/dynamixel_sdk_custom_interfaces/srv'...
[42.693s] Compiling '/home/ros25/ROS/ROS_25/colcon_ws/install/dynamixel_sdk_custom_interfaces/local/lib/python3.10/dist-packages/dynamixel_sdk_custom_interfaces/srv/__init__.py'...
[42.693s] Compiling '/home/ros25/ROS/ROS_25/colcon_ws/install/dynamixel_sdk_custom_interfaces/local/lib/python3.10/dist-packages/dynamixel_sdk_custom_interfaces/srv/_get_position.py'...
[42.733s] -- Installing: /home/ros25/ROS/ROS_25/colcon_ws/install/dynamixel_sdk_custom_interfaces/lib/libdynamixel_sdk_custom_interfaces__rosidl_generator_py.so
[42.737s] -- Set runtime path of "/home/ros25/ROS/ROS_25/colcon_ws/install/dynamixel_sdk_custom_interfaces/lib/libdynamixel_sdk_custom_interfaces__rosidl_generator_py.so" to ""
[42.740s] -- Installing: /home/ros25/ROS/ROS_25/colcon_ws/install/dynamixel_sdk_custom_interfaces/share/dynamixel_sdk_custom_interfaces/cmake/export_dynamixel_sdk_custom_interfaces__rosidl_generator_cExport.cmake
[42.741s] -- Installing: /home/ros25/ROS/ROS_25/colcon_ws/install/dynamixel_sdk_custom_interfaces/share/dynamixel_sdk_custom_interfaces/cmake/export_dynamixel_sdk_custom_interfaces__rosidl_generator_cExport-noconfig.cmake
[42.741s] -- Installing: /home/ros25/ROS/ROS_25/colcon_ws/install/dynamixel_sdk_custom_interfaces/share/dynamixel_sdk_custom_interfaces/cmake/export_dynamixel_sdk_custom_interfaces__rosidl_typesupport_fastrtps_cExport.cmake
[42.741s] -- Installing: /home/ros25/ROS/ROS_25/colcon_ws/install/dynamixel_sdk_custom_interfaces/share/dynamixel_sdk_custom_interfaces/cmake/export_dynamixel_sdk_custom_interfaces__rosidl_typesupport_fastrtps_cExport-noconfig.cmake
[42.741s] -- Installing: /home/ros25/ROS/ROS_25/colcon_ws/install/dynamixel_sdk_custom_interfaces/share/dynamixel_sdk_custom_interfaces/cmake/export_dynamixel_sdk_custom_interfaces__rosidl_generator_cppExport.cmake
[42.741s] -- Installing: /home/ros25/ROS/ROS_25/colcon_ws/install/dynamixel_sdk_custom_interfaces/share/dynamixel_sdk_custom_interfaces/cmake/export_dynamixel_sdk_custom_interfaces__rosidl_typesupport_fastrtps_cppExport.cmake
[42.750s] -- Installing: /home/ros25/ROS/ROS_25/colcon_ws/install/dynamixel_sdk_custom_interfaces/share/dynamixel_sdk_custom_interfaces/cmake/export_dynamixel_sdk_custom_interfaces__rosidl_typesupport_fastrtps_cppExport-noconfig.cmake
[42.750s] -- Installing: /home/ros25/ROS/ROS_25/colcon_ws/install/dynamixel_sdk_custom_interfaces/share/dynamixel_sdk_custom_interfaces/cmake/dynamixel_sdk_custom_interfaces__rosidl_typesupport_introspection_cExport.cmake
[42.750s] -- Installing: /home/ros25/ROS/ROS_25/colcon_ws/install/dynamixel_sdk_custom_interfaces/share/dynamixel_sdk_custom_interfaces/cmake/dynamixel_sdk_custom_interfaces__rosidl_typesupport_introspection_cExport-noconfig.cmake
[42.751s] -- Installing: /home/ros25/ROS/ROS_25/colcon_ws/install/dynamixel_sdk_custom_interfaces/share/dynamixel_sdk_custom_interfaces/cmake/dynamixel_sdk_custom_interfaces__rosidl_typesupport_cExport.cmake
[42.751s] -- Installing: /home/ros25/ROS/ROS_25/colcon_ws/install/dynamixel_sdk_custom_interfaces/share/dynamixel_sdk_custom_interfaces/cmake/dynamixel_sdk_custom_interfaces__rosidl_typesupport_cExport-noconfig.cmake
[42.754s] -- Installing: /home/ros25/ROS/ROS_25/colcon_ws/install/dynamixel_sdk_custom_interfaces/share/dynamixel_sdk_custom_interfaces/cmake/dynamixel_sdk_custom_interfaces__rosidl_typesupport_introspection_cppExport.cmake
[42.754s] -- Installing: /home/ros25/ROS/ROS_25/colcon_ws/install/dynamixel_sdk_custom_interfaces/share/dynamixel_sdk_custom_interfaces/cmake/dynamixel_sdk_custom_interfaces__rosidl_typesupport_introspection_cppExport-noconfig.cmake
[42.764s] -- Installing: /home/ros25/ROS/ROS_25/colcon_ws/install/dynamixel_sdk_custom_interfaces/share/dynamixel_sdk_custom_interfaces/cmake/dynamixel_sdk_custom_interfaces__rosidl_typesupport_cppExport.cmake
[42.764s] -- Installing: /home/ros25/ROS/ROS_25/colcon_ws/install/dynamixel_sdk_custom_interfaces/share/dynamixel_sdk_custom_interfaces/cmake/dynamixel_sdk_custom_interfaces__rosidl_typesupport_cppExport-noconfig.cmake
[42.764s] -- Installing: /home/ros25/ROS/ROS_25/colcon_ws/install/dynamixel_sdk_custom_interfaces/share/dynamixel_sdk_custom_interfaces/cmake/export_dynamixel_sdk_custom_interfaces__rosidl_generator_pyExport.cmake
[42.768s] -- Installing: /home/ros25/ROS/ROS_25/colcon_ws/install/dynamixel_sdk_custom_interfaces/share/dynamixel_sdk_custom_interfaces/cmake/export_dynamixel_sdk_custom_interfaces__rosidl_generator_pyExport-noconfig.cmake
[42.783s] Invoked command in '/home/ros25/ROS/ROS_25/colcon_ws/build/dynamixel_sdk_custom_interfaces' returned '0': CMAKE_PREFIX_PATH=${CMAKE_PREFIX_PATH}:/home/ros25/ROS/ROS_25/colcon_ws/install/test_node:/opt/ros/humble /usr/bin/cmake --install /home/ros25/ROS/ROS_25/colcon_ws/build/dynamixel_sdk_custom_interfaces
