[0.100s] Invoking command in '/home/ros25/ROS/ROS_25/colcon_ws/build/turtlebot3_manipulation_gazebo': CMAKE_PREFIX_PATH=${CMAKE_PREFIX_PATH}:/home/ros25/ROS/ROS_25/colcon_ws/install/turtlebot3_teleop:/home/ros25/ROS/ROS_25/colcon_ws/install/turtlebot3_example:/home/ros25/ROS/ROS_25/colcon_ws/install/turtlebot3_dqn:/home/ros25/ROS/ROS_25/colcon_ws/install/turtlebot3_controller:/home/ros25/ROS/ROS_25/colcon_ws/install/test_node:/opt/ros/humble /usr/bin/cmake --build /home/ros25/ROS/ROS_25/colcon_ws/build/turtlebot3_manipulation_gazebo -- -j2 -l2
[0.669s] Invoked command in '/home/ros25/ROS/ROS_25/colcon_ws/build/turtlebot3_manipulation_gazebo' returned '0': CMAKE_PREFIX_PATH=${CMAKE_PREFIX_PATH}:/home/ros25/ROS/ROS_25/colcon_ws/install/turtlebot3_teleop:/home/ros25/ROS/ROS_25/colcon_ws/install/turtlebot3_example:/home/ros25/ROS/ROS_25/colcon_ws/install/turtlebot3_dqn:/home/ros25/ROS/ROS_25/colcon_ws/install/turtlebot3_controller:/home/ros25/ROS/ROS_25/colcon_ws/install/test_node:/opt/ros/humble /usr/bin/cmake --build /home/ros25/ROS/ROS_25/colcon_ws/build/turtlebot3_manipulation_gazebo -- -j2 -l2
[0.674s] Invoking command in '/home/ros25/ROS/ROS_25/colcon_ws/build/turtlebot3_manipulation_gazebo': CMAKE_PREFIX_PATH=${CMAKE_PREFIX_PATH}:/home/ros25/ROS/ROS_25/colcon_ws/install/turtlebot3_teleop:/home/ros25/ROS/ROS_25/colcon_ws/install/turtlebot3_example:/home/ros25/ROS/ROS_25/colcon_ws/install/turtlebot3_dqn:/home/ros25/ROS/ROS_25/colcon_ws/install/turtlebot3_controller:/home/ros25/ROS/ROS_25/colcon_ws/install/test_node:/opt/ros/humble /usr/bin/cmake --install /home/ros25/ROS/ROS_25/colcon_ws/build/turtlebot3_manipulation_gazebo
[0.933s] -- Install configuration: ""
[0.943s] -- Up-to-date: /home/ros25/ROS/ROS_25/colcon_ws/install/turtlebot3_manipulation_gazebo/share/turtlebot3_manipulation_gazebo/config
[0.946s] -- Up-to-date: /home/ros25/ROS/ROS_25/colcon_ws/install/turtlebot3_manipulation_gazebo/share/turtlebot3_manipulation_gazebo/config/hardware_controller_manager.yaml
[0.946s] -- Up-to-date: /home/ros25/ROS/ROS_25/colcon_ws/install/turtlebot3_manipulation_gazebo/share/turtlebot3_manipulation_gazebo/config/gazebo_controller_manager.yaml
[0.946s] -- Up-to-date: /home/ros25/ROS/ROS_25/colcon_ws/install/turtlebot3_manipulation_gazebo/share/turtlebot3_manipulation_gazebo/gazebo
[0.946s] -- Up-to-date: /home/ros25/ROS/ROS_25/colcon_ws/install/turtlebot3_manipulation_gazebo/share/turtlebot3_manipulation_gazebo/gazebo/open_manipulator_x.gazebo.xacro
[0.947s] -- Up-to-date: /home/ros25/ROS/ROS_25/colcon_ws/install/turtlebot3_manipulation_gazebo/share/turtlebot3_manipulation_gazebo/gazebo/materials.xacro
[0.947s] -- Up-to-date: /home/ros25/ROS/ROS_25/colcon_ws/install/turtlebot3_manipulation_gazebo/share/turtlebot3_manipulation_gazebo/gazebo/turtlebot3_waffle_pi.gazebo.xacro
[0.947s] -- Up-to-date: /home/ros25/ROS/ROS_25/colcon_ws/install/turtlebot3_manipulation_gazebo/share/turtlebot3_manipulation_gazebo/launch
[0.947s] -- Up-to-date: /home/ros25/ROS/ROS_25/colcon_ws/install/turtlebot3_manipulation_gazebo/share/turtlebot3_manipulation_gazebo/launch/gazebo.launch.py
[0.947s] -- Up-to-date: /home/ros25/ROS/ROS_25/colcon_ws/install/turtlebot3_manipulation_gazebo/share/turtlebot3_manipulation_gazebo/launch/turtlebot3_home_service_challenge.launch.py
[0.947s] -- Up-to-date: /home/ros25/ROS/ROS_25/colcon_ws/install/turtlebot3_manipulation_gazebo/share/turtlebot3_manipulation_gazebo/launch/fake.launch.py
[0.947s] -- Up-to-date: /home/ros25/ROS/ROS_25/colcon_ws/install/turtlebot3_manipulation_gazebo/share/turtlebot3_manipulation_gazebo/launch/base.launch.py
[0.947s] -- Up-to-date: /home/ros25/ROS/ROS_25/colcon_ws/install/turtlebot3_manipulation_gazebo/share/turtlebot3_manipulation_gazebo/ros2_control
[0.951s] -- Up-to-date: /home/ros25/ROS/ROS_25/colcon_ws/install/turtlebot3_manipulation_gazebo/share/turtlebot3_manipulation_gazebo/ros2_control/turtlebot3_manipulation_system.ros2_control.xacro
[0.951s] -- Up-to-date: /home/ros25/ROS/ROS_25/colcon_ws/install/turtlebot3_manipulation_gazebo/share/turtlebot3_manipulation_gazebo/rviz
[0.951s] -- Up-to-date: /home/ros25/ROS/ROS_25/colcon_ws/install/turtlebot3_manipulation_gazebo/share/turtlebot3_manipulation_gazebo/rviz/turtlebot3_manipulation.rviz
[0.951s] -- Up-to-date: /home/ros25/ROS/ROS_25/colcon_ws/install/turtlebot3_manipulation_gazebo/share/turtlebot3_manipulation_gazebo/urdf
[0.956s] -- Up-to-date: /home/ros25/ROS/ROS_25/colcon_ws/install/turtlebot3_manipulation_gazebo/share/turtlebot3_manipulation_gazebo/urdf/open_manipulator_x.urdf.xacro
[0.956s] -- Up-to-date: /home/ros25/ROS/ROS_25/colcon_ws/install/turtlebot3_manipulation_gazebo/share/turtlebot3_manipulation_gazebo/urdf/turtlebot3_manipulation.urdf.xacro
[0.956s] -- Up-to-date: /home/ros25/ROS/ROS_25/colcon_ws/install/turtlebot3_manipulation_gazebo/share/turtlebot3_manipulation_gazebo/urdf/turtlebot3_waffle_pi.urdf.xacro
[0.957s] -- Up-to-date: /home/ros25/ROS/ROS_25/colcon_ws/install/turtlebot3_manipulation_gazebo/share/turtlebot3_manipulation_gazebo/worlds
[0.957s] -- Up-to-date: /home/ros25/ROS/ROS_25/colcon_ws/install/turtlebot3_manipulation_gazebo/share/turtlebot3_manipulation_gazebo/worlds/turtlebot3_home_service_challenge.world
[0.957s] -- Up-to-date: /home/ros25/ROS/ROS_25/colcon_ws/install/turtlebot3_manipulation_gazebo/share/turtlebot3_manipulation_gazebo/models
[0.969s] -- Up-to-date: /home/ros25/ROS/ROS_25/colcon_ws/install/turtlebot3_manipulation_gazebo/share/turtlebot3_manipulation_gazebo/models/turtlebot3_home_service_challenge
[0.969s] -- Up-to-date: /home/ros25/ROS/ROS_25/colcon_ws/install/turtlebot3_manipulation_gazebo/share/turtlebot3_manipulation_gazebo/models/turtlebot3_home_service_challenge/marker8
[0.969s] -- Up-to-date: /home/ros25/ROS/ROS_25/colcon_ws/install/turtlebot3_manipulation_gazebo/share/turtlebot3_manipulation_gazebo/models/turtlebot3_home_service_challenge/marker8/model-1_4.sdf
[0.969s] -- Up-to-date: /home/ros25/ROS/ROS_25/colcon_ws/install/turtlebot3_manipulation_gazebo/share/turtlebot3_manipulation_gazebo/models/turtlebot3_home_service_challenge/marker8/model.config
[0.969s] -- Up-to-date: /home/ros25/ROS/ROS_25/colcon_ws/install/turtlebot3_manipulation_gazebo/share/turtlebot3_manipulation_gazebo/models/turtlebot3_home_service_challenge/marker8/model-1_5.sdf
[0.969s] -- Up-to-date: /home/ros25/ROS/ROS_25/colcon_ws/install/turtlebot3_manipulation_gazebo/share/turtlebot3_manipulation_gazebo/models/turtlebot3_home_service_challenge/marker8/meshes
[0.972s] -- Up-to-date: /home/ros25/ROS/ROS_25/colcon_ws/install/turtlebot3_manipulation_gazebo/share/turtlebot3_manipulation_gazebo/models/turtlebot3_home_service_challenge/marker8/meshes/Marker8.dae
[0.972s] -- Up-to-date: /home/ros25/ROS/ROS_25/colcon_ws/install/turtlebot3_manipulation_gazebo/share/turtlebot3_manipulation_gazebo/models/turtlebot3_home_service_challenge/marker8/materials
[0.972s] -- Up-to-date: /home/ros25/ROS/ROS_25/colcon_ws/install/turtlebot3_manipulation_gazebo/share/turtlebot3_manipulation_gazebo/models/turtlebot3_home_service_challenge/marker8/materials/textures
[0.972s] -- Up-to-date: /home/ros25/ROS/ROS_25/colcon_ws/install/turtlebot3_manipulation_gazebo/share/turtlebot3_manipulation_gazebo/models/turtlebot3_home_service_challenge/marker8/materials/textures/Marker8.png
[0.972s] -- Up-to-date: /home/ros25/ROS/ROS_25/colcon_ws/install/turtlebot3_manipulation_gazebo/share/turtlebot3_manipulation_gazebo/models/turtlebot3_home_service_challenge/marker8/model.sdf
[0.973s] -- Up-to-date: /home/ros25/ROS/ROS_25/colcon_ws/install/turtlebot3_manipulation_gazebo/share/turtlebot3_manipulation_gazebo/models/turtlebot3_home_service_challenge/marker2
[0.973s] -- Up-to-date: /home/ros25/ROS/ROS_25/colcon_ws/install/turtlebot3_manipulation_gazebo/share/turtlebot3_manipulation_gazebo/models/turtlebot3_home_service_challenge/marker2/model-1_4.sdf
[0.973s] -- Up-to-date: /home/ros25/ROS/ROS_25/colcon_ws/install/turtlebot3_manipulation_gazebo/share/turtlebot3_manipulation_gazebo/models/turtlebot3_home_service_challenge/marker2/model.config
[0.973s] -- Up-to-date: /home/ros25/ROS/ROS_25/colcon_ws/install/turtlebot3_manipulation_gazebo/share/turtlebot3_manipulation_gazebo/models/turtlebot3_home_service_challenge/marker2/model-1_5.sdf
[0.973s] -- Up-to-date: /home/ros25/ROS/ROS_25/colcon_ws/install/turtlebot3_manipulation_gazebo/share/turtlebot3_manipulation_gazebo/models/turtlebot3_home_service_challenge/marker2/meshes
[0.974s] -- Up-to-date: /home/ros25/ROS/ROS_25/colcon_ws/install/turtlebot3_manipulation_gazebo/share/turtlebot3_manipulation_gazebo/models/turtlebot3_home_service_challenge/marker2/meshes/Marker2.dae
[0.978s] -- Up-to-date: /home/ros25/ROS/ROS_25/colcon_ws/install/turtlebot3_manipulation_gazebo/share/turtlebot3_manipulation_gazebo/models/turtlebot3_home_service_challenge/marker2/materials
[0.978s] -- Up-to-date: /home/ros25/ROS/ROS_25/colcon_ws/install/turtlebot3_manipulation_gazebo/share/turtlebot3_manipulation_gazebo/models/turtlebot3_home_service_challenge/marker2/materials/textures
[0.978s] -- Up-to-date: /home/ros25/ROS/ROS_25/colcon_ws/install/turtlebot3_manipulation_gazebo/share/turtlebot3_manipulation_gazebo/models/turtlebot3_home_service_challenge/marker2/materials/textures/Marker2.png
[0.978s] -- Up-to-date: /home/ros25/ROS/ROS_25/colcon_ws/install/turtlebot3_manipulation_gazebo/share/turtlebot3_manipulation_gazebo/models/turtlebot3_home_service_challenge/marker2/model.sdf
[0.978s] -- Up-to-date: /home/ros25/ROS/ROS_25/colcon_ws/install/turtlebot3_manipulation_gazebo/share/turtlebot3_manipulation_gazebo/models/turtlebot3_home_service_challenge/marker5
[0.979s] -- Up-to-date: /home/ros25/ROS/ROS_25/colcon_ws/install/turtlebot3_manipulation_gazebo/share/turtlebot3_manipulation_gazebo/models/turtlebot3_home_service_challenge/marker5/model-1_4.sdf
[0.979s] -- Up-to-date: /home/ros25/ROS/ROS_25/colcon_ws/install/turtlebot3_manipulation_gazebo/share/turtlebot3_manipulation_gazebo/models/turtlebot3_home_service_challenge/marker5/model.config
[0.979s] -- Up-to-date: /home/ros25/ROS/ROS_25/colcon_ws/install/turtlebot3_manipulation_gazebo/share/turtlebot3_manipulation_gazebo/models/turtlebot3_home_service_challenge/marker5/model-1_5.sdf
[0.979s] -- Up-to-date: /home/ros25/ROS/ROS_25/colcon_ws/install/turtlebot3_manipulation_gazebo/share/turtlebot3_manipulation_gazebo/models/turtlebot3_home_service_challenge/marker5/meshes
[0.979s] -- Up-to-date: /home/ros25/ROS/ROS_25/colcon_ws/install/turtlebot3_manipulation_gazebo/share/turtlebot3_manipulation_gazebo/models/turtlebot3_home_service_challenge/marker5/meshes/Marker5.dae
[0.980s] -- Up-to-date: /home/ros25/ROS/ROS_25/colcon_ws/install/turtlebot3_manipulation_gazebo/share/turtlebot3_manipulation_gazebo/models/turtlebot3_home_service_challenge/marker5/materials
[0.984s] -- Up-to-date: /home/ros25/ROS/ROS_25/colcon_ws/install/turtlebot3_manipulation_gazebo/share/turtlebot3_manipulation_gazebo/models/turtlebot3_home_service_challenge/marker5/materials/textures
[0.985s] -- Up-to-date: /home/ros25/ROS/ROS_25/colcon_ws/install/turtlebot3_manipulation_gazebo/share/turtlebot3_manipulation_gazebo/models/turtlebot3_home_service_challenge/marker5/materials/textures/Marker5.png
[0.985s] -- Up-to-date: /home/ros25/ROS/ROS_25/colcon_ws/install/turtlebot3_manipulation_gazebo/share/turtlebot3_manipulation_gazebo/models/turtlebot3_home_service_challenge/marker5/model.sdf
[0.985s] -- Up-to-date: /home/ros25/ROS/ROS_25/colcon_ws/install/turtlebot3_manipulation_gazebo/share/turtlebot3_manipulation_gazebo/models/turtlebot3_home_service_challenge/marker6
[0.985s] -- Up-to-date: /home/ros25/ROS/ROS_25/colcon_ws/install/turtlebot3_manipulation_gazebo/share/turtlebot3_manipulation_gazebo/models/turtlebot3_home_service_challenge/marker6/model-1_4.sdf
[0.985s] -- Up-to-date: /home/ros25/ROS/ROS_25/colcon_ws/install/turtlebot3_manipulation_gazebo/share/turtlebot3_manipulation_gazebo/models/turtlebot3_home_service_challenge/marker6/model.config
[0.990s] -- Up-to-date: /home/ros25/ROS/ROS_25/colcon_ws/install/turtlebot3_manipulation_gazebo/share/turtlebot3_manipulation_gazebo/models/turtlebot3_home_service_challenge/marker6/model-1_5.sdf
[0.990s] -- Up-to-date: /home/ros25/ROS/ROS_25/colcon_ws/install/turtlebot3_manipulation_gazebo/share/turtlebot3_manipulation_gazebo/models/turtlebot3_home_service_challenge/marker6/meshes
[0.991s] -- Up-to-date: /home/ros25/ROS/ROS_25/colcon_ws/install/turtlebot3_manipulation_gazebo/share/turtlebot3_manipulation_gazebo/models/turtlebot3_home_service_challenge/marker6/meshes/Marker6.dae
[0.991s] -- Up-to-date: /home/ros25/ROS/ROS_25/colcon_ws/install/turtlebot3_manipulation_gazebo/share/turtlebot3_manipulation_gazebo/models/turtlebot3_home_service_challenge/marker6/materials
[0.991s] -- Up-to-date: /home/ros25/ROS/ROS_25/colcon_ws/install/turtlebot3_manipulation_gazebo/share/turtlebot3_manipulation_gazebo/models/turtlebot3_home_service_challenge/marker6/materials/textures
[0.991s] -- Up-to-date: /home/ros25/ROS/ROS_25/colcon_ws/install/turtlebot3_manipulation_gazebo/share/turtlebot3_manipulation_gazebo/models/turtlebot3_home_service_challenge/marker6/materials/textures/Marker6.png
[0.991s] -- Up-to-date: /home/ros25/ROS/ROS_25/colcon_ws/install/turtlebot3_manipulation_gazebo/share/turtlebot3_manipulation_gazebo/models/turtlebot3_home_service_challenge/marker6/model.sdf
[0.991s] -- Up-to-date: /home/ros25/ROS/ROS_25/colcon_ws/install/turtlebot3_manipulation_gazebo/share/turtlebot3_manipulation_gazebo/models/turtlebot3_home_service_challenge/marker7
[0.991s] -- Up-to-date: /home/ros25/ROS/ROS_25/colcon_ws/install/turtlebot3_manipulation_gazebo/share/turtlebot3_manipulation_gazebo/models/turtlebot3_home_service_challenge/marker7/model-1_4.sdf
[0.991s] -- Up-to-date: /home/ros25/ROS/ROS_25/colcon_ws/install/turtlebot3_manipulation_gazebo/share/turtlebot3_manipulation_gazebo/models/turtlebot3_home_service_challenge/marker7/model.config
[0.991s] -- Up-to-date: /home/ros25/ROS/ROS_25/colcon_ws/install/turtlebot3_manipulation_gazebo/share/turtlebot3_manipulation_gazebo/models/turtlebot3_home_service_challenge/marker7/model-1_5.sdf
[0.992s] -- Up-to-date: /home/ros25/ROS/ROS_25/colcon_ws/install/turtlebot3_manipulation_gazebo/share/turtlebot3_manipulation_gazebo/models/turtlebot3_home_service_challenge/marker7/meshes
[0.997s] -- Up-to-date: /home/ros25/ROS/ROS_25/colcon_ws/install/turtlebot3_manipulation_gazebo/share/turtlebot3_manipulation_gazebo/models/turtlebot3_home_service_challenge/marker7/meshes/Marker7.dae
[0.999s] -- Up-to-date: /home/ros25/ROS/ROS_25/colcon_ws/install/turtlebot3_manipulation_gazebo/share/turtlebot3_manipulation_gazebo/models/turtlebot3_home_service_challenge/marker7/materials
[0.999s] -- Up-to-date: /home/ros25/ROS/ROS_25/colcon_ws/install/turtlebot3_manipulation_gazebo/share/turtlebot3_manipulation_gazebo/models/turtlebot3_home_service_challenge/marker7/materials/textures
[1.000s] -- Up-to-date: /home/ros25/ROS/ROS_25/colcon_ws/install/turtlebot3_manipulation_gazebo/share/turtlebot3_manipulation_gazebo/models/turtlebot3_home_service_challenge/marker7/materials/textures/Marker7.png
[1.000s] -- Up-to-date: /home/ros25/ROS/ROS_25/colcon_ws/install/turtlebot3_manipulation_gazebo/share/turtlebot3_manipulation_gazebo/models/turtlebot3_home_service_challenge/marker7/model.sdf
[1.000s] -- Up-to-date: /home/ros25/ROS/ROS_25/colcon_ws/install/turtlebot3_manipulation_gazebo/share/turtlebot3_manipulation_gazebo/models/turtlebot3_home_service_challenge/marker1
[1.000s] -- Up-to-date: /home/ros25/ROS/ROS_25/colcon_ws/install/turtlebot3_manipulation_gazebo/share/turtlebot3_manipulation_gazebo/models/turtlebot3_home_service_challenge/marker1/model-1_4.sdf
[1.000s] -- Up-to-date: /home/ros25/ROS/ROS_25/colcon_ws/install/turtlebot3_manipulation_gazebo/share/turtlebot3_manipulation_gazebo/models/turtlebot3_home_service_challenge/marker1/model.config
[1.000s] -- Up-to-date: /home/ros25/ROS/ROS_25/colcon_ws/install/turtlebot3_manipulation_gazebo/share/turtlebot3_manipulation_gazebo/models/turtlebot3_home_service_challenge/marker1/model-1_5.sdf
[1.000s] -- Up-to-date: /home/ros25/ROS/ROS_25/colcon_ws/install/turtlebot3_manipulation_gazebo/share/turtlebot3_manipulation_gazebo/models/turtlebot3_home_service_challenge/marker1/meshes
[1.001s] -- Up-to-date: /home/ros25/ROS/ROS_25/colcon_ws/install/turtlebot3_manipulation_gazebo/share/turtlebot3_manipulation_gazebo/models/turtlebot3_home_service_challenge/marker1/meshes/Marker1.dae
[1.005s] -- Up-to-date: /home/ros25/ROS/ROS_25/colcon_ws/install/turtlebot3_manipulation_gazebo/share/turtlebot3_manipulation_gazebo/models/turtlebot3_home_service_challenge/marker1/materials
[1.005s] -- Up-to-date: /home/ros25/ROS/ROS_25/colcon_ws/install/turtlebot3_manipulation_gazebo/share/turtlebot3_manipulation_gazebo/models/turtlebot3_home_service_challenge/marker1/materials/textures
[1.005s] -- Up-to-date: /home/ros25/ROS/ROS_25/colcon_ws/install/turtlebot3_manipulation_gazebo/share/turtlebot3_manipulation_gazebo/models/turtlebot3_home_service_challenge/marker1/materials/textures/Marker1.png
[1.006s] -- Up-to-date: /home/ros25/ROS/ROS_25/colcon_ws/install/turtlebot3_manipulation_gazebo/share/turtlebot3_manipulation_gazebo/models/turtlebot3_home_service_challenge/marker1/model.sdf
[1.006s] -- Up-to-date: /home/ros25/ROS/ROS_25/colcon_ws/install/turtlebot3_manipulation_gazebo/share/turtlebot3_manipulation_gazebo/models/turtlebot3_home_service_challenge/marker0
[1.006s] -- Up-to-date: /home/ros25/ROS/ROS_25/colcon_ws/install/turtlebot3_manipulation_gazebo/share/turtlebot3_manipulation_gazebo/models/turtlebot3_home_service_challenge/marker0/model-1_4.sdf
[1.006s] -- Up-to-date: /home/ros25/ROS/ROS_25/colcon_ws/install/turtlebot3_manipulation_gazebo/share/turtlebot3_manipulation_gazebo/models/turtlebot3_home_service_challenge/marker0/model.config
[1.006s] -- Up-to-date: /home/ros25/ROS/ROS_25/colcon_ws/install/turtlebot3_manipulation_gazebo/share/turtlebot3_manipulation_gazebo/models/turtlebot3_home_service_challenge/marker0/model-1_5.sdf
[1.006s] -- Up-to-date: /home/ros25/ROS/ROS_25/colcon_ws/install/turtlebot3_manipulation_gazebo/share/turtlebot3_manipulation_gazebo/models/turtlebot3_home_service_challenge/marker0/meshes
[1.006s] -- Up-to-date: /home/ros25/ROS/ROS_25/colcon_ws/install/turtlebot3_manipulation_gazebo/share/turtlebot3_manipulation_gazebo/models/turtlebot3_home_service_challenge/marker0/meshes/Marker0.dae
[1.006s] -- Up-to-date: /home/ros25/ROS/ROS_25/colcon_ws/install/turtlebot3_manipulation_gazebo/share/turtlebot3_manipulation_gazebo/models/turtlebot3_home_service_challenge/marker0/materials
[1.006s] -- Up-to-date: /home/ros25/ROS/ROS_25/colcon_ws/install/turtlebot3_manipulation_gazebo/share/turtlebot3_manipulation_gazebo/models/turtlebot3_home_service_challenge/marker0/materials/textures
[1.006s] -- Up-to-date: /home/ros25/ROS/ROS_25/colcon_ws/install/turtlebot3_manipulation_gazebo/share/turtlebot3_manipulation_gazebo/models/turtlebot3_home_service_challenge/marker0/materials/textures/Marker0.png
[1.006s] -- Up-to-date: /home/ros25/ROS/ROS_25/colcon_ws/install/turtlebot3_manipulation_gazebo/share/turtlebot3_manipulation_gazebo/models/turtlebot3_home_service_challenge/marker0/model.sdf
[1.011s] -- Up-to-date: /home/ros25/ROS/ROS_25/colcon_ws/install/turtlebot3_manipulation_gazebo/share/turtlebot3_manipulation_gazebo/models/turtlebot3_home_service_challenge/marker9
[1.011s] -- Up-to-date: /home/ros25/ROS/ROS_25/colcon_ws/install/turtlebot3_manipulation_gazebo/share/turtlebot3_manipulation_gazebo/models/turtlebot3_home_service_challenge/marker9/model-1_4.sdf
[1.011s] -- Up-to-date: /home/ros25/ROS/ROS_25/colcon_ws/install/turtlebot3_manipulation_gazebo/share/turtlebot3_manipulation_gazebo/models/turtlebot3_home_service_challenge/marker9/model.config
[1.012s] -- Up-to-date: /home/ros25/ROS/ROS_25/colcon_ws/install/turtlebot3_manipulation_gazebo/share/turtlebot3_manipulation_gazebo/models/turtlebot3_home_service_challenge/marker9/model-1_5.sdf
[1.012s] -- Up-to-date: /home/ros25/ROS/ROS_25/colcon_ws/install/turtlebot3_manipulation_gazebo/share/turtlebot3_manipulation_gazebo/models/turtlebot3_home_service_challenge/marker9/meshes
[1.012s] -- Up-to-date: /home/ros25/ROS/ROS_25/colcon_ws/install/turtlebot3_manipulation_gazebo/share/turtlebot3_manipulation_gazebo/models/turtlebot3_home_service_challenge/marker9/meshes/Marker9.dae
[1.012s] -- Up-to-date: /home/ros25/ROS/ROS_25/colcon_ws/install/turtlebot3_manipulation_gazebo/share/turtlebot3_manipulation_gazebo/models/turtlebot3_home_service_challenge/marker9/materials
[1.013s] -- Up-to-date: /home/ros25/ROS/ROS_25/colcon_ws/install/turtlebot3_manipulation_gazebo/share/turtlebot3_manipulation_gazebo/models/turtlebot3_home_service_challenge/marker9/materials/textures
[1.016s] -- Up-to-date: /home/ros25/ROS/ROS_25/colcon_ws/install/turtlebot3_manipulation_gazebo/share/turtlebot3_manipulation_gazebo/models/turtlebot3_home_service_challenge/marker9/materials/textures/Marker9.png
[1.016s] -- Up-to-date: /home/ros25/ROS/ROS_25/colcon_ws/install/turtlebot3_manipulation_gazebo/share/turtlebot3_manipulation_gazebo/models/turtlebot3_home_service_challenge/marker9/model.sdf
[1.016s] -- Up-to-date: /home/ros25/ROS/ROS_25/colcon_ws/install/turtlebot3_manipulation_gazebo/share/turtlebot3_manipulation_gazebo/models/turtlebot3_home_service_challenge/marker3
[1.016s] -- Up-to-date: /home/ros25/ROS/ROS_25/colcon_ws/install/turtlebot3_manipulation_gazebo/share/turtlebot3_manipulation_gazebo/models/turtlebot3_home_service_challenge/marker3/model-1_4.sdf
[1.016s] -- Up-to-date: /home/ros25/ROS/ROS_25/colcon_ws/install/turtlebot3_manipulation_gazebo/share/turtlebot3_manipulation_gazebo/models/turtlebot3_home_service_challenge/marker3/model.config
[1.016s] -- Up-to-date: /home/ros25/ROS/ROS_25/colcon_ws/install/turtlebot3_manipulation_gazebo/share/turtlebot3_manipulation_gazebo/models/turtlebot3_home_service_challenge/marker3/model-1_5.sdf
[1.017s] -- Up-to-date: /home/ros25/ROS/ROS_25/colcon_ws/install/turtlebot3_manipulation_gazebo/share/turtlebot3_manipulation_gazebo/models/turtlebot3_home_service_challenge/marker3/meshes
[1.017s] -- Up-to-date: /home/ros25/ROS/ROS_25/colcon_ws/install/turtlebot3_manipulation_gazebo/share/turtlebot3_manipulation_gazebo/models/turtlebot3_home_service_challenge/marker3/meshes/Marker3.dae
[1.017s] -- Up-to-date: /home/ros25/ROS/ROS_25/colcon_ws/install/turtlebot3_manipulation_gazebo/share/turtlebot3_manipulation_gazebo/models/turtlebot3_home_service_challenge/marker3/materials
[1.017s] -- Up-to-date: /home/ros25/ROS/ROS_25/colcon_ws/install/turtlebot3_manipulation_gazebo/share/turtlebot3_manipulation_gazebo/models/turtlebot3_home_service_challenge/marker3/materials/textures
[1.018s] -- Up-to-date: /home/ros25/ROS/ROS_25/colcon_ws/install/turtlebot3_manipulation_gazebo/share/turtlebot3_manipulation_gazebo/models/turtlebot3_home_service_challenge/marker3/materials/textures/Marker3.png
[1.020s] -- Up-to-date: /home/ros25/ROS/ROS_25/colcon_ws/install/turtlebot3_manipulation_gazebo/share/turtlebot3_manipulation_gazebo/models/turtlebot3_home_service_challenge/marker3/model.sdf
[1.020s] -- Up-to-date: /home/ros25/ROS/ROS_25/colcon_ws/install/turtlebot3_manipulation_gazebo/share/turtlebot3_manipulation_gazebo/models/turtlebot3_home_service_challenge/marker4
[1.022s] -- Up-to-date: /home/ros25/ROS/ROS_25/colcon_ws/install/turtlebot3_manipulation_gazebo/share/turtlebot3_manipulation_gazebo/models/turtlebot3_home_service_challenge/marker4/model-1_4.sdf
[1.022s] -- Up-to-date: /home/ros25/ROS/ROS_25/colcon_ws/install/turtlebot3_manipulation_gazebo/share/turtlebot3_manipulation_gazebo/models/turtlebot3_home_service_challenge/marker4/model.config
[1.022s] -- Up-to-date: /home/ros25/ROS/ROS_25/colcon_ws/install/turtlebot3_manipulation_gazebo/share/turtlebot3_manipulation_gazebo/models/turtlebot3_home_service_challenge/marker4/model-1_5.sdf
[1.022s] -- Up-to-date: /home/ros25/ROS/ROS_25/colcon_ws/install/turtlebot3_manipulation_gazebo/share/turtlebot3_manipulation_gazebo/models/turtlebot3_home_service_challenge/marker4/meshes
[1.022s] -- Up-to-date: /home/ros25/ROS/ROS_25/colcon_ws/install/turtlebot3_manipulation_gazebo/share/turtlebot3_manipulation_gazebo/models/turtlebot3_home_service_challenge/marker4/meshes/Marker4.dae
[1.024s] -- Up-to-date: /home/ros25/ROS/ROS_25/colcon_ws/install/turtlebot3_manipulation_gazebo/share/turtlebot3_manipulation_gazebo/models/turtlebot3_home_service_challenge/marker4/materials
[1.025s] -- Up-to-date: /home/ros25/ROS/ROS_25/colcon_ws/install/turtlebot3_manipulation_gazebo/share/turtlebot3_manipulation_gazebo/models/turtlebot3_home_service_challenge/marker4/materials/textures
[1.025s] -- Up-to-date: /home/ros25/ROS/ROS_25/colcon_ws/install/turtlebot3_manipulation_gazebo/share/turtlebot3_manipulation_gazebo/models/turtlebot3_home_service_challenge/marker4/materials/textures/Marker4.png
[1.025s] -- Up-to-date: /home/ros25/ROS/ROS_25/colcon_ws/install/turtlebot3_manipulation_gazebo/share/turtlebot3_manipulation_gazebo/models/turtlebot3_home_service_challenge/marker4/model.sdf
[1.025s] -- Up-to-date: /home/ros25/ROS/ROS_25/colcon_ws/install/turtlebot3_manipulation_gazebo/share/ament_index/resource_index/package_run_dependencies/turtlebot3_manipulation_gazebo
[1.025s] -- Up-to-date: /home/ros25/ROS/ROS_25/colcon_ws/install/turtlebot3_manipulation_gazebo/share/ament_index/resource_index/parent_prefix_path/turtlebot3_manipulation_gazebo
[1.025s] -- Up-to-date: /home/ros25/ROS/ROS_25/colcon_ws/install/turtlebot3_manipulation_gazebo/share/turtlebot3_manipulation_gazebo/environment/ament_prefix_path.sh
[1.025s] -- Up-to-date: /home/ros25/ROS/ROS_25/colcon_ws/install/turtlebot3_manipulation_gazebo/share/turtlebot3_manipulation_gazebo/environment/ament_prefix_path.dsv
[1.026s] -- Up-to-date: /home/ros25/ROS/ROS_25/colcon_ws/install/turtlebot3_manipulation_gazebo/share/turtlebot3_manipulation_gazebo/environment/path.sh
[1.033s] -- Up-to-date: /home/ros25/ROS/ROS_25/colcon_ws/install/turtlebot3_manipulation_gazebo/share/turtlebot3_manipulation_gazebo/environment/path.dsv
[1.034s] -- Up-to-date: /home/ros25/ROS/ROS_25/colcon_ws/install/turtlebot3_manipulation_gazebo/share/turtlebot3_manipulation_gazebo/local_setup.bash
[1.034s] -- Up-to-date: /home/ros25/ROS/ROS_25/colcon_ws/install/turtlebot3_manipulation_gazebo/share/turtlebot3_manipulation_gazebo/local_setup.sh
[1.036s] -- Up-to-date: /home/ros25/ROS/ROS_25/colcon_ws/install/turtlebot3_manipulation_gazebo/share/turtlebot3_manipulation_gazebo/local_setup.zsh
[1.036s] -- Up-to-date: /home/ros25/ROS/ROS_25/colcon_ws/install/turtlebot3_manipulation_gazebo/share/turtlebot3_manipulation_gazebo/local_setup.dsv
[1.036s] -- Installing: /home/ros25/ROS/ROS_25/colcon_ws/install/turtlebot3_manipulation_gazebo/share/turtlebot3_manipulation_gazebo/package.dsv
[1.036s] -- Up-to-date: /home/ros25/ROS/ROS_25/colcon_ws/install/turtlebot3_manipulation_gazebo/share/ament_index/resource_index/packages/turtlebot3_manipulation_gazebo
[1.036s] -- Up-to-date: /home/ros25/ROS/ROS_25/colcon_ws/install/turtlebot3_manipulation_gazebo/share/turtlebot3_manipulation_gazebo/cmake/turtlebot3_manipulation_gazeboConfig.cmake
[1.036s] -- Up-to-date: /home/ros25/ROS/ROS_25/colcon_ws/install/turtlebot3_manipulation_gazebo/share/turtlebot3_manipulation_gazebo/cmake/turtlebot3_manipulation_gazeboConfig-version.cmake
[1.036s] -- Up-to-date: /home/ros25/ROS/ROS_25/colcon_ws/install/turtlebot3_manipulation_gazebo/share/turtlebot3_manipulation_gazebo/package.xml
[1.064s] Invoked command in '/home/ros25/ROS/ROS_25/colcon_ws/build/turtlebot3_manipulation_gazebo' returned '0': CMAKE_PREFIX_PATH=${CMAKE_PREFIX_PATH}:/home/ros25/ROS/ROS_25/colcon_ws/install/turtlebot3_teleop:/home/ros25/ROS/ROS_25/colcon_ws/install/turtlebot3_example:/home/ros25/ROS/ROS_25/colcon_ws/install/turtlebot3_dqn:/home/ros25/ROS/ROS_25/colcon_ws/install/turtlebot3_controller:/home/ros25/ROS/ROS_25/colcon_ws/install/test_node:/opt/ros/humble /usr/bin/cmake --install /home/ros25/ROS/ROS_25/colcon_ws/build/turtlebot3_manipulation_gazebo
