[0.058s] Invoking command in '/home/ros25/ROS/ROS_25/colcon_ws/build/turtlebot3_msgs': CMAKE_PREFIX_PATH=${CMAKE_PREFIX_PATH}:/home/ros25/ROS/ROS_25/colcon_ws/install/test_node:/opt/ros/humble /usr/bin/cmake /home/ros25/ROS/ROS_25/colcon_ws/src/turtlebot3_msgs -DCMAKE_INSTALL_PREFIX=/home/ros25/ROS/ROS_25/colcon_ws/install/turtlebot3_msgs
[0.131s] -- Found action_msgs: 1.2.1 (/opt/ros/humble/share/action_msgs/cmake)
[0.559s] -- Override CMake install command with custom implementation using symlinks instead of copying resources
[0.757s] -- Found rosidl_generator_c: 3.1.6 (/opt/ros/humble/share/rosidl_generator_c/cmake)
[0.772s] -- Found rosidl_adapter: 3.1.6 (/opt/ros/humble/share/rosidl_adapter/cmake)
[0.817s] -- Found rosidl_generator_cpp: 3.1.6 (/opt/ros/humble/share/rosidl_generator_cpp/cmake)
[0.897s] -- Using all available rosidl_typesupport_c: rosidl_typesupport_fastrtps_c;rosidl_typesupport_introspection_c
[0.964s] -- Using all available rosidl_typesupport_cpp: rosidl_typesupport_fastrtps_cpp;rosidl_typesupport_introspection_cpp
[1.149s] -- Found rosidl_default_generators: 1.2.0 (/opt/ros/humble/share/rosidl_default_generators/cmake)
[1.198s] -- Found std_msgs: 4.9.0 (/opt/ros/humble/share/std_msgs/cmake)
[1.270s] -- Found geometry_msgs: 4.9.0 (/opt/ros/humble/share/geometry_msgs/cmake)
[2.681s] -- Found ament_cmake_cppcheck: 0.12.12 (/opt/ros/humble/share/ament_cmake_cppcheck/cmake)
[2.688s] -- Found ament_cmake_cpplint: 0.12.12 (/opt/ros/humble/share/ament_cmake_cpplint/cmake)
[2.692s] -- Found ament_cmake_uncrustify: 0.12.12 (/opt/ros/humble/share/ament_cmake_uncrustify/cmake)
[2.700s] -- Found ament_cmake_ros: 0.10.0 (/opt/ros/humble/share/ament_cmake_ros/cmake)
[4.183s] -- Using all available rosidl_typesupport_c: rosidl_typesupport_fastrtps_c;rosidl_typesupport_introspection_c
[4.760s] -- Using all available rosidl_typesupport_cpp: rosidl_typesupport_fastrtps_cpp;rosidl_typesupport_introspection_cpp
[4.839s] -- Found python_cmake_module: 0.10.0 (/opt/ros/humble/share/python_cmake_module/cmake)
[4.939s] -- Using PYTHON_EXECUTABLE: /usr/bin/python3
[4.940s] -- Using PYTHON_INCLUDE_DIRS: /usr/include/python3.10
[4.940s] -- Using PYTHON_LIBRARIES: /usr/lib/x86_64-linux-gnu/libpython3.10.so
[5.114s] -- Found ament_cmake_flake8: 0.12.12 (/opt/ros/humble/share/ament_cmake_flake8/cmake)
[5.125s] -- Found ament_cmake_pep257: 0.12.12 (/opt/ros/humble/share/ament_cmake_pep257/cmake)
[5.160s] -- Configuring done
[5.414s] -- Generating done
[5.484s] -- Build files have been written to: /home/ros25/ROS/ROS_25/colcon_ws/build/turtlebot3_msgs
[5.566s] Invoked command in '/home/ros25/ROS/ROS_25/colcon_ws/build/turtlebot3_msgs' returned '0': CMAKE_PREFIX_PATH=${CMAKE_PREFIX_PATH}:/home/ros25/ROS/ROS_25/colcon_ws/install/test_node:/opt/ros/humble /usr/bin/cmake /home/ros25/ROS/ROS_25/colcon_ws/src/turtlebot3_msgs -DCMAKE_INSTALL_PREFIX=/home/ros25/ROS/ROS_25/colcon_ws/install/turtlebot3_msgs
[5.580s] Invoking command in '/home/ros25/ROS/ROS_25/colcon_ws/build/turtlebot3_msgs': CMAKE_PREFIX_PATH=${CMAKE_PREFIX_PATH}:/home/ros25/ROS/ROS_25/colcon_ws/install/test_node:/opt/ros/humble /usr/bin/cmake --build /home/ros25/ROS/ROS_25/colcon_ws/build/turtlebot3_msgs -- -j2 -l2
[5.880s] [35m[1mConsolidate compiler generated dependencies of target turtlebot3_msgs__rosidl_generator_c[0m
[5.962s] [  1%] Built target turtlebot3_msgs__cpp
[6.058s] [ 12%] Built target turtlebot3_msgs__rosidl_generator_c
[6.133s] [35m[1mConsolidate compiler generated dependencies of target turtlebot3_msgs__rosidl_typesupport_cpp[0m
[6.152s] [ 12%] Built target ament_cmake_python_symlink_turtlebot3_msgs
[6.207s] [35m[1mConsolidate compiler generated dependencies of target turtlebot3_msgs__rosidl_typesupport_fastrtps_c[0m
[6.284s] [ 24%] Built target turtlebot3_msgs__rosidl_typesupport_cpp
[6.356s] [35m[1mConsolidate compiler generated dependencies of target turtlebot3_msgs__rosidl_typesupport_fastrtps_cpp[0m
[6.393s] [ 35%] Built target turtlebot3_msgs__rosidl_typesupport_fastrtps_c
[6.452s] [ 46%] Built target turtlebot3_msgs__rosidl_typesupport_fastrtps_cpp
[6.542s] [35m[1mConsolidate compiler generated dependencies of target turtlebot3_msgs__rosidl_typesupport_introspection_c[0m
[6.585s] [35m[1mConsolidate compiler generated dependencies of target turtlebot3_msgs__rosidl_typesupport_c[0m
[6.653s] [ 58%] Built target turtlebot3_msgs__rosidl_typesupport_introspection_c
[6.698s] [ 69%] Built target turtlebot3_msgs__rosidl_typesupport_c
[6.796s] [35m[1mConsolidate compiler generated dependencies of target turtlebot3_msgs__rosidl_typesupport_introspection_cpp[0m
[6.930s] [ 81%] Built target turtlebot3_msgs__rosidl_typesupport_introspection_cpp
[7.109s] [ 81%] Built target turtlebot3_msgs
[7.277s] [ 82%] Built target turtlebot3_msgs__py
[7.401s] [35m[1mConsolidate compiler generated dependencies of target turtlebot3_msgs__rosidl_generator_py[0m
[7.625s] [ 92%] Built target turtlebot3_msgs__rosidl_generator_py
[7.750s] [35m[1mConsolidate compiler generated dependencies of target turtlebot3_msgs__rosidl_typesupport_fastrtps_c__pyext[0m
[7.939s] [ 94%] Built target turtlebot3_msgs__rosidl_typesupport_fastrtps_c__pyext
[8.050s] [35m[1mConsolidate compiler generated dependencies of target turtlebot3_msgs__rosidl_typesupport_introspection_c__pyext[0m
[8.191s] [ 97%] Built target turtlebot3_msgs__rosidl_typesupport_introspection_c__pyext
[8.306s] [35m[1mConsolidate compiler generated dependencies of target turtlebot3_msgs__rosidl_typesupport_c__pyext[0m
[8.399s] [100%] Built target turtlebot3_msgs__rosidl_typesupport_c__pyext
[8.460s] running egg_info
[8.468s] writing turtlebot3_msgs.egg-info/PKG-INFO
[8.468s] writing dependency_links to turtlebot3_msgs.egg-info/dependency_links.txt
[8.471s] writing top-level names to turtlebot3_msgs.egg-info/top_level.txt
[8.482s] reading manifest file 'turtlebot3_msgs.egg-info/SOURCES.txt'
[8.482s] writing manifest file 'turtlebot3_msgs.egg-info/SOURCES.txt'
[8.648s] [100%] Built target ament_cmake_python_build_turtlebot3_msgs_egg
[8.724s] Invoked command in '/home/ros25/ROS/ROS_25/colcon_ws/build/turtlebot3_msgs' returned '0': CMAKE_PREFIX_PATH=${CMAKE_PREFIX_PATH}:/home/ros25/ROS/ROS_25/colcon_ws/install/test_node:/opt/ros/humble /usr/bin/cmake --build /home/ros25/ROS/ROS_25/colcon_ws/build/turtlebot3_msgs -- -j2 -l2
[8.731s] Invoking command in '/home/ros25/ROS/ROS_25/colcon_ws/build/turtlebot3_msgs': CMAKE_PREFIX_PATH=${CMAKE_PREFIX_PATH}:/home/ros25/ROS/ROS_25/colcon_ws/install/test_node:/opt/ros/humble /usr/bin/cmake --install /home/ros25/ROS/ROS_25/colcon_ws/build/turtlebot3_msgs
[8.773s] -- Install configuration: ""
[8.776s] -- Execute custom install script
[8.779s] -- Up-to-date symlink: /home/ros25/ROS/ROS_25/colcon_ws/install/turtlebot3_msgs/share/ament_index/resource_index/rosidl_interfaces/turtlebot3_msgs
[8.782s] -- Up-to-date symlink: /home/ros25/ROS/ROS_25/colcon_ws/install/turtlebot3_msgs/include/turtlebot3_msgs/turtlebot3_msgs/action/detail/patrol__functions.h
[8.783s] -- Up-to-date symlink: /home/ros25/ROS/ROS_25/colcon_ws/install/turtlebot3_msgs/include/turtlebot3_msgs/turtlebot3_msgs/action/detail/patrol__struct.h
[8.783s] -- Up-to-date symlink: /home/ros25/ROS/ROS_25/colcon_ws/install/turtlebot3_msgs/include/turtlebot3_msgs/turtlebot3_msgs/action/detail/patrol__type_support.h
[8.783s] -- Up-to-date symlink: /home/ros25/ROS/ROS_25/colcon_ws/install/turtlebot3_msgs/include/turtlebot3_msgs/turtlebot3_msgs/action/patrol.h
[8.783s] -- Up-to-date symlink: /home/ros25/ROS/ROS_25/colcon_ws/install/turtlebot3_msgs/include/turtlebot3_msgs/turtlebot3_msgs/msg/detail/sensor_state__functions.h
[8.783s] -- Up-to-date symlink: /home/ros25/ROS/ROS_25/colcon_ws/install/turtlebot3_msgs/include/turtlebot3_msgs/turtlebot3_msgs/msg/detail/sensor_state__struct.h
[8.783s] -- Up-to-date symlink: /home/ros25/ROS/ROS_25/colcon_ws/install/turtlebot3_msgs/include/turtlebot3_msgs/turtlebot3_msgs/msg/detail/sensor_state__type_support.h
[8.783s] -- Up-to-date symlink: /home/ros25/ROS/ROS_25/colcon_ws/install/turtlebot3_msgs/include/turtlebot3_msgs/turtlebot3_msgs/msg/detail/sound__functions.h
[8.786s] -- Up-to-date symlink: /home/ros25/ROS/ROS_25/colcon_ws/install/turtlebot3_msgs/include/turtlebot3_msgs/turtlebot3_msgs/msg/detail/sound__struct.h
[8.786s] -- Up-to-date symlink: /home/ros25/ROS/ROS_25/colcon_ws/install/turtlebot3_msgs/include/turtlebot3_msgs/turtlebot3_msgs/msg/detail/sound__type_support.h
[8.786s] -- Up-to-date symlink: /home/ros25/ROS/ROS_25/colcon_ws/install/turtlebot3_msgs/include/turtlebot3_msgs/turtlebot3_msgs/msg/detail/version_info__functions.h
[8.786s] -- Up-to-date symlink: /home/ros25/ROS/ROS_25/colcon_ws/install/turtlebot3_msgs/include/turtlebot3_msgs/turtlebot3_msgs/msg/detail/version_info__struct.h
[8.787s] -- Up-to-date symlink: /home/ros25/ROS/ROS_25/colcon_ws/install/turtlebot3_msgs/include/turtlebot3_msgs/turtlebot3_msgs/msg/detail/version_info__type_support.h
[8.789s] -- Up-to-date symlink: /home/ros25/ROS/ROS_25/colcon_ws/install/turtlebot3_msgs/include/turtlebot3_msgs/turtlebot3_msgs/msg/rosidl_generator_c__visibility_control.h
[8.789s] -- Up-to-date symlink: /home/ros25/ROS/ROS_25/colcon_ws/install/turtlebot3_msgs/include/turtlebot3_msgs/turtlebot3_msgs/msg/sensor_state.h
[8.789s] -- Up-to-date symlink: /home/ros25/ROS/ROS_25/colcon_ws/install/turtlebot3_msgs/include/turtlebot3_msgs/turtlebot3_msgs/msg/sound.h
[8.789s] -- Up-to-date symlink: /home/ros25/ROS/ROS_25/colcon_ws/install/turtlebot3_msgs/include/turtlebot3_msgs/turtlebot3_msgs/msg/version_info.h
[8.796s] -- Up-to-date symlink: /home/ros25/ROS/ROS_25/colcon_ws/install/turtlebot3_msgs/include/turtlebot3_msgs/turtlebot3_msgs/srv/detail/dqn__functions.h
[8.796s] -- Up-to-date symlink: /home/ros25/ROS/ROS_25/colcon_ws/install/turtlebot3_msgs/include/turtlebot3_msgs/turtlebot3_msgs/srv/detail/dqn__struct.h
[8.797s] -- Up-to-date symlink: /home/ros25/ROS/ROS_25/colcon_ws/install/turtlebot3_msgs/include/turtlebot3_msgs/turtlebot3_msgs/srv/detail/dqn__type_support.h
[8.797s] -- Up-to-date symlink: /home/ros25/ROS/ROS_25/colcon_ws/install/turtlebot3_msgs/include/turtlebot3_msgs/turtlebot3_msgs/srv/detail/goal__functions.h
[8.797s] -- Up-to-date symlink: /home/ros25/ROS/ROS_25/colcon_ws/install/turtlebot3_msgs/include/turtlebot3_msgs/turtlebot3_msgs/srv/detail/goal__struct.h
[8.797s] -- Up-to-date symlink: /home/ros25/ROS/ROS_25/colcon_ws/install/turtlebot3_msgs/include/turtlebot3_msgs/turtlebot3_msgs/srv/detail/goal__type_support.h
[8.797s] -- Up-to-date symlink: /home/ros25/ROS/ROS_25/colcon_ws/install/turtlebot3_msgs/include/turtlebot3_msgs/turtlebot3_msgs/srv/detail/sound__functions.h
[8.797s] -- Up-to-date symlink: /home/ros25/ROS/ROS_25/colcon_ws/install/turtlebot3_msgs/include/turtlebot3_msgs/turtlebot3_msgs/srv/detail/sound__struct.h
[8.798s] -- Up-to-date symlink: /home/ros25/ROS/ROS_25/colcon_ws/install/turtlebot3_msgs/include/turtlebot3_msgs/turtlebot3_msgs/srv/detail/sound__type_support.h
[8.802s] -- Up-to-date symlink: /home/ros25/ROS/ROS_25/colcon_ws/install/turtlebot3_msgs/include/turtlebot3_msgs/turtlebot3_msgs/srv/dqn.h
[8.802s] -- Up-to-date symlink: /home/ros25/ROS/ROS_25/colcon_ws/install/turtlebot3_msgs/include/turtlebot3_msgs/turtlebot3_msgs/srv/goal.h
[8.802s] -- Up-to-date symlink: /home/ros25/ROS/ROS_25/colcon_ws/install/turtlebot3_msgs/include/turtlebot3_msgs/turtlebot3_msgs/srv/sound.h
[8.803s] -- Up-to-date symlink: /home/ros25/ROS/ROS_25/colcon_ws/install/turtlebot3_msgs/share/turtlebot3_msgs/environment/library_path.sh
[8.803s] -- Up-to-date symlink: /home/ros25/ROS/ROS_25/colcon_ws/install/turtlebot3_msgs/share/turtlebot3_msgs/environment/library_path.dsv
[8.805s] -- Up-to-date symlink: /home/ros25/ROS/ROS_25/colcon_ws/install/turtlebot3_msgs/include/turtlebot3_msgs/turtlebot3_msgs/action/detail/patrol__rosidl_typesupport_fastrtps_c.h
[8.805s] -- Up-to-date symlink: /home/ros25/ROS/ROS_25/colcon_ws/install/turtlebot3_msgs/include/turtlebot3_msgs/turtlebot3_msgs/msg/detail/sensor_state__rosidl_typesupport_fastrtps_c.h
[8.805s] -- Up-to-date symlink: /home/ros25/ROS/ROS_25/colcon_ws/install/turtlebot3_msgs/include/turtlebot3_msgs/turtlebot3_msgs/msg/detail/sound__rosidl_typesupport_fastrtps_c.h
[8.808s] -- Up-to-date symlink: /home/ros25/ROS/ROS_25/colcon_ws/install/turtlebot3_msgs/include/turtlebot3_msgs/turtlebot3_msgs/msg/detail/version_info__rosidl_typesupport_fastrtps_c.h
[8.810s] -- Up-to-date symlink: /home/ros25/ROS/ROS_25/colcon_ws/install/turtlebot3_msgs/include/turtlebot3_msgs/turtlebot3_msgs/msg/rosidl_typesupport_fastrtps_c__visibility_control.h
[8.810s] -- Up-to-date symlink: /home/ros25/ROS/ROS_25/colcon_ws/install/turtlebot3_msgs/include/turtlebot3_msgs/turtlebot3_msgs/srv/detail/dqn__rosidl_typesupport_fastrtps_c.h
[8.812s] -- Up-to-date symlink: /home/ros25/ROS/ROS_25/colcon_ws/install/turtlebot3_msgs/include/turtlebot3_msgs/turtlebot3_msgs/srv/detail/goal__rosidl_typesupport_fastrtps_c.h
[8.812s] -- Up-to-date symlink: /home/ros25/ROS/ROS_25/colcon_ws/install/turtlebot3_msgs/include/turtlebot3_msgs/turtlebot3_msgs/srv/detail/sound__rosidl_typesupport_fastrtps_c.h
[8.817s] -- Up-to-date symlink: /home/ros25/ROS/ROS_25/colcon_ws/install/turtlebot3_msgs/include/turtlebot3_msgs/turtlebot3_msgs/action/detail/patrol__builder.hpp
[8.820s] -- Up-to-date symlink: /home/ros25/ROS/ROS_25/colcon_ws/install/turtlebot3_msgs/include/turtlebot3_msgs/turtlebot3_msgs/action/detail/patrol__struct.hpp
[8.820s] -- Up-to-date symlink: /home/ros25/ROS/ROS_25/colcon_ws/install/turtlebot3_msgs/include/turtlebot3_msgs/turtlebot3_msgs/action/detail/patrol__traits.hpp
[8.822s] -- Up-to-date symlink: /home/ros25/ROS/ROS_25/colcon_ws/install/turtlebot3_msgs/include/turtlebot3_msgs/turtlebot3_msgs/action/detail/patrol__type_support.hpp
[8.824s] -- Up-to-date symlink: /home/ros25/ROS/ROS_25/colcon_ws/install/turtlebot3_msgs/include/turtlebot3_msgs/turtlebot3_msgs/action/patrol.hpp
[8.826s] -- Up-to-date symlink: /home/ros25/ROS/ROS_25/colcon_ws/install/turtlebot3_msgs/include/turtlebot3_msgs/turtlebot3_msgs/msg/detail/sensor_state__builder.hpp
[8.827s] -- Up-to-date symlink: /home/ros25/ROS/ROS_25/colcon_ws/install/turtlebot3_msgs/include/turtlebot3_msgs/turtlebot3_msgs/msg/detail/sensor_state__struct.hpp
[8.827s] -- Up-to-date symlink: /home/ros25/ROS/ROS_25/colcon_ws/install/turtlebot3_msgs/include/turtlebot3_msgs/turtlebot3_msgs/msg/detail/sensor_state__traits.hpp
[8.827s] -- Up-to-date symlink: /home/ros25/ROS/ROS_25/colcon_ws/install/turtlebot3_msgs/include/turtlebot3_msgs/turtlebot3_msgs/msg/detail/sensor_state__type_support.hpp
[8.827s] -- Up-to-date symlink: /home/ros25/ROS/ROS_25/colcon_ws/install/turtlebot3_msgs/include/turtlebot3_msgs/turtlebot3_msgs/msg/detail/sound__builder.hpp
[8.828s] -- Up-to-date symlink: /home/ros25/ROS/ROS_25/colcon_ws/install/turtlebot3_msgs/include/turtlebot3_msgs/turtlebot3_msgs/msg/detail/sound__struct.hpp
[8.828s] -- Up-to-date symlink: /home/ros25/ROS/ROS_25/colcon_ws/install/turtlebot3_msgs/include/turtlebot3_msgs/turtlebot3_msgs/msg/detail/sound__traits.hpp
[8.831s] -- Up-to-date symlink: /home/ros25/ROS/ROS_25/colcon_ws/install/turtlebot3_msgs/include/turtlebot3_msgs/turtlebot3_msgs/msg/detail/sound__type_support.hpp
[8.833s] -- Up-to-date symlink: /home/ros25/ROS/ROS_25/colcon_ws/install/turtlebot3_msgs/include/turtlebot3_msgs/turtlebot3_msgs/msg/detail/version_info__builder.hpp
[8.833s] -- Up-to-date symlink: /home/ros25/ROS/ROS_25/colcon_ws/install/turtlebot3_msgs/include/turtlebot3_msgs/turtlebot3_msgs/msg/detail/version_info__struct.hpp
[8.833s] -- Up-to-date symlink: /home/ros25/ROS/ROS_25/colcon_ws/install/turtlebot3_msgs/include/turtlebot3_msgs/turtlebot3_msgs/msg/detail/version_info__traits.hpp
[8.835s] -- Up-to-date symlink: /home/ros25/ROS/ROS_25/colcon_ws/install/turtlebot3_msgs/include/turtlebot3_msgs/turtlebot3_msgs/msg/detail/version_info__type_support.hpp
[8.835s] -- Up-to-date symlink: /home/ros25/ROS/ROS_25/colcon_ws/install/turtlebot3_msgs/include/turtlebot3_msgs/turtlebot3_msgs/msg/rosidl_generator_cpp__visibility_control.hpp
[8.835s] -- Up-to-date symlink: /home/ros25/ROS/ROS_25/colcon_ws/install/turtlebot3_msgs/include/turtlebot3_msgs/turtlebot3_msgs/msg/sensor_state.hpp
[8.835s] -- Up-to-date symlink: /home/ros25/ROS/ROS_25/colcon_ws/install/turtlebot3_msgs/include/turtlebot3_msgs/turtlebot3_msgs/msg/sound.hpp
[8.835s] -- Up-to-date symlink: /home/ros25/ROS/ROS_25/colcon_ws/install/turtlebot3_msgs/include/turtlebot3_msgs/turtlebot3_msgs/msg/version_info.hpp
[8.836s] -- Up-to-date symlink: /home/ros25/ROS/ROS_25/colcon_ws/install/turtlebot3_msgs/include/turtlebot3_msgs/turtlebot3_msgs/srv/detail/dqn__builder.hpp
[8.838s] -- Up-to-date symlink: /home/ros25/ROS/ROS_25/colcon_ws/install/turtlebot3_msgs/include/turtlebot3_msgs/turtlebot3_msgs/srv/detail/dqn__struct.hpp
[8.838s] -- Up-to-date symlink: /home/ros25/ROS/ROS_25/colcon_ws/install/turtlebot3_msgs/include/turtlebot3_msgs/turtlebot3_msgs/srv/detail/dqn__traits.hpp
[8.838s] -- Up-to-date symlink: /home/ros25/ROS/ROS_25/colcon_ws/install/turtlebot3_msgs/include/turtlebot3_msgs/turtlebot3_msgs/srv/detail/dqn__type_support.hpp
[8.838s] -- Up-to-date symlink: /home/ros25/ROS/ROS_25/colcon_ws/install/turtlebot3_msgs/include/turtlebot3_msgs/turtlebot3_msgs/srv/detail/goal__builder.hpp
[8.839s] -- Up-to-date symlink: /home/ros25/ROS/ROS_25/colcon_ws/install/turtlebot3_msgs/include/turtlebot3_msgs/turtlebot3_msgs/srv/detail/goal__struct.hpp
[8.839s] -- Up-to-date symlink: /home/ros25/ROS/ROS_25/colcon_ws/install/turtlebot3_msgs/include/turtlebot3_msgs/turtlebot3_msgs/srv/detail/goal__traits.hpp
[8.839s] -- Up-to-date symlink: /home/ros25/ROS/ROS_25/colcon_ws/install/turtlebot3_msgs/include/turtlebot3_msgs/turtlebot3_msgs/srv/detail/goal__type_support.hpp
[8.842s] -- Up-to-date symlink: /home/ros25/ROS/ROS_25/colcon_ws/install/turtlebot3_msgs/include/turtlebot3_msgs/turtlebot3_msgs/srv/detail/sound__builder.hpp
[8.842s] -- Up-to-date symlink: /home/ros25/ROS/ROS_25/colcon_ws/install/turtlebot3_msgs/include/turtlebot3_msgs/turtlebot3_msgs/srv/detail/sound__struct.hpp
[8.843s] -- Up-to-date symlink: /home/ros25/ROS/ROS_25/colcon_ws/install/turtlebot3_msgs/include/turtlebot3_msgs/turtlebot3_msgs/srv/detail/sound__traits.hpp
[8.845s] -- Up-to-date symlink: /home/ros25/ROS/ROS_25/colcon_ws/install/turtlebot3_msgs/include/turtlebot3_msgs/turtlebot3_msgs/srv/detail/sound__type_support.hpp
[8.845s] -- Up-to-date symlink: /home/ros25/ROS/ROS_25/colcon_ws/install/turtlebot3_msgs/include/turtlebot3_msgs/turtlebot3_msgs/srv/dqn.hpp
[8.845s] -- Up-to-date symlink: /home/ros25/ROS/ROS_25/colcon_ws/install/turtlebot3_msgs/include/turtlebot3_msgs/turtlebot3_msgs/srv/goal.hpp
[8.848s] -- Up-to-date symlink: /home/ros25/ROS/ROS_25/colcon_ws/install/turtlebot3_msgs/include/turtlebot3_msgs/turtlebot3_msgs/srv/sound.hpp
[8.850s] -- Up-to-date symlink: /home/ros25/ROS/ROS_25/colcon_ws/install/turtlebot3_msgs/include/turtlebot3_msgs/turtlebot3_msgs/action/detail/patrol__rosidl_typesupport_fastrtps_cpp.hpp
[8.852s] -- Up-to-date symlink: /home/ros25/ROS/ROS_25/colcon_ws/install/turtlebot3_msgs/include/turtlebot3_msgs/turtlebot3_msgs/msg/detail/sensor_state__rosidl_typesupport_fastrtps_cpp.hpp
[8.855s] -- Up-to-date symlink: /home/ros25/ROS/ROS_25/colcon_ws/install/turtlebot3_msgs/include/turtlebot3_msgs/turtlebot3_msgs/msg/detail/sound__rosidl_typesupport_fastrtps_cpp.hpp
[8.855s] -- Up-to-date symlink: /home/ros25/ROS/ROS_25/colcon_ws/install/turtlebot3_msgs/include/turtlebot3_msgs/turtlebot3_msgs/msg/detail/version_info__rosidl_typesupport_fastrtps_cpp.hpp
[8.855s] -- Up-to-date symlink: /home/ros25/ROS/ROS_25/colcon_ws/install/turtlebot3_msgs/include/turtlebot3_msgs/turtlebot3_msgs/msg/rosidl_typesupport_fastrtps_cpp__visibility_control.h
[8.855s] -- Up-to-date symlink: /home/ros25/ROS/ROS_25/colcon_ws/install/turtlebot3_msgs/include/turtlebot3_msgs/turtlebot3_msgs/srv/detail/dqn__rosidl_typesupport_fastrtps_cpp.hpp
[8.856s] -- Up-to-date symlink: /home/ros25/ROS/ROS_25/colcon_ws/install/turtlebot3_msgs/include/turtlebot3_msgs/turtlebot3_msgs/srv/detail/goal__rosidl_typesupport_fastrtps_cpp.hpp
[8.858s] -- Up-to-date symlink: /home/ros25/ROS/ROS_25/colcon_ws/install/turtlebot3_msgs/include/turtlebot3_msgs/turtlebot3_msgs/srv/detail/sound__rosidl_typesupport_fastrtps_cpp.hpp
[8.858s] -- Up-to-date symlink: /home/ros25/ROS/ROS_25/colcon_ws/install/turtlebot3_msgs/include/turtlebot3_msgs/turtlebot3_msgs/action/detail/patrol__rosidl_typesupport_introspection_c.h
[8.858s] -- Up-to-date symlink: /home/ros25/ROS/ROS_25/colcon_ws/install/turtlebot3_msgs/include/turtlebot3_msgs/turtlebot3_msgs/msg/detail/sensor_state__rosidl_typesupport_introspection_c.h
[8.860s] -- Up-to-date symlink: /home/ros25/ROS/ROS_25/colcon_ws/install/turtlebot3_msgs/include/turtlebot3_msgs/turtlebot3_msgs/msg/detail/sound__rosidl_typesupport_introspection_c.h
[8.861s] -- Up-to-date symlink: /home/ros25/ROS/ROS_25/colcon_ws/install/turtlebot3_msgs/include/turtlebot3_msgs/turtlebot3_msgs/msg/detail/version_info__rosidl_typesupport_introspection_c.h
[8.861s] -- Up-to-date symlink: /home/ros25/ROS/ROS_25/colcon_ws/install/turtlebot3_msgs/include/turtlebot3_msgs/turtlebot3_msgs/msg/rosidl_typesupport_introspection_c__visibility_control.h
[8.863s] -- Up-to-date symlink: /home/ros25/ROS/ROS_25/colcon_ws/install/turtlebot3_msgs/include/turtlebot3_msgs/turtlebot3_msgs/srv/detail/dqn__rosidl_typesupport_introspection_c.h
[8.863s] -- Up-to-date symlink: /home/ros25/ROS/ROS_25/colcon_ws/install/turtlebot3_msgs/include/turtlebot3_msgs/turtlebot3_msgs/srv/detail/goal__rosidl_typesupport_introspection_c.h
[8.863s] -- Up-to-date symlink: /home/ros25/ROS/ROS_25/colcon_ws/install/turtlebot3_msgs/include/turtlebot3_msgs/turtlebot3_msgs/srv/detail/sound__rosidl_typesupport_introspection_c.h
[8.868s] -- Up-to-date symlink: /home/ros25/ROS/ROS_25/colcon_ws/install/turtlebot3_msgs/include/turtlebot3_msgs/turtlebot3_msgs/action/detail/patrol__rosidl_typesupport_introspection_cpp.hpp
[8.868s] -- Up-to-date symlink: /home/ros25/ROS/ROS_25/colcon_ws/install/turtlebot3_msgs/include/turtlebot3_msgs/turtlebot3_msgs/msg/detail/sensor_state__rosidl_typesupport_introspection_cpp.hpp
[8.868s] -- Up-to-date symlink: /home/ros25/ROS/ROS_25/colcon_ws/install/turtlebot3_msgs/include/turtlebot3_msgs/turtlebot3_msgs/msg/detail/sound__rosidl_typesupport_introspection_cpp.hpp
[8.868s] -- Up-to-date symlink: /home/ros25/ROS/ROS_25/colcon_ws/install/turtlebot3_msgs/include/turtlebot3_msgs/turtlebot3_msgs/msg/detail/version_info__rosidl_typesupport_introspection_cpp.hpp
[8.869s] -- Up-to-date symlink: /home/ros25/ROS/ROS_25/colcon_ws/install/turtlebot3_msgs/include/turtlebot3_msgs/turtlebot3_msgs/srv/detail/dqn__rosidl_typesupport_introspection_cpp.hpp
[8.871s] -- Up-to-date symlink: /home/ros25/ROS/ROS_25/colcon_ws/install/turtlebot3_msgs/include/turtlebot3_msgs/turtlebot3_msgs/srv/detail/goal__rosidl_typesupport_introspection_cpp.hpp
[8.871s] -- Up-to-date symlink: /home/ros25/ROS/ROS_25/colcon_ws/install/turtlebot3_msgs/include/turtlebot3_msgs/turtlebot3_msgs/srv/detail/sound__rosidl_typesupport_introspection_cpp.hpp
[8.871s] -- Up-to-date symlink: /home/ros25/ROS/ROS_25/colcon_ws/install/turtlebot3_msgs/share/turtlebot3_msgs/environment/pythonpath.sh
[8.871s] -- Up-to-date symlink: /home/ros25/ROS/ROS_25/colcon_ws/install/turtlebot3_msgs/share/turtlebot3_msgs/environment/pythonpath.dsv
[8.874s] -- Up-to-date symlink: /home/ros25/ROS/ROS_25/colcon_ws/install/turtlebot3_msgs/local/lib/python3.10/dist-packages/turtlebot3_msgs-2.4.0-py3.10.egg-info/PKG-INFO
[8.876s] -- Up-to-date symlink: /home/ros25/ROS/ROS_25/colcon_ws/install/turtlebot3_msgs/local/lib/python3.10/dist-packages/turtlebot3_msgs-2.4.0-py3.10.egg-info/SOURCES.txt
[8.876s] -- Up-to-date symlink: /home/ros25/ROS/ROS_25/colcon_ws/install/turtlebot3_msgs/local/lib/python3.10/dist-packages/turtlebot3_msgs-2.4.0-py3.10.egg-info/dependency_links.txt
[8.876s] -- Up-to-date symlink: /home/ros25/ROS/ROS_25/colcon_ws/install/turtlebot3_msgs/local/lib/python3.10/dist-packages/turtlebot3_msgs-2.4.0-py3.10.egg-info/top_level.txt
[8.881s] -- Up-to-date symlink: /home/ros25/ROS/ROS_25/colcon_ws/install/turtlebot3_msgs/local/lib/python3.10/dist-packages/turtlebot3_msgs/__init__.py
[8.881s] -- Up-to-date symlink: /home/ros25/ROS/ROS_25/colcon_ws/install/turtlebot3_msgs/local/lib/python3.10/dist-packages/turtlebot3_msgs/_turtlebot3_msgs_s.ep.rosidl_typesupport_c.c
[8.884s] -- Up-to-date symlink: /home/ros25/ROS/ROS_25/colcon_ws/install/turtlebot3_msgs/local/lib/python3.10/dist-packages/turtlebot3_msgs/_turtlebot3_msgs_s.ep.rosidl_typesupport_fastrtps_c.c
[8.884s] -- Up-to-date symlink: /home/ros25/ROS/ROS_25/colcon_ws/install/turtlebot3_msgs/local/lib/python3.10/dist-packages/turtlebot3_msgs/_turtlebot3_msgs_s.ep.rosidl_typesupport_introspection_c.c
[8.884s] -- Up-to-date symlink: /home/ros25/ROS/ROS_25/colcon_ws/install/turtlebot3_msgs/local/lib/python3.10/dist-packages/turtlebot3_msgs/action/__init__.py
[8.885s] -- Up-to-date symlink: /home/ros25/ROS/ROS_25/colcon_ws/install/turtlebot3_msgs/local/lib/python3.10/dist-packages/turtlebot3_msgs/action/_patrol.py
[8.885s] -- Up-to-date symlink: /home/ros25/ROS/ROS_25/colcon_ws/install/turtlebot3_msgs/local/lib/python3.10/dist-packages/turtlebot3_msgs/action/_patrol_s.c
[8.885s] -- Up-to-date symlink: /home/ros25/ROS/ROS_25/colcon_ws/install/turtlebot3_msgs/local/lib/python3.10/dist-packages/turtlebot3_msgs/libturtlebot3_msgs__rosidl_generator_py.so
[8.889s] -- Up-to-date symlink: /home/ros25/ROS/ROS_25/colcon_ws/install/turtlebot3_msgs/local/lib/python3.10/dist-packages/turtlebot3_msgs/msg/__init__.py
[8.891s] -- Up-to-date symlink: /home/ros25/ROS/ROS_25/colcon_ws/install/turtlebot3_msgs/local/lib/python3.10/dist-packages/turtlebot3_msgs/msg/_sensor_state.py
[8.891s] -- Up-to-date symlink: /home/ros25/ROS/ROS_25/colcon_ws/install/turtlebot3_msgs/local/lib/python3.10/dist-packages/turtlebot3_msgs/msg/_sensor_state_s.c
[8.891s] -- Up-to-date symlink: /home/ros25/ROS/ROS_25/colcon_ws/install/turtlebot3_msgs/local/lib/python3.10/dist-packages/turtlebot3_msgs/msg/_sound.py
[8.891s] -- Up-to-date symlink: /home/ros25/ROS/ROS_25/colcon_ws/install/turtlebot3_msgs/local/lib/python3.10/dist-packages/turtlebot3_msgs/msg/_sound_s.c
[8.891s] -- Up-to-date symlink: /home/ros25/ROS/ROS_25/colcon_ws/install/turtlebot3_msgs/local/lib/python3.10/dist-packages/turtlebot3_msgs/msg/_version_info.py
[8.894s] -- Up-to-date symlink: /home/ros25/ROS/ROS_25/colcon_ws/install/turtlebot3_msgs/local/lib/python3.10/dist-packages/turtlebot3_msgs/msg/_version_info_s.c
[8.895s] -- Up-to-date symlink: /home/ros25/ROS/ROS_25/colcon_ws/install/turtlebot3_msgs/local/lib/python3.10/dist-packages/turtlebot3_msgs/srv/__init__.py
[8.895s] -- Up-to-date symlink: /home/ros25/ROS/ROS_25/colcon_ws/install/turtlebot3_msgs/local/lib/python3.10/dist-packages/turtlebot3_msgs/srv/_dqn.py
[8.897s] -- Up-to-date symlink: /home/ros25/ROS/ROS_25/colcon_ws/install/turtlebot3_msgs/local/lib/python3.10/dist-packages/turtlebot3_msgs/srv/_dqn_s.c
[8.897s] -- Up-to-date symlink: /home/ros25/ROS/ROS_25/colcon_ws/install/turtlebot3_msgs/local/lib/python3.10/dist-packages/turtlebot3_msgs/srv/_goal.py
[8.901s] -- Up-to-date symlink: /home/ros25/ROS/ROS_25/colcon_ws/install/turtlebot3_msgs/local/lib/python3.10/dist-packages/turtlebot3_msgs/srv/_goal_s.c
[8.901s] -- Up-to-date symlink: /home/ros25/ROS/ROS_25/colcon_ws/install/turtlebot3_msgs/local/lib/python3.10/dist-packages/turtlebot3_msgs/srv/_sound.py
[8.901s] -- Up-to-date symlink: /home/ros25/ROS/ROS_25/colcon_ws/install/turtlebot3_msgs/local/lib/python3.10/dist-packages/turtlebot3_msgs/srv/_sound_s.c
[8.905s] -- Up-to-date symlink: /home/ros25/ROS/ROS_25/colcon_ws/install/turtlebot3_msgs/local/lib/python3.10/dist-packages/turtlebot3_msgs/turtlebot3_msgs_s__rosidl_typesupport_c.cpython-310-x86_64-linux-gnu.so
[8.905s] -- Up-to-date symlink: /home/ros25/ROS/ROS_25/colcon_ws/install/turtlebot3_msgs/local/lib/python3.10/dist-packages/turtlebot3_msgs/turtlebot3_msgs_s__rosidl_typesupport_fastrtps_c.cpython-310-x86_64-linux-gnu.so
[8.905s] -- Up-to-date symlink: /home/ros25/ROS/ROS_25/colcon_ws/install/turtlebot3_msgs/local/lib/python3.10/dist-packages/turtlebot3_msgs/turtlebot3_msgs_s__rosidl_typesupport_introspection_c.cpython-310-x86_64-linux-gnu.so
[8.905s] -- Up-to-date symlink: /home/ros25/ROS/ROS_25/colcon_ws/install/turtlebot3_msgs/local/lib/python3.10/dist-packages/turtlebot3_msgs/turtlebot3_msgs_s__rosidl_typesupport_fastrtps_c.cpython-310-x86_64-linux-gnu.so
[8.911s] -- Up-to-date symlink: /home/ros25/ROS/ROS_25/colcon_ws/install/turtlebot3_msgs/local/lib/python3.10/dist-packages/turtlebot3_msgs/turtlebot3_msgs_s__rosidl_typesupport_introspection_c.cpython-310-x86_64-linux-gnu.so
[8.911s] -- Up-to-date symlink: /home/ros25/ROS/ROS_25/colcon_ws/install/turtlebot3_msgs/local/lib/python3.10/dist-packages/turtlebot3_msgs/turtlebot3_msgs_s__rosidl_typesupport_c.cpython-310-x86_64-linux-gnu.so
[8.914s] -- Up-to-date symlink: /home/ros25/ROS/ROS_25/colcon_ws/install/turtlebot3_msgs/share/turtlebot3_msgs/msg/SensorState.idl
[8.914s] -- Up-to-date symlink: /home/ros25/ROS/ROS_25/colcon_ws/install/turtlebot3_msgs/share/turtlebot3_msgs/msg/Sound.idl
[8.916s] -- Up-to-date symlink: /home/ros25/ROS/ROS_25/colcon_ws/install/turtlebot3_msgs/share/turtlebot3_msgs/msg/VersionInfo.idl
[8.916s] -- Up-to-date symlink: /home/ros25/ROS/ROS_25/colcon_ws/install/turtlebot3_msgs/share/turtlebot3_msgs/srv/Sound.idl
[8.917s] -- Up-to-date symlink: /home/ros25/ROS/ROS_25/colcon_ws/install/turtlebot3_msgs/share/turtlebot3_msgs/srv/Dqn.idl
[8.919s] -- Up-to-date symlink: /home/ros25/ROS/ROS_25/colcon_ws/install/turtlebot3_msgs/share/turtlebot3_msgs/srv/Goal.idl
[8.919s] -- Up-to-date symlink: /home/ros25/ROS/ROS_25/colcon_ws/install/turtlebot3_msgs/share/turtlebot3_msgs/action/Patrol.idl
[8.919s] -- Up-to-date symlink: /home/ros25/ROS/ROS_25/colcon_ws/install/turtlebot3_msgs/share/turtlebot3_msgs/msg/SensorState.msg
[8.920s] -- Up-to-date symlink: /home/ros25/ROS/ROS_25/colcon_ws/install/turtlebot3_msgs/share/turtlebot3_msgs/msg/Sound.msg
[8.922s] -- Up-to-date symlink: /home/ros25/ROS/ROS_25/colcon_ws/install/turtlebot3_msgs/share/turtlebot3_msgs/msg/VersionInfo.msg
[8.922s] -- Up-to-date symlink: /home/ros25/ROS/ROS_25/colcon_ws/install/turtlebot3_msgs/share/turtlebot3_msgs/srv/Sound.srv
[8.922s] -- Up-to-date symlink: /home/ros25/ROS/ROS_25/colcon_ws/install/turtlebot3_msgs/share/turtlebot3_msgs/srv/Sound_Request.msg
[8.922s] -- Up-to-date symlink: /home/ros25/ROS/ROS_25/colcon_ws/install/turtlebot3_msgs/share/turtlebot3_msgs/srv/Sound_Response.msg
[8.927s] -- Up-to-date symlink: /home/ros25/ROS/ROS_25/colcon_ws/install/turtlebot3_msgs/share/turtlebot3_msgs/srv/Dqn.srv
[8.929s] -- Up-to-date symlink: /home/ros25/ROS/ROS_25/colcon_ws/install/turtlebot3_msgs/share/turtlebot3_msgs/srv/Dqn_Request.msg
[8.929s] -- Up-to-date symlink: /home/ros25/ROS/ROS_25/colcon_ws/install/turtlebot3_msgs/share/turtlebot3_msgs/srv/Dqn_Response.msg
[8.930s] -- Up-to-date symlink: /home/ros25/ROS/ROS_25/colcon_ws/install/turtlebot3_msgs/share/turtlebot3_msgs/srv/Goal.srv
[8.930s] -- Up-to-date symlink: /home/ros25/ROS/ROS_25/colcon_ws/install/turtlebot3_msgs/share/turtlebot3_msgs/srv/Goal_Request.msg
[8.930s] -- Up-to-date symlink: /home/ros25/ROS/ROS_25/colcon_ws/install/turtlebot3_msgs/share/turtlebot3_msgs/srv/Goal_Response.msg
[8.932s] -- Up-to-date symlink: /home/ros25/ROS/ROS_25/colcon_ws/install/turtlebot3_msgs/share/turtlebot3_msgs/action/Patrol.action
[8.932s] -- Up-to-date symlink: /home/ros25/ROS/ROS_25/colcon_ws/install/turtlebot3_msgs/share/ament_index/resource_index/package_run_dependencies/turtlebot3_msgs
[8.932s] -- Up-to-date symlink: /home/ros25/ROS/ROS_25/colcon_ws/install/turtlebot3_msgs/share/ament_index/resource_index/parent_prefix_path/turtlebot3_msgs
[8.932s] -- Up-to-date symlink: /home/ros25/ROS/ROS_25/colcon_ws/install/turtlebot3_msgs/share/turtlebot3_msgs/environment/ament_prefix_path.sh
[8.933s] -- Up-to-date symlink: /home/ros25/ROS/ROS_25/colcon_ws/install/turtlebot3_msgs/share/turtlebot3_msgs/environment/ament_prefix_path.dsv
[8.937s] -- Up-to-date symlink: /home/ros25/ROS/ROS_25/colcon_ws/install/turtlebot3_msgs/share/turtlebot3_msgs/environment/path.sh
[8.937s] -- Up-to-date symlink: /home/ros25/ROS/ROS_25/colcon_ws/install/turtlebot3_msgs/share/turtlebot3_msgs/environment/path.dsv
[8.937s] -- Up-to-date symlink: /home/ros25/ROS/ROS_25/colcon_ws/install/turtlebot3_msgs/share/turtlebot3_msgs/local_setup.bash
[8.939s] -- Up-to-date symlink: /home/ros25/ROS/ROS_25/colcon_ws/install/turtlebot3_msgs/share/turtlebot3_msgs/local_setup.sh
[8.939s] -- Up-to-date symlink: /home/ros25/ROS/ROS_25/colcon_ws/install/turtlebot3_msgs/share/turtlebot3_msgs/local_setup.zsh
[8.939s] -- Up-to-date symlink: /home/ros25/ROS/ROS_25/colcon_ws/install/turtlebot3_msgs/share/turtlebot3_msgs/local_setup.dsv
[8.942s] -- Symlinking: /home/ros25/ROS/ROS_25/colcon_ws/install/turtlebot3_msgs/share/turtlebot3_msgs/package.dsv
[9.023s] -- Up-to-date symlink: /home/ros25/ROS/ROS_25/colcon_ws/install/turtlebot3_msgs/share/ament_index/resource_index/packages/turtlebot3_msgs
[9.024s] -- Up-to-date symlink: /home/ros25/ROS/ROS_25/colcon_ws/install/turtlebot3_msgs/share/turtlebot3_msgs/cmake/rosidl_cmake-extras.cmake
[9.024s] -- Up-to-date symlink: /home/ros25/ROS/ROS_25/colcon_ws/install/turtlebot3_msgs/share/turtlebot3_msgs/cmake/ament_cmake_export_dependencies-extras.cmake
[9.024s] -- Up-to-date symlink: /home/ros25/ROS/ROS_25/colcon_ws/install/turtlebot3_msgs/share/turtlebot3_msgs/cmake/ament_cmake_export_include_directories-extras.cmake
[9.026s] -- Up-to-date symlink: /home/ros25/ROS/ROS_25/colcon_ws/install/turtlebot3_msgs/share/turtlebot3_msgs/cmake/ament_cmake_export_libraries-extras.cmake
[9.026s] -- Up-to-date symlink: /home/ros25/ROS/ROS_25/colcon_ws/install/turtlebot3_msgs/share/turtlebot3_msgs/cmake/ament_cmake_export_targets-extras.cmake
[9.029s] -- Up-to-date symlink: /home/ros25/ROS/ROS_25/colcon_ws/install/turtlebot3_msgs/share/turtlebot3_msgs/cmake/rosidl_cmake_export_typesupport_targets-extras.cmake
[9.029s] -- Up-to-date symlink: /home/ros25/ROS/ROS_25/colcon_ws/install/turtlebot3_msgs/share/turtlebot3_msgs/cmake/rosidl_cmake_export_typesupport_libraries-extras.cmake
[9.029s] -- Up-to-date symlink: /home/ros25/ROS/ROS_25/colcon_ws/install/turtlebot3_msgs/share/turtlebot3_msgs/cmake/turtlebot3_msgsConfig.cmake
[9.031s] -- Up-to-date symlink: /home/ros25/ROS/ROS_25/colcon_ws/install/turtlebot3_msgs/share/turtlebot3_msgs/cmake/turtlebot3_msgsConfig-version.cmake
[9.032s] -- Up-to-date symlink: /home/ros25/ROS/ROS_25/colcon_ws/install/turtlebot3_msgs/share/turtlebot3_msgs/package.xml
[9.034s] -- Up-to-date: /home/ros25/ROS/ROS_25/colcon_ws/install/turtlebot3_msgs/lib/libturtlebot3_msgs__rosidl_generator_c.so
[9.037s] -- Up-to-date: /home/ros25/ROS/ROS_25/colcon_ws/install/turtlebot3_msgs/lib/libturtlebot3_msgs__rosidl_typesupport_fastrtps_c.so
[9.039s] -- Up-to-date: /home/ros25/ROS/ROS_25/colcon_ws/install/turtlebot3_msgs/lib/libturtlebot3_msgs__rosidl_typesupport_fastrtps_cpp.so
[9.041s] -- Up-to-date: /home/ros25/ROS/ROS_25/colcon_ws/install/turtlebot3_msgs/lib/libturtlebot3_msgs__rosidl_typesupport_introspection_c.so
[9.045s] -- Up-to-date: /home/ros25/ROS/ROS_25/colcon_ws/install/turtlebot3_msgs/lib/libturtlebot3_msgs__rosidl_typesupport_c.so
[9.045s] -- Up-to-date: /home/ros25/ROS/ROS_25/colcon_ws/install/turtlebot3_msgs/lib/libturtlebot3_msgs__rosidl_typesupport_introspection_cpp.so
[9.048s] -- Up-to-date: /home/ros25/ROS/ROS_25/colcon_ws/install/turtlebot3_msgs/lib/libturtlebot3_msgs__rosidl_typesupport_cpp.so
[9.170s] Listing '/home/ros25/ROS/ROS_25/colcon_ws/install/turtlebot3_msgs/local/lib/python3.10/dist-packages/turtlebot3_msgs'...
[9.172s] Compiling '/home/ros25/ROS/ROS_25/colcon_ws/install/turtlebot3_msgs/local/lib/python3.10/dist-packages/turtlebot3_msgs/__init__.py'...
[9.172s] Listing '/home/ros25/ROS/ROS_25/colcon_ws/install/turtlebot3_msgs/local/lib/python3.10/dist-packages/turtlebot3_msgs/action'...
[9.172s] Listing '/home/ros25/ROS/ROS_25/colcon_ws/install/turtlebot3_msgs/local/lib/python3.10/dist-packages/turtlebot3_msgs/msg'...
[9.172s] Listing '/home/ros25/ROS/ROS_25/colcon_ws/install/turtlebot3_msgs/local/lib/python3.10/dist-packages/turtlebot3_msgs/srv'...
[9.198s] -- Up-to-date: /home/ros25/ROS/ROS_25/colcon_ws/install/turtlebot3_msgs/lib/libturtlebot3_msgs__rosidl_generator_py.so
[9.202s] -- Up-to-date: /home/ros25/ROS/ROS_25/colcon_ws/install/turtlebot3_msgs/share/turtlebot3_msgs/cmake/export_turtlebot3_msgs__rosidl_generator_cExport.cmake
[9.202s] -- Up-to-date: /home/ros25/ROS/ROS_25/colcon_ws/install/turtlebot3_msgs/share/turtlebot3_msgs/cmake/export_turtlebot3_msgs__rosidl_generator_cExport-noconfig.cmake
[9.203s] -- Up-to-date: /home/ros25/ROS/ROS_25/colcon_ws/install/turtlebot3_msgs/share/turtlebot3_msgs/cmake/export_turtlebot3_msgs__rosidl_typesupport_fastrtps_cExport.cmake
[9.208s] -- Up-to-date: /home/ros25/ROS/ROS_25/colcon_ws/install/turtlebot3_msgs/share/turtlebot3_msgs/cmake/export_turtlebot3_msgs__rosidl_typesupport_fastrtps_cExport-noconfig.cmake
[9.208s] -- Up-to-date: /home/ros25/ROS/ROS_25/colcon_ws/install/turtlebot3_msgs/share/turtlebot3_msgs/cmake/export_turtlebot3_msgs__rosidl_generator_cppExport.cmake
[9.208s] -- Up-to-date: /home/ros25/ROS/ROS_25/colcon_ws/install/turtlebot3_msgs/share/turtlebot3_msgs/cmake/export_turtlebot3_msgs__rosidl_typesupport_fastrtps_cppExport.cmake
[9.208s] -- Up-to-date: /home/ros25/ROS/ROS_25/colcon_ws/install/turtlebot3_msgs/share/turtlebot3_msgs/cmake/export_turtlebot3_msgs__rosidl_typesupport_fastrtps_cppExport-noconfig.cmake
[9.208s] -- Up-to-date: /home/ros25/ROS/ROS_25/colcon_ws/install/turtlebot3_msgs/share/turtlebot3_msgs/cmake/turtlebot3_msgs__rosidl_typesupport_introspection_cExport.cmake
[9.208s] -- Up-to-date: /home/ros25/ROS/ROS_25/colcon_ws/install/turtlebot3_msgs/share/turtlebot3_msgs/cmake/turtlebot3_msgs__rosidl_typesupport_introspection_cExport-noconfig.cmake
[9.209s] -- Up-to-date: /home/ros25/ROS/ROS_25/colcon_ws/install/turtlebot3_msgs/share/turtlebot3_msgs/cmake/turtlebot3_msgs__rosidl_typesupport_cExport.cmake
[9.211s] -- Up-to-date: /home/ros25/ROS/ROS_25/colcon_ws/install/turtlebot3_msgs/share/turtlebot3_msgs/cmake/turtlebot3_msgs__rosidl_typesupport_cExport-noconfig.cmake
[9.212s] -- Up-to-date: /home/ros25/ROS/ROS_25/colcon_ws/install/turtlebot3_msgs/share/turtlebot3_msgs/cmake/turtlebot3_msgs__rosidl_typesupport_introspection_cppExport.cmake
[9.214s] -- Up-to-date: /home/ros25/ROS/ROS_25/colcon_ws/install/turtlebot3_msgs/share/turtlebot3_msgs/cmake/turtlebot3_msgs__rosidl_typesupport_introspection_cppExport-noconfig.cmake
[9.214s] -- Up-to-date: /home/ros25/ROS/ROS_25/colcon_ws/install/turtlebot3_msgs/share/turtlebot3_msgs/cmake/turtlebot3_msgs__rosidl_typesupport_cppExport.cmake
[9.214s] -- Up-to-date: /home/ros25/ROS/ROS_25/colcon_ws/install/turtlebot3_msgs/share/turtlebot3_msgs/cmake/turtlebot3_msgs__rosidl_typesupport_cppExport-noconfig.cmake
[9.217s] -- Up-to-date: /home/ros25/ROS/ROS_25/colcon_ws/install/turtlebot3_msgs/share/turtlebot3_msgs/cmake/export_turtlebot3_msgs__rosidl_generator_pyExport.cmake
[9.217s] -- Up-to-date: /home/ros25/ROS/ROS_25/colcon_ws/install/turtlebot3_msgs/share/turtlebot3_msgs/cmake/export_turtlebot3_msgs__rosidl_generator_pyExport-noconfig.cmake
[9.237s] Invoked command in '/home/ros25/ROS/ROS_25/colcon_ws/build/turtlebot3_msgs' returned '0': CMAKE_PREFIX_PATH=${CMAKE_PREFIX_PATH}:/home/ros25/ROS/ROS_25/colcon_ws/install/test_node:/opt/ros/humble /usr/bin/cmake --install /home/ros25/ROS/ROS_25/colcon_ws/build/turtlebot3_msgs
