[0.042s] Invoking command in '/home/ros25/ROS/ROS_25/colcon_ws/build/turtlebot3_cartographer': CMAKE_PREFIX_PATH=${CMAKE_PREFIX_PATH}:/home/ros25/ROS/ROS_25/colcon_ws/install/test_node:/opt/ros/humble /usr/bin/cmake --build /home/ros25/ROS/ROS_25/colcon_ws/build/turtlebot3_cartographer -- -j2 -l2
[0.179s] Invoked command in '/home/ros25/ROS/ROS_25/colcon_ws/build/turtlebot3_cartographer' returned '0': CMAKE_PREFIX_PATH=${CMAKE_PREFIX_PATH}:/home/ros25/ROS/ROS_25/colcon_ws/install/test_node:/opt/ros/humble /usr/bin/cmake --build /home/ros25/ROS/ROS_25/colcon_ws/build/turtlebot3_cartographer -- -j2 -l2
[0.186s] Invoking command in '/home/ros25/ROS/ROS_25/colcon_ws/build/turtlebot3_cartographer': CMAKE_PREFIX_PATH=${CMAKE_PREFIX_PATH}:/home/ros25/ROS/ROS_25/colcon_ws/install/test_node:/opt/ros/humble /usr/bin/cmake --install /home/ros25/ROS/ROS_25/colcon_ws/build/turtlebot3_cartographer
[0.204s] -- Install configuration: ""
[0.204s] -- Up-to-date: /home/ros25/ROS/ROS_25/colcon_ws/install/turtlebot3_cartographer/share/turtlebot3_cartographer/config
[0.204s] -- Up-to-date: /home/ros25/ROS/ROS_25/colcon_ws/install/turtlebot3_cartographer/share/turtlebot3_cartographer/config/turtlebot3_lds_2d.lua
[0.205s] -- Up-to-date: /home/ros25/ROS/ROS_25/colcon_ws/install/turtlebot3_cartographer/share/turtlebot3_cartographer/launch
[0.205s] -- Up-to-date: /home/ros25/ROS/ROS_25/colcon_ws/install/turtlebot3_cartographer/share/turtlebot3_cartographer/launch/cartographer.launch.py
[0.205s] -- Up-to-date: /home/ros25/ROS/ROS_25/colcon_ws/install/turtlebot3_cartographer/share/turtlebot3_cartographer/launch/occupancy_grid.launch.py
[0.206s] -- Up-to-date: /home/ros25/ROS/ROS_25/colcon_ws/install/turtlebot3_cartographer/share/turtlebot3_cartographer/rviz
[0.206s] -- Up-to-date: /home/ros25/ROS/ROS_25/colcon_ws/install/turtlebot3_cartographer/share/turtlebot3_cartographer/rviz/tb3_cartographer.rviz
[0.206s] -- Up-to-date: /home/ros25/ROS/ROS_25/colcon_ws/install/turtlebot3_cartographer/share/ament_index/resource_index/package_run_dependencies/turtlebot3_cartographer
[0.206s] -- Up-to-date: /home/ros25/ROS/ROS_25/colcon_ws/install/turtlebot3_cartographer/share/ament_index/resource_index/parent_prefix_path/turtlebot3_cartographer
[0.207s] -- Up-to-date: /home/ros25/ROS/ROS_25/colcon_ws/install/turtlebot3_cartographer/share/turtlebot3_cartographer/environment/ament_prefix_path.sh
[0.215s] -- Up-to-date: /home/ros25/ROS/ROS_25/colcon_ws/install/turtlebot3_cartographer/share/turtlebot3_cartographer/environment/ament_prefix_path.dsv
[0.215s] -- Up-to-date: /home/ros25/ROS/ROS_25/colcon_ws/install/turtlebot3_cartographer/share/turtlebot3_cartographer/environment/path.sh
[0.216s] -- Up-to-date: /home/ros25/ROS/ROS_25/colcon_ws/install/turtlebot3_cartographer/share/turtlebot3_cartographer/environment/path.dsv
[0.216s] -- Up-to-date: /home/ros25/ROS/ROS_25/colcon_ws/install/turtlebot3_cartographer/share/turtlebot3_cartographer/local_setup.bash
[0.216s] -- Up-to-date: /home/ros25/ROS/ROS_25/colcon_ws/install/turtlebot3_cartographer/share/turtlebot3_cartographer/local_setup.sh
[0.216s] -- Up-to-date: /home/ros25/ROS/ROS_25/colcon_ws/install/turtlebot3_cartographer/share/turtlebot3_cartographer/local_setup.zsh
[0.216s] -- Up-to-date: /home/ros25/ROS/ROS_25/colcon_ws/install/turtlebot3_cartographer/share/turtlebot3_cartographer/local_setup.dsv
[0.216s] -- Up-to-date: /home/ros25/ROS/ROS_25/colcon_ws/install/turtlebot3_cartographer/share/turtlebot3_cartographer/package.dsv
[0.216s] -- Up-to-date: /home/ros25/ROS/ROS_25/colcon_ws/install/turtlebot3_cartographer/share/ament_index/resource_index/packages/turtlebot3_cartographer
[0.216s] -- Up-to-date: /home/ros25/ROS/ROS_25/colcon_ws/install/turtlebot3_cartographer/share/turtlebot3_cartographer/cmake/turtlebot3_cartographerConfig.cmake
[0.216s] -- Up-to-date: /home/ros25/ROS/ROS_25/colcon_ws/install/turtlebot3_cartographer/share/turtlebot3_cartographer/cmake/turtlebot3_cartographerConfig-version.cmake
[0.216s] -- Up-to-date: /home/ros25/ROS/ROS_25/colcon_ws/install/turtlebot3_cartographer/share/turtlebot3_cartographer/package.xml
[0.234s] Invoked command in '/home/ros25/ROS/ROS_25/colcon_ws/build/turtlebot3_cartographer' returned '0': CMAKE_PREFIX_PATH=${CMAKE_PREFIX_PATH}:/home/ros25/ROS/ROS_25/colcon_ws/install/test_node:/opt/ros/humble /usr/bin/cmake --install /home/ros25/ROS/ROS_25/colcon_ws/build/turtlebot3_cartographer
