[0.054s] Invoking command in '/home/ros25/ROS/ROS_25/colcon_ws/build/turtlebot3_navigation2': CMAKE_PREFIX_PATH=/home/ros25/ROS/ROS_25/colcon_ws/install/test_node:/opt/ros/humble /usr/bin/cmake /home/ros25/ROS/ROS_25/colcon_ws/src/turtlebot3/turtlebot3_navigation2 -DCMAKE_INSTALL_PREFIX=/home/ros25/ROS/ROS_25/colcon_ws/install/turtlebot3_navigation2
[0.290s] -- The C compiler identification is GNU 11.4.0
[0.600s] -- The CXX compiler identification is GNU 11.4.0
[0.636s] -- Detecting C compiler ABI info
[1.050s] -- Detecting C compiler ABI info - done
[1.095s] -- Check for working C compiler: /usr/bin/cc - skipped
[1.096s] -- Detecting C compile features
[1.099s] -- Detecting C compile features - done
[1.115s] -- Detecting CXX compiler ABI info
[1.755s] -- Detecting CXX compiler ABI info - done
[1.812s] -- Check for working CXX compiler: /usr/bin/c++ - skipped
[1.812s] -- Detecting CXX compile features
[1.814s] -- Detecting CXX compile features - done
[1.825s] -- Found ament_cmake: 1.3.11 (/opt/ros/humble/share/ament_cmake/cmake)
[2.377s] -- Found Python3: /usr/bin/python3 (found version "3.10.12") found components: Interpreter 
[3.134s] -- Configuring done
[3.157s] -- Generating done
[3.169s] -- Build files have been written to: /home/ros25/ROS/ROS_25/colcon_ws/build/turtlebot3_navigation2
[3.211s] Invoked command in '/home/ros25/ROS/ROS_25/colcon_ws/build/turtlebot3_navigation2' returned '0': CMAKE_PREFIX_PATH=/home/ros25/ROS/ROS_25/colcon_ws/install/test_node:/opt/ros/humble /usr/bin/cmake /home/ros25/ROS/ROS_25/colcon_ws/src/turtlebot3/turtlebot3_navigation2 -DCMAKE_INSTALL_PREFIX=/home/ros25/ROS/ROS_25/colcon_ws/install/turtlebot3_navigation2
[3.218s] Invoking command in '/home/ros25/ROS/ROS_25/colcon_ws/build/turtlebot3_navigation2': CMAKE_PREFIX_PATH=/home/ros25/ROS/ROS_25/colcon_ws/install/test_node:/opt/ros/humble /usr/bin/cmake --build /home/ros25/ROS/ROS_25/colcon_ws/build/turtlebot3_navigation2 -- -j2 -l2
[3.560s] Invoked command in '/home/ros25/ROS/ROS_25/colcon_ws/build/turtlebot3_navigation2' returned '0': CMAKE_PREFIX_PATH=/home/ros25/ROS/ROS_25/colcon_ws/install/test_node:/opt/ros/humble /usr/bin/cmake --build /home/ros25/ROS/ROS_25/colcon_ws/build/turtlebot3_navigation2 -- -j2 -l2
[3.569s] Invoking command in '/home/ros25/ROS/ROS_25/colcon_ws/build/turtlebot3_navigation2': CMAKE_PREFIX_PATH=/home/ros25/ROS/ROS_25/colcon_ws/install/test_node:/opt/ros/humble /usr/bin/cmake --install /home/ros25/ROS/ROS_25/colcon_ws/build/turtlebot3_navigation2
[3.600s] -- Install configuration: ""
[3.600s] -- Installing: /home/ros25/ROS/ROS_25/colcon_ws/install/turtlebot3_navigation2/share/turtlebot3_navigation2/launch
[3.600s] -- Installing: /home/ros25/ROS/ROS_25/colcon_ws/install/turtlebot3_navigation2/share/turtlebot3_navigation2/launch/navigation2.launch.py
[3.600s] -- Installing: /home/ros25/ROS/ROS_25/colcon_ws/install/turtlebot3_navigation2/share/turtlebot3_navigation2/map
[3.601s] -- Installing: /home/ros25/ROS/ROS_25/colcon_ws/install/turtlebot3_navigation2/share/turtlebot3_navigation2/map/map.yaml
[3.601s] -- Installing: /home/ros25/ROS/ROS_25/colcon_ws/install/turtlebot3_navigation2/share/turtlebot3_navigation2/map/map.pgm
[3.601s] -- Installing: /home/ros25/ROS/ROS_25/colcon_ws/install/turtlebot3_navigation2/share/turtlebot3_navigation2/param
[3.601s] -- Installing: /home/ros25/ROS/ROS_25/colcon_ws/install/turtlebot3_navigation2/share/turtlebot3_navigation2/param/burger_cam.yaml
[3.605s] -- Installing: /home/ros25/ROS/ROS_25/colcon_ws/install/turtlebot3_navigation2/share/turtlebot3_navigation2/param/waffle_pi.yaml
[3.605s] -- Installing: /home/ros25/ROS/ROS_25/colcon_ws/install/turtlebot3_navigation2/share/turtlebot3_navigation2/param/burger.yaml
[3.605s] -- Installing: /home/ros25/ROS/ROS_25/colcon_ws/install/turtlebot3_navigation2/share/turtlebot3_navigation2/param/humble
[3.605s] -- Installing: /home/ros25/ROS/ROS_25/colcon_ws/install/turtlebot3_navigation2/share/turtlebot3_navigation2/param/humble/burger_cam.yaml
[3.606s] -- Installing: /home/ros25/ROS/ROS_25/colcon_ws/install/turtlebot3_navigation2/share/turtlebot3_navigation2/param/humble/waffle_pi.yaml
[3.606s] -- Installing: /home/ros25/ROS/ROS_25/colcon_ws/install/turtlebot3_navigation2/share/turtlebot3_navigation2/param/humble/burger.yaml
[3.606s] -- Installing: /home/ros25/ROS/ROS_25/colcon_ws/install/turtlebot3_navigation2/share/turtlebot3_navigation2/param/humble/waffle.yaml
[3.606s] -- Installing: /home/ros25/ROS/ROS_25/colcon_ws/install/turtlebot3_navigation2/share/turtlebot3_navigation2/param/waffle.yaml
[3.606s] -- Installing: /home/ros25/ROS/ROS_25/colcon_ws/install/turtlebot3_navigation2/share/turtlebot3_navigation2/rviz
[3.606s] -- Installing: /home/ros25/ROS/ROS_25/colcon_ws/install/turtlebot3_navigation2/share/turtlebot3_navigation2/rviz/tb3_navigation2.rviz
[3.609s] -- Installing: /home/ros25/ROS/ROS_25/colcon_ws/install/turtlebot3_navigation2/share/ament_index/resource_index/package_run_dependencies/turtlebot3_navigation2
[3.609s] -- Installing: /home/ros25/ROS/ROS_25/colcon_ws/install/turtlebot3_navigation2/share/ament_index/resource_index/parent_prefix_path/turtlebot3_navigation2
[3.609s] -- Installing: /home/ros25/ROS/ROS_25/colcon_ws/install/turtlebot3_navigation2/share/turtlebot3_navigation2/environment/ament_prefix_path.sh
[3.610s] -- Installing: /home/ros25/ROS/ROS_25/colcon_ws/install/turtlebot3_navigation2/share/turtlebot3_navigation2/environment/ament_prefix_path.dsv
[3.612s] -- Installing: /home/ros25/ROS/ROS_25/colcon_ws/install/turtlebot3_navigation2/share/turtlebot3_navigation2/environment/path.sh
[3.612s] -- Installing: /home/ros25/ROS/ROS_25/colcon_ws/install/turtlebot3_navigation2/share/turtlebot3_navigation2/environment/path.dsv
[3.612s] -- Installing: /home/ros25/ROS/ROS_25/colcon_ws/install/turtlebot3_navigation2/share/turtlebot3_navigation2/local_setup.bash
[3.617s] -- Installing: /home/ros25/ROS/ROS_25/colcon_ws/install/turtlebot3_navigation2/share/turtlebot3_navigation2/local_setup.sh
[3.617s] -- Installing: /home/ros25/ROS/ROS_25/colcon_ws/install/turtlebot3_navigation2/share/turtlebot3_navigation2/local_setup.zsh
[3.618s] -- Installing: /home/ros25/ROS/ROS_25/colcon_ws/install/turtlebot3_navigation2/share/turtlebot3_navigation2/local_setup.dsv
[3.618s] -- Installing: /home/ros25/ROS/ROS_25/colcon_ws/install/turtlebot3_navigation2/share/turtlebot3_navigation2/package.dsv
[3.620s] -- Installing: /home/ros25/ROS/ROS_25/colcon_ws/install/turtlebot3_navigation2/share/ament_index/resource_index/packages/turtlebot3_navigation2
[3.620s] -- Installing: /home/ros25/ROS/ROS_25/colcon_ws/install/turtlebot3_navigation2/share/turtlebot3_navigation2/cmake/turtlebot3_navigation2Config.cmake
[3.620s] -- Installing: /home/ros25/ROS/ROS_25/colcon_ws/install/turtlebot3_navigation2/share/turtlebot3_navigation2/cmake/turtlebot3_navigation2Config-version.cmake
[3.622s] -- Installing: /home/ros25/ROS/ROS_25/colcon_ws/install/turtlebot3_navigation2/share/turtlebot3_navigation2/package.xml
[3.640s] Invoked command in '/home/ros25/ROS/ROS_25/colcon_ws/build/turtlebot3_navigation2' returned '0': CMAKE_PREFIX_PATH=/home/ros25/ROS/ROS_25/colcon_ws/install/test_node:/opt/ros/humble /usr/bin/cmake --install /home/ros25/ROS/ROS_25/colcon_ws/build/turtlebot3_navigation2
