[0.068s] Invoking command in '/home/ros25/ROS/ROS_25/colcon_ws/build/turtlebot3_gazebo': CMAKE_PREFIX_PATH=${CMAKE_PREFIX_PATH}:/home/ros25/ROS/ROS_25/colcon_ws/install/turtlebot3_teleop:/home/ros25/ROS/ROS_25/colcon_ws/install/turtlebot3_example:/home/ros25/ROS/ROS_25/colcon_ws/install/test_node:/opt/ros/humble /usr/bin/cmake --build /home/ros25/ROS/ROS_25/colcon_ws/build/turtlebot3_gazebo -- -j2 -l2
[0.751s] [ 16%] Built target turtlebot3_drive
[1.287s] [ 33%] Built target traffic_light_plugin
[1.828s] [ 50%] Built target traffic_bar_plugin
[2.385s] [ 66%] Built target obstacle1
[2.853s] [ 83%] Built target obstacle2
[3.344s] [100%] Built target obstacles
[3.515s] Invoked command in '/home/ros25/ROS/ROS_25/colcon_ws/build/turtlebot3_gazebo' returned '0': CMAKE_PREFIX_PATH=${CMAKE_PREFIX_PATH}:/home/ros25/ROS/ROS_25/colcon_ws/install/turtlebot3_teleop:/home/ros25/ROS/ROS_25/colcon_ws/install/turtlebot3_example:/home/ros25/ROS/ROS_25/colcon_ws/install/test_node:/opt/ros/humble /usr/bin/cmake --build /home/ros25/ROS/ROS_25/colcon_ws/build/turtlebot3_gazebo -- -j2 -l2
[3.541s] Invoking command in '/home/ros25/ROS/ROS_25/colcon_ws/build/turtlebot3_gazebo': CMAKE_PREFIX_PATH=${CMAKE_PREFIX_PATH}:/home/ros25/ROS/ROS_25/colcon_ws/install/turtlebot3_teleop:/home/ros25/ROS/ROS_25/colcon_ws/install/turtlebot3_example:/home/ros25/ROS/ROS_25/colcon_ws/install/test_node:/opt/ros/humble /usr/bin/cmake --install /home/ros25/ROS/ROS_25/colcon_ws/build/turtlebot3_gazebo
[3.638s] -- Install configuration: ""
[3.646s] -- Up-to-date: /home/ros25/ROS/ROS_25/colcon_ws/install/turtlebot3_gazebo/lib/turtlebot3_gazebo/turtlebot3_drive
[3.646s] -- Up-to-date: /home/ros25/ROS/ROS_25/colcon_ws/install/turtlebot3_gazebo/share/turtlebot3_gazebo//launch
[3.646s] -- Up-to-date: /home/ros25/ROS/ROS_25/colcon_ws/install/turtlebot3_gazebo/share/turtlebot3_gazebo//launch/turtlebot3_house.launch.py
[3.647s] -- Up-to-date: /home/ros25/ROS/ROS_25/colcon_ws/install/turtlebot3_gazebo/share/turtlebot3_gazebo//launch/turtlebot3_dqn_stage3.launch.py
[3.651s] -- Up-to-date: /home/ros25/ROS/ROS_25/colcon_ws/install/turtlebot3_gazebo/share/turtlebot3_gazebo//launch/turtlebot3_dqn_stage4.launch.py
[3.651s] -- Up-to-date: /home/ros25/ROS/ROS_25/colcon_ws/install/turtlebot3_gazebo/share/turtlebot3_gazebo//launch/multi_spawn_turtlebot3.launch.py
[3.651s] -- Up-to-date: /home/ros25/ROS/ROS_25/colcon_ws/install/turtlebot3_gazebo/share/turtlebot3_gazebo//launch/multi_robot.launch.py
[3.651s] -- Up-to-date: /home/ros25/ROS/ROS_25/colcon_ws/install/turtlebot3_gazebo/share/turtlebot3_gazebo//launch/empty_world.launch.py
[3.651s] -- Up-to-date: /home/ros25/ROS/ROS_25/colcon_ws/install/turtlebot3_gazebo/share/turtlebot3_gazebo//launch/spawn_turtlebot3.launch.py
[3.651s] -- Up-to-date: /home/ros25/ROS/ROS_25/colcon_ws/install/turtlebot3_gazebo/share/turtlebot3_gazebo//launch/turtlebot3_dqn_stage2.launch.py
[3.651s] -- Up-to-date: /home/ros25/ROS/ROS_25/colcon_ws/install/turtlebot3_gazebo/share/turtlebot3_gazebo//launch/robot_state_publisher.launch.py
[3.651s] -- Up-to-date: /home/ros25/ROS/ROS_25/colcon_ws/install/turtlebot3_gazebo/share/turtlebot3_gazebo//launch/turtlebot3_autorace_2020.launch.py
[3.651s] -- Up-to-date: /home/ros25/ROS/ROS_25/colcon_ws/install/turtlebot3_gazebo/share/turtlebot3_gazebo//launch/turtlebot3_world.launch.py
[3.651s] -- Up-to-date: /home/ros25/ROS/ROS_25/colcon_ws/install/turtlebot3_gazebo/share/turtlebot3_gazebo//launch/turtlebot3_dqn_stage1.launch.py
[3.651s] -- Up-to-date: /home/ros25/ROS/ROS_25/colcon_ws/install/turtlebot3_gazebo/share/turtlebot3_gazebo//models
[3.651s] -- Up-to-date: /home/ros25/ROS/ROS_25/colcon_ws/install/turtlebot3_gazebo/share/turtlebot3_gazebo//models/turtlebot3_waffle
[3.652s] -- Up-to-date: /home/ros25/ROS/ROS_25/colcon_ws/install/turtlebot3_gazebo/share/turtlebot3_gazebo//models/turtlebot3_waffle/model-1_4.sdf
[3.652s] -- Up-to-date: /home/ros25/ROS/ROS_25/colcon_ws/install/turtlebot3_gazebo/share/turtlebot3_gazebo//models/turtlebot3_waffle/model.config
[3.656s] -- Up-to-date: /home/ros25/ROS/ROS_25/colcon_ws/install/turtlebot3_gazebo/share/turtlebot3_gazebo//models/turtlebot3_waffle/model.sdf
[3.657s] -- Up-to-date: /home/ros25/ROS/ROS_25/colcon_ws/install/turtlebot3_gazebo/share/turtlebot3_gazebo//models/turtlebot3_burger
[3.657s] -- Up-to-date: /home/ros25/ROS/ROS_25/colcon_ws/install/turtlebot3_gazebo/share/turtlebot3_gazebo//models/turtlebot3_burger/model-1_4.sdf
[3.663s] -- Up-to-date: /home/ros25/ROS/ROS_25/colcon_ws/install/turtlebot3_gazebo/share/turtlebot3_gazebo//models/turtlebot3_burger/model.config
[3.663s] -- Up-to-date: /home/ros25/ROS/ROS_25/colcon_ws/install/turtlebot3_gazebo/share/turtlebot3_gazebo//models/turtlebot3_burger/model.sdf
[3.666s] -- Up-to-date: /home/ros25/ROS/ROS_25/colcon_ws/install/turtlebot3_gazebo/share/turtlebot3_gazebo//models/turtlebot3_dqn_world
[3.666s] -- Up-to-date: /home/ros25/ROS/ROS_25/colcon_ws/install/turtlebot3_gazebo/share/turtlebot3_gazebo//models/turtlebot3_dqn_world/goal_box
[3.666s] -- Up-to-date: /home/ros25/ROS/ROS_25/colcon_ws/install/turtlebot3_gazebo/share/turtlebot3_gazebo//models/turtlebot3_dqn_world/goal_box/model.config
[3.667s] -- Up-to-date: /home/ros25/ROS/ROS_25/colcon_ws/install/turtlebot3_gazebo/share/turtlebot3_gazebo//models/turtlebot3_dqn_world/goal_box/model.sdf
[3.667s] -- Up-to-date: /home/ros25/ROS/ROS_25/colcon_ws/install/turtlebot3_gazebo/share/turtlebot3_gazebo//models/turtlebot3_dqn_world/inner_walls
[3.669s] -- Up-to-date: /home/ros25/ROS/ROS_25/colcon_ws/install/turtlebot3_gazebo/share/turtlebot3_gazebo//models/turtlebot3_dqn_world/inner_walls/model.config
[3.669s] -- Up-to-date: /home/ros25/ROS/ROS_25/colcon_ws/install/turtlebot3_gazebo/share/turtlebot3_gazebo//models/turtlebot3_dqn_world/inner_walls/model.sdf
[3.669s] -- Up-to-date: /home/ros25/ROS/ROS_25/colcon_ws/install/turtlebot3_gazebo/share/turtlebot3_gazebo//models/turtlebot3_dqn_world/model.config
[3.669s] -- Up-to-date: /home/ros25/ROS/ROS_25/colcon_ws/install/turtlebot3_gazebo/share/turtlebot3_gazebo//models/turtlebot3_dqn_world/obstacles
[3.669s] -- Up-to-date: /home/ros25/ROS/ROS_25/colcon_ws/install/turtlebot3_gazebo/share/turtlebot3_gazebo//models/turtlebot3_dqn_world/obstacles/model.config
[3.673s] -- Up-to-date: /home/ros25/ROS/ROS_25/colcon_ws/install/turtlebot3_gazebo/share/turtlebot3_gazebo//models/turtlebot3_dqn_world/obstacles/model.sdf
[3.673s] -- Up-to-date: /home/ros25/ROS/ROS_25/colcon_ws/install/turtlebot3_gazebo/share/turtlebot3_gazebo//models/turtlebot3_dqn_world/obstacle2
[3.673s] -- Up-to-date: /home/ros25/ROS/ROS_25/colcon_ws/install/turtlebot3_gazebo/share/turtlebot3_gazebo//models/turtlebot3_dqn_world/obstacle2/model.config
[3.673s] -- Up-to-date: /home/ros25/ROS/ROS_25/colcon_ws/install/turtlebot3_gazebo/share/turtlebot3_gazebo//models/turtlebot3_dqn_world/obstacle2/model.sdf
[3.673s] -- Up-to-date: /home/ros25/ROS/ROS_25/colcon_ws/install/turtlebot3_gazebo/share/turtlebot3_gazebo//models/turtlebot3_dqn_world/obstacle1
[3.675s] -- Up-to-date: /home/ros25/ROS/ROS_25/colcon_ws/install/turtlebot3_gazebo/share/turtlebot3_gazebo//models/turtlebot3_dqn_world/obstacle1/model.config
[3.675s] -- Up-to-date: /home/ros25/ROS/ROS_25/colcon_ws/install/turtlebot3_gazebo/share/turtlebot3_gazebo//models/turtlebot3_dqn_world/obstacle1/model.sdf
[3.676s] -- Up-to-date: /home/ros25/ROS/ROS_25/colcon_ws/install/turtlebot3_gazebo/share/turtlebot3_gazebo//models/turtlebot3_dqn_world/model.sdf
[3.684s] -- Up-to-date: /home/ros25/ROS/ROS_25/colcon_ws/install/turtlebot3_gazebo/share/turtlebot3_gazebo//models/turtlebot3_waffle_pi
[3.685s] -- Up-to-date: /home/ros25/ROS/ROS_25/colcon_ws/install/turtlebot3_gazebo/share/turtlebot3_gazebo//models/turtlebot3_waffle_pi/model.config
[3.685s] -- Up-to-date: /home/ros25/ROS/ROS_25/colcon_ws/install/turtlebot3_gazebo/share/turtlebot3_gazebo//models/turtlebot3_waffle_pi/model-1_4_.sdf
[3.685s] -- Up-to-date: /home/ros25/ROS/ROS_25/colcon_ws/install/turtlebot3_gazebo/share/turtlebot3_gazebo//models/turtlebot3_waffle_pi/model.sdf
[3.685s] -- Up-to-date: /home/ros25/ROS/ROS_25/colcon_ws/install/turtlebot3_gazebo/share/turtlebot3_gazebo//models/turtlebot3_common
[3.685s] -- Up-to-date: /home/ros25/ROS/ROS_25/colcon_ws/install/turtlebot3_gazebo/share/turtlebot3_gazebo//models/turtlebot3_common/model.config
[3.685s] -- Up-to-date: /home/ros25/ROS/ROS_25/colcon_ws/install/turtlebot3_gazebo/share/turtlebot3_gazebo//models/turtlebot3_common/meshes
[3.685s] -- Up-to-date: /home/ros25/ROS/ROS_25/colcon_ws/install/turtlebot3_gazebo/share/turtlebot3_gazebo//models/turtlebot3_common/meshes/waffle_base.dae
[3.685s] -- Up-to-date: /home/ros25/ROS/ROS_25/colcon_ws/install/turtlebot3_gazebo/share/turtlebot3_gazebo//models/turtlebot3_common/meshes/r200.dae
[3.685s] -- Up-to-date: /home/ros25/ROS/ROS_25/colcon_ws/install/turtlebot3_gazebo/share/turtlebot3_gazebo//models/turtlebot3_common/meshes/sensors
[3.685s] -- Up-to-date: /home/ros25/ROS/ROS_25/colcon_ws/install/turtlebot3_gazebo/share/turtlebot3_gazebo//models/turtlebot3_common/meshes/sensors/r200.dae
[3.685s] -- Up-to-date: /home/ros25/ROS/ROS_25/colcon_ws/install/turtlebot3_gazebo/share/turtlebot3_gazebo//models/turtlebot3_common/meshes/sensors/astra.jpg
[3.685s] -- Up-to-date: /home/ros25/ROS/ROS_25/colcon_ws/install/turtlebot3_gazebo/share/turtlebot3_gazebo//models/turtlebot3_common/meshes/sensors/astra.dae
[3.685s] -- Up-to-date: /home/ros25/ROS/ROS_25/colcon_ws/install/turtlebot3_gazebo/share/turtlebot3_gazebo//models/turtlebot3_common/meshes/sensors/lds.stl
[3.685s] -- Up-to-date: /home/ros25/ROS/ROS_25/colcon_ws/install/turtlebot3_gazebo/share/turtlebot3_gazebo//models/turtlebot3_common/meshes/sensors/r200.jpg
[3.685s] -- Up-to-date: /home/ros25/ROS/ROS_25/colcon_ws/install/turtlebot3_gazebo/share/turtlebot3_gazebo//models/turtlebot3_common/meshes/lds.dae
[3.686s] -- Up-to-date: /home/ros25/ROS/ROS_25/colcon_ws/install/turtlebot3_gazebo/share/turtlebot3_gazebo//models/turtlebot3_common/meshes/bases
[3.686s] -- Up-to-date: /home/ros25/ROS/ROS_25/colcon_ws/install/turtlebot3_gazebo/share/turtlebot3_gazebo//models/turtlebot3_common/meshes/bases/waffle_base.stl
[3.686s] -- Up-to-date: /home/ros25/ROS/ROS_25/colcon_ws/install/turtlebot3_gazebo/share/turtlebot3_gazebo//models/turtlebot3_common/meshes/bases/burger_base.stl
[3.689s] -- Up-to-date: /home/ros25/ROS/ROS_25/colcon_ws/install/turtlebot3_gazebo/share/turtlebot3_gazebo//models/turtlebot3_common/meshes/bases/waffle_pi_base.stl
[3.694s] -- Up-to-date: /home/ros25/ROS/ROS_25/colcon_ws/install/turtlebot3_gazebo/share/turtlebot3_gazebo//models/turtlebot3_common/meshes/tire.dae
[3.695s] -- Up-to-date: /home/ros25/ROS/ROS_25/colcon_ws/install/turtlebot3_gazebo/share/turtlebot3_gazebo//models/turtlebot3_common/meshes/wheels
[3.695s] -- Up-to-date: /home/ros25/ROS/ROS_25/colcon_ws/install/turtlebot3_gazebo/share/turtlebot3_gazebo//models/turtlebot3_common/meshes/wheels/left_tire.stl
[3.695s] -- Up-to-date: /home/ros25/ROS/ROS_25/colcon_ws/install/turtlebot3_gazebo/share/turtlebot3_gazebo//models/turtlebot3_common/meshes/wheels/right_tire.stl
[3.695s] -- Up-to-date: /home/ros25/ROS/ROS_25/colcon_ws/install/turtlebot3_gazebo/share/turtlebot3_gazebo//models/turtlebot3_common/meshes/waffle_pi_base.dae
[3.700s] -- Up-to-date: /home/ros25/ROS/ROS_25/colcon_ws/install/turtlebot3_gazebo/share/turtlebot3_gazebo//models/turtlebot3_common/meshes/burger_base.dae
[3.704s] -- Up-to-date: /home/ros25/ROS/ROS_25/colcon_ws/install/turtlebot3_gazebo/share/turtlebot3_gazebo//models/turtlebot3_burger_cam
[3.704s] -- Up-to-date: /home/ros25/ROS/ROS_25/colcon_ws/install/turtlebot3_gazebo/share/turtlebot3_gazebo//models/turtlebot3_burger_cam/model-1_4.sdf
[3.704s] -- Up-to-date: /home/ros25/ROS/ROS_25/colcon_ws/install/turtlebot3_gazebo/share/turtlebot3_gazebo//models/turtlebot3_burger_cam/model.config
[3.705s] -- Up-to-date: /home/ros25/ROS/ROS_25/colcon_ws/install/turtlebot3_gazebo/share/turtlebot3_gazebo//models/turtlebot3_burger_cam/model.sdf
[3.705s] -- Up-to-date: /home/ros25/ROS/ROS_25/colcon_ws/install/turtlebot3_gazebo/share/turtlebot3_gazebo//models/turtlebot3_house
[3.706s] -- Up-to-date: /home/ros25/ROS/ROS_25/colcon_ws/install/turtlebot3_gazebo/share/turtlebot3_gazebo//models/turtlebot3_house/model.config
[3.707s] -- Up-to-date: /home/ros25/ROS/ROS_25/colcon_ws/install/turtlebot3_gazebo/share/turtlebot3_gazebo//models/turtlebot3_house/model.sdf
[3.707s] -- Up-to-date: /home/ros25/ROS/ROS_25/colcon_ws/install/turtlebot3_gazebo/share/turtlebot3_gazebo//models/turtlebot3_autorace_2020
[3.711s] -- Up-to-date: /home/ros25/ROS/ROS_25/colcon_ws/install/turtlebot3_gazebo/share/turtlebot3_gazebo//models/turtlebot3_autorace_2020/traffic_bar
[3.711s] -- Up-to-date: /home/ros25/ROS/ROS_25/colcon_ws/install/turtlebot3_gazebo/share/turtlebot3_gazebo//models/turtlebot3_autorace_2020/traffic_bar/model.config
[3.711s] -- Up-to-date: /home/ros25/ROS/ROS_25/colcon_ws/install/turtlebot3_gazebo/share/turtlebot3_gazebo//models/turtlebot3_autorace_2020/traffic_bar/materials
[3.712s] -- Up-to-date: /home/ros25/ROS/ROS_25/colcon_ws/install/turtlebot3_gazebo/share/turtlebot3_gazebo//models/turtlebot3_autorace_2020/traffic_bar/materials/textures
[3.712s] -- Up-to-date: /home/ros25/ROS/ROS_25/colcon_ws/install/turtlebot3_gazebo/share/turtlebot3_gazebo//models/turtlebot3_autorace_2020/traffic_bar/materials/textures/traffic_bar.png
[3.712s] -- Up-to-date: /home/ros25/ROS/ROS_25/colcon_ws/install/turtlebot3_gazebo/share/turtlebot3_gazebo//models/turtlebot3_autorace_2020/traffic_bar/materials/scripts
[3.715s] -- Up-to-date: /home/ros25/ROS/ROS_25/colcon_ws/install/turtlebot3_gazebo/share/turtlebot3_gazebo//models/turtlebot3_autorace_2020/traffic_bar/materials/scripts/traffic_bar.material
[3.715s] -- Up-to-date: /home/ros25/ROS/ROS_25/colcon_ws/install/turtlebot3_gazebo/share/turtlebot3_gazebo//models/turtlebot3_autorace_2020/traffic_bar/model.sdf
[3.715s] -- Up-to-date: /home/ros25/ROS/ROS_25/colcon_ws/install/turtlebot3_gazebo/share/turtlebot3_gazebo//models/turtlebot3_autorace_2020/traffic_left
[3.716s] -- Up-to-date: /home/ros25/ROS/ROS_25/colcon_ws/install/turtlebot3_gazebo/share/turtlebot3_gazebo//models/turtlebot3_autorace_2020/traffic_left/model.config
[3.718s] -- Up-to-date: /home/ros25/ROS/ROS_25/colcon_ws/install/turtlebot3_gazebo/share/turtlebot3_gazebo//models/turtlebot3_autorace_2020/traffic_left/materials
[3.718s] -- Up-to-date: /home/ros25/ROS/ROS_25/colcon_ws/install/turtlebot3_gazebo/share/turtlebot3_gazebo//models/turtlebot3_autorace_2020/traffic_left/materials/textures
[3.718s] -- Up-to-date: /home/ros25/ROS/ROS_25/colcon_ws/install/turtlebot3_gazebo/share/turtlebot3_gazebo//models/turtlebot3_autorace_2020/traffic_left/materials/textures/traffic_left.png
[3.719s] -- Up-to-date: /home/ros25/ROS/ROS_25/colcon_ws/install/turtlebot3_gazebo/share/turtlebot3_gazebo//models/turtlebot3_autorace_2020/traffic_left/materials/scripts
[3.719s] -- Up-to-date: /home/ros25/ROS/ROS_25/colcon_ws/install/turtlebot3_gazebo/share/turtlebot3_gazebo//models/turtlebot3_autorace_2020/traffic_left/materials/scripts/traffic_is_left.material
[3.721s] -- Up-to-date: /home/ros25/ROS/ROS_25/colcon_ws/install/turtlebot3_gazebo/share/turtlebot3_gazebo//models/turtlebot3_autorace_2020/traffic_left/model.sdf
[3.721s] -- Up-to-date: /home/ros25/ROS/ROS_25/colcon_ws/install/turtlebot3_gazebo/share/turtlebot3_gazebo//models/turtlebot3_autorace_2020/traffic_pl_left
[3.722s] -- Up-to-date: /home/ros25/ROS/ROS_25/colcon_ws/install/turtlebot3_gazebo/share/turtlebot3_gazebo//models/turtlebot3_autorace_2020/traffic_pl_left/model.config
[3.722s] -- Up-to-date: /home/ros25/ROS/ROS_25/colcon_ws/install/turtlebot3_gazebo/share/turtlebot3_gazebo//models/turtlebot3_autorace_2020/traffic_pl_left/materials
[3.722s] -- Up-to-date: /home/ros25/ROS/ROS_25/colcon_ws/install/turtlebot3_gazebo/share/turtlebot3_gazebo//models/turtlebot3_autorace_2020/traffic_pl_left/materials/textures
[3.722s] -- Up-to-date: /home/ros25/ROS/ROS_25/colcon_ws/install/turtlebot3_gazebo/share/turtlebot3_gazebo//models/turtlebot3_autorace_2020/traffic_pl_left/materials/textures/traffic_pl_left.png
[3.722s] -- Up-to-date: /home/ros25/ROS/ROS_25/colcon_ws/install/turtlebot3_gazebo/share/turtlebot3_gazebo//models/turtlebot3_autorace_2020/traffic_pl_left/materials/scripts
[3.726s] -- Up-to-date: /home/ros25/ROS/ROS_25/colcon_ws/install/turtlebot3_gazebo/share/turtlebot3_gazebo//models/turtlebot3_autorace_2020/traffic_pl_left/materials/scripts/traffic_pl_left.material
[3.726s] -- Up-to-date: /home/ros25/ROS/ROS_25/colcon_ws/install/turtlebot3_gazebo/share/turtlebot3_gazebo//models/turtlebot3_autorace_2020/traffic_pl_left/model.sdf
[3.726s] -- Up-to-date: /home/ros25/ROS/ROS_25/colcon_ws/install/turtlebot3_gazebo/share/turtlebot3_gazebo//models/turtlebot3_autorace_2020/traffic_tunnel
[3.727s] -- Up-to-date: /home/ros25/ROS/ROS_25/colcon_ws/install/turtlebot3_gazebo/share/turtlebot3_gazebo//models/turtlebot3_autorace_2020/traffic_tunnel/model.config
[3.727s] -- Up-to-date: /home/ros25/ROS/ROS_25/colcon_ws/install/turtlebot3_gazebo/share/turtlebot3_gazebo//models/turtlebot3_autorace_2020/traffic_tunnel/materials
[3.732s] -- Up-to-date: /home/ros25/ROS/ROS_25/colcon_ws/install/turtlebot3_gazebo/share/turtlebot3_gazebo//models/turtlebot3_autorace_2020/traffic_tunnel/materials/textures
[3.732s] -- Up-to-date: /home/ros25/ROS/ROS_25/colcon_ws/install/turtlebot3_gazebo/share/turtlebot3_gazebo//models/turtlebot3_autorace_2020/traffic_tunnel/materials/textures/tunnel.png
[3.732s] -- Up-to-date: /home/ros25/ROS/ROS_25/colcon_ws/install/turtlebot3_gazebo/share/turtlebot3_gazebo//models/turtlebot3_autorace_2020/traffic_tunnel/materials/scripts
[3.732s] -- Up-to-date: /home/ros25/ROS/ROS_25/colcon_ws/install/turtlebot3_gazebo/share/turtlebot3_gazebo//models/turtlebot3_autorace_2020/traffic_tunnel/materials/scripts/tunnel.material
[3.732s] -- Up-to-date: /home/ros25/ROS/ROS_25/colcon_ws/install/turtlebot3_gazebo/share/turtlebot3_gazebo//models/turtlebot3_autorace_2020/traffic_tunnel/model.sdf
[3.732s] -- Up-to-date: /home/ros25/ROS/ROS_25/colcon_ws/install/turtlebot3_gazebo/share/turtlebot3_gazebo//models/turtlebot3_autorace_2020/traffic_intersection
[3.733s] -- Up-to-date: /home/ros25/ROS/ROS_25/colcon_ws/install/turtlebot3_gazebo/share/turtlebot3_gazebo//models/turtlebot3_autorace_2020/traffic_intersection/model.config
[3.733s] -- Up-to-date: /home/ros25/ROS/ROS_25/colcon_ws/install/turtlebot3_gazebo/share/turtlebot3_gazebo//models/turtlebot3_autorace_2020/traffic_intersection/materials
[3.733s] -- Up-to-date: /home/ros25/ROS/ROS_25/colcon_ws/install/turtlebot3_gazebo/share/turtlebot3_gazebo//models/turtlebot3_autorace_2020/traffic_intersection/materials/textures
[3.733s] -- Up-to-date: /home/ros25/ROS/ROS_25/colcon_ws/install/turtlebot3_gazebo/share/turtlebot3_gazebo//models/turtlebot3_autorace_2020/traffic_intersection/materials/textures/traffic_intersection.png
[3.733s] -- Up-to-date: /home/ros25/ROS/ROS_25/colcon_ws/install/turtlebot3_gazebo/share/turtlebot3_gazebo//models/turtlebot3_autorace_2020/traffic_intersection/materials/scripts
[3.733s] -- Up-to-date: /home/ros25/ROS/ROS_25/colcon_ws/install/turtlebot3_gazebo/share/turtlebot3_gazebo//models/turtlebot3_autorace_2020/traffic_intersection/materials/scripts/traffic_intersection.material
[3.733s] -- Up-to-date: /home/ros25/ROS/ROS_25/colcon_ws/install/turtlebot3_gazebo/share/turtlebot3_gazebo//models/turtlebot3_autorace_2020/traffic_intersection/model.sdf
[3.734s] -- Up-to-date: /home/ros25/ROS/ROS_25/colcon_ws/install/turtlebot3_gazebo/share/turtlebot3_gazebo//models/turtlebot3_autorace_2020/course
[3.734s] -- Up-to-date: /home/ros25/ROS/ROS_25/colcon_ws/install/turtlebot3_gazebo/share/turtlebot3_gazebo//models/turtlebot3_autorace_2020/course/model.config
[3.736s] -- Up-to-date: /home/ros25/ROS/ROS_25/colcon_ws/install/turtlebot3_gazebo/share/turtlebot3_gazebo//models/turtlebot3_autorace_2020/course/materials
[3.737s] -- Up-to-date: /home/ros25/ROS/ROS_25/colcon_ws/install/turtlebot3_gazebo/share/turtlebot3_gazebo//models/turtlebot3_autorace_2020/course/materials/textures
[3.737s] -- Up-to-date: /home/ros25/ROS/ROS_25/colcon_ws/install/turtlebot3_gazebo/share/turtlebot3_gazebo//models/turtlebot3_autorace_2020/course/materials/textures/course.png
[3.737s] -- Up-to-date: /home/ros25/ROS/ROS_25/colcon_ws/install/turtlebot3_gazebo/share/turtlebot3_gazebo//models/turtlebot3_autorace_2020/course/materials/scripts
[3.737s] -- Up-to-date: /home/ros25/ROS/ROS_25/colcon_ws/install/turtlebot3_gazebo/share/turtlebot3_gazebo//models/turtlebot3_autorace_2020/course/materials/scripts/course.material
[3.737s] -- Up-to-date: /home/ros25/ROS/ROS_25/colcon_ws/install/turtlebot3_gazebo/share/turtlebot3_gazebo//models/turtlebot3_autorace_2020/course/model.sdf
[3.738s] -- Up-to-date: /home/ros25/ROS/ROS_25/colcon_ws/install/turtlebot3_gazebo/share/turtlebot3_gazebo//models/turtlebot3_autorace_2020/traffic_parking
[3.738s] -- Up-to-date: /home/ros25/ROS/ROS_25/colcon_ws/install/turtlebot3_gazebo/share/turtlebot3_gazebo//models/turtlebot3_autorace_2020/traffic_parking/model.config
[3.738s] -- Up-to-date: /home/ros25/ROS/ROS_25/colcon_ws/install/turtlebot3_gazebo/share/turtlebot3_gazebo//models/turtlebot3_autorace_2020/traffic_parking/materials
[3.738s] -- Up-to-date: /home/ros25/ROS/ROS_25/colcon_ws/install/turtlebot3_gazebo/share/turtlebot3_gazebo//models/turtlebot3_autorace_2020/traffic_parking/materials/textures
[3.738s] -- Up-to-date: /home/ros25/ROS/ROS_25/colcon_ws/install/turtlebot3_gazebo/share/turtlebot3_gazebo//models/turtlebot3_autorace_2020/traffic_parking/materials/textures/traffic_parking.png
[3.738s] -- Up-to-date: /home/ros25/ROS/ROS_25/colcon_ws/install/turtlebot3_gazebo/share/turtlebot3_gazebo//models/turtlebot3_autorace_2020/traffic_parking/materials/scripts
[3.738s] -- Up-to-date: /home/ros25/ROS/ROS_25/colcon_ws/install/turtlebot3_gazebo/share/turtlebot3_gazebo//models/turtlebot3_autorace_2020/traffic_parking/materials/scripts/traffic_parking.material
[3.739s] -- Up-to-date: /home/ros25/ROS/ROS_25/colcon_ws/install/turtlebot3_gazebo/share/turtlebot3_gazebo//models/turtlebot3_autorace_2020/traffic_parking/model.sdf
[3.739s] -- Up-to-date: /home/ros25/ROS/ROS_25/colcon_ws/install/turtlebot3_gazebo/share/turtlebot3_gazebo//models/turtlebot3_autorace_2020/checker
[3.746s] -- Up-to-date: /home/ros25/ROS/ROS_25/colcon_ws/install/turtlebot3_gazebo/share/turtlebot3_gazebo//models/turtlebot3_autorace_2020/checker/model.config
[3.746s] -- Up-to-date: /home/ros25/ROS/ROS_25/colcon_ws/install/turtlebot3_gazebo/share/turtlebot3_gazebo//models/turtlebot3_autorace_2020/checker/materials
[3.747s] -- Up-to-date: /home/ros25/ROS/ROS_25/colcon_ws/install/turtlebot3_gazebo/share/turtlebot3_gazebo//models/turtlebot3_autorace_2020/checker/materials/textures
[3.747s] -- Up-to-date: /home/ros25/ROS/ROS_25/colcon_ws/install/turtlebot3_gazebo/share/turtlebot3_gazebo//models/turtlebot3_autorace_2020/checker/materials/textures/checker.png
[3.747s] -- Up-to-date: /home/ros25/ROS/ROS_25/colcon_ws/install/turtlebot3_gazebo/share/turtlebot3_gazebo//models/turtlebot3_autorace_2020/checker/materials/scripts
[3.747s] -- Up-to-date: /home/ros25/ROS/ROS_25/colcon_ws/install/turtlebot3_gazebo/share/turtlebot3_gazebo//models/turtlebot3_autorace_2020/checker/materials/scripts/checker.material
[3.747s] -- Up-to-date: /home/ros25/ROS/ROS_25/colcon_ws/install/turtlebot3_gazebo/share/turtlebot3_gazebo//models/turtlebot3_autorace_2020/checker/materials/checker.png
[3.748s] -- Up-to-date: /home/ros25/ROS/ROS_25/colcon_ws/install/turtlebot3_gazebo/share/turtlebot3_gazebo//models/turtlebot3_autorace_2020/checker/model.sdf
[3.748s] -- Up-to-date: /home/ros25/ROS/ROS_25/colcon_ws/install/turtlebot3_gazebo/share/turtlebot3_gazebo//models/turtlebot3_autorace_2020/traffic_right
[3.751s] -- Up-to-date: /home/ros25/ROS/ROS_25/colcon_ws/install/turtlebot3_gazebo/share/turtlebot3_gazebo//models/turtlebot3_autorace_2020/traffic_right/model.config
[3.751s] -- Up-to-date: /home/ros25/ROS/ROS_25/colcon_ws/install/turtlebot3_gazebo/share/turtlebot3_gazebo//models/turtlebot3_autorace_2020/traffic_right/materials
[3.751s] -- Up-to-date: /home/ros25/ROS/ROS_25/colcon_ws/install/turtlebot3_gazebo/share/turtlebot3_gazebo//models/turtlebot3_autorace_2020/traffic_right/materials/textures
[3.752s] -- Up-to-date: /home/ros25/ROS/ROS_25/colcon_ws/install/turtlebot3_gazebo/share/turtlebot3_gazebo//models/turtlebot3_autorace_2020/traffic_right/materials/textures/traffic_right.png
[3.752s] -- Up-to-date: /home/ros25/ROS/ROS_25/colcon_ws/install/turtlebot3_gazebo/share/turtlebot3_gazebo//models/turtlebot3_autorace_2020/traffic_right/materials/scripts
[3.752s] -- Up-to-date: /home/ros25/ROS/ROS_25/colcon_ws/install/turtlebot3_gazebo/share/turtlebot3_gazebo//models/turtlebot3_autorace_2020/traffic_right/materials/scripts/traffic_right.material
[3.755s] -- Up-to-date: /home/ros25/ROS/ROS_25/colcon_ws/install/turtlebot3_gazebo/share/turtlebot3_gazebo//models/turtlebot3_autorace_2020/traffic_right/model.sdf
[3.755s] -- Up-to-date: /home/ros25/ROS/ROS_25/colcon_ws/install/turtlebot3_gazebo/share/turtlebot3_gazebo//models/turtlebot3_autorace_2020/traffic_light
[3.756s] -- Up-to-date: /home/ros25/ROS/ROS_25/colcon_ws/install/turtlebot3_gazebo/share/turtlebot3_gazebo//models/turtlebot3_autorace_2020/traffic_light/model.config
[3.756s] -- Up-to-date: /home/ros25/ROS/ROS_25/colcon_ws/install/turtlebot3_gazebo/share/turtlebot3_gazebo//models/turtlebot3_autorace_2020/traffic_light/materials
[3.758s] -- Up-to-date: /home/ros25/ROS/ROS_25/colcon_ws/install/turtlebot3_gazebo/share/turtlebot3_gazebo//models/turtlebot3_autorace_2020/traffic_light/materials/textures
[3.758s] -- Up-to-date: /home/ros25/ROS/ROS_25/colcon_ws/install/turtlebot3_gazebo/share/turtlebot3_gazebo//models/turtlebot3_autorace_2020/traffic_light/materials/textures/traffic_light_red.png
[3.761s] -- Up-to-date: /home/ros25/ROS/ROS_25/colcon_ws/install/turtlebot3_gazebo/share/turtlebot3_gazebo//models/turtlebot3_autorace_2020/traffic_light/materials/textures/traffic_light_yellow.png
[3.761s] -- Up-to-date: /home/ros25/ROS/ROS_25/colcon_ws/install/turtlebot3_gazebo/share/turtlebot3_gazebo//models/turtlebot3_autorace_2020/traffic_light/materials/textures/traffic_light_green.png
[3.761s] -- Up-to-date: /home/ros25/ROS/ROS_25/colcon_ws/install/turtlebot3_gazebo/share/turtlebot3_gazebo//models/turtlebot3_autorace_2020/traffic_light/materials/textures/traffic_light.png
[3.762s] -- Up-to-date: /home/ros25/ROS/ROS_25/colcon_ws/install/turtlebot3_gazebo/share/turtlebot3_gazebo//models/turtlebot3_autorace_2020/traffic_light/materials/scripts
[3.762s] -- Up-to-date: /home/ros25/ROS/ROS_25/colcon_ws/install/turtlebot3_gazebo/share/turtlebot3_gazebo//models/turtlebot3_autorace_2020/traffic_light/materials/scripts/traffic_light.material
[3.762s] -- Up-to-date: /home/ros25/ROS/ROS_25/colcon_ws/install/turtlebot3_gazebo/share/turtlebot3_gazebo//models/turtlebot3_autorace_2020/traffic_light/model.sdf
[3.762s] -- Up-to-date: /home/ros25/ROS/ROS_25/colcon_ws/install/turtlebot3_gazebo/share/turtlebot3_gazebo//models/turtlebot3_autorace_2020/traffic_construction
[3.765s] -- Up-to-date: /home/ros25/ROS/ROS_25/colcon_ws/install/turtlebot3_gazebo/share/turtlebot3_gazebo//models/turtlebot3_autorace_2020/traffic_construction/model.config
[3.765s] -- Up-to-date: /home/ros25/ROS/ROS_25/colcon_ws/install/turtlebot3_gazebo/share/turtlebot3_gazebo//models/turtlebot3_autorace_2020/traffic_construction/materials
[3.766s] -- Up-to-date: /home/ros25/ROS/ROS_25/colcon_ws/install/turtlebot3_gazebo/share/turtlebot3_gazebo//models/turtlebot3_autorace_2020/traffic_construction/materials/textures
[3.766s] -- Up-to-date: /home/ros25/ROS/ROS_25/colcon_ws/install/turtlebot3_gazebo/share/turtlebot3_gazebo//models/turtlebot3_autorace_2020/traffic_construction/materials/textures/traffic_construction.png
[3.766s] -- Up-to-date: /home/ros25/ROS/ROS_25/colcon_ws/install/turtlebot3_gazebo/share/turtlebot3_gazebo//models/turtlebot3_autorace_2020/traffic_construction/materials/scripts
[3.766s] -- Up-to-date: /home/ros25/ROS/ROS_25/colcon_ws/install/turtlebot3_gazebo/share/turtlebot3_gazebo//models/turtlebot3_autorace_2020/traffic_construction/materials/scripts/traffic_construction.material
[3.766s] -- Up-to-date: /home/ros25/ROS/ROS_25/colcon_ws/install/turtlebot3_gazebo/share/turtlebot3_gazebo//models/turtlebot3_autorace_2020/traffic_construction/model.sdf
[3.766s] -- Up-to-date: /home/ros25/ROS/ROS_25/colcon_ws/install/turtlebot3_gazebo/share/turtlebot3_gazebo//models/turtlebot3_autorace_2020/traffic_noentry
[3.766s] -- Up-to-date: /home/ros25/ROS/ROS_25/colcon_ws/install/turtlebot3_gazebo/share/turtlebot3_gazebo//models/turtlebot3_autorace_2020/traffic_noentry/model.config
[3.767s] -- Up-to-date: /home/ros25/ROS/ROS_25/colcon_ws/install/turtlebot3_gazebo/share/turtlebot3_gazebo//models/turtlebot3_autorace_2020/traffic_noentry/materials
[3.767s] -- Up-to-date: /home/ros25/ROS/ROS_25/colcon_ws/install/turtlebot3_gazebo/share/turtlebot3_gazebo//models/turtlebot3_autorace_2020/traffic_noentry/materials/textures
[3.770s] -- Up-to-date: /home/ros25/ROS/ROS_25/colcon_ws/install/turtlebot3_gazebo/share/turtlebot3_gazebo//models/turtlebot3_autorace_2020/traffic_noentry/materials/textures/traffic_noentry.png
[3.770s] -- Up-to-date: /home/ros25/ROS/ROS_25/colcon_ws/install/turtlebot3_gazebo/share/turtlebot3_gazebo//models/turtlebot3_autorace_2020/traffic_noentry/materials/scripts
[3.770s] -- Up-to-date: /home/ros25/ROS/ROS_25/colcon_ws/install/turtlebot3_gazebo/share/turtlebot3_gazebo//models/turtlebot3_autorace_2020/traffic_noentry/materials/scripts/traffic_noentry.material
[3.771s] -- Up-to-date: /home/ros25/ROS/ROS_25/colcon_ws/install/turtlebot3_gazebo/share/turtlebot3_gazebo//models/turtlebot3_autorace_2020/traffic_noentry/model.sdf
[3.771s] -- Up-to-date: /home/ros25/ROS/ROS_25/colcon_ws/install/turtlebot3_gazebo/share/turtlebot3_gazebo//models/turtlebot3_autorace_2020/traffic_stop
[3.771s] -- Up-to-date: /home/ros25/ROS/ROS_25/colcon_ws/install/turtlebot3_gazebo/share/turtlebot3_gazebo//models/turtlebot3_autorace_2020/traffic_stop/model.config
[3.771s] -- Up-to-date: /home/ros25/ROS/ROS_25/colcon_ws/install/turtlebot3_gazebo/share/turtlebot3_gazebo//models/turtlebot3_autorace_2020/traffic_stop/materials
[3.771s] -- Up-to-date: /home/ros25/ROS/ROS_25/colcon_ws/install/turtlebot3_gazebo/share/turtlebot3_gazebo//models/turtlebot3_autorace_2020/traffic_stop/materials/textures
[3.771s] -- Up-to-date: /home/ros25/ROS/ROS_25/colcon_ws/install/turtlebot3_gazebo/share/turtlebot3_gazebo//models/turtlebot3_autorace_2020/traffic_stop/materials/textures/traffic_stop.png
[3.771s] -- Up-to-date: /home/ros25/ROS/ROS_25/colcon_ws/install/turtlebot3_gazebo/share/turtlebot3_gazebo//models/turtlebot3_autorace_2020/traffic_stop/materials/scripts
[3.771s] -- Up-to-date: /home/ros25/ROS/ROS_25/colcon_ws/install/turtlebot3_gazebo/share/turtlebot3_gazebo//models/turtlebot3_autorace_2020/traffic_stop/materials/scripts/traffic_stop.material
[3.772s] -- Up-to-date: /home/ros25/ROS/ROS_25/colcon_ws/install/turtlebot3_gazebo/share/turtlebot3_gazebo//models/turtlebot3_autorace_2020/traffic_stop/model.sdf
[3.772s] -- Up-to-date: /home/ros25/ROS/ROS_25/colcon_ws/install/turtlebot3_gazebo/share/turtlebot3_gazebo//models/turtlebot3_world
[3.772s] -- Up-to-date: /home/ros25/ROS/ROS_25/colcon_ws/install/turtlebot3_gazebo/share/turtlebot3_gazebo//models/turtlebot3_world/model-1_4.sdf
[3.772s] -- Up-to-date: /home/ros25/ROS/ROS_25/colcon_ws/install/turtlebot3_gazebo/share/turtlebot3_gazebo//models/turtlebot3_world/model.config
[3.772s] -- Up-to-date: /home/ros25/ROS/ROS_25/colcon_ws/install/turtlebot3_gazebo/share/turtlebot3_gazebo//models/turtlebot3_world/meshes
[3.775s] -- Up-to-date: /home/ros25/ROS/ROS_25/colcon_ws/install/turtlebot3_gazebo/share/turtlebot3_gazebo//models/turtlebot3_world/meshes/hexagon.dae
[3.775s] -- Up-to-date: /home/ros25/ROS/ROS_25/colcon_ws/install/turtlebot3_gazebo/share/turtlebot3_gazebo//models/turtlebot3_world/meshes/wall.dae
[3.775s] -- Up-to-date: /home/ros25/ROS/ROS_25/colcon_ws/install/turtlebot3_gazebo/share/turtlebot3_gazebo//models/turtlebot3_world/model.sdf
[3.775s] -- Up-to-date: /home/ros25/ROS/ROS_25/colcon_ws/install/turtlebot3_gazebo/share/turtlebot3_gazebo//rviz
[3.775s] -- Up-to-date: /home/ros25/ROS/ROS_25/colcon_ws/install/turtlebot3_gazebo/share/turtlebot3_gazebo//rviz/tb3_gazebo.rviz
[3.781s] -- Up-to-date: /home/ros25/ROS/ROS_25/colcon_ws/install/turtlebot3_gazebo/share/turtlebot3_gazebo//urdf
[3.783s] -- Up-to-date: /home/ros25/ROS/ROS_25/colcon_ws/install/turtlebot3_gazebo/share/turtlebot3_gazebo//urdf/turtlebot3_burger.urdf
[3.783s] -- Up-to-date: /home/ros25/ROS/ROS_25/colcon_ws/install/turtlebot3_gazebo/share/turtlebot3_gazebo//urdf/turtlebot3_waffle.urdf
[3.784s] -- Up-to-date: /home/ros25/ROS/ROS_25/colcon_ws/install/turtlebot3_gazebo/share/turtlebot3_gazebo//urdf/turtlebot3_waffle_pi.urdf
[3.784s] -- Up-to-date: /home/ros25/ROS/ROS_25/colcon_ws/install/turtlebot3_gazebo/share/turtlebot3_gazebo//urdf/common_properties.urdf
[3.784s] -- Up-to-date: /home/ros25/ROS/ROS_25/colcon_ws/install/turtlebot3_gazebo/share/turtlebot3_gazebo//urdf/turtlebot3_burger_cam.urdf
[3.784s] -- Up-to-date: /home/ros25/ROS/ROS_25/colcon_ws/install/turtlebot3_gazebo/share/turtlebot3_gazebo//worlds
[3.784s] -- Up-to-date: /home/ros25/ROS/ROS_25/colcon_ws/install/turtlebot3_gazebo/share/turtlebot3_gazebo//worlds/turtlebot3_dqn_stage4.world
[3.784s] -- Up-to-date: /home/ros25/ROS/ROS_25/colcon_ws/install/turtlebot3_gazebo/share/turtlebot3_gazebo//worlds/turtlebot3_dqn_stage2.world
[3.785s] -- Up-to-date: /home/ros25/ROS/ROS_25/colcon_ws/install/turtlebot3_gazebo/share/turtlebot3_gazebo//worlds/turtlebot3_dqn_stage1.world
[3.785s] -- Up-to-date: /home/ros25/ROS/ROS_25/colcon_ws/install/turtlebot3_gazebo/share/turtlebot3_gazebo//worlds/turtlebot3_dqn_stage3.world
[3.785s] -- Up-to-date: /home/ros25/ROS/ROS_25/colcon_ws/install/turtlebot3_gazebo/share/turtlebot3_gazebo//worlds/empty_world.world
[3.785s] -- Up-to-date: /home/ros25/ROS/ROS_25/colcon_ws/install/turtlebot3_gazebo/share/turtlebot3_gazebo//worlds/turtlebot3_autorace_2020.world
[3.785s] -- Up-to-date: /home/ros25/ROS/ROS_25/colcon_ws/install/turtlebot3_gazebo/share/turtlebot3_gazebo//worlds/turtlebot3_world.world
[3.786s] -- Up-to-date: /home/ros25/ROS/ROS_25/colcon_ws/install/turtlebot3_gazebo/share/turtlebot3_gazebo//worlds/turtlebot3_house.world
[3.786s] -- Up-to-date: /home/ros25/ROS/ROS_25/colcon_ws/install/turtlebot3_gazebo/include/
[3.786s] -- Up-to-date: /home/ros25/ROS/ROS_25/colcon_ws/install/turtlebot3_gazebo/include//turtlebot3_gazebo
[3.786s] -- Up-to-date: /home/ros25/ROS/ROS_25/colcon_ws/install/turtlebot3_gazebo/include//turtlebot3_gazebo/traffic_light_plugin.hpp
[3.786s] -- Up-to-date: /home/ros25/ROS/ROS_25/colcon_ws/install/turtlebot3_gazebo/include//turtlebot3_gazebo/turtlebot3_drive.hpp
[3.786s] -- Up-to-date: /home/ros25/ROS/ROS_25/colcon_ws/install/turtlebot3_gazebo/include//turtlebot3_gazebo/obstacle1.hpp
[3.787s] -- Up-to-date: /home/ros25/ROS/ROS_25/colcon_ws/install/turtlebot3_gazebo/include//turtlebot3_gazebo/obstacles.hpp
[3.787s] -- Up-to-date: /home/ros25/ROS/ROS_25/colcon_ws/install/turtlebot3_gazebo/include//turtlebot3_gazebo/traffic_bar_plugin.hpp
[3.787s] -- Up-to-date: /home/ros25/ROS/ROS_25/colcon_ws/install/turtlebot3_gazebo/include//turtlebot3_gazebo/obstacle2.hpp
[3.792s] -- Up-to-date: /home/ros25/ROS/ROS_25/colcon_ws/install/turtlebot3_gazebo/share/ament_index/resource_index/package_run_dependencies/turtlebot3_gazebo
[3.793s] -- Up-to-date: /home/ros25/ROS/ROS_25/colcon_ws/install/turtlebot3_gazebo/share/ament_index/resource_index/parent_prefix_path/turtlebot3_gazebo
[3.794s] -- Up-to-date: /home/ros25/ROS/ROS_25/colcon_ws/install/turtlebot3_gazebo/share/turtlebot3_gazebo/environment/ament_prefix_path.sh
[3.795s] -- Up-to-date: /home/ros25/ROS/ROS_25/colcon_ws/install/turtlebot3_gazebo/share/turtlebot3_gazebo/environment/ament_prefix_path.dsv
[3.799s] -- Up-to-date: /home/ros25/ROS/ROS_25/colcon_ws/install/turtlebot3_gazebo/share/turtlebot3_gazebo/environment/path.sh
[3.799s] -- Up-to-date: /home/ros25/ROS/ROS_25/colcon_ws/install/turtlebot3_gazebo/share/turtlebot3_gazebo/environment/path.dsv
[3.800s] -- Up-to-date: /home/ros25/ROS/ROS_25/colcon_ws/install/turtlebot3_gazebo/share/turtlebot3_gazebo/local_setup.bash
[3.800s] -- Up-to-date: /home/ros25/ROS/ROS_25/colcon_ws/install/turtlebot3_gazebo/share/turtlebot3_gazebo/local_setup.sh
[3.800s] -- Up-to-date: /home/ros25/ROS/ROS_25/colcon_ws/install/turtlebot3_gazebo/share/turtlebot3_gazebo/local_setup.zsh
[3.800s] -- Up-to-date: /home/ros25/ROS/ROS_25/colcon_ws/install/turtlebot3_gazebo/share/turtlebot3_gazebo/local_setup.dsv
[3.807s] -- Installing: /home/ros25/ROS/ROS_25/colcon_ws/install/turtlebot3_gazebo/share/turtlebot3_gazebo/package.dsv
[3.808s] -- Up-to-date: /home/ros25/ROS/ROS_25/colcon_ws/install/turtlebot3_gazebo/share/ament_index/resource_index/packages/turtlebot3_gazebo
[3.808s] -- Up-to-date: /home/ros25/ROS/ROS_25/colcon_ws/install/turtlebot3_gazebo/share/turtlebot3_gazebo/cmake/ament_cmake_export_include_directories-extras.cmake
[3.811s] -- Up-to-date: /home/ros25/ROS/ROS_25/colcon_ws/install/turtlebot3_gazebo/share/turtlebot3_gazebo/cmake/ament_cmake_export_dependencies-extras.cmake
[3.811s] -- Up-to-date: /home/ros25/ROS/ROS_25/colcon_ws/install/turtlebot3_gazebo/share/turtlebot3_gazebo/cmake/turtlebot3_gazeboConfig.cmake
[3.811s] -- Up-to-date: /home/ros25/ROS/ROS_25/colcon_ws/install/turtlebot3_gazebo/share/turtlebot3_gazebo/cmake/turtlebot3_gazeboConfig-version.cmake
[3.812s] -- Up-to-date: /home/ros25/ROS/ROS_25/colcon_ws/install/turtlebot3_gazebo/share/turtlebot3_gazebo/package.xml
[3.872s] Invoked command in '/home/ros25/ROS/ROS_25/colcon_ws/build/turtlebot3_gazebo' returned '0': CMAKE_PREFIX_PATH=${CMAKE_PREFIX_PATH}:/home/ros25/ROS/ROS_25/colcon_ws/install/turtlebot3_teleop:/home/ros25/ROS/ROS_25/colcon_ws/install/turtlebot3_example:/home/ros25/ROS/ROS_25/colcon_ws/install/test_node:/opt/ros/humble /usr/bin/cmake --install /home/ros25/ROS/ROS_25/colcon_ws/build/turtlebot3_gazebo
