[9.295s] Invoking command in '/home/ros25/ROS/ROS_25/colcon_ws/src/turtlebot3/turtlebot3_teleop': PYTHONPATH=/home/ros25/ROS/ROS_25/colcon_ws/build/turtlebot3_teleop/prefix_override:/usr/lib/python3/dist-packages/colcon_core/task/python/colcon_distutils_commands:/home/ros25/ROS/ROS_25/colcon_ws/install/turtlebot3_teleop/lib/python3.10/site-packages:${PYTHONPATH} /usr/bin/python3 -W ignore:setup.py install is deprecated -W ignore:easy_install command is deprecated setup.py egg_info --egg-base ../../../build/turtlebot3_teleop build --build-base /home/ros25/ROS/ROS_25/colcon_ws/build/turtlebot3_teleop/build install --record /home/ros25/ROS/ROS_25/colcon_ws/build/turtlebot3_teleop/install.log --single-version-externally-managed install_data
[13.200s] running egg_info
[13.208s] writing ../../../build/turtlebot3_teleop/turtlebot3_teleop.egg-info/PKG-INFO
[13.218s] writing dependency_links to ../../../build/turtlebot3_teleop/turtlebot3_teleop.egg-info/dependency_links.txt
[13.219s] writing entry points to ../../../build/turtlebot3_teleop/turtlebot3_teleop.egg-info/entry_points.txt
[13.221s] writing requirements to ../../../build/turtlebot3_teleop/turtlebot3_teleop.egg-info/requires.txt
[13.223s] writing top-level names to ../../../build/turtlebot3_teleop/turtlebot3_teleop.egg-info/top_level.txt
[13.244s] reading manifest file '../../../build/turtlebot3_teleop/turtlebot3_teleop.egg-info/SOURCES.txt'
[13.247s] writing manifest file '../../../build/turtlebot3_teleop/turtlebot3_teleop.egg-info/SOURCES.txt'
[13.248s] running build
[13.250s] running build_py
[13.254s] running install
[13.259s] running install_lib
[13.269s] running install_data
[13.269s] running install_egg_info
[13.295s] removing '/home/ros25/ROS/ROS_25/colcon_ws/install/turtlebot3_teleop/lib/python3.10/site-packages/turtlebot3_teleop-2.3.1-py3.10.egg-info' (and everything under it)
[13.315s] Copying ../../../build/turtlebot3_teleop/turtlebot3_teleop.egg-info to /home/ros25/ROS/ROS_25/colcon_ws/install/turtlebot3_teleop/lib/python3.10/site-packages/turtlebot3_teleop-2.3.1-py3.10.egg-info
[13.349s] running install_scripts
[13.559s] Installing teleop_keyboard script to /home/ros25/ROS/ROS_25/colcon_ws/install/turtlebot3_teleop/lib/turtlebot3_teleop
[13.575s] writing list of installed files to '/home/ros25/ROS/ROS_25/colcon_ws/build/turtlebot3_teleop/install.log'
[13.866s] Invoked command in '/home/ros25/ROS/ROS_25/colcon_ws/src/turtlebot3/turtlebot3_teleop' returned '0': PYTHONPATH=/home/ros25/ROS/ROS_25/colcon_ws/build/turtlebot3_teleop/prefix_override:/usr/lib/python3/dist-packages/colcon_core/task/python/colcon_distutils_commands:/home/ros25/ROS/ROS_25/colcon_ws/install/turtlebot3_teleop/lib/python3.10/site-packages:${PYTHONPATH} /usr/bin/python3 -W ignore:setup.py install is deprecated -W ignore:easy_install command is deprecated setup.py egg_info --egg-base ../../../build/turtlebot3_teleop build --build-base /home/ros25/ROS/ROS_25/colcon_ws/build/turtlebot3_teleop/build install --record /home/ros25/ROS/ROS_25/colcon_ws/build/turtlebot3_teleop/install.log --single-version-externally-managed install_data
