[0.129s] Invoking command in '/home/ros25/ROS/ROS_25/colcon_ws/build/dynamixel_sdk_custom_interfaces': CMAKE_PREFIX_PATH=${CMAKE_PREFIX_PATH}:/home/ros25/ROS/ROS_25/colcon_ws/install/turtlebot3_teleop:/home/ros25/ROS/ROS_25/colcon_ws/install/turtlebot3_example:/home/ros25/ROS/ROS_25/colcon_ws/install/turtlebot3_controller:/home/ros25/ROS/ROS_25/colcon_ws/install/test_node:/opt/ros/humble /usr/bin/cmake --build /home/ros25/ROS/ROS_25/colcon_ws/build/dynamixel_sdk_custom_interfaces -- -j2 -l2
[0.856s] [  2%] Built target dynamixel_sdk_custom_interfaces__cpp
[1.228s] [ 12%] Built target dynamixel_sdk_custom_interfaces__rosidl_generator_c
[1.611s] [ 12%] Built target ament_cmake_python_copy_dynamixel_sdk_custom_interfaces
[1.850s] [ 23%] Built target dynamixel_sdk_custom_interfaces__rosidl_typesupport_cpp
[2.379s] [ 33%] Built target dynamixel_sdk_custom_interfaces__rosidl_typesupport_fastrtps_c
[2.623s] [ 43%] Built target dynamixel_sdk_custom_interfaces__rosidl_typesupport_fastrtps_cpp
[2.926s] [ 53%] Built target dynamixel_sdk_custom_interfaces__rosidl_typesupport_introspection_c
[3.225s] [ 64%] Built target dynamixel_sdk_custom_interfaces__rosidl_typesupport_c
[3.625s] [ 74%] Built target dynamixel_sdk_custom_interfaces__rosidl_typesupport_introspection_cpp
[6.477s] running egg_info
[6.485s] writing dynamixel_sdk_custom_interfaces.egg-info/PKG-INFO
[6.487s] writing dependency_links to dynamixel_sdk_custom_interfaces.egg-info/dependency_links.txt
[6.492s] writing top-level names to dynamixel_sdk_custom_interfaces.egg-info/top_level.txt
[6.526s] reading manifest file 'dynamixel_sdk_custom_interfaces.egg-info/SOURCES.txt'
[6.535s] writing manifest file 'dynamixel_sdk_custom_interfaces.egg-info/SOURCES.txt'
[6.849s] [ 74%] Built target ament_cmake_python_build_dynamixel_sdk_custom_interfaces_egg
[7.091s] [ 74%] Built target dynamixel_sdk_custom_interfaces
[7.327s] [ 76%] Built target dynamixel_sdk_custom_interfaces__py
[7.523s] [ 84%] Built target dynamixel_sdk_custom_interfaces__rosidl_generator_py
[7.707s] [ 89%] Built target dynamixel_sdk_custom_interfaces__rosidl_typesupport_fastrtps_c__pyext
[8.017s] [ 94%] Built target dynamixel_sdk_custom_interfaces__rosidl_typesupport_introspection_c__pyext
[8.210s] [100%] Built target dynamixel_sdk_custom_interfaces__rosidl_typesupport_c__pyext
