[3.662s] Invoking command in '/home/ros25/ROS/ROS_25/colcon_ws/src/turtlebot3/turtlebot3_example': CMAKE_PREFIX_PATH=/home/ros25/ROS/ROS_25/colcon_ws/install/turtlebot3_msgs:/home/ros25/ROS/ROS_25/colcon_ws/install/turtlebot3:/home/ros25/ROS/ROS_25/colcon_ws/install/turtlebot3_bringup:/home/ros25/ROS/ROS_25/colcon_ws/install/turtlebot3_node:/home/ros25/ROS/ROS_25/colcon_ws/install/turtlebot3_navigation2:/home/ros25/ROS/ROS_25/colcon_ws/install/turtlebot3_description:/home/ros25/ROS/ROS_25/colcon_ws/install/turtlebot3_cartographer:/home/ros25/ROS/ROS_25/colcon_ws/install/dynamixel_sdk_examples:/home/ros25/ROS/ROS_25/colcon_ws/install/dynamixel_sdk_custom_interfaces:/home/ros25/ROS/ROS_25/colcon_ws/install/dynamixel_sdk PYTHONPATH=/home/ros25/ROS/ROS_25/colcon_ws/build/turtlebot3_example/prefix_override:/usr/lib/python3/dist-packages/colcon_core/task/python/colcon_distutils_commands:/home/ros25/ROS/ROS_25/colcon_ws/install/turtlebot3_example/lib/python3.10/site-packages:${PYTHONPATH} /usr/bin/python3 -W ignore:setup.py install is deprecated -W ignore:easy_install command is deprecated setup.py egg_info --egg-base ../../../build/turtlebot3_example build --build-base /home/ros25/ROS/ROS_25/colcon_ws/build/turtlebot3_example/build install --record /home/ros25/ROS/ROS_25/colcon_ws/build/turtlebot3_example/install.log --single-version-externally-managed install_data
[5.103s] running egg_info
[5.114s] writing ../../../build/turtlebot3_example/turtlebot3_example.egg-info/PKG-INFO
[5.115s] writing dependency_links to ../../../build/turtlebot3_example/turtlebot3_example.egg-info/dependency_links.txt
[5.117s] writing entry points to ../../../build/turtlebot3_example/turtlebot3_example.egg-info/entry_points.txt
[5.119s] writing requirements to ../../../build/turtlebot3_example/turtlebot3_example.egg-info/requires.txt
[5.119s] writing top-level names to ../../../build/turtlebot3_example/turtlebot3_example.egg-info/top_level.txt
[5.132s] reading manifest file '../../../build/turtlebot3_example/turtlebot3_example.egg-info/SOURCES.txt'
[5.139s] writing manifest file '../../../build/turtlebot3_example/turtlebot3_example.egg-info/SOURCES.txt'
[5.145s] running build
[5.145s] running build_py
[5.147s] running install
[5.153s] running install_lib
[5.162s] running install_data
[5.162s] running install_egg_info
[5.179s] removing '/home/ros25/ROS/ROS_25/colcon_ws/install/turtlebot3_example/lib/python3.10/site-packages/turtlebot3_example-2.3.1-py3.10.egg-info' (and everything under it)
[5.183s] Copying ../../../build/turtlebot3_example/turtlebot3_example.egg-info to /home/ros25/ROS/ROS_25/colcon_ws/install/turtlebot3_example/lib/python3.10/site-packages/turtlebot3_example-2.3.1-py3.10.egg-info
[5.187s] running install_scripts
[5.334s] Installing turtlebot3_absolute_move script to /home/ros25/ROS/ROS_25/colcon_ws/install/turtlebot3_example/lib/turtlebot3_example
[5.334s] Installing turtlebot3_interactive_marker script to /home/ros25/ROS/ROS_25/colcon_ws/install/turtlebot3_example/lib/turtlebot3_example
[5.336s] Installing turtlebot3_obstacle_detection script to /home/ros25/ROS/ROS_25/colcon_ws/install/turtlebot3_example/lib/turtlebot3_example
[5.337s] Installing turtlebot3_patrol_client script to /home/ros25/ROS/ROS_25/colcon_ws/install/turtlebot3_example/lib/turtlebot3_example
[5.337s] Installing turtlebot3_patrol_server script to /home/ros25/ROS/ROS_25/colcon_ws/install/turtlebot3_example/lib/turtlebot3_example
[5.341s] Installing turtlebot3_relative_move script to /home/ros25/ROS/ROS_25/colcon_ws/install/turtlebot3_example/lib/turtlebot3_example
[5.346s] writing list of installed files to '/home/ros25/ROS/ROS_25/colcon_ws/build/turtlebot3_example/install.log'
[5.482s] Invoked command in '/home/ros25/ROS/ROS_25/colcon_ws/src/turtlebot3/turtlebot3_example' returned '0': CMAKE_PREFIX_PATH=/home/ros25/ROS/ROS_25/colcon_ws/install/turtlebot3_msgs:/home/ros25/ROS/ROS_25/colcon_ws/install/turtlebot3:/home/ros25/ROS/ROS_25/colcon_ws/install/turtlebot3_bringup:/home/ros25/ROS/ROS_25/colcon_ws/install/turtlebot3_node:/home/ros25/ROS/ROS_25/colcon_ws/install/turtlebot3_navigation2:/home/ros25/ROS/ROS_25/colcon_ws/install/turtlebot3_description:/home/ros25/ROS/ROS_25/colcon_ws/install/turtlebot3_cartographer:/home/ros25/ROS/ROS_25/colcon_ws/install/dynamixel_sdk_examples:/home/ros25/ROS/ROS_25/colcon_ws/install/dynamixel_sdk_custom_interfaces:/home/ros25/ROS/ROS_25/colcon_ws/install/dynamixel_sdk PYTHONPATH=/home/ros25/ROS/ROS_25/colcon_ws/build/turtlebot3_example/prefix_override:/usr/lib/python3/dist-packages/colcon_core/task/python/colcon_distutils_commands:/home/ros25/ROS/ROS_25/colcon_ws/install/turtlebot3_example/lib/python3.10/site-packages:${PYTHONPATH} /usr/bin/python3 -W ignore:setup.py install is deprecated -W ignore:easy_install command is deprecated setup.py egg_info --egg-base ../../../build/turtlebot3_example build --build-base /home/ros25/ROS/ROS_25/colcon_ws/build/turtlebot3_example/build install --record /home/ros25/ROS/ROS_25/colcon_ws/build/turtlebot3_example/install.log --single-version-externally-managed install_data
