running egg_info
writing ../../build/turtlebot3_controller/turtlebot3_controller.egg-info/PKG-INFO
writing dependency_links to ../../build/turtlebot3_controller/turtlebot3_controller.egg-info/dependency_links.txt
writing entry points to ../../build/turtlebot3_controller/turtlebot3_controller.egg-info/entry_points.txt
writing requirements to ../../build/turtlebot3_controller/turtlebot3_controller.egg-info/requires.txt
writing top-level names to ../../build/turtlebot3_controller/turtlebot3_controller.egg-info/top_level.txt
reading manifest file '../../build/turtlebot3_controller/turtlebot3_controller.egg-info/SOURCES.txt'
writing manifest file '../../build/turtlebot3_controller/turtlebot3_controller.egg-info/SOURCES.txt'
running build
running build_py
copying turtlebot3_controller/navigator.py -> /home/ros25/ROS/ROS_25/colcon_ws/build/turtlebot3_controller/build/lib/turtlebot3_controller
running install
running install_lib
copying /home/ros25/ROS/ROS_25/colcon_ws/build/turtlebot3_controller/build/lib/turtlebot3_controller/navigator.py -> /home/ros25/ROS/ROS_25/colcon_ws/install/turtlebot3_controller/lib/python3.10/site-packages/turtlebot3_controller
byte-compiling /home/ros25/ROS/ROS_25/colcon_ws/install/turtlebot3_controller/lib/python3.10/site-packages/turtlebot3_controller/navigator.py to navigator.cpython-310.pyc
running install_data
running install_egg_info
removing '/home/ros25/ROS/ROS_25/colcon_ws/install/turtlebot3_controller/lib/python3.10/site-packages/turtlebot3_controller-0.0.0-py3.10.egg-info' (and everything under it)
Copying ../../build/turtlebot3_controller/turtlebot3_controller.egg-info to /home/ros25/ROS/ROS_25/colcon_ws/install/turtlebot3_controller/lib/python3.10/site-packages/turtlebot3_controller-0.0.0-py3.10.egg-info
running install_scripts
Installing navigator script to /home/ros25/ROS/ROS_25/colcon_ws/install/turtlebot3_controller/lib/turtlebot3_controller
Installing sensor_listener script to /home/ros25/ROS/ROS_25/colcon_ws/install/turtlebot3_controller/lib/turtlebot3_controller
writing list of installed files to '/home/ros25/ROS/ROS_25/colcon_ws/build/turtlebot3_controller/install.log'
