[0.088s] Invoking command in '/home/ros25/ROS/ROS_25/colcon_ws/build/turtlebot3_gazebo': CMAKE_PREFIX_PATH=${CMAKE_PREFIX_PATH}:/home/ros25/ROS/ROS_25/colcon_ws/install/turtlebot3_teleop:/home/ros25/ROS/ROS_25/colcon_ws/install/turtlebot3_example:/home/ros25/ROS/ROS_25/colcon_ws/install/turtlebot3_controller:/home/ros25/ROS/ROS_25/colcon_ws/install/test_node:/opt/ros/humble /usr/bin/cmake --build /home/ros25/ROS/ROS_25/colcon_ws/build/turtlebot3_gazebo -- -j2 -l2
[0.586s] [35m[1mConsolidate compiler generated dependencies of target turtlebot3_drive[0m
[0.745s] [ 16%] Built target turtlebot3_drive
[0.919s] [35m[1mConsolidate compiler generated dependencies of target traffic_light_plugin[0m
[1.176s] [ 33%] Built target traffic_light_plugin
[1.339s] [35m[1mConsolidate compiler generated dependencies of target traffic_bar_plugin[0m
[1.697s] [ 50%] Built target traffic_bar_plugin
[1.945s] [35m[1mConsolidate compiler generated dependencies of target obstacle1[0m
[2.286s] [ 66%] Built target obstacle1
[2.470s] [35m[1mConsolidate compiler generated dependencies of target obstacle2[0m
[2.794s] [ 83%] Built target obstacle2
[3.022s] [35m[1mConsolidate compiler generated dependencies of target obstacles[0m
[3.354s] [100%] Built target obstacles
[3.508s] Invoked command in '/home/ros25/ROS/ROS_25/colcon_ws/build/turtlebot3_gazebo' returned '0': CMAKE_PREFIX_PATH=${CMAKE_PREFIX_PATH}:/home/ros25/ROS/ROS_25/colcon_ws/install/turtlebot3_teleop:/home/ros25/ROS/ROS_25/colcon_ws/install/turtlebot3_example:/home/ros25/ROS/ROS_25/colcon_ws/install/turtlebot3_controller:/home/ros25/ROS/ROS_25/colcon_ws/install/test_node:/opt/ros/humble /usr/bin/cmake --build /home/ros25/ROS/ROS_25/colcon_ws/build/turtlebot3_gazebo -- -j2 -l2
[3.520s] Invoking command in '/home/ros25/ROS/ROS_25/colcon_ws/build/turtlebot3_gazebo': CMAKE_PREFIX_PATH=${CMAKE_PREFIX_PATH}:/home/ros25/ROS/ROS_25/colcon_ws/install/turtlebot3_teleop:/home/ros25/ROS/ROS_25/colcon_ws/install/turtlebot3_example:/home/ros25/ROS/ROS_25/colcon_ws/install/turtlebot3_controller:/home/ros25/ROS/ROS_25/colcon_ws/install/test_node:/opt/ros/humble /usr/bin/cmake --install /home/ros25/ROS/ROS_25/colcon_ws/build/turtlebot3_gazebo
[3.576s] -- Install configuration: ""
[3.576s] -- Up-to-date: /home/ros25/ROS/ROS_25/colcon_ws/install/turtlebot3_gazebo/lib/turtlebot3_gazebo/turtlebot3_drive
[3.577s] -- Up-to-date: /home/ros25/ROS/ROS_25/colcon_ws/install/turtlebot3_gazebo/share/turtlebot3_gazebo//launch
[3.581s] -- Up-to-date: /home/ros25/ROS/ROS_25/colcon_ws/install/turtlebot3_gazebo/share/turtlebot3_gazebo//launch/turtlebot3_house.launch.py
[3.583s] -- Up-to-date: /home/ros25/ROS/ROS_25/colcon_ws/install/turtlebot3_gazebo/share/turtlebot3_gazebo//launch/turtlebot3_dqn_stage3.launch.py
[3.587s] -- Up-to-date: /home/ros25/ROS/ROS_25/colcon_ws/install/turtlebot3_gazebo/share/turtlebot3_gazebo//launch/turtlebot3_dqn_stage4.launch.py
[3.587s] -- Up-to-date: /home/ros25/ROS/ROS_25/colcon_ws/install/turtlebot3_gazebo/share/turtlebot3_gazebo//launch/multi_spawn_turtlebot3.launch.py
[3.593s] -- Up-to-date: /home/ros25/ROS/ROS_25/colcon_ws/install/turtlebot3_gazebo/share/turtlebot3_gazebo//launch/multi_robot.launch.py
[3.594s] -- Up-to-date: /home/ros25/ROS/ROS_25/colcon_ws/install/turtlebot3_gazebo/share/turtlebot3_gazebo//launch/empty_world.launch.py
[3.594s] -- Up-to-date: /home/ros25/ROS/ROS_25/colcon_ws/install/turtlebot3_gazebo/share/turtlebot3_gazebo//launch/spawn_turtlebot3.launch.py
[3.599s] -- Up-to-date: /home/ros25/ROS/ROS_25/colcon_ws/install/turtlebot3_gazebo/share/turtlebot3_gazebo//launch/turtlebot3_dqn_stage2.launch.py
[3.599s] -- Up-to-date: /home/ros25/ROS/ROS_25/colcon_ws/install/turtlebot3_gazebo/share/turtlebot3_gazebo//launch/robot_state_publisher.launch.py
[3.600s] -- Up-to-date: /home/ros25/ROS/ROS_25/colcon_ws/install/turtlebot3_gazebo/share/turtlebot3_gazebo//launch/turtlebot3_autorace_2020.launch.py
[3.600s] -- Up-to-date: /home/ros25/ROS/ROS_25/colcon_ws/install/turtlebot3_gazebo/share/turtlebot3_gazebo//launch/turtlebot3_world.launch.py
[3.608s] -- Up-to-date: /home/ros25/ROS/ROS_25/colcon_ws/install/turtlebot3_gazebo/share/turtlebot3_gazebo//launch/turtlebot3_dqn_stage1.launch.py
[3.608s] -- Up-to-date: /home/ros25/ROS/ROS_25/colcon_ws/install/turtlebot3_gazebo/share/turtlebot3_gazebo//models
[3.608s] -- Up-to-date: /home/ros25/ROS/ROS_25/colcon_ws/install/turtlebot3_gazebo/share/turtlebot3_gazebo//models/turtlebot3_waffle
[3.609s] -- Up-to-date: /home/ros25/ROS/ROS_25/colcon_ws/install/turtlebot3_gazebo/share/turtlebot3_gazebo//models/turtlebot3_waffle/model-1_4.sdf
[3.610s] -- Up-to-date: /home/ros25/ROS/ROS_25/colcon_ws/install/turtlebot3_gazebo/share/turtlebot3_gazebo//models/turtlebot3_waffle/model.config
[3.610s] -- Up-to-date: /home/ros25/ROS/ROS_25/colcon_ws/install/turtlebot3_gazebo/share/turtlebot3_gazebo//models/turtlebot3_waffle/model.sdf
[3.610s] -- Up-to-date: /home/ros25/ROS/ROS_25/colcon_ws/install/turtlebot3_gazebo/share/turtlebot3_gazebo//models/turtlebot3_burger
[3.610s] -- Up-to-date: /home/ros25/ROS/ROS_25/colcon_ws/install/turtlebot3_gazebo/share/turtlebot3_gazebo//models/turtlebot3_burger/model-1_4.sdf
[3.610s] -- Up-to-date: /home/ros25/ROS/ROS_25/colcon_ws/install/turtlebot3_gazebo/share/turtlebot3_gazebo//models/turtlebot3_burger/model.config
[3.613s] -- Up-to-date: /home/ros25/ROS/ROS_25/colcon_ws/install/turtlebot3_gazebo/share/turtlebot3_gazebo//models/turtlebot3_burger/model.sdf
[3.613s] -- Up-to-date: /home/ros25/ROS/ROS_25/colcon_ws/install/turtlebot3_gazebo/share/turtlebot3_gazebo//models/turtlebot3_dqn_world
[3.614s] -- Up-to-date: /home/ros25/ROS/ROS_25/colcon_ws/install/turtlebot3_gazebo/share/turtlebot3_gazebo//models/turtlebot3_dqn_world/goal_box
[3.614s] -- Up-to-date: /home/ros25/ROS/ROS_25/colcon_ws/install/turtlebot3_gazebo/share/turtlebot3_gazebo//models/turtlebot3_dqn_world/goal_box/model.config
[3.614s] -- Up-to-date: /home/ros25/ROS/ROS_25/colcon_ws/install/turtlebot3_gazebo/share/turtlebot3_gazebo//models/turtlebot3_dqn_world/goal_box/model.sdf
[3.614s] -- Up-to-date: /home/ros25/ROS/ROS_25/colcon_ws/install/turtlebot3_gazebo/share/turtlebot3_gazebo//models/turtlebot3_dqn_world/inner_walls
[3.614s] -- Up-to-date: /home/ros25/ROS/ROS_25/colcon_ws/install/turtlebot3_gazebo/share/turtlebot3_gazebo//models/turtlebot3_dqn_world/inner_walls/model.config
[3.614s] -- Up-to-date: /home/ros25/ROS/ROS_25/colcon_ws/install/turtlebot3_gazebo/share/turtlebot3_gazebo//models/turtlebot3_dqn_world/inner_walls/model.sdf
[3.615s] -- Up-to-date: /home/ros25/ROS/ROS_25/colcon_ws/install/turtlebot3_gazebo/share/turtlebot3_gazebo//models/turtlebot3_dqn_world/model.config
[3.615s] -- Up-to-date: /home/ros25/ROS/ROS_25/colcon_ws/install/turtlebot3_gazebo/share/turtlebot3_gazebo//models/turtlebot3_dqn_world/obstacles
[3.615s] -- Up-to-date: /home/ros25/ROS/ROS_25/colcon_ws/install/turtlebot3_gazebo/share/turtlebot3_gazebo//models/turtlebot3_dqn_world/obstacles/model.config
[3.621s] -- Up-to-date: /home/ros25/ROS/ROS_25/colcon_ws/install/turtlebot3_gazebo/share/turtlebot3_gazebo//models/turtlebot3_dqn_world/obstacles/model.sdf
[3.622s] -- Up-to-date: /home/ros25/ROS/ROS_25/colcon_ws/install/turtlebot3_gazebo/share/turtlebot3_gazebo//models/turtlebot3_dqn_world/obstacle2
[3.622s] -- Up-to-date: /home/ros25/ROS/ROS_25/colcon_ws/install/turtlebot3_gazebo/share/turtlebot3_gazebo//models/turtlebot3_dqn_world/obstacle2/model.config
[3.625s] -- Up-to-date: /home/ros25/ROS/ROS_25/colcon_ws/install/turtlebot3_gazebo/share/turtlebot3_gazebo//models/turtlebot3_dqn_world/obstacle2/model.sdf
[3.625s] -- Up-to-date: /home/ros25/ROS/ROS_25/colcon_ws/install/turtlebot3_gazebo/share/turtlebot3_gazebo//models/turtlebot3_dqn_world/obstacle1
[3.625s] -- Up-to-date: /home/ros25/ROS/ROS_25/colcon_ws/install/turtlebot3_gazebo/share/turtlebot3_gazebo//models/turtlebot3_dqn_world/obstacle1/model.config
[3.626s] -- Up-to-date: /home/ros25/ROS/ROS_25/colcon_ws/install/turtlebot3_gazebo/share/turtlebot3_gazebo//models/turtlebot3_dqn_world/obstacle1/model.sdf
[3.627s] -- Up-to-date: /home/ros25/ROS/ROS_25/colcon_ws/install/turtlebot3_gazebo/share/turtlebot3_gazebo//models/turtlebot3_dqn_world/model.sdf
[3.627s] -- Up-to-date: /home/ros25/ROS/ROS_25/colcon_ws/install/turtlebot3_gazebo/share/turtlebot3_gazebo//models/turtlebot3_waffle_pi
[3.630s] -- Up-to-date: /home/ros25/ROS/ROS_25/colcon_ws/install/turtlebot3_gazebo/share/turtlebot3_gazebo//models/turtlebot3_waffle_pi/model.config
[3.630s] -- Up-to-date: /home/ros25/ROS/ROS_25/colcon_ws/install/turtlebot3_gazebo/share/turtlebot3_gazebo//models/turtlebot3_waffle_pi/model-1_4_.sdf
[3.630s] -- Up-to-date: /home/ros25/ROS/ROS_25/colcon_ws/install/turtlebot3_gazebo/share/turtlebot3_gazebo//models/turtlebot3_waffle_pi/model.sdf
[3.633s] -- Up-to-date: /home/ros25/ROS/ROS_25/colcon_ws/install/turtlebot3_gazebo/share/turtlebot3_gazebo//models/turtlebot3_common
[3.634s] -- Up-to-date: /home/ros25/ROS/ROS_25/colcon_ws/install/turtlebot3_gazebo/share/turtlebot3_gazebo//models/turtlebot3_common/model.config
[3.634s] -- Up-to-date: /home/ros25/ROS/ROS_25/colcon_ws/install/turtlebot3_gazebo/share/turtlebot3_gazebo//models/turtlebot3_common/meshes
[3.634s] -- Up-to-date: /home/ros25/ROS/ROS_25/colcon_ws/install/turtlebot3_gazebo/share/turtlebot3_gazebo//models/turtlebot3_common/meshes/waffle_base.dae
[3.638s] -- Up-to-date: /home/ros25/ROS/ROS_25/colcon_ws/install/turtlebot3_gazebo/share/turtlebot3_gazebo//models/turtlebot3_common/meshes/r200.dae
[3.638s] -- Up-to-date: /home/ros25/ROS/ROS_25/colcon_ws/install/turtlebot3_gazebo/share/turtlebot3_gazebo//models/turtlebot3_common/meshes/sensors
[3.640s] -- Up-to-date: /home/ros25/ROS/ROS_25/colcon_ws/install/turtlebot3_gazebo/share/turtlebot3_gazebo//models/turtlebot3_common/meshes/sensors/r200.dae
[3.641s] -- Up-to-date: /home/ros25/ROS/ROS_25/colcon_ws/install/turtlebot3_gazebo/share/turtlebot3_gazebo//models/turtlebot3_common/meshes/sensors/astra.jpg
[3.641s] -- Up-to-date: /home/ros25/ROS/ROS_25/colcon_ws/install/turtlebot3_gazebo/share/turtlebot3_gazebo//models/turtlebot3_common/meshes/sensors/astra.dae
[3.641s] -- Up-to-date: /home/ros25/ROS/ROS_25/colcon_ws/install/turtlebot3_gazebo/share/turtlebot3_gazebo//models/turtlebot3_common/meshes/sensors/lds.stl
[3.641s] -- Up-to-date: /home/ros25/ROS/ROS_25/colcon_ws/install/turtlebot3_gazebo/share/turtlebot3_gazebo//models/turtlebot3_common/meshes/sensors/r200.jpg
[3.641s] -- Up-to-date: /home/ros25/ROS/ROS_25/colcon_ws/install/turtlebot3_gazebo/share/turtlebot3_gazebo//models/turtlebot3_common/meshes/lds.dae
[3.644s] -- Up-to-date: /home/ros25/ROS/ROS_25/colcon_ws/install/turtlebot3_gazebo/share/turtlebot3_gazebo//models/turtlebot3_common/meshes/bases
[3.644s] -- Up-to-date: /home/ros25/ROS/ROS_25/colcon_ws/install/turtlebot3_gazebo/share/turtlebot3_gazebo//models/turtlebot3_common/meshes/bases/waffle_base.stl
[3.646s] -- Up-to-date: /home/ros25/ROS/ROS_25/colcon_ws/install/turtlebot3_gazebo/share/turtlebot3_gazebo//models/turtlebot3_common/meshes/bases/burger_base.stl
[3.653s] -- Up-to-date: /home/ros25/ROS/ROS_25/colcon_ws/install/turtlebot3_gazebo/share/turtlebot3_gazebo//models/turtlebot3_common/meshes/bases/waffle_pi_base.stl
[3.654s] -- Up-to-date: /home/ros25/ROS/ROS_25/colcon_ws/install/turtlebot3_gazebo/share/turtlebot3_gazebo//models/turtlebot3_common/meshes/tire.dae
[3.654s] -- Up-to-date: /home/ros25/ROS/ROS_25/colcon_ws/install/turtlebot3_gazebo/share/turtlebot3_gazebo//models/turtlebot3_common/meshes/wheels
[3.654s] -- Up-to-date: /home/ros25/ROS/ROS_25/colcon_ws/install/turtlebot3_gazebo/share/turtlebot3_gazebo//models/turtlebot3_common/meshes/wheels/left_tire.stl
[3.654s] -- Up-to-date: /home/ros25/ROS/ROS_25/colcon_ws/install/turtlebot3_gazebo/share/turtlebot3_gazebo//models/turtlebot3_common/meshes/wheels/right_tire.stl
[3.655s] -- Up-to-date: /home/ros25/ROS/ROS_25/colcon_ws/install/turtlebot3_gazebo/share/turtlebot3_gazebo//models/turtlebot3_common/meshes/waffle_pi_base.dae
[3.655s] -- Up-to-date: /home/ros25/ROS/ROS_25/colcon_ws/install/turtlebot3_gazebo/share/turtlebot3_gazebo//models/turtlebot3_common/meshes/burger_base.dae
[3.655s] -- Up-to-date: /home/ros25/ROS/ROS_25/colcon_ws/install/turtlebot3_gazebo/share/turtlebot3_gazebo//models/turtlebot3_burger_cam
[3.655s] -- Up-to-date: /home/ros25/ROS/ROS_25/colcon_ws/install/turtlebot3_gazebo/share/turtlebot3_gazebo//models/turtlebot3_burger_cam/model-1_4.sdf
[3.657s] -- Up-to-date: /home/ros25/ROS/ROS_25/colcon_ws/install/turtlebot3_gazebo/share/turtlebot3_gazebo//models/turtlebot3_burger_cam/model.config
[3.658s] -- Up-to-date: /home/ros25/ROS/ROS_25/colcon_ws/install/turtlebot3_gazebo/share/turtlebot3_gazebo//models/turtlebot3_burger_cam/model.sdf
[3.658s] -- Up-to-date: /home/ros25/ROS/ROS_25/colcon_ws/install/turtlebot3_gazebo/share/turtlebot3_gazebo//models/turtlebot3_house
[3.661s] -- Up-to-date: /home/ros25/ROS/ROS_25/colcon_ws/install/turtlebot3_gazebo/share/turtlebot3_gazebo//models/turtlebot3_house/model.config
[3.662s] -- Up-to-date: /home/ros25/ROS/ROS_25/colcon_ws/install/turtlebot3_gazebo/share/turtlebot3_gazebo//models/turtlebot3_house/model.sdf
[3.662s] -- Up-to-date: /home/ros25/ROS/ROS_25/colcon_ws/install/turtlebot3_gazebo/share/turtlebot3_gazebo//models/turtlebot3_autorace_2020
[3.662s] -- Up-to-date: /home/ros25/ROS/ROS_25/colcon_ws/install/turtlebot3_gazebo/share/turtlebot3_gazebo//models/turtlebot3_autorace_2020/traffic_bar
[3.663s] -- Up-to-date: /home/ros25/ROS/ROS_25/colcon_ws/install/turtlebot3_gazebo/share/turtlebot3_gazebo//models/turtlebot3_autorace_2020/traffic_bar/model.config
[3.672s] -- Up-to-date: /home/ros25/ROS/ROS_25/colcon_ws/install/turtlebot3_gazebo/share/turtlebot3_gazebo//models/turtlebot3_autorace_2020/traffic_bar/materials
[3.673s] -- Up-to-date: /home/ros25/ROS/ROS_25/colcon_ws/install/turtlebot3_gazebo/share/turtlebot3_gazebo//models/turtlebot3_autorace_2020/traffic_bar/materials/textures
[3.675s] -- Up-to-date: /home/ros25/ROS/ROS_25/colcon_ws/install/turtlebot3_gazebo/share/turtlebot3_gazebo//models/turtlebot3_autorace_2020/traffic_bar/materials/textures/traffic_bar.png
[3.675s] -- Up-to-date: /home/ros25/ROS/ROS_25/colcon_ws/install/turtlebot3_gazebo/share/turtlebot3_gazebo//models/turtlebot3_autorace_2020/traffic_bar/materials/scripts
[3.675s] -- Up-to-date: /home/ros25/ROS/ROS_25/colcon_ws/install/turtlebot3_gazebo/share/turtlebot3_gazebo//models/turtlebot3_autorace_2020/traffic_bar/materials/scripts/traffic_bar.material
[3.675s] -- Up-to-date: /home/ros25/ROS/ROS_25/colcon_ws/install/turtlebot3_gazebo/share/turtlebot3_gazebo//models/turtlebot3_autorace_2020/traffic_bar/model.sdf
[3.681s] -- Up-to-date: /home/ros25/ROS/ROS_25/colcon_ws/install/turtlebot3_gazebo/share/turtlebot3_gazebo//models/turtlebot3_autorace_2020/traffic_left
[3.683s] -- Up-to-date: /home/ros25/ROS/ROS_25/colcon_ws/install/turtlebot3_gazebo/share/turtlebot3_gazebo//models/turtlebot3_autorace_2020/traffic_left/model.config
[3.685s] -- Up-to-date: /home/ros25/ROS/ROS_25/colcon_ws/install/turtlebot3_gazebo/share/turtlebot3_gazebo//models/turtlebot3_autorace_2020/traffic_left/materials
[3.685s] -- Up-to-date: /home/ros25/ROS/ROS_25/colcon_ws/install/turtlebot3_gazebo/share/turtlebot3_gazebo//models/turtlebot3_autorace_2020/traffic_left/materials/textures
[3.686s] -- Up-to-date: /home/ros25/ROS/ROS_25/colcon_ws/install/turtlebot3_gazebo/share/turtlebot3_gazebo//models/turtlebot3_autorace_2020/traffic_left/materials/textures/traffic_left.png
[3.686s] -- Up-to-date: /home/ros25/ROS/ROS_25/colcon_ws/install/turtlebot3_gazebo/share/turtlebot3_gazebo//models/turtlebot3_autorace_2020/traffic_left/materials/scripts
[3.686s] -- Up-to-date: /home/ros25/ROS/ROS_25/colcon_ws/install/turtlebot3_gazebo/share/turtlebot3_gazebo//models/turtlebot3_autorace_2020/traffic_left/materials/scripts/traffic_is_left.material
[3.686s] -- Up-to-date: /home/ros25/ROS/ROS_25/colcon_ws/install/turtlebot3_gazebo/share/turtlebot3_gazebo//models/turtlebot3_autorace_2020/traffic_left/model.sdf
[3.686s] -- Up-to-date: /home/ros25/ROS/ROS_25/colcon_ws/install/turtlebot3_gazebo/share/turtlebot3_gazebo//models/turtlebot3_autorace_2020/traffic_pl_left
[3.700s] -- Up-to-date: /home/ros25/ROS/ROS_25/colcon_ws/install/turtlebot3_gazebo/share/turtlebot3_gazebo//models/turtlebot3_autorace_2020/traffic_pl_left/model.config
[3.701s] -- Up-to-date: /home/ros25/ROS/ROS_25/colcon_ws/install/turtlebot3_gazebo/share/turtlebot3_gazebo//models/turtlebot3_autorace_2020/traffic_pl_left/materials
[3.701s] -- Up-to-date: /home/ros25/ROS/ROS_25/colcon_ws/install/turtlebot3_gazebo/share/turtlebot3_gazebo//models/turtlebot3_autorace_2020/traffic_pl_left/materials/textures
[3.701s] -- Up-to-date: /home/ros25/ROS/ROS_25/colcon_ws/install/turtlebot3_gazebo/share/turtlebot3_gazebo//models/turtlebot3_autorace_2020/traffic_pl_left/materials/textures/traffic_pl_left.png
[3.701s] -- Up-to-date: /home/ros25/ROS/ROS_25/colcon_ws/install/turtlebot3_gazebo/share/turtlebot3_gazebo//models/turtlebot3_autorace_2020/traffic_pl_left/materials/scripts
[3.701s] -- Up-to-date: /home/ros25/ROS/ROS_25/colcon_ws/install/turtlebot3_gazebo/share/turtlebot3_gazebo//models/turtlebot3_autorace_2020/traffic_pl_left/materials/scripts/traffic_pl_left.material
[3.701s] -- Up-to-date: /home/ros25/ROS/ROS_25/colcon_ws/install/turtlebot3_gazebo/share/turtlebot3_gazebo//models/turtlebot3_autorace_2020/traffic_pl_left/model.sdf
[3.701s] -- Up-to-date: /home/ros25/ROS/ROS_25/colcon_ws/install/turtlebot3_gazebo/share/turtlebot3_gazebo//models/turtlebot3_autorace_2020/traffic_tunnel
[3.701s] -- Up-to-date: /home/ros25/ROS/ROS_25/colcon_ws/install/turtlebot3_gazebo/share/turtlebot3_gazebo//models/turtlebot3_autorace_2020/traffic_tunnel/model.config
[3.703s] -- Up-to-date: /home/ros25/ROS/ROS_25/colcon_ws/install/turtlebot3_gazebo/share/turtlebot3_gazebo//models/turtlebot3_autorace_2020/traffic_tunnel/materials
[3.704s] -- Up-to-date: /home/ros25/ROS/ROS_25/colcon_ws/install/turtlebot3_gazebo/share/turtlebot3_gazebo//models/turtlebot3_autorace_2020/traffic_tunnel/materials/textures
[3.704s] -- Up-to-date: /home/ros25/ROS/ROS_25/colcon_ws/install/turtlebot3_gazebo/share/turtlebot3_gazebo//models/turtlebot3_autorace_2020/traffic_tunnel/materials/textures/tunnel.png
[3.704s] -- Up-to-date: /home/ros25/ROS/ROS_25/colcon_ws/install/turtlebot3_gazebo/share/turtlebot3_gazebo//models/turtlebot3_autorace_2020/traffic_tunnel/materials/scripts
[3.704s] -- Up-to-date: /home/ros25/ROS/ROS_25/colcon_ws/install/turtlebot3_gazebo/share/turtlebot3_gazebo//models/turtlebot3_autorace_2020/traffic_tunnel/materials/scripts/tunnel.material
[3.704s] -- Up-to-date: /home/ros25/ROS/ROS_25/colcon_ws/install/turtlebot3_gazebo/share/turtlebot3_gazebo//models/turtlebot3_autorace_2020/traffic_tunnel/model.sdf
[3.704s] -- Up-to-date: /home/ros25/ROS/ROS_25/colcon_ws/install/turtlebot3_gazebo/share/turtlebot3_gazebo//models/turtlebot3_autorace_2020/traffic_intersection
[3.704s] -- Up-to-date: /home/ros25/ROS/ROS_25/colcon_ws/install/turtlebot3_gazebo/share/turtlebot3_gazebo//models/turtlebot3_autorace_2020/traffic_intersection/model.config
[3.705s] -- Up-to-date: /home/ros25/ROS/ROS_25/colcon_ws/install/turtlebot3_gazebo/share/turtlebot3_gazebo//models/turtlebot3_autorace_2020/traffic_intersection/materials
[3.705s] -- Up-to-date: /home/ros25/ROS/ROS_25/colcon_ws/install/turtlebot3_gazebo/share/turtlebot3_gazebo//models/turtlebot3_autorace_2020/traffic_intersection/materials/textures
[3.705s] -- Up-to-date: /home/ros25/ROS/ROS_25/colcon_ws/install/turtlebot3_gazebo/share/turtlebot3_gazebo//models/turtlebot3_autorace_2020/traffic_intersection/materials/textures/traffic_intersection.png
[3.705s] -- Up-to-date: /home/ros25/ROS/ROS_25/colcon_ws/install/turtlebot3_gazebo/share/turtlebot3_gazebo//models/turtlebot3_autorace_2020/traffic_intersection/materials/scripts
[3.706s] -- Up-to-date: /home/ros25/ROS/ROS_25/colcon_ws/install/turtlebot3_gazebo/share/turtlebot3_gazebo//models/turtlebot3_autorace_2020/traffic_intersection/materials/scripts/traffic_intersection.material
[3.707s] -- Up-to-date: /home/ros25/ROS/ROS_25/colcon_ws/install/turtlebot3_gazebo/share/turtlebot3_gazebo//models/turtlebot3_autorace_2020/traffic_intersection/model.sdf
[3.707s] -- Up-to-date: /home/ros25/ROS/ROS_25/colcon_ws/install/turtlebot3_gazebo/share/turtlebot3_gazebo//models/turtlebot3_autorace_2020/course
[3.707s] -- Up-to-date: /home/ros25/ROS/ROS_25/colcon_ws/install/turtlebot3_gazebo/share/turtlebot3_gazebo//models/turtlebot3_autorace_2020/course/model.config
[3.707s] -- Up-to-date: /home/ros25/ROS/ROS_25/colcon_ws/install/turtlebot3_gazebo/share/turtlebot3_gazebo//models/turtlebot3_autorace_2020/course/materials
[3.707s] -- Up-to-date: /home/ros25/ROS/ROS_25/colcon_ws/install/turtlebot3_gazebo/share/turtlebot3_gazebo//models/turtlebot3_autorace_2020/course/materials/textures
[3.707s] -- Up-to-date: /home/ros25/ROS/ROS_25/colcon_ws/install/turtlebot3_gazebo/share/turtlebot3_gazebo//models/turtlebot3_autorace_2020/course/materials/textures/course.png
[3.708s] -- Up-to-date: /home/ros25/ROS/ROS_25/colcon_ws/install/turtlebot3_gazebo/share/turtlebot3_gazebo//models/turtlebot3_autorace_2020/course/materials/scripts
[3.708s] -- Up-to-date: /home/ros25/ROS/ROS_25/colcon_ws/install/turtlebot3_gazebo/share/turtlebot3_gazebo//models/turtlebot3_autorace_2020/course/materials/scripts/course.material
[3.708s] -- Up-to-date: /home/ros25/ROS/ROS_25/colcon_ws/install/turtlebot3_gazebo/share/turtlebot3_gazebo//models/turtlebot3_autorace_2020/course/model.sdf
[3.708s] -- Up-to-date: /home/ros25/ROS/ROS_25/colcon_ws/install/turtlebot3_gazebo/share/turtlebot3_gazebo//models/turtlebot3_autorace_2020/traffic_parking
[3.708s] -- Up-to-date: /home/ros25/ROS/ROS_25/colcon_ws/install/turtlebot3_gazebo/share/turtlebot3_gazebo//models/turtlebot3_autorace_2020/traffic_parking/model.config
[3.708s] -- Up-to-date: /home/ros25/ROS/ROS_25/colcon_ws/install/turtlebot3_gazebo/share/turtlebot3_gazebo//models/turtlebot3_autorace_2020/traffic_parking/materials
[3.709s] -- Up-to-date: /home/ros25/ROS/ROS_25/colcon_ws/install/turtlebot3_gazebo/share/turtlebot3_gazebo//models/turtlebot3_autorace_2020/traffic_parking/materials/textures
[3.709s] -- Up-to-date: /home/ros25/ROS/ROS_25/colcon_ws/install/turtlebot3_gazebo/share/turtlebot3_gazebo//models/turtlebot3_autorace_2020/traffic_parking/materials/textures/traffic_parking.png
[3.709s] -- Up-to-date: /home/ros25/ROS/ROS_25/colcon_ws/install/turtlebot3_gazebo/share/turtlebot3_gazebo//models/turtlebot3_autorace_2020/traffic_parking/materials/scripts
[3.709s] -- Up-to-date: /home/ros25/ROS/ROS_25/colcon_ws/install/turtlebot3_gazebo/share/turtlebot3_gazebo//models/turtlebot3_autorace_2020/traffic_parking/materials/scripts/traffic_parking.material
[3.710s] -- Up-to-date: /home/ros25/ROS/ROS_25/colcon_ws/install/turtlebot3_gazebo/share/turtlebot3_gazebo//models/turtlebot3_autorace_2020/traffic_parking/model.sdf
[3.710s] -- Up-to-date: /home/ros25/ROS/ROS_25/colcon_ws/install/turtlebot3_gazebo/share/turtlebot3_gazebo//models/turtlebot3_autorace_2020/checker
[3.710s] -- Up-to-date: /home/ros25/ROS/ROS_25/colcon_ws/install/turtlebot3_gazebo/share/turtlebot3_gazebo//models/turtlebot3_autorace_2020/checker/model.config
[3.710s] -- Up-to-date: /home/ros25/ROS/ROS_25/colcon_ws/install/turtlebot3_gazebo/share/turtlebot3_gazebo//models/turtlebot3_autorace_2020/checker/materials
[3.710s] -- Up-to-date: /home/ros25/ROS/ROS_25/colcon_ws/install/turtlebot3_gazebo/share/turtlebot3_gazebo//models/turtlebot3_autorace_2020/checker/materials/textures
[3.710s] -- Up-to-date: /home/ros25/ROS/ROS_25/colcon_ws/install/turtlebot3_gazebo/share/turtlebot3_gazebo//models/turtlebot3_autorace_2020/checker/materials/textures/checker.png
[3.711s] -- Up-to-date: /home/ros25/ROS/ROS_25/colcon_ws/install/turtlebot3_gazebo/share/turtlebot3_gazebo//models/turtlebot3_autorace_2020/checker/materials/scripts
[3.712s] -- Up-to-date: /home/ros25/ROS/ROS_25/colcon_ws/install/turtlebot3_gazebo/share/turtlebot3_gazebo//models/turtlebot3_autorace_2020/checker/materials/scripts/checker.material
[3.713s] -- Up-to-date: /home/ros25/ROS/ROS_25/colcon_ws/install/turtlebot3_gazebo/share/turtlebot3_gazebo//models/turtlebot3_autorace_2020/checker/materials/checker.png
[3.713s] -- Up-to-date: /home/ros25/ROS/ROS_25/colcon_ws/install/turtlebot3_gazebo/share/turtlebot3_gazebo//models/turtlebot3_autorace_2020/checker/model.sdf
[3.713s] -- Up-to-date: /home/ros25/ROS/ROS_25/colcon_ws/install/turtlebot3_gazebo/share/turtlebot3_gazebo//models/turtlebot3_autorace_2020/traffic_right
[3.713s] -- Up-to-date: /home/ros25/ROS/ROS_25/colcon_ws/install/turtlebot3_gazebo/share/turtlebot3_gazebo//models/turtlebot3_autorace_2020/traffic_right/model.config
[3.713s] -- Up-to-date: /home/ros25/ROS/ROS_25/colcon_ws/install/turtlebot3_gazebo/share/turtlebot3_gazebo//models/turtlebot3_autorace_2020/traffic_right/materials
[3.713s] -- Up-to-date: /home/ros25/ROS/ROS_25/colcon_ws/install/turtlebot3_gazebo/share/turtlebot3_gazebo//models/turtlebot3_autorace_2020/traffic_right/materials/textures
[3.714s] -- Up-to-date: /home/ros25/ROS/ROS_25/colcon_ws/install/turtlebot3_gazebo/share/turtlebot3_gazebo//models/turtlebot3_autorace_2020/traffic_right/materials/textures/traffic_right.png
[3.714s] -- Up-to-date: /home/ros25/ROS/ROS_25/colcon_ws/install/turtlebot3_gazebo/share/turtlebot3_gazebo//models/turtlebot3_autorace_2020/traffic_right/materials/scripts
[3.714s] -- Up-to-date: /home/ros25/ROS/ROS_25/colcon_ws/install/turtlebot3_gazebo/share/turtlebot3_gazebo//models/turtlebot3_autorace_2020/traffic_right/materials/scripts/traffic_right.material
[3.714s] -- Up-to-date: /home/ros25/ROS/ROS_25/colcon_ws/install/turtlebot3_gazebo/share/turtlebot3_gazebo//models/turtlebot3_autorace_2020/traffic_right/model.sdf
[3.714s] -- Up-to-date: /home/ros25/ROS/ROS_25/colcon_ws/install/turtlebot3_gazebo/share/turtlebot3_gazebo//models/turtlebot3_autorace_2020/traffic_light
[3.714s] -- Up-to-date: /home/ros25/ROS/ROS_25/colcon_ws/install/turtlebot3_gazebo/share/turtlebot3_gazebo//models/turtlebot3_autorace_2020/traffic_light/model.config
[3.714s] -- Up-to-date: /home/ros25/ROS/ROS_25/colcon_ws/install/turtlebot3_gazebo/share/turtlebot3_gazebo//models/turtlebot3_autorace_2020/traffic_light/materials
[3.714s] -- Up-to-date: /home/ros25/ROS/ROS_25/colcon_ws/install/turtlebot3_gazebo/share/turtlebot3_gazebo//models/turtlebot3_autorace_2020/traffic_light/materials/textures
[3.714s] -- Up-to-date: /home/ros25/ROS/ROS_25/colcon_ws/install/turtlebot3_gazebo/share/turtlebot3_gazebo//models/turtlebot3_autorace_2020/traffic_light/materials/textures/traffic_light_red.png
[3.714s] -- Up-to-date: /home/ros25/ROS/ROS_25/colcon_ws/install/turtlebot3_gazebo/share/turtlebot3_gazebo//models/turtlebot3_autorace_2020/traffic_light/materials/textures/traffic_light_yellow.png
[3.714s] -- Up-to-date: /home/ros25/ROS/ROS_25/colcon_ws/install/turtlebot3_gazebo/share/turtlebot3_gazebo//models/turtlebot3_autorace_2020/traffic_light/materials/textures/traffic_light_green.png
[3.719s] -- Up-to-date: /home/ros25/ROS/ROS_25/colcon_ws/install/turtlebot3_gazebo/share/turtlebot3_gazebo//models/turtlebot3_autorace_2020/traffic_light/materials/textures/traffic_light.png
[3.719s] -- Up-to-date: /home/ros25/ROS/ROS_25/colcon_ws/install/turtlebot3_gazebo/share/turtlebot3_gazebo//models/turtlebot3_autorace_2020/traffic_light/materials/scripts
[3.719s] -- Up-to-date: /home/ros25/ROS/ROS_25/colcon_ws/install/turtlebot3_gazebo/share/turtlebot3_gazebo//models/turtlebot3_autorace_2020/traffic_light/materials/scripts/traffic_light.material
[3.719s] -- Up-to-date: /home/ros25/ROS/ROS_25/colcon_ws/install/turtlebot3_gazebo/share/turtlebot3_gazebo//models/turtlebot3_autorace_2020/traffic_light/model.sdf
[3.720s] -- Up-to-date: /home/ros25/ROS/ROS_25/colcon_ws/install/turtlebot3_gazebo/share/turtlebot3_gazebo//models/turtlebot3_autorace_2020/traffic_construction
[3.720s] -- Up-to-date: /home/ros25/ROS/ROS_25/colcon_ws/install/turtlebot3_gazebo/share/turtlebot3_gazebo//models/turtlebot3_autorace_2020/traffic_construction/model.config
[3.720s] -- Up-to-date: /home/ros25/ROS/ROS_25/colcon_ws/install/turtlebot3_gazebo/share/turtlebot3_gazebo//models/turtlebot3_autorace_2020/traffic_construction/materials
[3.720s] -- Up-to-date: /home/ros25/ROS/ROS_25/colcon_ws/install/turtlebot3_gazebo/share/turtlebot3_gazebo//models/turtlebot3_autorace_2020/traffic_construction/materials/textures
[3.733s] -- Up-to-date: /home/ros25/ROS/ROS_25/colcon_ws/install/turtlebot3_gazebo/share/turtlebot3_gazebo//models/turtlebot3_autorace_2020/traffic_construction/materials/textures/traffic_construction.png
[3.734s] -- Up-to-date: /home/ros25/ROS/ROS_25/colcon_ws/install/turtlebot3_gazebo/share/turtlebot3_gazebo//models/turtlebot3_autorace_2020/traffic_construction/materials/scripts
[3.734s] -- Up-to-date: /home/ros25/ROS/ROS_25/colcon_ws/install/turtlebot3_gazebo/share/turtlebot3_gazebo//models/turtlebot3_autorace_2020/traffic_construction/materials/scripts/traffic_construction.material
[3.734s] -- Up-to-date: /home/ros25/ROS/ROS_25/colcon_ws/install/turtlebot3_gazebo/share/turtlebot3_gazebo//models/turtlebot3_autorace_2020/traffic_construction/model.sdf
[3.735s] -- Up-to-date: /home/ros25/ROS/ROS_25/colcon_ws/install/turtlebot3_gazebo/share/turtlebot3_gazebo//models/turtlebot3_autorace_2020/traffic_noentry
[3.735s] -- Up-to-date: /home/ros25/ROS/ROS_25/colcon_ws/install/turtlebot3_gazebo/share/turtlebot3_gazebo//models/turtlebot3_autorace_2020/traffic_noentry/model.config
[3.735s] -- Up-to-date: /home/ros25/ROS/ROS_25/colcon_ws/install/turtlebot3_gazebo/share/turtlebot3_gazebo//models/turtlebot3_autorace_2020/traffic_noentry/materials
[3.741s] -- Up-to-date: /home/ros25/ROS/ROS_25/colcon_ws/install/turtlebot3_gazebo/share/turtlebot3_gazebo//models/turtlebot3_autorace_2020/traffic_noentry/materials/textures
[3.742s] -- Up-to-date: /home/ros25/ROS/ROS_25/colcon_ws/install/turtlebot3_gazebo/share/turtlebot3_gazebo//models/turtlebot3_autorace_2020/traffic_noentry/materials/textures/traffic_noentry.png
[3.743s] -- Up-to-date: /home/ros25/ROS/ROS_25/colcon_ws/install/turtlebot3_gazebo/share/turtlebot3_gazebo//models/turtlebot3_autorace_2020/traffic_noentry/materials/scripts
[3.743s] -- Up-to-date: /home/ros25/ROS/ROS_25/colcon_ws/install/turtlebot3_gazebo/share/turtlebot3_gazebo//models/turtlebot3_autorace_2020/traffic_noentry/materials/scripts/traffic_noentry.material
[3.743s] -- Up-to-date: /home/ros25/ROS/ROS_25/colcon_ws/install/turtlebot3_gazebo/share/turtlebot3_gazebo//models/turtlebot3_autorace_2020/traffic_noentry/model.sdf
[3.743s] -- Up-to-date: /home/ros25/ROS/ROS_25/colcon_ws/install/turtlebot3_gazebo/share/turtlebot3_gazebo//models/turtlebot3_autorace_2020/traffic_stop
[3.743s] -- Up-to-date: /home/ros25/ROS/ROS_25/colcon_ws/install/turtlebot3_gazebo/share/turtlebot3_gazebo//models/turtlebot3_autorace_2020/traffic_stop/model.config
[3.743s] -- Up-to-date: /home/ros25/ROS/ROS_25/colcon_ws/install/turtlebot3_gazebo/share/turtlebot3_gazebo//models/turtlebot3_autorace_2020/traffic_stop/materials
[3.743s] -- Up-to-date: /home/ros25/ROS/ROS_25/colcon_ws/install/turtlebot3_gazebo/share/turtlebot3_gazebo//models/turtlebot3_autorace_2020/traffic_stop/materials/textures
[3.744s] -- Up-to-date: /home/ros25/ROS/ROS_25/colcon_ws/install/turtlebot3_gazebo/share/turtlebot3_gazebo//models/turtlebot3_autorace_2020/traffic_stop/materials/textures/traffic_stop.png
[3.744s] -- Up-to-date: /home/ros25/ROS/ROS_25/colcon_ws/install/turtlebot3_gazebo/share/turtlebot3_gazebo//models/turtlebot3_autorace_2020/traffic_stop/materials/scripts
[3.744s] -- Up-to-date: /home/ros25/ROS/ROS_25/colcon_ws/install/turtlebot3_gazebo/share/turtlebot3_gazebo//models/turtlebot3_autorace_2020/traffic_stop/materials/scripts/traffic_stop.material
[3.744s] -- Up-to-date: /home/ros25/ROS/ROS_25/colcon_ws/install/turtlebot3_gazebo/share/turtlebot3_gazebo//models/turtlebot3_autorace_2020/traffic_stop/model.sdf
[3.751s] -- Up-to-date: /home/ros25/ROS/ROS_25/colcon_ws/install/turtlebot3_gazebo/share/turtlebot3_gazebo//models/turtlebot3_world
[3.752s] -- Up-to-date: /home/ros25/ROS/ROS_25/colcon_ws/install/turtlebot3_gazebo/share/turtlebot3_gazebo//models/turtlebot3_world/model-1_4.sdf
[3.752s] -- Up-to-date: /home/ros25/ROS/ROS_25/colcon_ws/install/turtlebot3_gazebo/share/turtlebot3_gazebo//models/turtlebot3_world/model.config
[3.752s] -- Up-to-date: /home/ros25/ROS/ROS_25/colcon_ws/install/turtlebot3_gazebo/share/turtlebot3_gazebo//models/turtlebot3_world/meshes
[3.753s] -- Up-to-date: /home/ros25/ROS/ROS_25/colcon_ws/install/turtlebot3_gazebo/share/turtlebot3_gazebo//models/turtlebot3_world/meshes/hexagon.dae
[3.753s] -- Up-to-date: /home/ros25/ROS/ROS_25/colcon_ws/install/turtlebot3_gazebo/share/turtlebot3_gazebo//models/turtlebot3_world/meshes/wall.dae
[3.753s] -- Up-to-date: /home/ros25/ROS/ROS_25/colcon_ws/install/turtlebot3_gazebo/share/turtlebot3_gazebo//models/turtlebot3_world/model.sdf
[3.753s] -- Up-to-date: /home/ros25/ROS/ROS_25/colcon_ws/install/turtlebot3_gazebo/share/turtlebot3_gazebo//rviz
[3.753s] -- Up-to-date: /home/ros25/ROS/ROS_25/colcon_ws/install/turtlebot3_gazebo/share/turtlebot3_gazebo//rviz/tb3_gazebo.rviz
[3.768s] -- Up-to-date: /home/ros25/ROS/ROS_25/colcon_ws/install/turtlebot3_gazebo/share/turtlebot3_gazebo//urdf
[3.768s] -- Up-to-date: /home/ros25/ROS/ROS_25/colcon_ws/install/turtlebot3_gazebo/share/turtlebot3_gazebo//urdf/turtlebot3_burger.urdf
[3.768s] -- Up-to-date: /home/ros25/ROS/ROS_25/colcon_ws/install/turtlebot3_gazebo/share/turtlebot3_gazebo//urdf/turtlebot3_waffle.urdf
[3.768s] -- Up-to-date: /home/ros25/ROS/ROS_25/colcon_ws/install/turtlebot3_gazebo/share/turtlebot3_gazebo//urdf/turtlebot3_waffle_pi.urdf
[3.769s] -- Up-to-date: /home/ros25/ROS/ROS_25/colcon_ws/install/turtlebot3_gazebo/share/turtlebot3_gazebo//urdf/common_properties.urdf
[3.769s] -- Up-to-date: /home/ros25/ROS/ROS_25/colcon_ws/install/turtlebot3_gazebo/share/turtlebot3_gazebo//urdf/turtlebot3_burger_cam.urdf
[3.769s] -- Up-to-date: /home/ros25/ROS/ROS_25/colcon_ws/install/turtlebot3_gazebo/share/turtlebot3_gazebo//worlds
[3.769s] -- Up-to-date: /home/ros25/ROS/ROS_25/colcon_ws/install/turtlebot3_gazebo/share/turtlebot3_gazebo//worlds/turtlebot3_dqn_stage4.world
[3.769s] -- Up-to-date: /home/ros25/ROS/ROS_25/colcon_ws/install/turtlebot3_gazebo/share/turtlebot3_gazebo//worlds/turtlebot3_dqn_stage2.world
[3.769s] -- Up-to-date: /home/ros25/ROS/ROS_25/colcon_ws/install/turtlebot3_gazebo/share/turtlebot3_gazebo//worlds/turtlebot3_dqn_stage1.world
[3.769s] -- Up-to-date: /home/ros25/ROS/ROS_25/colcon_ws/install/turtlebot3_gazebo/share/turtlebot3_gazebo//worlds/turtlebot3_dqn_stage3.world
[3.770s] -- Up-to-date: /home/ros25/ROS/ROS_25/colcon_ws/install/turtlebot3_gazebo/share/turtlebot3_gazebo//worlds/empty_world.world
[3.770s] -- Up-to-date: /home/ros25/ROS/ROS_25/colcon_ws/install/turtlebot3_gazebo/share/turtlebot3_gazebo//worlds/turtlebot3_autorace_2020.world
[3.770s] -- Up-to-date: /home/ros25/ROS/ROS_25/colcon_ws/install/turtlebot3_gazebo/share/turtlebot3_gazebo//worlds/turtlebot3_world.world
[3.770s] -- Up-to-date: /home/ros25/ROS/ROS_25/colcon_ws/install/turtlebot3_gazebo/share/turtlebot3_gazebo//worlds/turtlebot3_house.world
[3.770s] -- Up-to-date: /home/ros25/ROS/ROS_25/colcon_ws/install/turtlebot3_gazebo/include/
[3.770s] -- Up-to-date: /home/ros25/ROS/ROS_25/colcon_ws/install/turtlebot3_gazebo/include//turtlebot3_gazebo
[3.772s] -- Up-to-date: /home/ros25/ROS/ROS_25/colcon_ws/install/turtlebot3_gazebo/include//turtlebot3_gazebo/traffic_light_plugin.hpp
[3.773s] -- Up-to-date: /home/ros25/ROS/ROS_25/colcon_ws/install/turtlebot3_gazebo/include//turtlebot3_gazebo/turtlebot3_drive.hpp
[3.774s] -- Up-to-date: /home/ros25/ROS/ROS_25/colcon_ws/install/turtlebot3_gazebo/include//turtlebot3_gazebo/obstacle1.hpp
[3.774s] -- Up-to-date: /home/ros25/ROS/ROS_25/colcon_ws/install/turtlebot3_gazebo/include//turtlebot3_gazebo/obstacles.hpp
[3.774s] -- Up-to-date: /home/ros25/ROS/ROS_25/colcon_ws/install/turtlebot3_gazebo/include//turtlebot3_gazebo/traffic_bar_plugin.hpp
[3.777s] -- Up-to-date: /home/ros25/ROS/ROS_25/colcon_ws/install/turtlebot3_gazebo/include//turtlebot3_gazebo/obstacle2.hpp
[3.777s] -- Up-to-date: /home/ros25/ROS/ROS_25/colcon_ws/install/turtlebot3_gazebo/share/ament_index/resource_index/package_run_dependencies/turtlebot3_gazebo
[3.777s] -- Up-to-date: /home/ros25/ROS/ROS_25/colcon_ws/install/turtlebot3_gazebo/share/ament_index/resource_index/parent_prefix_path/turtlebot3_gazebo
[3.782s] -- Up-to-date: /home/ros25/ROS/ROS_25/colcon_ws/install/turtlebot3_gazebo/share/turtlebot3_gazebo/environment/ament_prefix_path.sh
[3.782s] -- Up-to-date: /home/ros25/ROS/ROS_25/colcon_ws/install/turtlebot3_gazebo/share/turtlebot3_gazebo/environment/ament_prefix_path.dsv
[3.797s] -- Up-to-date: /home/ros25/ROS/ROS_25/colcon_ws/install/turtlebot3_gazebo/share/turtlebot3_gazebo/environment/path.sh
[3.797s] -- Up-to-date: /home/ros25/ROS/ROS_25/colcon_ws/install/turtlebot3_gazebo/share/turtlebot3_gazebo/environment/path.dsv
[3.797s] -- Up-to-date: /home/ros25/ROS/ROS_25/colcon_ws/install/turtlebot3_gazebo/share/turtlebot3_gazebo/local_setup.bash
[3.798s] -- Up-to-date: /home/ros25/ROS/ROS_25/colcon_ws/install/turtlebot3_gazebo/share/turtlebot3_gazebo/local_setup.sh
[3.798s] -- Up-to-date: /home/ros25/ROS/ROS_25/colcon_ws/install/turtlebot3_gazebo/share/turtlebot3_gazebo/local_setup.zsh
[3.798s] -- Up-to-date: /home/ros25/ROS/ROS_25/colcon_ws/install/turtlebot3_gazebo/share/turtlebot3_gazebo/local_setup.dsv
[3.798s] -- Installing: /home/ros25/ROS/ROS_25/colcon_ws/install/turtlebot3_gazebo/share/turtlebot3_gazebo/package.dsv
[3.798s] -- Up-to-date: /home/ros25/ROS/ROS_25/colcon_ws/install/turtlebot3_gazebo/share/ament_index/resource_index/packages/turtlebot3_gazebo
[3.798s] -- Up-to-date: /home/ros25/ROS/ROS_25/colcon_ws/install/turtlebot3_gazebo/share/turtlebot3_gazebo/cmake/ament_cmake_export_include_directories-extras.cmake
[3.798s] -- Up-to-date: /home/ros25/ROS/ROS_25/colcon_ws/install/turtlebot3_gazebo/share/turtlebot3_gazebo/cmake/ament_cmake_export_dependencies-extras.cmake
[3.798s] -- Up-to-date: /home/ros25/ROS/ROS_25/colcon_ws/install/turtlebot3_gazebo/share/turtlebot3_gazebo/cmake/turtlebot3_gazeboConfig.cmake
[3.798s] -- Up-to-date: /home/ros25/ROS/ROS_25/colcon_ws/install/turtlebot3_gazebo/share/turtlebot3_gazebo/cmake/turtlebot3_gazeboConfig-version.cmake
[3.798s] -- Up-to-date: /home/ros25/ROS/ROS_25/colcon_ws/install/turtlebot3_gazebo/share/turtlebot3_gazebo/package.xml
[3.810s] Invoked command in '/home/ros25/ROS/ROS_25/colcon_ws/build/turtlebot3_gazebo' returned '0': CMAKE_PREFIX_PATH=${CMAKE_PREFIX_PATH}:/home/ros25/ROS/ROS_25/colcon_ws/install/turtlebot3_teleop:/home/ros25/ROS/ROS_25/colcon_ws/install/turtlebot3_example:/home/ros25/ROS/ROS_25/colcon_ws/install/turtlebot3_controller:/home/ros25/ROS/ROS_25/colcon_ws/install/test_node:/opt/ros/humble /usr/bin/cmake --install /home/ros25/ROS/ROS_25/colcon_ws/build/turtlebot3_gazebo
