[0.080s] Invoking command in '/home/ros25/ROS/ROS_25/colcon_ws/build/turtlebot3_gazebo': CMAKE_PREFIX_PATH=${CMAKE_PREFIX_PATH}:/home/ros25/ROS/ROS_25/colcon_ws/install/turtlebot3_teleop:/home/ros25/ROS/ROS_25/colcon_ws/install/turtlebot3_example:/home/ros25/ROS/ROS_25/colcon_ws/install/turtlebot3_controller:/home/ros25/ROS/ROS_25/colcon_ws/install/test_node:/opt/ros/humble /usr/bin/cmake --build /home/ros25/ROS/ROS_25/colcon_ws/build/turtlebot3_gazebo -- -j2 -l2
[0.339s] -- Found ament_cmake: 1.3.11 (/opt/ros/humble/share/ament_cmake/cmake)
[1.539s] [33mCMake Warning (dev) at /usr/share/cmake-3.22/Modules/FindPackageHandleStandardArgs.cmake:438 (message):
[1.541s]   The package name passed to `find_package_handle_standard_args` (PkgConfig)
[1.543s]   does not match the name of the calling package (gazebo).  This can lead to
[1.543s]   problems in calling code that expects `find_package` result variables
[1.546s]   (e.g., `_FOUND`) to follow a certain pattern.
[1.546s] Call Stack (most recent call first):
[1.546s]   /usr/share/cmake-3.22/Modules/FindPkgConfig.cmake:99 (find_package_handle_standard_args)
[1.546s]   /usr/lib/x86_64-linux-gnu/cmake/gazebo/gazebo-config.cmake:72 (include)
[1.546s]   CMakeLists.txt:23 (find_package)
[1.547s] This warning is for project developers.  Use -Wno-dev to suppress it.
[1.549s] [0m
[1.844s] -- Found DART: /usr/include (Required is at least version "6.6") found components: dart 
[2.254s] -- Found Protobuf: /usr/lib/x86_64-linux-gnu/libprotobuf.so (found version "3.12.4") 
[2.275s] -- Looking for ignition-math6 -- found version 6.15.1
[2.324s] -- Searching for dependencies of ignition-math6
[2.340s] -- Looking for OGRE...
[2.386s] -- Found Ogre Ghadamon (1.9.0)
[2.391s] -- Found OGRE: optimized;/usr/lib/x86_64-linux-gnu/libOgreMain.so;debug;/usr/lib/x86_64-linux-gnu/libOgreMain.so
[2.424s] -- Looking for OGRE_Paging...
[2.424s] -- Found OGRE_Paging: optimized;/usr/lib/x86_64-linux-gnu/libOgrePaging.so;debug;/usr/lib/x86_64-linux-gnu/libOgrePaging.so
[2.426s] -- Looking for OGRE_Terrain...
[2.426s] -- Found OGRE_Terrain: optimized;/usr/lib/x86_64-linux-gnu/libOgreTerrain.so;debug;/usr/lib/x86_64-linux-gnu/libOgreTerrain.so
[2.426s] -- Looking for OGRE_Property...
[2.429s] -- Found OGRE_Property: optimized;/usr/lib/x86_64-linux-gnu/libOgreProperty.so;debug;/usr/lib/x86_64-linux-gnu/libOgreProperty.so
[2.429s] -- Looking for OGRE_RTShaderSystem...
[2.429s] -- Found OGRE_RTShaderSystem: optimized;/usr/lib/x86_64-linux-gnu/libOgreRTShaderSystem.so;debug;/usr/lib/x86_64-linux-gnu/libOgreRTShaderSystem.so
[2.430s] -- Looking for OGRE_Volume...
[2.430s] -- Found OGRE_Volume: optimized;/usr/lib/x86_64-linux-gnu/libOgreVolume.so;debug;/usr/lib/x86_64-linux-gnu/libOgreVolume.so
[2.430s] -- Looking for OGRE_Overlay...
[2.430s] -- Found OGRE_Overlay: optimized;/usr/lib/x86_64-linux-gnu/libOgreOverlay.so;debug;/usr/lib/x86_64-linux-gnu/libOgreOverlay.so
[3.919s] -- Looking for ignition-math6 -- found version 6.15.1
[3.929s] -- Looking for ignition-transport8 -- found version 8.2.1
[3.938s] -- Searching for dependencies of ignition-transport8
[4.091s] -- Found Protobuf: /usr/lib/x86_64-linux-gnu/libprotobuf.so (found suitable version "3.12.4", minimum required is "3") 
[4.254s] -- Config-file not installed for ZeroMQ -- checking for pkg-config
[4.320s] -- Checking for module 'libzmq >= 4'
[4.520s] --   Found libzmq , version 4.3.4
[5.007s] -- Checking for module 'uuid'
[5.134s] --   Found uuid, version 2.37.2
[5.557s] -- Looking for ignition-msgs5 -- found version 5.8.1
[5.559s] -- Searching for dependencies of ignition-msgs5
[5.768s] -- Looking for ignition-math6 -- found version 6.15.1
[5.891s] -- Checking for module 'tinyxml2'
[6.018s] --   Found tinyxml2, version 9.0.0
[6.538s] -- Looking for ignition-msgs5 -- found version 5.8.1
[6.548s] -- Looking for ignition-common3 -- found version 3.14.0
[6.561s] -- Searching for dependencies of ignition-common3
[6.563s] -- Looking for dlfcn.h - found
[6.563s] -- Looking for libdl - found
[6.641s] -- Searching for <ignition-common3> component [graphics]
[6.641s] -- Looking for ignition-common3-graphics -- found version 3.14.0
[6.646s] -- Searching for dependencies of ignition-common3-graphics
[6.647s] -- Looking for ignition-math6 -- found version 6.15.1
[6.656s] -- Looking for ignition-fuel_tools4 -- found version 4.4.0
[6.657s] -- Searching for dependencies of ignition-fuel_tools4
[7.070s] -- Checking for module 'jsoncpp'
[7.234s] --   Found jsoncpp, version 1.9.5
[7.697s] -- Checking for module 'libzip'
[7.903s] --   Found libzip, version 1.7.3
[8.389s] -- Looking for ignition-common3 -- found version 3.14.0
[8.389s] -- Looking for ignition-math6 -- found version 6.15.1
[8.391s] -- Looking for ignition-msgs5 -- found version 5.8.1
[8.433s] -- Found gazebo_ros_pkgs: 3.9.0 (/opt/ros/humble/share/gazebo_ros_pkgs/cmake)
[8.437s] -- Found geometry_msgs: 4.9.0 (/opt/ros/humble/share/geometry_msgs/cmake)
[8.656s] -- Found rosidl_generator_c: 3.1.6 (/opt/ros/humble/share/rosidl_generator_c/cmake)
[8.690s] -- Found rosidl_adapter: 3.1.6 (/opt/ros/humble/share/rosidl_adapter/cmake)
[8.775s] -- Found rosidl_generator_cpp: 3.1.6 (/opt/ros/humble/share/rosidl_generator_cpp/cmake)
[8.888s] -- Using all available rosidl_typesupport_c: rosidl_typesupport_fastrtps_c;rosidl_typesupport_introspection_c
[9.011s] -- Using all available rosidl_typesupport_cpp: rosidl_typesupport_fastrtps_cpp;rosidl_typesupport_introspection_cpp
[9.297s] -- Found nav_msgs: 4.9.0 (/opt/ros/humble/share/nav_msgs/cmake)
[9.442s] -- Found rclcpp: 16.0.12 (/opt/ros/humble/share/rclcpp/cmake)
[9.757s] -- Found rmw_implementation_cmake: 6.1.2 (/opt/ros/humble/share/rmw_implementation_cmake/cmake)
[9.778s] -- Found rmw_fastrtps_cpp: 6.2.7 (/opt/ros/humble/share/rmw_fastrtps_cpp/cmake)
[10.699s] -- Using RMW implementation 'rmw_fastrtps_cpp' as default
[11.162s] -- Found sensor_msgs: 4.9.0 (/opt/ros/humble/share/sensor_msgs/cmake)
[11.345s] -- Found tf2: 0.25.13 (/opt/ros/humble/share/tf2/cmake)
[12.145s] -- Configuring done
[12.821s] -- Generating done
[12.909s] -- Build files have been written to: /home/ros25/ROS/ROS_25/colcon_ws/build/turtlebot3_gazebo
[13.273s] [35m[1mConsolidate compiler generated dependencies of target turtlebot3_drive[0m
[13.395s] [  8%] [32mBuilding CXX object CMakeFiles/turtlebot3_drive.dir/src/turtlebot3_drive.cpp.o[0m
[95.368s] [ 16%] [32m[1mLinking CXX executable turtlebot3_drive[0m
[98.969s] [ 16%] Built target turtlebot3_drive
[99.311s] [35m[1mConsolidate compiler generated dependencies of target traffic_light_plugin[0m
[100.047s] [ 25%] [32mBuilding CXX object CMakeFiles/traffic_light_plugin.dir/src/traffic_light_plugin.cpp.o[0m
[153.643s] [ 33%] [32m[1mLinking CXX shared library libtraffic_light_plugin.so[0m
[154.993s] [ 33%] Built target traffic_light_plugin
[155.045s] [35m[1mConsolidate compiler generated dependencies of target traffic_bar_plugin[0m
[155.218s] [ 41%] [32mBuilding CXX object CMakeFiles/traffic_bar_plugin.dir/src/traffic_bar_plugin.cpp.o[0m
[190.622s] [ 50%] [32m[1mLinking CXX shared library libtraffic_bar_plugin.so[0m
[191.358s] [ 50%] Built target traffic_bar_plugin
[191.429s] [35m[1mConsolidate compiler generated dependencies of target obstacle1[0m
[191.563s] [ 58%] [32mBuilding CXX object CMakeFiles/obstacle1.dir/src/obstacle1.cpp.o[0m
[227.031s] [ 66%] [32m[1mLinking CXX shared library libobstacle1.so[0m
[227.774s] [ 66%] Built target obstacle1
[227.847s] [35m[1mConsolidate compiler generated dependencies of target obstacle2[0m
[227.977s] [ 75%] [32mBuilding CXX object CMakeFiles/obstacle2.dir/src/obstacle2.cpp.o[0m
[261.847s] [ 83%] [32m[1mLinking CXX shared library libobstacle2.so[0m
[262.533s] [ 83%] Built target obstacle2
[262.617s] [35m[1mConsolidate compiler generated dependencies of target obstacles[0m
[262.760s] [ 91%] [32mBuilding CXX object CMakeFiles/obstacles.dir/src/obstacles.cpp.o[0m
[305.718s] [100%] [32m[1mLinking CXX shared library libobstacles.so[0m
[306.847s] [100%] Built target obstacles
[307.110s] Invoked command in '/home/ros25/ROS/ROS_25/colcon_ws/build/turtlebot3_gazebo' returned '0': CMAKE_PREFIX_PATH=${CMAKE_PREFIX_PATH}:/home/ros25/ROS/ROS_25/colcon_ws/install/turtlebot3_teleop:/home/ros25/ROS/ROS_25/colcon_ws/install/turtlebot3_example:/home/ros25/ROS/ROS_25/colcon_ws/install/turtlebot3_controller:/home/ros25/ROS/ROS_25/colcon_ws/install/test_node:/opt/ros/humble /usr/bin/cmake --build /home/ros25/ROS/ROS_25/colcon_ws/build/turtlebot3_gazebo -- -j2 -l2
[307.124s] Invoking command in '/home/ros25/ROS/ROS_25/colcon_ws/build/turtlebot3_gazebo': CMAKE_PREFIX_PATH=${CMAKE_PREFIX_PATH}:/home/ros25/ROS/ROS_25/colcon_ws/install/turtlebot3_teleop:/home/ros25/ROS/ROS_25/colcon_ws/install/turtlebot3_example:/home/ros25/ROS/ROS_25/colcon_ws/install/turtlebot3_controller:/home/ros25/ROS/ROS_25/colcon_ws/install/test_node:/opt/ros/humble /usr/bin/cmake --install /home/ros25/ROS/ROS_25/colcon_ws/build/turtlebot3_gazebo
[307.209s] -- Install configuration: ""
[307.215s] -- Installing: /home/ros25/ROS/ROS_25/colcon_ws/install/turtlebot3_gazebo/lib/turtlebot3_gazebo/turtlebot3_drive
[307.268s] -- Set runtime path of "/home/ros25/ROS/ROS_25/colcon_ws/install/turtlebot3_gazebo/lib/turtlebot3_gazebo/turtlebot3_drive" to ""
[307.268s] -- Up-to-date: /home/ros25/ROS/ROS_25/colcon_ws/install/turtlebot3_gazebo/share/turtlebot3_gazebo//launch
[307.270s] -- Installing: /home/ros25/ROS/ROS_25/colcon_ws/install/turtlebot3_gazebo/share/turtlebot3_gazebo//launch/turtlebot3_house.launch.py
[307.272s] -- Installing: /home/ros25/ROS/ROS_25/colcon_ws/install/turtlebot3_gazebo/share/turtlebot3_gazebo//launch/turtlebot3_dqn_stage3.launch.py
[307.272s] -- Installing: /home/ros25/ROS/ROS_25/colcon_ws/install/turtlebot3_gazebo/share/turtlebot3_gazebo//launch/turtlebot3_dqn_stage4.launch.py
[307.275s] -- Installing: /home/ros25/ROS/ROS_25/colcon_ws/install/turtlebot3_gazebo/share/turtlebot3_gazebo//launch/multi_spawn_turtlebot3.launch.py
[307.275s] -- Installing: /home/ros25/ROS/ROS_25/colcon_ws/install/turtlebot3_gazebo/share/turtlebot3_gazebo//launch/multi_robot.launch.py
[307.275s] -- Installing: /home/ros25/ROS/ROS_25/colcon_ws/install/turtlebot3_gazebo/share/turtlebot3_gazebo//launch/empty_world.launch.py
[307.275s] -- Installing: /home/ros25/ROS/ROS_25/colcon_ws/install/turtlebot3_gazebo/share/turtlebot3_gazebo//launch/spawn_turtlebot3.launch.py
[307.282s] -- Installing: /home/ros25/ROS/ROS_25/colcon_ws/install/turtlebot3_gazebo/share/turtlebot3_gazebo//launch/turtlebot3_dqn_stage2.launch.py
[307.285s] -- Installing: /home/ros25/ROS/ROS_25/colcon_ws/install/turtlebot3_gazebo/share/turtlebot3_gazebo//launch/robot_state_publisher.launch.py
[307.285s] -- Installing: /home/ros25/ROS/ROS_25/colcon_ws/install/turtlebot3_gazebo/share/turtlebot3_gazebo//launch/turtlebot3_autorace_2020.launch.py
[307.286s] -- Installing: /home/ros25/ROS/ROS_25/colcon_ws/install/turtlebot3_gazebo/share/turtlebot3_gazebo//launch/turtlebot3_world.launch.py
[307.286s] -- Installing: /home/ros25/ROS/ROS_25/colcon_ws/install/turtlebot3_gazebo/share/turtlebot3_gazebo//launch/turtlebot3_dqn_stage1.launch.py
[307.287s] -- Up-to-date: /home/ros25/ROS/ROS_25/colcon_ws/install/turtlebot3_gazebo/share/turtlebot3_gazebo//models
[307.287s] -- Up-to-date: /home/ros25/ROS/ROS_25/colcon_ws/install/turtlebot3_gazebo/share/turtlebot3_gazebo//models/turtlebot3_waffle
[307.289s] -- Installing: /home/ros25/ROS/ROS_25/colcon_ws/install/turtlebot3_gazebo/share/turtlebot3_gazebo//models/turtlebot3_waffle/model-1_4.sdf
[307.289s] -- Installing: /home/ros25/ROS/ROS_25/colcon_ws/install/turtlebot3_gazebo/share/turtlebot3_gazebo//models/turtlebot3_waffle/model.config
[307.289s] -- Installing: /home/ros25/ROS/ROS_25/colcon_ws/install/turtlebot3_gazebo/share/turtlebot3_gazebo//models/turtlebot3_waffle/model.sdf
[307.289s] -- Up-to-date: /home/ros25/ROS/ROS_25/colcon_ws/install/turtlebot3_gazebo/share/turtlebot3_gazebo//models/turtlebot3_burger
[307.289s] -- Installing: /home/ros25/ROS/ROS_25/colcon_ws/install/turtlebot3_gazebo/share/turtlebot3_gazebo//models/turtlebot3_burger/model-1_4.sdf
[307.294s] -- Installing: /home/ros25/ROS/ROS_25/colcon_ws/install/turtlebot3_gazebo/share/turtlebot3_gazebo//models/turtlebot3_burger/model.config
[307.294s] -- Installing: /home/ros25/ROS/ROS_25/colcon_ws/install/turtlebot3_gazebo/share/turtlebot3_gazebo//models/turtlebot3_burger/model.sdf
[307.298s] -- Up-to-date: /home/ros25/ROS/ROS_25/colcon_ws/install/turtlebot3_gazebo/share/turtlebot3_gazebo//models/turtlebot3_dqn_world
[307.298s] -- Up-to-date: /home/ros25/ROS/ROS_25/colcon_ws/install/turtlebot3_gazebo/share/turtlebot3_gazebo//models/turtlebot3_dqn_world/goal_box
[307.299s] -- Installing: /home/ros25/ROS/ROS_25/colcon_ws/install/turtlebot3_gazebo/share/turtlebot3_gazebo//models/turtlebot3_dqn_world/goal_box/model.config
[307.299s] -- Installing: /home/ros25/ROS/ROS_25/colcon_ws/install/turtlebot3_gazebo/share/turtlebot3_gazebo//models/turtlebot3_dqn_world/goal_box/model.sdf
[307.301s] -- Up-to-date: /home/ros25/ROS/ROS_25/colcon_ws/install/turtlebot3_gazebo/share/turtlebot3_gazebo//models/turtlebot3_dqn_world/inner_walls
[307.301s] -- Installing: /home/ros25/ROS/ROS_25/colcon_ws/install/turtlebot3_gazebo/share/turtlebot3_gazebo//models/turtlebot3_dqn_world/inner_walls/model.config
[307.301s] -- Installing: /home/ros25/ROS/ROS_25/colcon_ws/install/turtlebot3_gazebo/share/turtlebot3_gazebo//models/turtlebot3_dqn_world/inner_walls/model.sdf
[307.301s] -- Installing: /home/ros25/ROS/ROS_25/colcon_ws/install/turtlebot3_gazebo/share/turtlebot3_gazebo//models/turtlebot3_dqn_world/model.config
[307.305s] -- Up-to-date: /home/ros25/ROS/ROS_25/colcon_ws/install/turtlebot3_gazebo/share/turtlebot3_gazebo//models/turtlebot3_dqn_world/obstacles
[307.307s] -- Installing: /home/ros25/ROS/ROS_25/colcon_ws/install/turtlebot3_gazebo/share/turtlebot3_gazebo//models/turtlebot3_dqn_world/obstacles/model.config
[307.307s] -- Installing: /home/ros25/ROS/ROS_25/colcon_ws/install/turtlebot3_gazebo/share/turtlebot3_gazebo//models/turtlebot3_dqn_world/obstacles/model.sdf
[307.307s] -- Up-to-date: /home/ros25/ROS/ROS_25/colcon_ws/install/turtlebot3_gazebo/share/turtlebot3_gazebo//models/turtlebot3_dqn_world/obstacle2
[307.307s] -- Installing: /home/ros25/ROS/ROS_25/colcon_ws/install/turtlebot3_gazebo/share/turtlebot3_gazebo//models/turtlebot3_dqn_world/obstacle2/model.config
[307.308s] -- Installing: /home/ros25/ROS/ROS_25/colcon_ws/install/turtlebot3_gazebo/share/turtlebot3_gazebo//models/turtlebot3_dqn_world/obstacle2/model.sdf
[307.310s] -- Up-to-date: /home/ros25/ROS/ROS_25/colcon_ws/install/turtlebot3_gazebo/share/turtlebot3_gazebo//models/turtlebot3_dqn_world/obstacle1
[307.311s] -- Installing: /home/ros25/ROS/ROS_25/colcon_ws/install/turtlebot3_gazebo/share/turtlebot3_gazebo//models/turtlebot3_dqn_world/obstacle1/model.config
[307.312s] -- Installing: /home/ros25/ROS/ROS_25/colcon_ws/install/turtlebot3_gazebo/share/turtlebot3_gazebo//models/turtlebot3_dqn_world/obstacle1/model.sdf
[307.313s] -- Installing: /home/ros25/ROS/ROS_25/colcon_ws/install/turtlebot3_gazebo/share/turtlebot3_gazebo//models/turtlebot3_dqn_world/model.sdf
[307.314s] -- Up-to-date: /home/ros25/ROS/ROS_25/colcon_ws/install/turtlebot3_gazebo/share/turtlebot3_gazebo//models/turtlebot3_waffle_pi
[307.314s] -- Installing: /home/ros25/ROS/ROS_25/colcon_ws/install/turtlebot3_gazebo/share/turtlebot3_gazebo//models/turtlebot3_waffle_pi/model.config
[307.317s] -- Installing: /home/ros25/ROS/ROS_25/colcon_ws/install/turtlebot3_gazebo/share/turtlebot3_gazebo//models/turtlebot3_waffle_pi/model-1_4_.sdf
[307.318s] -- Installing: /home/ros25/ROS/ROS_25/colcon_ws/install/turtlebot3_gazebo/share/turtlebot3_gazebo//models/turtlebot3_waffle_pi/model.sdf
[307.318s] -- Up-to-date: /home/ros25/ROS/ROS_25/colcon_ws/install/turtlebot3_gazebo/share/turtlebot3_gazebo//models/turtlebot3_common
[307.319s] -- Installing: /home/ros25/ROS/ROS_25/colcon_ws/install/turtlebot3_gazebo/share/turtlebot3_gazebo//models/turtlebot3_common/model.config
[307.319s] -- Up-to-date: /home/ros25/ROS/ROS_25/colcon_ws/install/turtlebot3_gazebo/share/turtlebot3_gazebo//models/turtlebot3_common/meshes
[307.319s] -- Installing: /home/ros25/ROS/ROS_25/colcon_ws/install/turtlebot3_gazebo/share/turtlebot3_gazebo//models/turtlebot3_common/meshes/waffle_base.dae
[307.319s] -- Installing: /home/ros25/ROS/ROS_25/colcon_ws/install/turtlebot3_gazebo/share/turtlebot3_gazebo//models/turtlebot3_common/meshes/r200.dae
[307.319s] -- Up-to-date: /home/ros25/ROS/ROS_25/colcon_ws/install/turtlebot3_gazebo/share/turtlebot3_gazebo//models/turtlebot3_common/meshes/sensors
[307.319s] -- Installing: /home/ros25/ROS/ROS_25/colcon_ws/install/turtlebot3_gazebo/share/turtlebot3_gazebo//models/turtlebot3_common/meshes/sensors/r200.dae
[307.319s] -- Installing: /home/ros25/ROS/ROS_25/colcon_ws/install/turtlebot3_gazebo/share/turtlebot3_gazebo//models/turtlebot3_common/meshes/sensors/astra.jpg
[307.324s] -- Installing: /home/ros25/ROS/ROS_25/colcon_ws/install/turtlebot3_gazebo/share/turtlebot3_gazebo//models/turtlebot3_common/meshes/sensors/astra.dae
[307.382s] -- Installing: /home/ros25/ROS/ROS_25/colcon_ws/install/turtlebot3_gazebo/share/turtlebot3_gazebo//models/turtlebot3_common/meshes/sensors/lds.stl
[307.389s] -- Installing: /home/ros25/ROS/ROS_25/colcon_ws/install/turtlebot3_gazebo/share/turtlebot3_gazebo//models/turtlebot3_common/meshes/sensors/r200.jpg
[307.391s] -- Installing: /home/ros25/ROS/ROS_25/colcon_ws/install/turtlebot3_gazebo/share/turtlebot3_gazebo//models/turtlebot3_common/meshes/lds.dae
[307.396s] -- Up-to-date: /home/ros25/ROS/ROS_25/colcon_ws/install/turtlebot3_gazebo/share/turtlebot3_gazebo//models/turtlebot3_common/meshes/bases
[307.398s] -- Installing: /home/ros25/ROS/ROS_25/colcon_ws/install/turtlebot3_gazebo/share/turtlebot3_gazebo//models/turtlebot3_common/meshes/bases/waffle_base.stl
[307.546s] -- Installing: /home/ros25/ROS/ROS_25/colcon_ws/install/turtlebot3_gazebo/share/turtlebot3_gazebo//models/turtlebot3_common/meshes/bases/burger_base.stl
[307.594s] -- Installing: /home/ros25/ROS/ROS_25/colcon_ws/install/turtlebot3_gazebo/share/turtlebot3_gazebo//models/turtlebot3_common/meshes/bases/waffle_pi_base.stl
[307.671s] -- Installing: /home/ros25/ROS/ROS_25/colcon_ws/install/turtlebot3_gazebo/share/turtlebot3_gazebo//models/turtlebot3_common/meshes/tire.dae
[307.674s] -- Up-to-date: /home/ros25/ROS/ROS_25/colcon_ws/install/turtlebot3_gazebo/share/turtlebot3_gazebo//models/turtlebot3_common/meshes/wheels
[307.674s] -- Installing: /home/ros25/ROS/ROS_25/colcon_ws/install/turtlebot3_gazebo/share/turtlebot3_gazebo//models/turtlebot3_common/meshes/wheels/left_tire.stl
[307.678s] -- Installing: /home/ros25/ROS/ROS_25/colcon_ws/install/turtlebot3_gazebo/share/turtlebot3_gazebo//models/turtlebot3_common/meshes/wheels/right_tire.stl
[307.680s] -- Installing: /home/ros25/ROS/ROS_25/colcon_ws/install/turtlebot3_gazebo/share/turtlebot3_gazebo//models/turtlebot3_common/meshes/waffle_pi_base.dae
[307.684s] -- Installing: /home/ros25/ROS/ROS_25/colcon_ws/install/turtlebot3_gazebo/share/turtlebot3_gazebo//models/turtlebot3_common/meshes/burger_base.dae
[307.687s] -- Up-to-date: /home/ros25/ROS/ROS_25/colcon_ws/install/turtlebot3_gazebo/share/turtlebot3_gazebo//models/turtlebot3_burger_cam
[307.687s] -- Installing: /home/ros25/ROS/ROS_25/colcon_ws/install/turtlebot3_gazebo/share/turtlebot3_gazebo//models/turtlebot3_burger_cam/model-1_4.sdf
[307.688s] -- Installing: /home/ros25/ROS/ROS_25/colcon_ws/install/turtlebot3_gazebo/share/turtlebot3_gazebo//models/turtlebot3_burger_cam/model.config
[307.688s] -- Installing: /home/ros25/ROS/ROS_25/colcon_ws/install/turtlebot3_gazebo/share/turtlebot3_gazebo//models/turtlebot3_burger_cam/model.sdf
[307.688s] -- Up-to-date: /home/ros25/ROS/ROS_25/colcon_ws/install/turtlebot3_gazebo/share/turtlebot3_gazebo//models/turtlebot3_house
[307.688s] -- Installing: /home/ros25/ROS/ROS_25/colcon_ws/install/turtlebot3_gazebo/share/turtlebot3_gazebo//models/turtlebot3_house/model.config
[307.692s] -- Installing: /home/ros25/ROS/ROS_25/colcon_ws/install/turtlebot3_gazebo/share/turtlebot3_gazebo//models/turtlebot3_house/model.sdf
[307.695s] -- Up-to-date: /home/ros25/ROS/ROS_25/colcon_ws/install/turtlebot3_gazebo/share/turtlebot3_gazebo//models/turtlebot3_autorace_2020
[307.699s] -- Up-to-date: /home/ros25/ROS/ROS_25/colcon_ws/install/turtlebot3_gazebo/share/turtlebot3_gazebo//models/turtlebot3_autorace_2020/traffic_bar
[307.699s] -- Installing: /home/ros25/ROS/ROS_25/colcon_ws/install/turtlebot3_gazebo/share/turtlebot3_gazebo//models/turtlebot3_autorace_2020/traffic_bar/model.config
[307.699s] -- Up-to-date: /home/ros25/ROS/ROS_25/colcon_ws/install/turtlebot3_gazebo/share/turtlebot3_gazebo//models/turtlebot3_autorace_2020/traffic_bar/materials
[307.701s] -- Up-to-date: /home/ros25/ROS/ROS_25/colcon_ws/install/turtlebot3_gazebo/share/turtlebot3_gazebo//models/turtlebot3_autorace_2020/traffic_bar/materials/textures
[307.701s] -- Installing: /home/ros25/ROS/ROS_25/colcon_ws/install/turtlebot3_gazebo/share/turtlebot3_gazebo//models/turtlebot3_autorace_2020/traffic_bar/materials/textures/traffic_bar.png
[307.703s] -- Up-to-date: /home/ros25/ROS/ROS_25/colcon_ws/install/turtlebot3_gazebo/share/turtlebot3_gazebo//models/turtlebot3_autorace_2020/traffic_bar/materials/scripts
[307.703s] -- Installing: /home/ros25/ROS/ROS_25/colcon_ws/install/turtlebot3_gazebo/share/turtlebot3_gazebo//models/turtlebot3_autorace_2020/traffic_bar/materials/scripts/traffic_bar.material
[307.706s] -- Installing: /home/ros25/ROS/ROS_25/colcon_ws/install/turtlebot3_gazebo/share/turtlebot3_gazebo//models/turtlebot3_autorace_2020/traffic_bar/model.sdf
[307.706s] -- Up-to-date: /home/ros25/ROS/ROS_25/colcon_ws/install/turtlebot3_gazebo/share/turtlebot3_gazebo//models/turtlebot3_autorace_2020/traffic_left
[307.707s] -- Installing: /home/ros25/ROS/ROS_25/colcon_ws/install/turtlebot3_gazebo/share/turtlebot3_gazebo//models/turtlebot3_autorace_2020/traffic_left/model.config
[307.707s] -- Up-to-date: /home/ros25/ROS/ROS_25/colcon_ws/install/turtlebot3_gazebo/share/turtlebot3_gazebo//models/turtlebot3_autorace_2020/traffic_left/materials
[307.707s] -- Up-to-date: /home/ros25/ROS/ROS_25/colcon_ws/install/turtlebot3_gazebo/share/turtlebot3_gazebo//models/turtlebot3_autorace_2020/traffic_left/materials/textures
[307.707s] -- Installing: /home/ros25/ROS/ROS_25/colcon_ws/install/turtlebot3_gazebo/share/turtlebot3_gazebo//models/turtlebot3_autorace_2020/traffic_left/materials/textures/traffic_left.png
[307.711s] -- Up-to-date: /home/ros25/ROS/ROS_25/colcon_ws/install/turtlebot3_gazebo/share/turtlebot3_gazebo//models/turtlebot3_autorace_2020/traffic_left/materials/scripts
[307.711s] -- Installing: /home/ros25/ROS/ROS_25/colcon_ws/install/turtlebot3_gazebo/share/turtlebot3_gazebo//models/turtlebot3_autorace_2020/traffic_left/materials/scripts/traffic_is_left.material
[307.714s] -- Installing: /home/ros25/ROS/ROS_25/colcon_ws/install/turtlebot3_gazebo/share/turtlebot3_gazebo//models/turtlebot3_autorace_2020/traffic_left/model.sdf
[307.714s] -- Up-to-date: /home/ros25/ROS/ROS_25/colcon_ws/install/turtlebot3_gazebo/share/turtlebot3_gazebo//models/turtlebot3_autorace_2020/traffic_pl_left
[307.714s] -- Installing: /home/ros25/ROS/ROS_25/colcon_ws/install/turtlebot3_gazebo/share/turtlebot3_gazebo//models/turtlebot3_autorace_2020/traffic_pl_left/model.config
[307.714s] -- Up-to-date: /home/ros25/ROS/ROS_25/colcon_ws/install/turtlebot3_gazebo/share/turtlebot3_gazebo//models/turtlebot3_autorace_2020/traffic_pl_left/materials
[307.714s] -- Up-to-date: /home/ros25/ROS/ROS_25/colcon_ws/install/turtlebot3_gazebo/share/turtlebot3_gazebo//models/turtlebot3_autorace_2020/traffic_pl_left/materials/textures
[307.714s] -- Installing: /home/ros25/ROS/ROS_25/colcon_ws/install/turtlebot3_gazebo/share/turtlebot3_gazebo//models/turtlebot3_autorace_2020/traffic_pl_left/materials/textures/traffic_pl_left.png
[307.717s] -- Up-to-date: /home/ros25/ROS/ROS_25/colcon_ws/install/turtlebot3_gazebo/share/turtlebot3_gazebo//models/turtlebot3_autorace_2020/traffic_pl_left/materials/scripts
[307.718s] -- Installing: /home/ros25/ROS/ROS_25/colcon_ws/install/turtlebot3_gazebo/share/turtlebot3_gazebo//models/turtlebot3_autorace_2020/traffic_pl_left/materials/scripts/traffic_pl_left.material
[307.718s] -- Installing: /home/ros25/ROS/ROS_25/colcon_ws/install/turtlebot3_gazebo/share/turtlebot3_gazebo//models/turtlebot3_autorace_2020/traffic_pl_left/model.sdf
[307.724s] -- Up-to-date: /home/ros25/ROS/ROS_25/colcon_ws/install/turtlebot3_gazebo/share/turtlebot3_gazebo//models/turtlebot3_autorace_2020/traffic_tunnel
[307.724s] -- Installing: /home/ros25/ROS/ROS_25/colcon_ws/install/turtlebot3_gazebo/share/turtlebot3_gazebo//models/turtlebot3_autorace_2020/traffic_tunnel/model.config
[307.724s] -- Up-to-date: /home/ros25/ROS/ROS_25/colcon_ws/install/turtlebot3_gazebo/share/turtlebot3_gazebo//models/turtlebot3_autorace_2020/traffic_tunnel/materials
[307.724s] -- Up-to-date: /home/ros25/ROS/ROS_25/colcon_ws/install/turtlebot3_gazebo/share/turtlebot3_gazebo//models/turtlebot3_autorace_2020/traffic_tunnel/materials/textures
[307.724s] -- Installing: /home/ros25/ROS/ROS_25/colcon_ws/install/turtlebot3_gazebo/share/turtlebot3_gazebo//models/turtlebot3_autorace_2020/traffic_tunnel/materials/textures/tunnel.png
[307.725s] -- Up-to-date: /home/ros25/ROS/ROS_25/colcon_ws/install/turtlebot3_gazebo/share/turtlebot3_gazebo//models/turtlebot3_autorace_2020/traffic_tunnel/materials/scripts
[307.726s] -- Installing: /home/ros25/ROS/ROS_25/colcon_ws/install/turtlebot3_gazebo/share/turtlebot3_gazebo//models/turtlebot3_autorace_2020/traffic_tunnel/materials/scripts/tunnel.material
[307.728s] -- Installing: /home/ros25/ROS/ROS_25/colcon_ws/install/turtlebot3_gazebo/share/turtlebot3_gazebo//models/turtlebot3_autorace_2020/traffic_tunnel/model.sdf
[307.729s] -- Up-to-date: /home/ros25/ROS/ROS_25/colcon_ws/install/turtlebot3_gazebo/share/turtlebot3_gazebo//models/turtlebot3_autorace_2020/traffic_intersection
[307.730s] -- Installing: /home/ros25/ROS/ROS_25/colcon_ws/install/turtlebot3_gazebo/share/turtlebot3_gazebo//models/turtlebot3_autorace_2020/traffic_intersection/model.config
[307.730s] -- Up-to-date: /home/ros25/ROS/ROS_25/colcon_ws/install/turtlebot3_gazebo/share/turtlebot3_gazebo//models/turtlebot3_autorace_2020/traffic_intersection/materials
[307.730s] -- Up-to-date: /home/ros25/ROS/ROS_25/colcon_ws/install/turtlebot3_gazebo/share/turtlebot3_gazebo//models/turtlebot3_autorace_2020/traffic_intersection/materials/textures
[307.730s] -- Installing: /home/ros25/ROS/ROS_25/colcon_ws/install/turtlebot3_gazebo/share/turtlebot3_gazebo//models/turtlebot3_autorace_2020/traffic_intersection/materials/textures/traffic_intersection.png
[307.735s] -- Up-to-date: /home/ros25/ROS/ROS_25/colcon_ws/install/turtlebot3_gazebo/share/turtlebot3_gazebo//models/turtlebot3_autorace_2020/traffic_intersection/materials/scripts
[307.736s] -- Installing: /home/ros25/ROS/ROS_25/colcon_ws/install/turtlebot3_gazebo/share/turtlebot3_gazebo//models/turtlebot3_autorace_2020/traffic_intersection/materials/scripts/traffic_intersection.material
[307.737s] -- Installing: /home/ros25/ROS/ROS_25/colcon_ws/install/turtlebot3_gazebo/share/turtlebot3_gazebo//models/turtlebot3_autorace_2020/traffic_intersection/model.sdf
[307.741s] -- Up-to-date: /home/ros25/ROS/ROS_25/colcon_ws/install/turtlebot3_gazebo/share/turtlebot3_gazebo//models/turtlebot3_autorace_2020/course
[307.741s] -- Installing: /home/ros25/ROS/ROS_25/colcon_ws/install/turtlebot3_gazebo/share/turtlebot3_gazebo//models/turtlebot3_autorace_2020/course/model.config
[307.742s] -- Up-to-date: /home/ros25/ROS/ROS_25/colcon_ws/install/turtlebot3_gazebo/share/turtlebot3_gazebo//models/turtlebot3_autorace_2020/course/materials
[307.744s] -- Up-to-date: /home/ros25/ROS/ROS_25/colcon_ws/install/turtlebot3_gazebo/share/turtlebot3_gazebo//models/turtlebot3_autorace_2020/course/materials/textures
[307.746s] -- Installing: /home/ros25/ROS/ROS_25/colcon_ws/install/turtlebot3_gazebo/share/turtlebot3_gazebo//models/turtlebot3_autorace_2020/course/materials/textures/course.png
[307.749s] -- Up-to-date: /home/ros25/ROS/ROS_25/colcon_ws/install/turtlebot3_gazebo/share/turtlebot3_gazebo//models/turtlebot3_autorace_2020/course/materials/scripts
[307.749s] -- Installing: /home/ros25/ROS/ROS_25/colcon_ws/install/turtlebot3_gazebo/share/turtlebot3_gazebo//models/turtlebot3_autorace_2020/course/materials/scripts/course.material
[307.749s] -- Installing: /home/ros25/ROS/ROS_25/colcon_ws/install/turtlebot3_gazebo/share/turtlebot3_gazebo//models/turtlebot3_autorace_2020/course/model.sdf
[307.749s] -- Up-to-date: /home/ros25/ROS/ROS_25/colcon_ws/install/turtlebot3_gazebo/share/turtlebot3_gazebo//models/turtlebot3_autorace_2020/traffic_parking
[307.749s] -- Installing: /home/ros25/ROS/ROS_25/colcon_ws/install/turtlebot3_gazebo/share/turtlebot3_gazebo//models/turtlebot3_autorace_2020/traffic_parking/model.config
[307.754s] -- Up-to-date: /home/ros25/ROS/ROS_25/colcon_ws/install/turtlebot3_gazebo/share/turtlebot3_gazebo//models/turtlebot3_autorace_2020/traffic_parking/materials
[307.754s] -- Up-to-date: /home/ros25/ROS/ROS_25/colcon_ws/install/turtlebot3_gazebo/share/turtlebot3_gazebo//models/turtlebot3_autorace_2020/traffic_parking/materials/textures
[307.755s] -- Installing: /home/ros25/ROS/ROS_25/colcon_ws/install/turtlebot3_gazebo/share/turtlebot3_gazebo//models/turtlebot3_autorace_2020/traffic_parking/materials/textures/traffic_parking.png
[307.756s] -- Up-to-date: /home/ros25/ROS/ROS_25/colcon_ws/install/turtlebot3_gazebo/share/turtlebot3_gazebo//models/turtlebot3_autorace_2020/traffic_parking/materials/scripts
[307.759s] -- Installing: /home/ros25/ROS/ROS_25/colcon_ws/install/turtlebot3_gazebo/share/turtlebot3_gazebo//models/turtlebot3_autorace_2020/traffic_parking/materials/scripts/traffic_parking.material
[307.762s] -- Installing: /home/ros25/ROS/ROS_25/colcon_ws/install/turtlebot3_gazebo/share/turtlebot3_gazebo//models/turtlebot3_autorace_2020/traffic_parking/model.sdf
[307.762s] -- Up-to-date: /home/ros25/ROS/ROS_25/colcon_ws/install/turtlebot3_gazebo/share/turtlebot3_gazebo//models/turtlebot3_autorace_2020/checker
[307.762s] -- Installing: /home/ros25/ROS/ROS_25/colcon_ws/install/turtlebot3_gazebo/share/turtlebot3_gazebo//models/turtlebot3_autorace_2020/checker/model.config
[307.762s] -- Up-to-date: /home/ros25/ROS/ROS_25/colcon_ws/install/turtlebot3_gazebo/share/turtlebot3_gazebo//models/turtlebot3_autorace_2020/checker/materials
[307.762s] -- Up-to-date: /home/ros25/ROS/ROS_25/colcon_ws/install/turtlebot3_gazebo/share/turtlebot3_gazebo//models/turtlebot3_autorace_2020/checker/materials/textures
[307.762s] -- Installing: /home/ros25/ROS/ROS_25/colcon_ws/install/turtlebot3_gazebo/share/turtlebot3_gazebo//models/turtlebot3_autorace_2020/checker/materials/textures/checker.png
[307.766s] -- Up-to-date: /home/ros25/ROS/ROS_25/colcon_ws/install/turtlebot3_gazebo/share/turtlebot3_gazebo//models/turtlebot3_autorace_2020/checker/materials/scripts
[307.766s] -- Installing: /home/ros25/ROS/ROS_25/colcon_ws/install/turtlebot3_gazebo/share/turtlebot3_gazebo//models/turtlebot3_autorace_2020/checker/materials/scripts/checker.material
[307.769s] -- Installing: /home/ros25/ROS/ROS_25/colcon_ws/install/turtlebot3_gazebo/share/turtlebot3_gazebo//models/turtlebot3_autorace_2020/checker/materials/checker.png
[307.775s] -- Installing: /home/ros25/ROS/ROS_25/colcon_ws/install/turtlebot3_gazebo/share/turtlebot3_gazebo//models/turtlebot3_autorace_2020/checker/model.sdf
[307.778s] -- Up-to-date: /home/ros25/ROS/ROS_25/colcon_ws/install/turtlebot3_gazebo/share/turtlebot3_gazebo//models/turtlebot3_autorace_2020/traffic_right
[307.778s] -- Installing: /home/ros25/ROS/ROS_25/colcon_ws/install/turtlebot3_gazebo/share/turtlebot3_gazebo//models/turtlebot3_autorace_2020/traffic_right/model.config
[307.781s] -- Up-to-date: /home/ros25/ROS/ROS_25/colcon_ws/install/turtlebot3_gazebo/share/turtlebot3_gazebo//models/turtlebot3_autorace_2020/traffic_right/materials
[307.782s] -- Up-to-date: /home/ros25/ROS/ROS_25/colcon_ws/install/turtlebot3_gazebo/share/turtlebot3_gazebo//models/turtlebot3_autorace_2020/traffic_right/materials/textures
[307.782s] -- Installing: /home/ros25/ROS/ROS_25/colcon_ws/install/turtlebot3_gazebo/share/turtlebot3_gazebo//models/turtlebot3_autorace_2020/traffic_right/materials/textures/traffic_right.png
[307.794s] -- Up-to-date: /home/ros25/ROS/ROS_25/colcon_ws/install/turtlebot3_gazebo/share/turtlebot3_gazebo//models/turtlebot3_autorace_2020/traffic_right/materials/scripts
[307.795s] -- Installing: /home/ros25/ROS/ROS_25/colcon_ws/install/turtlebot3_gazebo/share/turtlebot3_gazebo//models/turtlebot3_autorace_2020/traffic_right/materials/scripts/traffic_right.material
[307.795s] -- Installing: /home/ros25/ROS/ROS_25/colcon_ws/install/turtlebot3_gazebo/share/turtlebot3_gazebo//models/turtlebot3_autorace_2020/traffic_right/model.sdf
[307.795s] -- Up-to-date: /home/ros25/ROS/ROS_25/colcon_ws/install/turtlebot3_gazebo/share/turtlebot3_gazebo//models/turtlebot3_autorace_2020/traffic_light
[307.795s] -- Installing: /home/ros25/ROS/ROS_25/colcon_ws/install/turtlebot3_gazebo/share/turtlebot3_gazebo//models/turtlebot3_autorace_2020/traffic_light/model.config
[307.795s] -- Up-to-date: /home/ros25/ROS/ROS_25/colcon_ws/install/turtlebot3_gazebo/share/turtlebot3_gazebo//models/turtlebot3_autorace_2020/traffic_light/materials
[307.795s] -- Up-to-date: /home/ros25/ROS/ROS_25/colcon_ws/install/turtlebot3_gazebo/share/turtlebot3_gazebo//models/turtlebot3_autorace_2020/traffic_light/materials/textures
[307.795s] -- Installing: /home/ros25/ROS/ROS_25/colcon_ws/install/turtlebot3_gazebo/share/turtlebot3_gazebo//models/turtlebot3_autorace_2020/traffic_light/materials/textures/traffic_light_red.png
[307.800s] -- Installing: /home/ros25/ROS/ROS_25/colcon_ws/install/turtlebot3_gazebo/share/turtlebot3_gazebo//models/turtlebot3_autorace_2020/traffic_light/materials/textures/traffic_light_yellow.png
[307.802s] -- Installing: /home/ros25/ROS/ROS_25/colcon_ws/install/turtlebot3_gazebo/share/turtlebot3_gazebo//models/turtlebot3_autorace_2020/traffic_light/materials/textures/traffic_light_green.png
[307.804s] -- Installing: /home/ros25/ROS/ROS_25/colcon_ws/install/turtlebot3_gazebo/share/turtlebot3_gazebo//models/turtlebot3_autorace_2020/traffic_light/materials/textures/traffic_light.png
[307.804s] -- Up-to-date: /home/ros25/ROS/ROS_25/colcon_ws/install/turtlebot3_gazebo/share/turtlebot3_gazebo//models/turtlebot3_autorace_2020/traffic_light/materials/scripts
[307.804s] -- Installing: /home/ros25/ROS/ROS_25/colcon_ws/install/turtlebot3_gazebo/share/turtlebot3_gazebo//models/turtlebot3_autorace_2020/traffic_light/materials/scripts/traffic_light.material
[307.806s] -- Installing: /home/ros25/ROS/ROS_25/colcon_ws/install/turtlebot3_gazebo/share/turtlebot3_gazebo//models/turtlebot3_autorace_2020/traffic_light/model.sdf
[307.810s] -- Up-to-date: /home/ros25/ROS/ROS_25/colcon_ws/install/turtlebot3_gazebo/share/turtlebot3_gazebo//models/turtlebot3_autorace_2020/traffic_construction
[307.813s] -- Installing: /home/ros25/ROS/ROS_25/colcon_ws/install/turtlebot3_gazebo/share/turtlebot3_gazebo//models/turtlebot3_autorace_2020/traffic_construction/model.config
[307.813s] -- Up-to-date: /home/ros25/ROS/ROS_25/colcon_ws/install/turtlebot3_gazebo/share/turtlebot3_gazebo//models/turtlebot3_autorace_2020/traffic_construction/materials
[307.813s] -- Up-to-date: /home/ros25/ROS/ROS_25/colcon_ws/install/turtlebot3_gazebo/share/turtlebot3_gazebo//models/turtlebot3_autorace_2020/traffic_construction/materials/textures
[307.814s] -- Installing: /home/ros25/ROS/ROS_25/colcon_ws/install/turtlebot3_gazebo/share/turtlebot3_gazebo//models/turtlebot3_autorace_2020/traffic_construction/materials/textures/traffic_construction.png
[307.815s] -- Up-to-date: /home/ros25/ROS/ROS_25/colcon_ws/install/turtlebot3_gazebo/share/turtlebot3_gazebo//models/turtlebot3_autorace_2020/traffic_construction/materials/scripts
[307.815s] -- Installing: /home/ros25/ROS/ROS_25/colcon_ws/install/turtlebot3_gazebo/share/turtlebot3_gazebo//models/turtlebot3_autorace_2020/traffic_construction/materials/scripts/traffic_construction.material
[307.817s] -- Installing: /home/ros25/ROS/ROS_25/colcon_ws/install/turtlebot3_gazebo/share/turtlebot3_gazebo//models/turtlebot3_autorace_2020/traffic_construction/model.sdf
[307.819s] -- Up-to-date: /home/ros25/ROS/ROS_25/colcon_ws/install/turtlebot3_gazebo/share/turtlebot3_gazebo//models/turtlebot3_autorace_2020/traffic_noentry
[307.821s] -- Installing: /home/ros25/ROS/ROS_25/colcon_ws/install/turtlebot3_gazebo/share/turtlebot3_gazebo//models/turtlebot3_autorace_2020/traffic_noentry/model.config
[307.822s] -- Up-to-date: /home/ros25/ROS/ROS_25/colcon_ws/install/turtlebot3_gazebo/share/turtlebot3_gazebo//models/turtlebot3_autorace_2020/traffic_noentry/materials
[307.822s] -- Up-to-date: /home/ros25/ROS/ROS_25/colcon_ws/install/turtlebot3_gazebo/share/turtlebot3_gazebo//models/turtlebot3_autorace_2020/traffic_noentry/materials/textures
[307.823s] -- Installing: /home/ros25/ROS/ROS_25/colcon_ws/install/turtlebot3_gazebo/share/turtlebot3_gazebo//models/turtlebot3_autorace_2020/traffic_noentry/materials/textures/traffic_noentry.png
[307.826s] -- Up-to-date: /home/ros25/ROS/ROS_25/colcon_ws/install/turtlebot3_gazebo/share/turtlebot3_gazebo//models/turtlebot3_autorace_2020/traffic_noentry/materials/scripts
[307.828s] -- Installing: /home/ros25/ROS/ROS_25/colcon_ws/install/turtlebot3_gazebo/share/turtlebot3_gazebo//models/turtlebot3_autorace_2020/traffic_noentry/materials/scripts/traffic_noentry.material
[307.830s] -- Installing: /home/ros25/ROS/ROS_25/colcon_ws/install/turtlebot3_gazebo/share/turtlebot3_gazebo//models/turtlebot3_autorace_2020/traffic_noentry/model.sdf
[307.834s] -- Up-to-date: /home/ros25/ROS/ROS_25/colcon_ws/install/turtlebot3_gazebo/share/turtlebot3_gazebo//models/turtlebot3_autorace_2020/traffic_stop
[307.834s] -- Installing: /home/ros25/ROS/ROS_25/colcon_ws/install/turtlebot3_gazebo/share/turtlebot3_gazebo//models/turtlebot3_autorace_2020/traffic_stop/model.config
[307.839s] -- Up-to-date: /home/ros25/ROS/ROS_25/colcon_ws/install/turtlebot3_gazebo/share/turtlebot3_gazebo//models/turtlebot3_autorace_2020/traffic_stop/materials
[307.839s] -- Up-to-date: /home/ros25/ROS/ROS_25/colcon_ws/install/turtlebot3_gazebo/share/turtlebot3_gazebo//models/turtlebot3_autorace_2020/traffic_stop/materials/textures
[307.839s] -- Installing: /home/ros25/ROS/ROS_25/colcon_ws/install/turtlebot3_gazebo/share/turtlebot3_gazebo//models/turtlebot3_autorace_2020/traffic_stop/materials/textures/traffic_stop.png
[307.842s] -- Up-to-date: /home/ros25/ROS/ROS_25/colcon_ws/install/turtlebot3_gazebo/share/turtlebot3_gazebo//models/turtlebot3_autorace_2020/traffic_stop/materials/scripts
[307.842s] -- Installing: /home/ros25/ROS/ROS_25/colcon_ws/install/turtlebot3_gazebo/share/turtlebot3_gazebo//models/turtlebot3_autorace_2020/traffic_stop/materials/scripts/traffic_stop.material
[307.848s] -- Installing: /home/ros25/ROS/ROS_25/colcon_ws/install/turtlebot3_gazebo/share/turtlebot3_gazebo//models/turtlebot3_autorace_2020/traffic_stop/model.sdf
[307.851s] -- Up-to-date: /home/ros25/ROS/ROS_25/colcon_ws/install/turtlebot3_gazebo/share/turtlebot3_gazebo//models/turtlebot3_world
[307.852s] -- Installing: /home/ros25/ROS/ROS_25/colcon_ws/install/turtlebot3_gazebo/share/turtlebot3_gazebo//models/turtlebot3_world/model-1_4.sdf
[307.852s] -- Installing: /home/ros25/ROS/ROS_25/colcon_ws/install/turtlebot3_gazebo/share/turtlebot3_gazebo//models/turtlebot3_world/model.config
[307.853s] -- Up-to-date: /home/ros25/ROS/ROS_25/colcon_ws/install/turtlebot3_gazebo/share/turtlebot3_gazebo//models/turtlebot3_world/meshes
[307.853s] -- Installing: /home/ros25/ROS/ROS_25/colcon_ws/install/turtlebot3_gazebo/share/turtlebot3_gazebo//models/turtlebot3_world/meshes/hexagon.dae
[307.854s] -- Installing: /home/ros25/ROS/ROS_25/colcon_ws/install/turtlebot3_gazebo/share/turtlebot3_gazebo//models/turtlebot3_world/meshes/wall.dae
[307.854s] -- Installing: /home/ros25/ROS/ROS_25/colcon_ws/install/turtlebot3_gazebo/share/turtlebot3_gazebo//models/turtlebot3_world/model.sdf
[307.854s] -- Up-to-date: /home/ros25/ROS/ROS_25/colcon_ws/install/turtlebot3_gazebo/share/turtlebot3_gazebo//rviz
[307.854s] -- Installing: /home/ros25/ROS/ROS_25/colcon_ws/install/turtlebot3_gazebo/share/turtlebot3_gazebo//rviz/tb3_gazebo.rviz
[307.854s] -- Up-to-date: /home/ros25/ROS/ROS_25/colcon_ws/install/turtlebot3_gazebo/share/turtlebot3_gazebo//urdf
[307.854s] -- Installing: /home/ros25/ROS/ROS_25/colcon_ws/install/turtlebot3_gazebo/share/turtlebot3_gazebo//urdf/turtlebot3_burger.urdf
[307.855s] -- Installing: /home/ros25/ROS/ROS_25/colcon_ws/install/turtlebot3_gazebo/share/turtlebot3_gazebo//urdf/turtlebot3_waffle.urdf
[307.858s] -- Installing: /home/ros25/ROS/ROS_25/colcon_ws/install/turtlebot3_gazebo/share/turtlebot3_gazebo//urdf/turtlebot3_waffle_pi.urdf
[307.861s] -- Installing: /home/ros25/ROS/ROS_25/colcon_ws/install/turtlebot3_gazebo/share/turtlebot3_gazebo//urdf/common_properties.urdf
[307.861s] -- Installing: /home/ros25/ROS/ROS_25/colcon_ws/install/turtlebot3_gazebo/share/turtlebot3_gazebo//urdf/turtlebot3_burger_cam.urdf
[307.862s] -- Up-to-date: /home/ros25/ROS/ROS_25/colcon_ws/install/turtlebot3_gazebo/share/turtlebot3_gazebo//worlds
[307.864s] -- Installing: /home/ros25/ROS/ROS_25/colcon_ws/install/turtlebot3_gazebo/share/turtlebot3_gazebo//worlds/turtlebot3_dqn_stage4.world
[307.864s] -- Installing: /home/ros25/ROS/ROS_25/colcon_ws/install/turtlebot3_gazebo/share/turtlebot3_gazebo//worlds/turtlebot3_dqn_stage2.world
[307.864s] -- Installing: /home/ros25/ROS/ROS_25/colcon_ws/install/turtlebot3_gazebo/share/turtlebot3_gazebo//worlds/turtlebot3_dqn_stage1.world
[307.864s] -- Installing: /home/ros25/ROS/ROS_25/colcon_ws/install/turtlebot3_gazebo/share/turtlebot3_gazebo//worlds/turtlebot3_dqn_stage3.world
[307.864s] -- Installing: /home/ros25/ROS/ROS_25/colcon_ws/install/turtlebot3_gazebo/share/turtlebot3_gazebo//worlds/empty_world.world
[307.867s] -- Installing: /home/ros25/ROS/ROS_25/colcon_ws/install/turtlebot3_gazebo/share/turtlebot3_gazebo//worlds/turtlebot3_autorace_2020.world
[307.867s] -- Installing: /home/ros25/ROS/ROS_25/colcon_ws/install/turtlebot3_gazebo/share/turtlebot3_gazebo//worlds/turtlebot3_world.world
[307.869s] -- Installing: /home/ros25/ROS/ROS_25/colcon_ws/install/turtlebot3_gazebo/share/turtlebot3_gazebo//worlds/turtlebot3_house.world
[307.870s] -- Up-to-date: /home/ros25/ROS/ROS_25/colcon_ws/install/turtlebot3_gazebo/include/
[307.870s] -- Up-to-date: /home/ros25/ROS/ROS_25/colcon_ws/install/turtlebot3_gazebo/include//turtlebot3_gazebo
[307.870s] -- Installing: /home/ros25/ROS/ROS_25/colcon_ws/install/turtlebot3_gazebo/include//turtlebot3_gazebo/traffic_light_plugin.hpp
[307.870s] -- Installing: /home/ros25/ROS/ROS_25/colcon_ws/install/turtlebot3_gazebo/include//turtlebot3_gazebo/turtlebot3_drive.hpp
[307.872s] -- Installing: /home/ros25/ROS/ROS_25/colcon_ws/install/turtlebot3_gazebo/include//turtlebot3_gazebo/obstacle1.hpp
[307.873s] -- Installing: /home/ros25/ROS/ROS_25/colcon_ws/install/turtlebot3_gazebo/include//turtlebot3_gazebo/obstacles.hpp
[307.873s] -- Installing: /home/ros25/ROS/ROS_25/colcon_ws/install/turtlebot3_gazebo/include//turtlebot3_gazebo/traffic_bar_plugin.hpp
[307.877s] -- Installing: /home/ros25/ROS/ROS_25/colcon_ws/install/turtlebot3_gazebo/include//turtlebot3_gazebo/obstacle2.hpp
[307.877s] -- Up-to-date: /home/ros25/ROS/ROS_25/colcon_ws/install/turtlebot3_gazebo/share/ament_index/resource_index/package_run_dependencies/turtlebot3_gazebo
[307.879s] -- Up-to-date: /home/ros25/ROS/ROS_25/colcon_ws/install/turtlebot3_gazebo/share/ament_index/resource_index/parent_prefix_path/turtlebot3_gazebo
[307.880s] -- Up-to-date: /home/ros25/ROS/ROS_25/colcon_ws/install/turtlebot3_gazebo/share/turtlebot3_gazebo/environment/ament_prefix_path.sh
[307.880s] -- Installing: /home/ros25/ROS/ROS_25/colcon_ws/install/turtlebot3_gazebo/share/turtlebot3_gazebo/environment/ament_prefix_path.dsv
[307.880s] -- Up-to-date: /home/ros25/ROS/ROS_25/colcon_ws/install/turtlebot3_gazebo/share/turtlebot3_gazebo/environment/path.sh
[307.880s] -- Installing: /home/ros25/ROS/ROS_25/colcon_ws/install/turtlebot3_gazebo/share/turtlebot3_gazebo/environment/path.dsv
[307.884s] -- Up-to-date: /home/ros25/ROS/ROS_25/colcon_ws/install/turtlebot3_gazebo/share/turtlebot3_gazebo/local_setup.bash
[307.884s] -- Up-to-date: /home/ros25/ROS/ROS_25/colcon_ws/install/turtlebot3_gazebo/share/turtlebot3_gazebo/local_setup.sh
[307.885s] -- Up-to-date: /home/ros25/ROS/ROS_25/colcon_ws/install/turtlebot3_gazebo/share/turtlebot3_gazebo/local_setup.zsh
[307.885s] -- Installing: /home/ros25/ROS/ROS_25/colcon_ws/install/turtlebot3_gazebo/share/turtlebot3_gazebo/local_setup.dsv
[307.886s] -- Installing: /home/ros25/ROS/ROS_25/colcon_ws/install/turtlebot3_gazebo/share/turtlebot3_gazebo/package.dsv
[307.890s] -- Up-to-date: /home/ros25/ROS/ROS_25/colcon_ws/install/turtlebot3_gazebo/share/ament_index/resource_index/packages/turtlebot3_gazebo
[307.893s] -- Up-to-date: /home/ros25/ROS/ROS_25/colcon_ws/install/turtlebot3_gazebo/share/turtlebot3_gazebo/cmake/ament_cmake_export_include_directories-extras.cmake
[307.893s] -- Up-to-date: /home/ros25/ROS/ROS_25/colcon_ws/install/turtlebot3_gazebo/share/turtlebot3_gazebo/cmake/ament_cmake_export_dependencies-extras.cmake
[307.893s] -- Up-to-date: /home/ros25/ROS/ROS_25/colcon_ws/install/turtlebot3_gazebo/share/turtlebot3_gazebo/cmake/turtlebot3_gazeboConfig.cmake
[307.893s] -- Up-to-date: /home/ros25/ROS/ROS_25/colcon_ws/install/turtlebot3_gazebo/share/turtlebot3_gazebo/cmake/turtlebot3_gazeboConfig-version.cmake
[307.894s] -- Installing: /home/ros25/ROS/ROS_25/colcon_ws/install/turtlebot3_gazebo/share/turtlebot3_gazebo/package.xml
[307.911s] Invoked command in '/home/ros25/ROS/ROS_25/colcon_ws/build/turtlebot3_gazebo' returned '0': CMAKE_PREFIX_PATH=${CMAKE_PREFIX_PATH}:/home/ros25/ROS/ROS_25/colcon_ws/install/turtlebot3_teleop:/home/ros25/ROS/ROS_25/colcon_ws/install/turtlebot3_example:/home/ros25/ROS/ROS_25/colcon_ws/install/turtlebot3_controller:/home/ros25/ROS/ROS_25/colcon_ws/install/test_node:/opt/ros/humble /usr/bin/cmake --install /home/ros25/ROS/ROS_25/colcon_ws/build/turtlebot3_gazebo
