[0.000000] (-) TimerEvent: {}
[0.000604] (-) JobUnselected: {'identifier': 'dynamixel_sdk'}
[0.000690] (-) JobUnselected: {'identifier': 'dynamixel_sdk_custom_interfaces'}
[0.000732] (-) JobUnselected: {'identifier': 'dynamixel_sdk_examples'}
[0.000770] (-) JobUnselected: {'identifier': 'test_node'}
[0.001428] (-) JobUnselected: {'identifier': 'turtlebot3'}
[0.001518] (-) JobUnselected: {'identifier': 'turtlebot3_bringup'}
[0.001561] (-) JobUnselected: {'identifier': 'turtlebot3_cartographer'}
[0.001600] (-) JobUnselected: {'identifier': 'turtlebot3_controller'}
[0.001703] (-) JobUnselected: {'identifier': 'turtlebot3_description'}
[0.001766] (-) JobUnselected: {'identifier': 'turtlebot3_dqn'}
[0.001813] (-) JobUnselected: {'identifier': 'turtlebot3_example'}
[0.001855] (-) JobUnselected: {'identifier': 'turtlebot3_fake_node'}
[0.001896] (-) JobUnselected: {'identifier': 'turtlebot3_gazebo'}
[0.001935] (-) JobUnselected: {'identifier': 'turtlebot3_machine_learning'}
[0.001974] (-) JobUnselected: {'identifier': 'turtlebot3_manipulation_gazebo'}
[0.002014] (-) JobUnselected: {'identifier': 'turtlebot3_msgs'}
[0.002054] (-) JobUnselected: {'identifier': 'turtlebot3_navigation2'}
[0.002092] (-) JobUnselected: {'identifier': 'turtlebot3_node'}
[0.002130] (-) JobUnselected: {'identifier': 'turtlebot3_simulations'}
[0.002170] (-) JobUnselected: {'identifier': 'turtlebot3_teleop'}
[0.002871] (-) EventReactorShutdown: {}
