/home/samson/turtlebot3/ROS_25/colcon_ws/install/turtlebot3_controller/lib/python3.10/site-packages/maps/__init__.py
/home/samson/turtlebot3/ROS_25/colcon_ws/install/turtlebot3_controller/lib/python3.10/site-packages/turtlebot3_controller/patrol_manager_home2.py
/home/samson/turtlebot3/ROS_25/colcon_ws/install/turtlebot3_controller/lib/python3.10/site-packages/turtlebot3_controller/obstacle_avoider.py
/home/samson/turtlebot3/ROS_25/colcon_ws/install/turtlebot3_controller/lib/python3.10/site-packages/turtlebot3_controller/scan_info_printer.py
/home/samson/turtlebot3/ROS_25/colcon_ws/install/turtlebot3_controller/lib/python3.10/site-packages/turtlebot3_controller/sensor_listener.py
/home/samson/turtlebot3/ROS_25/colcon_ws/install/turtlebot3_controller/lib/python3.10/site-packages/turtlebot3_controller/navigator.py
/home/samson/turtlebot3/ROS_25/colcon_ws/install/turtlebot3_controller/lib/python3.10/site-packages/turtlebot3_controller/patrol_manager.py
/home/samson/turtlebot3/ROS_25/colcon_ws/install/turtlebot3_controller/lib/python3.10/site-packages/turtlebot3_controller/patrol_waypoints.py
/home/samson/turtlebot3/ROS_25/colcon_ws/install/turtlebot3_controller/lib/python3.10/site-packages/turtlebot3_controller/mission_manager.py
/home/samson/turtlebot3/ROS_25/colcon_ws/install/turtlebot3_controller/lib/python3.10/site-packages/turtlebot3_controller/__init__.py
/home/samson/turtlebot3/ROS_25/colcon_ws/install/turtlebot3_controller/lib/python3.10/site-packages/turtlebot3_controller/initial_pose_publisher.py
/home/samson/turtlebot3/ROS_25/colcon_ws/install/turtlebot3_controller/lib/python3.10/site-packages/maps/__pycache__/__init__.cpython-310.pyc
/home/samson/turtlebot3/ROS_25/colcon_ws/install/turtlebot3_controller/lib/python3.10/site-packages/turtlebot3_controller/__pycache__/patrol_manager_home2.cpython-310.pyc
/home/samson/turtlebot3/ROS_25/colcon_ws/install/turtlebot3_controller/lib/python3.10/site-packages/turtlebot3_controller/__pycache__/obstacle_avoider.cpython-310.pyc
/home/samson/turtlebot3/ROS_25/colcon_ws/install/turtlebot3_controller/lib/python3.10/site-packages/turtlebot3_controller/__pycache__/scan_info_printer.cpython-310.pyc
/home/samson/turtlebot3/ROS_25/colcon_ws/install/turtlebot3_controller/lib/python3.10/site-packages/turtlebot3_controller/__pycache__/sensor_listener.cpython-310.pyc
/home/samson/turtlebot3/ROS_25/colcon_ws/install/turtlebot3_controller/lib/python3.10/site-packages/turtlebot3_controller/__pycache__/navigator.cpython-310.pyc
/home/samson/turtlebot3/ROS_25/colcon_ws/install/turtlebot3_controller/lib/python3.10/site-packages/turtlebot3_controller/__pycache__/patrol_manager.cpython-310.pyc
/home/samson/turtlebot3/ROS_25/colcon_ws/install/turtlebot3_controller/lib/python3.10/site-packages/turtlebot3_controller/__pycache__/patrol_waypoints.cpython-310.pyc
/home/samson/turtlebot3/ROS_25/colcon_ws/install/turtlebot3_controller/lib/python3.10/site-packages/turtlebot3_controller/__pycache__/mission_manager.cpython-310.pyc
/home/samson/turtlebot3/ROS_25/colcon_ws/install/turtlebot3_controller/lib/python3.10/site-packages/turtlebot3_controller/__pycache__/__init__.cpython-310.pyc
/home/samson/turtlebot3/ROS_25/colcon_ws/install/turtlebot3_controller/lib/python3.10/site-packages/turtlebot3_controller/__pycache__/initial_pose_publisher.cpython-310.pyc
/home/samson/turtlebot3/ROS_25/colcon_ws/install/turtlebot3_controller/share/ament_index/resource_index/packages/turtlebot3_controller
/home/samson/turtlebot3/ROS_25/colcon_ws/install/turtlebot3_controller/share/turtlebot3_controller/package.xml
/home/samson/turtlebot3/ROS_25/colcon_ws/install/turtlebot3_controller/share/turtlebot3_controller/launch/patrol_mission.launch.py
/home/samson/turtlebot3/ROS_25/colcon_ws/install/turtlebot3_controller/share/turtlebot3_controller/launch/full_navigation.launch.py
/home/samson/turtlebot3/ROS_25/colcon_ws/install/turtlebot3_controller/share/turtlebot3_controller/launch/bringup_core.launch.py
/home/samson/turtlebot3/ROS_25/colcon_ws/install/turtlebot3_controller/share/turtlebot3_controller/launch/test_map_launch.py
/home/samson/turtlebot3/ROS_25/colcon_ws/install/turtlebot3_controller/share/turtlebot3_controller/launch/bringup.launch.py
/home/samson/turtlebot3/ROS_25/colcon_ws/install/turtlebot3_controller/share/turtlebot3_controller/launch/mission.launch.py
/home/samson/turtlebot3/ROS_25/colcon_ws/install/turtlebot3_controller/share/turtlebot3_controller/launch/basic_bringup.launch.py
/home/samson/turtlebot3/ROS_25/colcon_ws/install/turtlebot3_controller/share/turtlebot3_controller/launch/mission_manager.launch.py
/home/samson/turtlebot3/ROS_25/colcon_ws/install/turtlebot3_controller/share/turtlebot3_controller/launch/patrol_mission2.launch.py
/home/samson/turtlebot3/ROS_25/colcon_ws/install/turtlebot3_controller/share/turtlebot3_controller/launch/bringup_all_two.launch.py
/home/samson/turtlebot3/ROS_25/colcon_ws/install/turtlebot3_controller/share/turtlebot3_controller/launch/rviz_test.launch.py
/home/samson/turtlebot3/ROS_25/colcon_ws/install/turtlebot3_controller/share/turtlebot3_controller/launch/bringup_all.launch.py
/home/samson/turtlebot3/ROS_25/colcon_ws/install/turtlebot3_controller/share/turtlebot3_controller/maps/class3_map.pgm
/home/samson/turtlebot3/ROS_25/colcon_ws/install/turtlebot3_controller/share/turtlebot3_controller/maps/class2_map.yaml
/home/samson/turtlebot3/ROS_25/colcon_ws/install/turtlebot3_controller/share/turtlebot3_controller/maps/map.yaml
/home/samson/turtlebot3/ROS_25/colcon_ws/install/turtlebot3_controller/share/turtlebot3_controller/maps/home_map.pgm
/home/samson/turtlebot3/ROS_25/colcon_ws/install/turtlebot3_controller/share/turtlebot3_controller/maps/home_test_map.yaml
/home/samson/turtlebot3/ROS_25/colcon_ws/install/turtlebot3_controller/share/turtlebot3_controller/maps/class_map.yaml
/home/samson/turtlebot3/ROS_25/colcon_ws/install/turtlebot3_controller/share/turtlebot3_controller/maps/map.pgm
/home/samson/turtlebot3/ROS_25/colcon_ws/install/turtlebot3_controller/share/turtlebot3_controller/maps/carto_map.yaml
/home/samson/turtlebot3/ROS_25/colcon_ws/install/turtlebot3_controller/share/turtlebot3_controller/maps/class3_map.yaml
/home/samson/turtlebot3/ROS_25/colcon_ws/install/turtlebot3_controller/share/turtlebot3_controller/maps/home_map.yaml
/home/samson/turtlebot3/ROS_25/colcon_ws/install/turtlebot3_controller/share/turtlebot3_controller/maps/home_test_map.pgm
/home/samson/turtlebot3/ROS_25/colcon_ws/install/turtlebot3_controller/share/turtlebot3_controller/maps/carto_map.pgm
/home/samson/turtlebot3/ROS_25/colcon_ws/install/turtlebot3_controller/share/turtlebot3_controller/maps/home2_map.pgm
/home/samson/turtlebot3/ROS_25/colcon_ws/install/turtlebot3_controller/share/turtlebot3_controller/maps/class_map.pgm
/home/samson/turtlebot3/ROS_25/colcon_ws/install/turtlebot3_controller/share/turtlebot3_controller/maps/home_test2_map.yaml
/home/samson/turtlebot3/ROS_25/colcon_ws/install/turtlebot3_controller/share/turtlebot3_controller/maps/home2_map.yaml
/home/samson/turtlebot3/ROS_25/colcon_ws/install/turtlebot3_controller/share/turtlebot3_controller/maps/__init__.py
/home/samson/turtlebot3/ROS_25/colcon_ws/install/turtlebot3_controller/share/turtlebot3_controller/maps/home_test2_map.pgm
/home/samson/turtlebot3/ROS_25/colcon_ws/install/turtlebot3_controller/share/turtlebot3_controller/maps/class2_map.pgm
/home/samson/turtlebot3/ROS_25/colcon_ws/install/turtlebot3_controller/share/turtlebot3_controller/config/diff_controllers.yaml
/home/samson/turtlebot3/ROS_25/colcon_ws/install/turtlebot3_controller/share/turtlebot3_controller/config/nav2.yaml
/home/samson/turtlebot3/ROS_25/colcon_ws/install/turtlebot3_controller/share/turtlebot3_controller/config/basic_diff_controllers.yaml
/home/samson/turtlebot3/ROS_25/colcon_ws/install/turtlebot3_controller/share/turtlebot3_controller/worlds/my_test_map.world
/home/samson/turtlebot3/ROS_25/colcon_ws/install/turtlebot3_controller/lib/python3.10/site-packages/turtlebot3_controller-0.0.0-py3.10.egg-info/requires.txt
/home/samson/turtlebot3/ROS_25/colcon_ws/install/turtlebot3_controller/lib/python3.10/site-packages/turtlebot3_controller-0.0.0-py3.10.egg-info/zip-safe
/home/samson/turtlebot3/ROS_25/colcon_ws/install/turtlebot3_controller/lib/python3.10/site-packages/turtlebot3_controller-0.0.0-py3.10.egg-info/SOURCES.txt
/home/samson/turtlebot3/ROS_25/colcon_ws/install/turtlebot3_controller/lib/python3.10/site-packages/turtlebot3_controller-0.0.0-py3.10.egg-info/dependency_links.txt
/home/samson/turtlebot3/ROS_25/colcon_ws/install/turtlebot3_controller/lib/python3.10/site-packages/turtlebot3_controller-0.0.0-py3.10.egg-info/entry_points.txt
/home/samson/turtlebot3/ROS_25/colcon_ws/install/turtlebot3_controller/lib/python3.10/site-packages/turtlebot3_controller-0.0.0-py3.10.egg-info/top_level.txt
/home/samson/turtlebot3/ROS_25/colcon_ws/install/turtlebot3_controller/lib/python3.10/site-packages/turtlebot3_controller-0.0.0-py3.10.egg-info/PKG-INFO
/home/samson/turtlebot3/ROS_25/colcon_ws/install/turtlebot3_controller/lib/turtlebot3_controller/initial_pose_publisher
/home/samson/turtlebot3/ROS_25/colcon_ws/install/turtlebot3_controller/lib/turtlebot3_controller/mission_manager
/home/samson/turtlebot3/ROS_25/colcon_ws/install/turtlebot3_controller/lib/turtlebot3_controller/navigator
/home/samson/turtlebot3/ROS_25/colcon_ws/install/turtlebot3_controller/lib/turtlebot3_controller/obstacle_avoider
/home/samson/turtlebot3/ROS_25/colcon_ws/install/turtlebot3_controller/lib/turtlebot3_controller/patrol_manager
/home/samson/turtlebot3/ROS_25/colcon_ws/install/turtlebot3_controller/lib/turtlebot3_controller/patrol_manager_home2
/home/samson/turtlebot3/ROS_25/colcon_ws/install/turtlebot3_controller/lib/turtlebot3_controller/patrol_waypoints
/home/samson/turtlebot3/ROS_25/colcon_ws/install/turtlebot3_controller/lib/turtlebot3_controller/scan_info_printer
/home/samson/turtlebot3/ROS_25/colcon_ws/install/turtlebot3_controller/lib/turtlebot3_controller/sensor_listener
