[0.048s] Invoking command in '/home/ros25/ROS/ROS_25/colcon_ws/build/ros_gz_sim': CMAKE_PREFIX_PATH=${CMAKE_PREFIX_PATH}:/home/ros25/ROS/ROS_25/colcon_ws/install/turtlebot3_teleop:/home/ros25/ROS/ROS_25/colcon_ws/install/turtlebot3_example:/home/ros25/ROS/ROS_25/colcon_ws/install/test_node:/opt/ros/humble /usr/bin/cmake /home/ros25/ROS/ROS_25/colcon_ws/src/ros_gz/ros_gz_sim -DCMAKE_INSTALL_PREFIX=/home/ros25/ROS/ROS_25/colcon_ws/install/ros_gz_sim
[0.123s] -- Found ament_cmake: 1.3.11 (/opt/ros/humble/share/ament_cmake/cmake)
[0.694s] -- Override CMake install command with custom implementation using symlinks instead of copying resources
[0.737s] -- Found rclcpp: 16.0.12 (/opt/ros/humble/share/rclcpp/cmake)
[0.841s] -- Found rosidl_generator_c: 3.1.6 (/opt/ros/humble/share/rosidl_generator_c/cmake)
[0.856s] -- Found rosidl_adapter: 3.1.6 (/opt/ros/humble/share/rosidl_adapter/cmake)
[0.881s] -- Found rosidl_generator_cpp: 3.1.6 (/opt/ros/humble/share/rosidl_generator_cpp/cmake)
[0.933s] -- Using all available rosidl_typesupport_c: rosidl_typesupport_fastrtps_c;rosidl_typesupport_introspection_c
[0.990s] -- Using all available rosidl_typesupport_cpp: rosidl_typesupport_fastrtps_cpp;rosidl_typesupport_introspection_cpp
[1.090s] -- Found rmw_implementation_cmake: 6.1.2 (/opt/ros/humble/share/rmw_implementation_cmake/cmake)
[1.098s] -- Found rmw_fastrtps_cpp: 6.2.7 (/opt/ros/humble/share/rmw_fastrtps_cpp/cmake)
[1.701s] -- Using RMW implementation 'rmw_fastrtps_cpp' as default
[2.114s] -- Looking for ignition-math6 -- found version 6.15.1
[2.144s] -- Searching for dependencies of ignition-math6
[2.149s] -- Looking for ignition-transport11 -- found version 11.4.1
[2.161s] -- Searching for dependencies of ignition-transport11
[2.255s] -- Found Protobuf: /usr/lib/x86_64-linux-gnu/libprotobuf.so (found version "3.12.4") 
[2.285s] -- Config-file not installed for ZeroMQ -- checking for pkg-config
[2.315s] -- Checking for module 'libzmq >= 4'
[2.456s] --   Found libzmq , version 4.3.4
[2.718s] -- Checking for module 'uuid'
[2.809s] --   Found uuid, version 2.37.2
[2.984s] -- Looking for ignition-utils1 -- found version 1.5.1
[2.985s] -- Searching for dependencies of ignition-utils1
[2.986s] -- Searching for <ignition-utils1> component [cli]
[2.986s] -- Looking for ignition-utils1-cli -- found version 1.5.1
[2.986s] -- Searching for dependencies of ignition-utils1-cli
[2.986s] -- Looking for ignition-msgs8 -- found version 8.7.0
[2.986s] -- Searching for dependencies of ignition-msgs8
[3.040s] -- Found Protobuf: /usr/lib/x86_64-linux-gnu/libprotobuf.so (found suitable version "3.12.4", minimum required is "3") 
[3.042s] -- Looking for ignition-math6 -- found version 6.15.1
[3.062s] -- Checking for module 'tinyxml2'
[3.153s] --   Found tinyxml2, version 9.0.0
[3.448s] -- Looking for ignition-msgs8 -- found version 8.7.0
[3.486s] [31mCMake Error at CMakeLists.txt:87 (find_package):
[3.486s]   By not providing "Findignition-gazebo6.cmake" in CMAKE_MODULE_PATH this
[3.486s]   project has asked CMake to find a package configuration file provided by
[3.486s]   "ignition-gazebo6", but CMake did not find one.
[3.486s] 
[3.486s]   Could not find a package configuration file provided by "ignition-gazebo6"
[3.487s]   with any of the following names:
[3.487s] 
[3.487s]     ignition-gazebo6Config.cmake
[3.487s]     ignition-gazebo6-config.cmake
[3.487s] 
[3.487s]   Add the installation prefix of "ignition-gazebo6" to CMAKE_PREFIX_PATH or
[3.487s]   set "ignition-gazebo6_DIR" to a directory containing one of the above
[3.487s]   files.  If "ignition-gazebo6" provides a separate development package or
[3.487s]   SDK, be sure it has been installed.
[3.488s] 
[3.488s] [0m
[3.488s] -- Configuring incomplete, errors occurred!
[3.488s] See also "/home/ros25/ROS/ROS_25/colcon_ws/build/ros_gz_sim/CMakeFiles/CMakeOutput.log".
[3.541s] Invoked command in '/home/ros25/ROS/ROS_25/colcon_ws/build/ros_gz_sim' returned '1': CMAKE_PREFIX_PATH=${CMAKE_PREFIX_PATH}:/home/ros25/ROS/ROS_25/colcon_ws/install/turtlebot3_teleop:/home/ros25/ROS/ROS_25/colcon_ws/install/turtlebot3_example:/home/ros25/ROS/ROS_25/colcon_ws/install/test_node:/opt/ros/humble /usr/bin/cmake /home/ros25/ROS/ROS_25/colcon_ws/src/ros_gz/ros_gz_sim -DCMAKE_INSTALL_PREFIX=/home/ros25/ROS/ROS_25/colcon_ws/install/ros_gz_sim
