[0.066s] Invoking command in '/home/ros25/ROS/ROS_25/colcon_ws/build/turtlebot3_msgs': CMAKE_PREFIX_PATH=${CMAKE_PREFIX_PATH}:/home/ros25/ROS/ROS_25/colcon_ws/install/turtlebot3_teleop:/home/ros25/ROS/ROS_25/colcon_ws/install/turtlebot3_example:/home/ros25/ROS/ROS_25/colcon_ws/install/turtlebot3_dqn:/home/ros25/ROS/ROS_25/colcon_ws/install/turtlebot3_controller:/home/ros25/ROS/ROS_25/colcon_ws/install/test_node:/opt/ros/humble /usr/bin/cmake --build /home/ros25/ROS/ROS_25/colcon_ws/build/turtlebot3_msgs -- -j2 -l2
[0.320s] [  1%] Built target turtlebot3_msgs__cpp
[0.583s] [ 12%] Built target turtlebot3_msgs__rosidl_generator_c
[0.971s] [ 12%] Built target ament_cmake_python_copy_turtlebot3_msgs
[1.181s] [ 24%] Built target turtlebot3_msgs__rosidl_typesupport_cpp
[1.461s] [ 35%] Built target turtlebot3_msgs__rosidl_typesupport_fastrtps_c
[1.774s] [ 46%] Built target turtlebot3_msgs__rosidl_typesupport_fastrtps_cpp
[2.159s] [ 58%] Built target turtlebot3_msgs__rosidl_typesupport_introspection_c
[2.463s] [ 69%] Built target turtlebot3_msgs__rosidl_typesupport_c
[2.893s] [ 81%] Built target turtlebot3_msgs__rosidl_typesupport_introspection_cpp
[5.442s] running egg_info
[5.457s] writing turtlebot3_msgs.egg-info/PKG-INFO
[5.457s] writing dependency_links to turtlebot3_msgs.egg-info/dependency_links.txt
[5.461s] writing top-level names to turtlebot3_msgs.egg-info/top_level.txt
[5.494s] reading manifest file 'turtlebot3_msgs.egg-info/SOURCES.txt'
[5.505s] writing manifest file 'turtlebot3_msgs.egg-info/SOURCES.txt'
[5.869s] [ 12%] Built target ament_cmake_python_build_turtlebot3_msgs_egg
[6.221s] [ 24%] Built target turtlebot3_msgs
[6.511s] [ 25%] Built target turtlebot3_msgs__py
[6.852s] [ 46%] Built target turtlebot3_msgs__rosidl_generator_py
[7.192s] [ 72%] Built target turtlebot3_msgs__rosidl_typesupport_fastrtps_c__pyext
[7.520s] [ 86%] Built target turtlebot3_msgs__rosidl_typesupport_introspection_c__pyext
[7.800s] [100%] Built target turtlebot3_msgs__rosidl_typesupport_c__pyext
[7.961s] Invoked command in '/home/ros25/ROS/ROS_25/colcon_ws/build/turtlebot3_msgs' returned '0': CMAKE_PREFIX_PATH=${CMAKE_PREFIX_PATH}:/home/ros25/ROS/ROS_25/colcon_ws/install/turtlebot3_teleop:/home/ros25/ROS/ROS_25/colcon_ws/install/turtlebot3_example:/home/ros25/ROS/ROS_25/colcon_ws/install/turtlebot3_dqn:/home/ros25/ROS/ROS_25/colcon_ws/install/turtlebot3_controller:/home/ros25/ROS/ROS_25/colcon_ws/install/test_node:/opt/ros/humble /usr/bin/cmake --build /home/ros25/ROS/ROS_25/colcon_ws/build/turtlebot3_msgs -- -j2 -l2
[7.970s] Invoking command in '/home/ros25/ROS/ROS_25/colcon_ws/build/turtlebot3_msgs': CMAKE_PREFIX_PATH=${CMAKE_PREFIX_PATH}:/home/ros25/ROS/ROS_25/colcon_ws/install/turtlebot3_teleop:/home/ros25/ROS/ROS_25/colcon_ws/install/turtlebot3_example:/home/ros25/ROS/ROS_25/colcon_ws/install/turtlebot3_dqn:/home/ros25/ROS/ROS_25/colcon_ws/install/turtlebot3_controller:/home/ros25/ROS/ROS_25/colcon_ws/install/test_node:/opt/ros/humble /usr/bin/cmake --install /home/ros25/ROS/ROS_25/colcon_ws/build/turtlebot3_msgs
[8.084s] -- Install configuration: ""
[8.084s] -- Up-to-date: /home/ros25/ROS/ROS_25/colcon_ws/install/turtlebot3_msgs/share/ament_index/resource_index/rosidl_interfaces/turtlebot3_msgs
[8.098s] -- Up-to-date: /home/ros25/ROS/ROS_25/colcon_ws/install/turtlebot3_msgs/include/turtlebot3_msgs/turtlebot3_msgs
[8.108s] -- Up-to-date: /home/ros25/ROS/ROS_25/colcon_ws/install/turtlebot3_msgs/include/turtlebot3_msgs/turtlebot3_msgs/action
[8.109s] -- Up-to-date: /home/ros25/ROS/ROS_25/colcon_ws/install/turtlebot3_msgs/include/turtlebot3_msgs/turtlebot3_msgs/action/detail
[8.117s] -- Up-to-date: /home/ros25/ROS/ROS_25/colcon_ws/install/turtlebot3_msgs/include/turtlebot3_msgs/turtlebot3_msgs/action/detail/patrol__type_support.h
[8.118s] -- Up-to-date: /home/ros25/ROS/ROS_25/colcon_ws/install/turtlebot3_msgs/include/turtlebot3_msgs/turtlebot3_msgs/action/detail/patrol__struct.h
[8.130s] -- Up-to-date: /home/ros25/ROS/ROS_25/colcon_ws/install/turtlebot3_msgs/include/turtlebot3_msgs/turtlebot3_msgs/action/detail/patrol__functions.c
[8.130s] -- Up-to-date: /home/ros25/ROS/ROS_25/colcon_ws/install/turtlebot3_msgs/include/turtlebot3_msgs/turtlebot3_msgs/action/detail/patrol__functions.h
[8.131s] -- Up-to-date: /home/ros25/ROS/ROS_25/colcon_ws/install/turtlebot3_msgs/include/turtlebot3_msgs/turtlebot3_msgs/action/patrol.h
[8.138s] -- Up-to-date: /home/ros25/ROS/ROS_25/colcon_ws/install/turtlebot3_msgs/include/turtlebot3_msgs/turtlebot3_msgs/msg
[8.138s] -- Up-to-date: /home/ros25/ROS/ROS_25/colcon_ws/install/turtlebot3_msgs/include/turtlebot3_msgs/turtlebot3_msgs/msg/sound.h
[8.138s] -- Up-to-date: /home/ros25/ROS/ROS_25/colcon_ws/install/turtlebot3_msgs/include/turtlebot3_msgs/turtlebot3_msgs/msg/detail
[8.138s] -- Up-to-date: /home/ros25/ROS/ROS_25/colcon_ws/install/turtlebot3_msgs/include/turtlebot3_msgs/turtlebot3_msgs/msg/detail/version_info__type_support.h
[8.139s] -- Up-to-date: /home/ros25/ROS/ROS_25/colcon_ws/install/turtlebot3_msgs/include/turtlebot3_msgs/turtlebot3_msgs/msg/detail/sound__functions.c
[8.149s] -- Up-to-date: /home/ros25/ROS/ROS_25/colcon_ws/install/turtlebot3_msgs/include/turtlebot3_msgs/turtlebot3_msgs/msg/detail/sensor_state__struct.h
[8.149s] -- Up-to-date: /home/ros25/ROS/ROS_25/colcon_ws/install/turtlebot3_msgs/include/turtlebot3_msgs/turtlebot3_msgs/msg/detail/sensor_state__type_support.h
[8.149s] -- Up-to-date: /home/ros25/ROS/ROS_25/colcon_ws/install/turtlebot3_msgs/include/turtlebot3_msgs/turtlebot3_msgs/msg/detail/version_info__functions.h
[8.149s] -- Up-to-date: /home/ros25/ROS/ROS_25/colcon_ws/install/turtlebot3_msgs/include/turtlebot3_msgs/turtlebot3_msgs/msg/detail/sensor_state__functions.h
[8.150s] -- Up-to-date: /home/ros25/ROS/ROS_25/colcon_ws/install/turtlebot3_msgs/include/turtlebot3_msgs/turtlebot3_msgs/msg/detail/sensor_state__functions.c
[8.155s] -- Up-to-date: /home/ros25/ROS/ROS_25/colcon_ws/install/turtlebot3_msgs/include/turtlebot3_msgs/turtlebot3_msgs/msg/detail/sound__functions.h
[8.155s] -- Up-to-date: /home/ros25/ROS/ROS_25/colcon_ws/install/turtlebot3_msgs/include/turtlebot3_msgs/turtlebot3_msgs/msg/detail/sound__struct.h
[8.156s] -- Up-to-date: /home/ros25/ROS/ROS_25/colcon_ws/install/turtlebot3_msgs/include/turtlebot3_msgs/turtlebot3_msgs/msg/detail/version_info__functions.c
[8.156s] -- Up-to-date: /home/ros25/ROS/ROS_25/colcon_ws/install/turtlebot3_msgs/include/turtlebot3_msgs/turtlebot3_msgs/msg/detail/sound__type_support.h
[8.166s] -- Up-to-date: /home/ros25/ROS/ROS_25/colcon_ws/install/turtlebot3_msgs/include/turtlebot3_msgs/turtlebot3_msgs/msg/detail/version_info__struct.h
[8.166s] -- Up-to-date: /home/ros25/ROS/ROS_25/colcon_ws/install/turtlebot3_msgs/include/turtlebot3_msgs/turtlebot3_msgs/msg/sensor_state.h
[8.167s] -- Up-to-date: /home/ros25/ROS/ROS_25/colcon_ws/install/turtlebot3_msgs/include/turtlebot3_msgs/turtlebot3_msgs/msg/version_info.h
[8.172s] -- Up-to-date: /home/ros25/ROS/ROS_25/colcon_ws/install/turtlebot3_msgs/include/turtlebot3_msgs/turtlebot3_msgs/msg/rosidl_generator_c__visibility_control.h
[8.173s] -- Up-to-date: /home/ros25/ROS/ROS_25/colcon_ws/install/turtlebot3_msgs/include/turtlebot3_msgs/turtlebot3_msgs/srv
[8.182s] -- Up-to-date: /home/ros25/ROS/ROS_25/colcon_ws/install/turtlebot3_msgs/include/turtlebot3_msgs/turtlebot3_msgs/srv/dqn.h
[8.182s] -- Up-to-date: /home/ros25/ROS/ROS_25/colcon_ws/install/turtlebot3_msgs/include/turtlebot3_msgs/turtlebot3_msgs/srv/sound.h
[8.182s] -- Up-to-date: /home/ros25/ROS/ROS_25/colcon_ws/install/turtlebot3_msgs/include/turtlebot3_msgs/turtlebot3_msgs/srv/goal.h
[8.182s] -- Up-to-date: /home/ros25/ROS/ROS_25/colcon_ws/install/turtlebot3_msgs/include/turtlebot3_msgs/turtlebot3_msgs/srv/detail
[8.183s] -- Up-to-date: /home/ros25/ROS/ROS_25/colcon_ws/install/turtlebot3_msgs/include/turtlebot3_msgs/turtlebot3_msgs/srv/detail/dqn__type_support.h
[8.192s] -- Up-to-date: /home/ros25/ROS/ROS_25/colcon_ws/install/turtlebot3_msgs/include/turtlebot3_msgs/turtlebot3_msgs/srv/detail/dqn__functions.c
[8.192s] -- Up-to-date: /home/ros25/ROS/ROS_25/colcon_ws/install/turtlebot3_msgs/include/turtlebot3_msgs/turtlebot3_msgs/srv/detail/sound__functions.c
[8.193s] -- Up-to-date: /home/ros25/ROS/ROS_25/colcon_ws/install/turtlebot3_msgs/include/turtlebot3_msgs/turtlebot3_msgs/srv/detail/goal__struct.h
[8.200s] -- Up-to-date: /home/ros25/ROS/ROS_25/colcon_ws/install/turtlebot3_msgs/include/turtlebot3_msgs/turtlebot3_msgs/srv/detail/goal__functions.c
[8.204s] -- Up-to-date: /home/ros25/ROS/ROS_25/colcon_ws/install/turtlebot3_msgs/include/turtlebot3_msgs/turtlebot3_msgs/srv/detail/dqn__functions.h
[8.210s] -- Up-to-date: /home/ros25/ROS/ROS_25/colcon_ws/install/turtlebot3_msgs/include/turtlebot3_msgs/turtlebot3_msgs/srv/detail/goal__functions.h
[8.210s] -- Up-to-date: /home/ros25/ROS/ROS_25/colcon_ws/install/turtlebot3_msgs/include/turtlebot3_msgs/turtlebot3_msgs/srv/detail/goal__type_support.h
[8.210s] -- Up-to-date: /home/ros25/ROS/ROS_25/colcon_ws/install/turtlebot3_msgs/include/turtlebot3_msgs/turtlebot3_msgs/srv/detail/sound__functions.h
[8.210s] -- Up-to-date: /home/ros25/ROS/ROS_25/colcon_ws/install/turtlebot3_msgs/include/turtlebot3_msgs/turtlebot3_msgs/srv/detail/sound__struct.h
[8.210s] -- Up-to-date: /home/ros25/ROS/ROS_25/colcon_ws/install/turtlebot3_msgs/include/turtlebot3_msgs/turtlebot3_msgs/srv/detail/sound__type_support.h
[8.210s] -- Up-to-date: /home/ros25/ROS/ROS_25/colcon_ws/install/turtlebot3_msgs/include/turtlebot3_msgs/turtlebot3_msgs/srv/detail/dqn__struct.h
[8.211s] -- Up-to-date: /home/ros25/ROS/ROS_25/colcon_ws/install/turtlebot3_msgs/share/turtlebot3_msgs/environment/library_path.sh
[8.211s] -- Up-to-date: /home/ros25/ROS/ROS_25/colcon_ws/install/turtlebot3_msgs/share/turtlebot3_msgs/environment/library_path.dsv
[8.211s] -- Up-to-date: /home/ros25/ROS/ROS_25/colcon_ws/install/turtlebot3_msgs/lib/libturtlebot3_msgs__rosidl_generator_c.so
[8.211s] -- Up-to-date: /home/ros25/ROS/ROS_25/colcon_ws/install/turtlebot3_msgs/include/turtlebot3_msgs/turtlebot3_msgs
[8.211s] -- Up-to-date: /home/ros25/ROS/ROS_25/colcon_ws/install/turtlebot3_msgs/include/turtlebot3_msgs/turtlebot3_msgs/action
[8.211s] -- Up-to-date: /home/ros25/ROS/ROS_25/colcon_ws/install/turtlebot3_msgs/include/turtlebot3_msgs/turtlebot3_msgs/action/detail
[8.212s] -- Up-to-date: /home/ros25/ROS/ROS_25/colcon_ws/install/turtlebot3_msgs/include/turtlebot3_msgs/turtlebot3_msgs/action/detail/patrol__rosidl_typesupport_fastrtps_c.h
[8.231s] -- Up-to-date: /home/ros25/ROS/ROS_25/colcon_ws/install/turtlebot3_msgs/include/turtlebot3_msgs/turtlebot3_msgs/msg
[8.231s] -- Up-to-date: /home/ros25/ROS/ROS_25/colcon_ws/install/turtlebot3_msgs/include/turtlebot3_msgs/turtlebot3_msgs/msg/detail
[8.231s] -- Up-to-date: /home/ros25/ROS/ROS_25/colcon_ws/install/turtlebot3_msgs/include/turtlebot3_msgs/turtlebot3_msgs/msg/detail/sensor_state__rosidl_typesupport_fastrtps_c.h
[8.231s] -- Up-to-date: /home/ros25/ROS/ROS_25/colcon_ws/install/turtlebot3_msgs/include/turtlebot3_msgs/turtlebot3_msgs/msg/detail/sound__rosidl_typesupport_fastrtps_c.h
[8.231s] -- Up-to-date: /home/ros25/ROS/ROS_25/colcon_ws/install/turtlebot3_msgs/include/turtlebot3_msgs/turtlebot3_msgs/msg/detail/version_info__rosidl_typesupport_fastrtps_c.h
[8.232s] -- Up-to-date: /home/ros25/ROS/ROS_25/colcon_ws/install/turtlebot3_msgs/include/turtlebot3_msgs/turtlebot3_msgs/msg/rosidl_typesupport_fastrtps_c__visibility_control.h
[8.232s] -- Up-to-date: /home/ros25/ROS/ROS_25/colcon_ws/install/turtlebot3_msgs/include/turtlebot3_msgs/turtlebot3_msgs/srv
[8.232s] -- Up-to-date: /home/ros25/ROS/ROS_25/colcon_ws/install/turtlebot3_msgs/include/turtlebot3_msgs/turtlebot3_msgs/srv/detail
[8.232s] -- Up-to-date: /home/ros25/ROS/ROS_25/colcon_ws/install/turtlebot3_msgs/include/turtlebot3_msgs/turtlebot3_msgs/srv/detail/dqn__rosidl_typesupport_fastrtps_c.h
[8.232s] -- Up-to-date: /home/ros25/ROS/ROS_25/colcon_ws/install/turtlebot3_msgs/include/turtlebot3_msgs/turtlebot3_msgs/srv/detail/goal__rosidl_typesupport_fastrtps_c.h
[8.232s] -- Up-to-date: /home/ros25/ROS/ROS_25/colcon_ws/install/turtlebot3_msgs/include/turtlebot3_msgs/turtlebot3_msgs/srv/detail/sound__rosidl_typesupport_fastrtps_c.h
[8.232s] -- Up-to-date: /home/ros25/ROS/ROS_25/colcon_ws/install/turtlebot3_msgs/lib/libturtlebot3_msgs__rosidl_typesupport_fastrtps_c.so
[8.232s] -- Up-to-date: /home/ros25/ROS/ROS_25/colcon_ws/install/turtlebot3_msgs/include/turtlebot3_msgs/turtlebot3_msgs
[8.232s] -- Up-to-date: /home/ros25/ROS/ROS_25/colcon_ws/install/turtlebot3_msgs/include/turtlebot3_msgs/turtlebot3_msgs/action
[8.232s] -- Up-to-date: /home/ros25/ROS/ROS_25/colcon_ws/install/turtlebot3_msgs/include/turtlebot3_msgs/turtlebot3_msgs/action/patrol.hpp
[8.232s] -- Up-to-date: /home/ros25/ROS/ROS_25/colcon_ws/install/turtlebot3_msgs/include/turtlebot3_msgs/turtlebot3_msgs/action/detail
[8.232s] -- Up-to-date: /home/ros25/ROS/ROS_25/colcon_ws/install/turtlebot3_msgs/include/turtlebot3_msgs/turtlebot3_msgs/action/detail/patrol__type_support.hpp
[8.232s] -- Up-to-date: /home/ros25/ROS/ROS_25/colcon_ws/install/turtlebot3_msgs/include/turtlebot3_msgs/turtlebot3_msgs/action/detail/patrol__traits.hpp
[8.232s] -- Up-to-date: /home/ros25/ROS/ROS_25/colcon_ws/install/turtlebot3_msgs/include/turtlebot3_msgs/turtlebot3_msgs/action/detail/patrol__builder.hpp
[8.232s] -- Up-to-date: /home/ros25/ROS/ROS_25/colcon_ws/install/turtlebot3_msgs/include/turtlebot3_msgs/turtlebot3_msgs/action/detail/patrol__struct.hpp
[8.232s] -- Up-to-date: /home/ros25/ROS/ROS_25/colcon_ws/install/turtlebot3_msgs/include/turtlebot3_msgs/turtlebot3_msgs/msg
[8.232s] -- Up-to-date: /home/ros25/ROS/ROS_25/colcon_ws/install/turtlebot3_msgs/include/turtlebot3_msgs/turtlebot3_msgs/msg/sensor_state.hpp
[8.233s] -- Up-to-date: /home/ros25/ROS/ROS_25/colcon_ws/install/turtlebot3_msgs/include/turtlebot3_msgs/turtlebot3_msgs/msg/detail
[8.233s] -- Up-to-date: /home/ros25/ROS/ROS_25/colcon_ws/install/turtlebot3_msgs/include/turtlebot3_msgs/turtlebot3_msgs/msg/detail/sound__struct.hpp
[8.233s] -- Up-to-date: /home/ros25/ROS/ROS_25/colcon_ws/install/turtlebot3_msgs/include/turtlebot3_msgs/turtlebot3_msgs/msg/detail/sensor_state__builder.hpp
[8.245s] -- Up-to-date: /home/ros25/ROS/ROS_25/colcon_ws/install/turtlebot3_msgs/include/turtlebot3_msgs/turtlebot3_msgs/msg/detail/sensor_state__type_support.hpp
[8.245s] -- Up-to-date: /home/ros25/ROS/ROS_25/colcon_ws/install/turtlebot3_msgs/include/turtlebot3_msgs/turtlebot3_msgs/msg/detail/sensor_state__traits.hpp
[8.246s] -- Up-to-date: /home/ros25/ROS/ROS_25/colcon_ws/install/turtlebot3_msgs/include/turtlebot3_msgs/turtlebot3_msgs/msg/detail/sound__builder.hpp
[8.254s] -- Up-to-date: /home/ros25/ROS/ROS_25/colcon_ws/install/turtlebot3_msgs/include/turtlebot3_msgs/turtlebot3_msgs/msg/detail/version_info__struct.hpp
[8.254s] -- Up-to-date: /home/ros25/ROS/ROS_25/colcon_ws/install/turtlebot3_msgs/include/turtlebot3_msgs/turtlebot3_msgs/msg/detail/version_info__traits.hpp
[8.254s] -- Up-to-date: /home/ros25/ROS/ROS_25/colcon_ws/install/turtlebot3_msgs/include/turtlebot3_msgs/turtlebot3_msgs/msg/detail/sound__traits.hpp
[8.254s] -- Up-to-date: /home/ros25/ROS/ROS_25/colcon_ws/install/turtlebot3_msgs/include/turtlebot3_msgs/turtlebot3_msgs/msg/detail/version_info__builder.hpp
[8.255s] -- Up-to-date: /home/ros25/ROS/ROS_25/colcon_ws/install/turtlebot3_msgs/include/turtlebot3_msgs/turtlebot3_msgs/msg/detail/sensor_state__struct.hpp
[8.255s] -- Up-to-date: /home/ros25/ROS/ROS_25/colcon_ws/install/turtlebot3_msgs/include/turtlebot3_msgs/turtlebot3_msgs/msg/detail/version_info__type_support.hpp
[8.260s] -- Up-to-date: /home/ros25/ROS/ROS_25/colcon_ws/install/turtlebot3_msgs/include/turtlebot3_msgs/turtlebot3_msgs/msg/detail/sound__type_support.hpp
[8.260s] -- Up-to-date: /home/ros25/ROS/ROS_25/colcon_ws/install/turtlebot3_msgs/include/turtlebot3_msgs/turtlebot3_msgs/msg/rosidl_generator_cpp__visibility_control.hpp
[8.260s] -- Up-to-date: /home/ros25/ROS/ROS_25/colcon_ws/install/turtlebot3_msgs/include/turtlebot3_msgs/turtlebot3_msgs/msg/sound.hpp
[8.260s] -- Up-to-date: /home/ros25/ROS/ROS_25/colcon_ws/install/turtlebot3_msgs/include/turtlebot3_msgs/turtlebot3_msgs/msg/version_info.hpp
[8.260s] -- Up-to-date: /home/ros25/ROS/ROS_25/colcon_ws/install/turtlebot3_msgs/include/turtlebot3_msgs/turtlebot3_msgs/srv
[8.260s] -- Up-to-date: /home/ros25/ROS/ROS_25/colcon_ws/install/turtlebot3_msgs/include/turtlebot3_msgs/turtlebot3_msgs/srv/goal.hpp
[8.261s] -- Up-to-date: /home/ros25/ROS/ROS_25/colcon_ws/install/turtlebot3_msgs/include/turtlebot3_msgs/turtlebot3_msgs/srv/detail
[8.268s] -- Up-to-date: /home/ros25/ROS/ROS_25/colcon_ws/install/turtlebot3_msgs/include/turtlebot3_msgs/turtlebot3_msgs/srv/detail/sound__struct.hpp
[8.268s] -- Up-to-date: /home/ros25/ROS/ROS_25/colcon_ws/install/turtlebot3_msgs/include/turtlebot3_msgs/turtlebot3_msgs/srv/detail/dqn__traits.hpp
[8.269s] -- Up-to-date: /home/ros25/ROS/ROS_25/colcon_ws/install/turtlebot3_msgs/include/turtlebot3_msgs/turtlebot3_msgs/srv/detail/dqn__builder.hpp
[8.273s] -- Up-to-date: /home/ros25/ROS/ROS_25/colcon_ws/install/turtlebot3_msgs/include/turtlebot3_msgs/turtlebot3_msgs/srv/detail/sound__builder.hpp
[8.273s] -- Up-to-date: /home/ros25/ROS/ROS_25/colcon_ws/install/turtlebot3_msgs/include/turtlebot3_msgs/turtlebot3_msgs/srv/detail/goal__traits.hpp
[8.273s] -- Up-to-date: /home/ros25/ROS/ROS_25/colcon_ws/install/turtlebot3_msgs/include/turtlebot3_msgs/turtlebot3_msgs/srv/detail/dqn__type_support.hpp
[8.274s] -- Up-to-date: /home/ros25/ROS/ROS_25/colcon_ws/install/turtlebot3_msgs/include/turtlebot3_msgs/turtlebot3_msgs/srv/detail/goal__type_support.hpp
[8.281s] -- Up-to-date: /home/ros25/ROS/ROS_25/colcon_ws/install/turtlebot3_msgs/include/turtlebot3_msgs/turtlebot3_msgs/srv/detail/sound__traits.hpp
[8.281s] -- Up-to-date: /home/ros25/ROS/ROS_25/colcon_ws/install/turtlebot3_msgs/include/turtlebot3_msgs/turtlebot3_msgs/srv/detail/dqn__struct.hpp
[8.281s] -- Up-to-date: /home/ros25/ROS/ROS_25/colcon_ws/install/turtlebot3_msgs/include/turtlebot3_msgs/turtlebot3_msgs/srv/detail/sound__type_support.hpp
[8.281s] -- Up-to-date: /home/ros25/ROS/ROS_25/colcon_ws/install/turtlebot3_msgs/include/turtlebot3_msgs/turtlebot3_msgs/srv/detail/goal__builder.hpp
[8.282s] -- Up-to-date: /home/ros25/ROS/ROS_25/colcon_ws/install/turtlebot3_msgs/include/turtlebot3_msgs/turtlebot3_msgs/srv/detail/goal__struct.hpp
[8.282s] -- Up-to-date: /home/ros25/ROS/ROS_25/colcon_ws/install/turtlebot3_msgs/include/turtlebot3_msgs/turtlebot3_msgs/srv/dqn.hpp
[8.291s] -- Up-to-date: /home/ros25/ROS/ROS_25/colcon_ws/install/turtlebot3_msgs/include/turtlebot3_msgs/turtlebot3_msgs/srv/sound.hpp
[8.292s] -- Up-to-date: /home/ros25/ROS/ROS_25/colcon_ws/install/turtlebot3_msgs/include/turtlebot3_msgs/turtlebot3_msgs
[8.292s] -- Up-to-date: /home/ros25/ROS/ROS_25/colcon_ws/install/turtlebot3_msgs/include/turtlebot3_msgs/turtlebot3_msgs/action
[8.292s] -- Up-to-date: /home/ros25/ROS/ROS_25/colcon_ws/install/turtlebot3_msgs/include/turtlebot3_msgs/turtlebot3_msgs/action/detail
[8.292s] -- Up-to-date: /home/ros25/ROS/ROS_25/colcon_ws/install/turtlebot3_msgs/include/turtlebot3_msgs/turtlebot3_msgs/action/detail/patrol__rosidl_typesupport_fastrtps_cpp.hpp
[8.292s] -- Up-to-date: /home/ros25/ROS/ROS_25/colcon_ws/install/turtlebot3_msgs/include/turtlebot3_msgs/turtlebot3_msgs/action/detail/dds_fastrtps
[8.292s] -- Up-to-date: /home/ros25/ROS/ROS_25/colcon_ws/install/turtlebot3_msgs/include/turtlebot3_msgs/turtlebot3_msgs/msg
[8.293s] -- Up-to-date: /home/ros25/ROS/ROS_25/colcon_ws/install/turtlebot3_msgs/include/turtlebot3_msgs/turtlebot3_msgs/msg/detail
[8.302s] -- Up-to-date: /home/ros25/ROS/ROS_25/colcon_ws/install/turtlebot3_msgs/include/turtlebot3_msgs/turtlebot3_msgs/msg/detail/sensor_state__rosidl_typesupport_fastrtps_cpp.hpp
[8.303s] -- Up-to-date: /home/ros25/ROS/ROS_25/colcon_ws/install/turtlebot3_msgs/include/turtlebot3_msgs/turtlebot3_msgs/msg/detail/version_info__rosidl_typesupport_fastrtps_cpp.hpp
[8.303s] -- Up-to-date: /home/ros25/ROS/ROS_25/colcon_ws/install/turtlebot3_msgs/include/turtlebot3_msgs/turtlebot3_msgs/msg/detail/sound__rosidl_typesupport_fastrtps_cpp.hpp
[8.304s] -- Up-to-date: /home/ros25/ROS/ROS_25/colcon_ws/install/turtlebot3_msgs/include/turtlebot3_msgs/turtlebot3_msgs/msg/detail/dds_fastrtps
[8.304s] -- Up-to-date: /home/ros25/ROS/ROS_25/colcon_ws/install/turtlebot3_msgs/include/turtlebot3_msgs/turtlebot3_msgs/msg/rosidl_typesupport_fastrtps_cpp__visibility_control.h
[8.304s] -- Up-to-date: /home/ros25/ROS/ROS_25/colcon_ws/install/turtlebot3_msgs/include/turtlebot3_msgs/turtlebot3_msgs/srv
[8.304s] -- Up-to-date: /home/ros25/ROS/ROS_25/colcon_ws/install/turtlebot3_msgs/include/turtlebot3_msgs/turtlebot3_msgs/srv/detail
[8.304s] -- Up-to-date: /home/ros25/ROS/ROS_25/colcon_ws/install/turtlebot3_msgs/include/turtlebot3_msgs/turtlebot3_msgs/srv/detail/dqn__rosidl_typesupport_fastrtps_cpp.hpp
[8.304s] -- Up-to-date: /home/ros25/ROS/ROS_25/colcon_ws/install/turtlebot3_msgs/include/turtlebot3_msgs/turtlebot3_msgs/srv/detail/sound__rosidl_typesupport_fastrtps_cpp.hpp
[8.304s] -- Up-to-date: /home/ros25/ROS/ROS_25/colcon_ws/install/turtlebot3_msgs/include/turtlebot3_msgs/turtlebot3_msgs/srv/detail/dds_fastrtps
[8.305s] -- Up-to-date: /home/ros25/ROS/ROS_25/colcon_ws/install/turtlebot3_msgs/include/turtlebot3_msgs/turtlebot3_msgs/srv/detail/goal__rosidl_typesupport_fastrtps_cpp.hpp
[8.305s] -- Up-to-date: /home/ros25/ROS/ROS_25/colcon_ws/install/turtlebot3_msgs/lib/libturtlebot3_msgs__rosidl_typesupport_fastrtps_cpp.so
[8.316s] -- Up-to-date: /home/ros25/ROS/ROS_25/colcon_ws/install/turtlebot3_msgs/include/turtlebot3_msgs/turtlebot3_msgs
[8.316s] -- Up-to-date: /home/ros25/ROS/ROS_25/colcon_ws/install/turtlebot3_msgs/include/turtlebot3_msgs/turtlebot3_msgs/action
[8.316s] -- Up-to-date: /home/ros25/ROS/ROS_25/colcon_ws/install/turtlebot3_msgs/include/turtlebot3_msgs/turtlebot3_msgs/action/detail
[8.317s] -- Up-to-date: /home/ros25/ROS/ROS_25/colcon_ws/install/turtlebot3_msgs/include/turtlebot3_msgs/turtlebot3_msgs/action/detail/patrol__type_support.c
[8.317s] -- Up-to-date: /home/ros25/ROS/ROS_25/colcon_ws/install/turtlebot3_msgs/include/turtlebot3_msgs/turtlebot3_msgs/action/detail/patrol__rosidl_typesupport_introspection_c.h
[8.317s] -- Up-to-date: /home/ros25/ROS/ROS_25/colcon_ws/install/turtlebot3_msgs/include/turtlebot3_msgs/turtlebot3_msgs/msg
[8.317s] -- Up-to-date: /home/ros25/ROS/ROS_25/colcon_ws/install/turtlebot3_msgs/include/turtlebot3_msgs/turtlebot3_msgs/msg/rosidl_typesupport_introspection_c__visibility_control.h
[8.317s] -- Up-to-date: /home/ros25/ROS/ROS_25/colcon_ws/install/turtlebot3_msgs/include/turtlebot3_msgs/turtlebot3_msgs/msg/detail
[8.317s] -- Up-to-date: /home/ros25/ROS/ROS_25/colcon_ws/install/turtlebot3_msgs/include/turtlebot3_msgs/turtlebot3_msgs/msg/detail/version_info__rosidl_typesupport_introspection_c.h
[8.317s] -- Up-to-date: /home/ros25/ROS/ROS_25/colcon_ws/install/turtlebot3_msgs/include/turtlebot3_msgs/turtlebot3_msgs/msg/detail/sensor_state__rosidl_typesupport_introspection_c.h
[8.317s] -- Up-to-date: /home/ros25/ROS/ROS_25/colcon_ws/install/turtlebot3_msgs/include/turtlebot3_msgs/turtlebot3_msgs/msg/detail/sound__rosidl_typesupport_introspection_c.h
[8.317s] -- Up-to-date: /home/ros25/ROS/ROS_25/colcon_ws/install/turtlebot3_msgs/include/turtlebot3_msgs/turtlebot3_msgs/msg/detail/sound__type_support.c
[8.318s] -- Up-to-date: /home/ros25/ROS/ROS_25/colcon_ws/install/turtlebot3_msgs/include/turtlebot3_msgs/turtlebot3_msgs/msg/detail/version_info__type_support.c
[8.327s] -- Up-to-date: /home/ros25/ROS/ROS_25/colcon_ws/install/turtlebot3_msgs/include/turtlebot3_msgs/turtlebot3_msgs/msg/detail/sensor_state__type_support.c
[8.328s] -- Up-to-date: /home/ros25/ROS/ROS_25/colcon_ws/install/turtlebot3_msgs/include/turtlebot3_msgs/turtlebot3_msgs/srv
[8.328s] -- Up-to-date: /home/ros25/ROS/ROS_25/colcon_ws/install/turtlebot3_msgs/include/turtlebot3_msgs/turtlebot3_msgs/srv/detail
[8.328s] -- Up-to-date: /home/ros25/ROS/ROS_25/colcon_ws/install/turtlebot3_msgs/include/turtlebot3_msgs/turtlebot3_msgs/srv/detail/goal__type_support.c
[8.328s] -- Up-to-date: /home/ros25/ROS/ROS_25/colcon_ws/install/turtlebot3_msgs/include/turtlebot3_msgs/turtlebot3_msgs/srv/detail/dqn__type_support.c
[8.329s] -- Up-to-date: /home/ros25/ROS/ROS_25/colcon_ws/install/turtlebot3_msgs/include/turtlebot3_msgs/turtlebot3_msgs/srv/detail/goal__rosidl_typesupport_introspection_c.h
[8.329s] -- Up-to-date: /home/ros25/ROS/ROS_25/colcon_ws/install/turtlebot3_msgs/include/turtlebot3_msgs/turtlebot3_msgs/srv/detail/sound__rosidl_typesupport_introspection_c.h
[8.339s] -- Up-to-date: /home/ros25/ROS/ROS_25/colcon_ws/install/turtlebot3_msgs/include/turtlebot3_msgs/turtlebot3_msgs/srv/detail/sound__type_support.c
[8.339s] -- Up-to-date: /home/ros25/ROS/ROS_25/colcon_ws/install/turtlebot3_msgs/include/turtlebot3_msgs/turtlebot3_msgs/srv/detail/dqn__rosidl_typesupport_introspection_c.h
[8.339s] -- Up-to-date: /home/ros25/ROS/ROS_25/colcon_ws/install/turtlebot3_msgs/lib/libturtlebot3_msgs__rosidl_typesupport_introspection_c.so
[8.339s] -- Up-to-date: /home/ros25/ROS/ROS_25/colcon_ws/install/turtlebot3_msgs/lib/libturtlebot3_msgs__rosidl_typesupport_c.so
[8.339s] -- Up-to-date: /home/ros25/ROS/ROS_25/colcon_ws/install/turtlebot3_msgs/include/turtlebot3_msgs/turtlebot3_msgs
[8.339s] -- Up-to-date: /home/ros25/ROS/ROS_25/colcon_ws/install/turtlebot3_msgs/include/turtlebot3_msgs/turtlebot3_msgs/action
[8.339s] -- Up-to-date: /home/ros25/ROS/ROS_25/colcon_ws/install/turtlebot3_msgs/include/turtlebot3_msgs/turtlebot3_msgs/action/detail
[8.339s] -- Up-to-date: /home/ros25/ROS/ROS_25/colcon_ws/install/turtlebot3_msgs/include/turtlebot3_msgs/turtlebot3_msgs/action/detail/patrol__rosidl_typesupport_introspection_cpp.hpp
[8.339s] -- Up-to-date: /home/ros25/ROS/ROS_25/colcon_ws/install/turtlebot3_msgs/include/turtlebot3_msgs/turtlebot3_msgs/action/detail/patrol__type_support.cpp
[8.339s] -- Up-to-date: /home/ros25/ROS/ROS_25/colcon_ws/install/turtlebot3_msgs/include/turtlebot3_msgs/turtlebot3_msgs/msg
[8.339s] -- Up-to-date: /home/ros25/ROS/ROS_25/colcon_ws/install/turtlebot3_msgs/include/turtlebot3_msgs/turtlebot3_msgs/msg/detail
[8.340s] -- Up-to-date: /home/ros25/ROS/ROS_25/colcon_ws/install/turtlebot3_msgs/include/turtlebot3_msgs/turtlebot3_msgs/msg/detail/version_info__type_support.cpp
[8.340s] -- Up-to-date: /home/ros25/ROS/ROS_25/colcon_ws/install/turtlebot3_msgs/include/turtlebot3_msgs/turtlebot3_msgs/msg/detail/sound__type_support.cpp
[8.340s] -- Up-to-date: /home/ros25/ROS/ROS_25/colcon_ws/install/turtlebot3_msgs/include/turtlebot3_msgs/turtlebot3_msgs/msg/detail/sensor_state__type_support.cpp
[8.340s] -- Up-to-date: /home/ros25/ROS/ROS_25/colcon_ws/install/turtlebot3_msgs/include/turtlebot3_msgs/turtlebot3_msgs/msg/detail/version_info__rosidl_typesupport_introspection_cpp.hpp
[8.340s] -- Up-to-date: /home/ros25/ROS/ROS_25/colcon_ws/install/turtlebot3_msgs/include/turtlebot3_msgs/turtlebot3_msgs/msg/detail/sound__rosidl_typesupport_introspection_cpp.hpp
[8.340s] -- Up-to-date: /home/ros25/ROS/ROS_25/colcon_ws/install/turtlebot3_msgs/include/turtlebot3_msgs/turtlebot3_msgs/msg/detail/sensor_state__rosidl_typesupport_introspection_cpp.hpp
[8.340s] -- Up-to-date: /home/ros25/ROS/ROS_25/colcon_ws/install/turtlebot3_msgs/include/turtlebot3_msgs/turtlebot3_msgs/srv
[8.340s] -- Up-to-date: /home/ros25/ROS/ROS_25/colcon_ws/install/turtlebot3_msgs/include/turtlebot3_msgs/turtlebot3_msgs/srv/detail
[8.340s] -- Up-to-date: /home/ros25/ROS/ROS_25/colcon_ws/install/turtlebot3_msgs/include/turtlebot3_msgs/turtlebot3_msgs/srv/detail/goal__type_support.cpp
[8.340s] -- Up-to-date: /home/ros25/ROS/ROS_25/colcon_ws/install/turtlebot3_msgs/include/turtlebot3_msgs/turtlebot3_msgs/srv/detail/sound__type_support.cpp
[8.340s] -- Up-to-date: /home/ros25/ROS/ROS_25/colcon_ws/install/turtlebot3_msgs/include/turtlebot3_msgs/turtlebot3_msgs/srv/detail/dqn__rosidl_typesupport_introspection_cpp.hpp
[8.340s] -- Up-to-date: /home/ros25/ROS/ROS_25/colcon_ws/install/turtlebot3_msgs/include/turtlebot3_msgs/turtlebot3_msgs/srv/detail/sound__rosidl_typesupport_introspection_cpp.hpp
[8.340s] -- Up-to-date: /home/ros25/ROS/ROS_25/colcon_ws/install/turtlebot3_msgs/include/turtlebot3_msgs/turtlebot3_msgs/srv/detail/dqn__type_support.cpp
[8.340s] -- Up-to-date: /home/ros25/ROS/ROS_25/colcon_ws/install/turtlebot3_msgs/include/turtlebot3_msgs/turtlebot3_msgs/srv/detail/goal__rosidl_typesupport_introspection_cpp.hpp
[8.340s] -- Up-to-date: /home/ros25/ROS/ROS_25/colcon_ws/install/turtlebot3_msgs/lib/libturtlebot3_msgs__rosidl_typesupport_introspection_cpp.so
[8.340s] -- Up-to-date: /home/ros25/ROS/ROS_25/colcon_ws/install/turtlebot3_msgs/lib/libturtlebot3_msgs__rosidl_typesupport_cpp.so
[8.340s] -- Up-to-date: /home/ros25/ROS/ROS_25/colcon_ws/install/turtlebot3_msgs/share/turtlebot3_msgs/environment/pythonpath.sh
[8.341s] -- Up-to-date: /home/ros25/ROS/ROS_25/colcon_ws/install/turtlebot3_msgs/share/turtlebot3_msgs/environment/pythonpath.dsv
[8.341s] -- Up-to-date: /home/ros25/ROS/ROS_25/colcon_ws/install/turtlebot3_msgs/local/lib/python3.10/dist-packages/turtlebot3_msgs-2.4.0-py3.10.egg-info
[8.354s] -- Installing: /home/ros25/ROS/ROS_25/colcon_ws/install/turtlebot3_msgs/local/lib/python3.10/dist-packages/turtlebot3_msgs-2.4.0-py3.10.egg-info/top_level.txt
[8.355s] -- Installing: /home/ros25/ROS/ROS_25/colcon_ws/install/turtlebot3_msgs/local/lib/python3.10/dist-packages/turtlebot3_msgs-2.4.0-py3.10.egg-info/dependency_links.txt
[8.355s] -- Installing: /home/ros25/ROS/ROS_25/colcon_ws/install/turtlebot3_msgs/local/lib/python3.10/dist-packages/turtlebot3_msgs-2.4.0-py3.10.egg-info/PKG-INFO
[8.355s] -- Installing: /home/ros25/ROS/ROS_25/colcon_ws/install/turtlebot3_msgs/local/lib/python3.10/dist-packages/turtlebot3_msgs-2.4.0-py3.10.egg-info/SOURCES.txt
[8.355s] -- Up-to-date: /home/ros25/ROS/ROS_25/colcon_ws/install/turtlebot3_msgs/local/lib/python3.10/dist-packages/turtlebot3_msgs
[8.355s] -- Up-to-date: /home/ros25/ROS/ROS_25/colcon_ws/install/turtlebot3_msgs/local/lib/python3.10/dist-packages/turtlebot3_msgs/turtlebot3_msgs_s__rosidl_typesupport_fastrtps_c.cpython-310-x86_64-linux-gnu.so
[8.355s] -- Up-to-date: /home/ros25/ROS/ROS_25/colcon_ws/install/turtlebot3_msgs/local/lib/python3.10/dist-packages/turtlebot3_msgs/libturtlebot3_msgs__rosidl_generator_py.so
[8.356s] -- Up-to-date: /home/ros25/ROS/ROS_25/colcon_ws/install/turtlebot3_msgs/local/lib/python3.10/dist-packages/turtlebot3_msgs/_turtlebot3_msgs_s.ep.rosidl_typesupport_c.c
[8.365s] -- Up-to-date: /home/ros25/ROS/ROS_25/colcon_ws/install/turtlebot3_msgs/local/lib/python3.10/dist-packages/turtlebot3_msgs/action
[8.366s] -- Up-to-date: /home/ros25/ROS/ROS_25/colcon_ws/install/turtlebot3_msgs/local/lib/python3.10/dist-packages/turtlebot3_msgs/action/_patrol.py
[8.366s] -- Up-to-date: /home/ros25/ROS/ROS_25/colcon_ws/install/turtlebot3_msgs/local/lib/python3.10/dist-packages/turtlebot3_msgs/action/_patrol_s.c
[8.366s] -- Up-to-date: /home/ros25/ROS/ROS_25/colcon_ws/install/turtlebot3_msgs/local/lib/python3.10/dist-packages/turtlebot3_msgs/action/__init__.py
[8.366s] -- Up-to-date: /home/ros25/ROS/ROS_25/colcon_ws/install/turtlebot3_msgs/local/lib/python3.10/dist-packages/turtlebot3_msgs/_turtlebot3_msgs_s.ep.rosidl_typesupport_fastrtps_c.c
[8.367s] -- Up-to-date: /home/ros25/ROS/ROS_25/colcon_ws/install/turtlebot3_msgs/local/lib/python3.10/dist-packages/turtlebot3_msgs/msg
[8.375s] -- Up-to-date: /home/ros25/ROS/ROS_25/colcon_ws/install/turtlebot3_msgs/local/lib/python3.10/dist-packages/turtlebot3_msgs/msg/_sound_s.c
[8.375s] -- Up-to-date: /home/ros25/ROS/ROS_25/colcon_ws/install/turtlebot3_msgs/local/lib/python3.10/dist-packages/turtlebot3_msgs/msg/_sensor_state.py
[8.375s] -- Up-to-date: /home/ros25/ROS/ROS_25/colcon_ws/install/turtlebot3_msgs/local/lib/python3.10/dist-packages/turtlebot3_msgs/msg/_sensor_state_s.c
[8.375s] -- Up-to-date: /home/ros25/ROS/ROS_25/colcon_ws/install/turtlebot3_msgs/local/lib/python3.10/dist-packages/turtlebot3_msgs/msg/_version_info.py
[8.375s] -- Up-to-date: /home/ros25/ROS/ROS_25/colcon_ws/install/turtlebot3_msgs/local/lib/python3.10/dist-packages/turtlebot3_msgs/msg/_sound.py
[8.376s] -- Up-to-date: /home/ros25/ROS/ROS_25/colcon_ws/install/turtlebot3_msgs/local/lib/python3.10/dist-packages/turtlebot3_msgs/msg/_version_info_s.c
[8.376s] -- Up-to-date: /home/ros25/ROS/ROS_25/colcon_ws/install/turtlebot3_msgs/local/lib/python3.10/dist-packages/turtlebot3_msgs/msg/__init__.py
[8.376s] -- Up-to-date: /home/ros25/ROS/ROS_25/colcon_ws/install/turtlebot3_msgs/local/lib/python3.10/dist-packages/turtlebot3_msgs/__init__.py
[8.376s] -- Up-to-date: /home/ros25/ROS/ROS_25/colcon_ws/install/turtlebot3_msgs/local/lib/python3.10/dist-packages/turtlebot3_msgs/turtlebot3_msgs_s__rosidl_typesupport_c.cpython-310-x86_64-linux-gnu.so
[8.376s] -- Up-to-date: /home/ros25/ROS/ROS_25/colcon_ws/install/turtlebot3_msgs/local/lib/python3.10/dist-packages/turtlebot3_msgs/srv
[8.390s] -- Up-to-date: /home/ros25/ROS/ROS_25/colcon_ws/install/turtlebot3_msgs/local/lib/python3.10/dist-packages/turtlebot3_msgs/srv/_sound_s.c
[8.390s] -- Up-to-date: /home/ros25/ROS/ROS_25/colcon_ws/install/turtlebot3_msgs/local/lib/python3.10/dist-packages/turtlebot3_msgs/srv/_dqn_s.c
[8.391s] -- Up-to-date: /home/ros25/ROS/ROS_25/colcon_ws/install/turtlebot3_msgs/local/lib/python3.10/dist-packages/turtlebot3_msgs/srv/_sound.py
[8.391s] -- Up-to-date: /home/ros25/ROS/ROS_25/colcon_ws/install/turtlebot3_msgs/local/lib/python3.10/dist-packages/turtlebot3_msgs/srv/_goal_s.c
[8.391s] -- Up-to-date: /home/ros25/ROS/ROS_25/colcon_ws/install/turtlebot3_msgs/local/lib/python3.10/dist-packages/turtlebot3_msgs/srv/__init__.py
[8.391s] -- Up-to-date: /home/ros25/ROS/ROS_25/colcon_ws/install/turtlebot3_msgs/local/lib/python3.10/dist-packages/turtlebot3_msgs/srv/_goal.py
[8.391s] -- Up-to-date: /home/ros25/ROS/ROS_25/colcon_ws/install/turtlebot3_msgs/local/lib/python3.10/dist-packages/turtlebot3_msgs/srv/_dqn.py
[8.391s] -- Up-to-date: /home/ros25/ROS/ROS_25/colcon_ws/install/turtlebot3_msgs/local/lib/python3.10/dist-packages/turtlebot3_msgs/turtlebot3_msgs_s__rosidl_typesupport_introspection_c.cpython-310-x86_64-linux-gnu.so
[8.391s] -- Up-to-date: /home/ros25/ROS/ROS_25/colcon_ws/install/turtlebot3_msgs/local/lib/python3.10/dist-packages/turtlebot3_msgs/_turtlebot3_msgs_s.ep.rosidl_typesupport_introspection_c.c
[8.763s] Listing '/home/ros25/ROS/ROS_25/colcon_ws/install/turtlebot3_msgs/local/lib/python3.10/dist-packages/turtlebot3_msgs'...
[8.767s] Listing '/home/ros25/ROS/ROS_25/colcon_ws/install/turtlebot3_msgs/local/lib/python3.10/dist-packages/turtlebot3_msgs/action'...
[8.768s] Listing '/home/ros25/ROS/ROS_25/colcon_ws/install/turtlebot3_msgs/local/lib/python3.10/dist-packages/turtlebot3_msgs/msg'...
[8.770s] Listing '/home/ros25/ROS/ROS_25/colcon_ws/install/turtlebot3_msgs/local/lib/python3.10/dist-packages/turtlebot3_msgs/srv'...
[8.829s] -- Up-to-date: /home/ros25/ROS/ROS_25/colcon_ws/install/turtlebot3_msgs/local/lib/python3.10/dist-packages/turtlebot3_msgs/turtlebot3_msgs_s__rosidl_typesupport_fastrtps_c.cpython-310-x86_64-linux-gnu.so
[8.838s] -- Up-to-date: /home/ros25/ROS/ROS_25/colcon_ws/install/turtlebot3_msgs/local/lib/python3.10/dist-packages/turtlebot3_msgs/turtlebot3_msgs_s__rosidl_typesupport_introspection_c.cpython-310-x86_64-linux-gnu.so
[8.839s] -- Up-to-date: /home/ros25/ROS/ROS_25/colcon_ws/install/turtlebot3_msgs/local/lib/python3.10/dist-packages/turtlebot3_msgs/turtlebot3_msgs_s__rosidl_typesupport_c.cpython-310-x86_64-linux-gnu.so
[8.839s] -- Up-to-date: /home/ros25/ROS/ROS_25/colcon_ws/install/turtlebot3_msgs/lib/libturtlebot3_msgs__rosidl_generator_py.so
[8.839s] -- Up-to-date: /home/ros25/ROS/ROS_25/colcon_ws/install/turtlebot3_msgs/share/turtlebot3_msgs/msg/SensorState.idl
[8.839s] -- Up-to-date: /home/ros25/ROS/ROS_25/colcon_ws/install/turtlebot3_msgs/share/turtlebot3_msgs/msg/Sound.idl
[8.839s] -- Up-to-date: /home/ros25/ROS/ROS_25/colcon_ws/install/turtlebot3_msgs/share/turtlebot3_msgs/msg/VersionInfo.idl
[8.849s] -- Up-to-date: /home/ros25/ROS/ROS_25/colcon_ws/install/turtlebot3_msgs/share/turtlebot3_msgs/srv/Sound.idl
[8.850s] -- Up-to-date: /home/ros25/ROS/ROS_25/colcon_ws/install/turtlebot3_msgs/share/turtlebot3_msgs/srv/Dqn.idl
[8.850s] -- Up-to-date: /home/ros25/ROS/ROS_25/colcon_ws/install/turtlebot3_msgs/share/turtlebot3_msgs/srv/Goal.idl
[8.852s] -- Up-to-date: /home/ros25/ROS/ROS_25/colcon_ws/install/turtlebot3_msgs/share/turtlebot3_msgs/action/Patrol.idl
[8.852s] -- Up-to-date: /home/ros25/ROS/ROS_25/colcon_ws/install/turtlebot3_msgs/share/turtlebot3_msgs/msg/SensorState.msg
[8.853s] -- Up-to-date: /home/ros25/ROS/ROS_25/colcon_ws/install/turtlebot3_msgs/share/turtlebot3_msgs/msg/Sound.msg
[8.853s] -- Up-to-date: /home/ros25/ROS/ROS_25/colcon_ws/install/turtlebot3_msgs/share/turtlebot3_msgs/msg/VersionInfo.msg
[8.853s] -- Up-to-date: /home/ros25/ROS/ROS_25/colcon_ws/install/turtlebot3_msgs/share/turtlebot3_msgs/srv/Sound.srv
[8.853s] -- Up-to-date: /home/ros25/ROS/ROS_25/colcon_ws/install/turtlebot3_msgs/share/turtlebot3_msgs/srv/Sound_Request.msg
[8.853s] -- Up-to-date: /home/ros25/ROS/ROS_25/colcon_ws/install/turtlebot3_msgs/share/turtlebot3_msgs/srv/Sound_Response.msg
[8.853s] -- Up-to-date: /home/ros25/ROS/ROS_25/colcon_ws/install/turtlebot3_msgs/share/turtlebot3_msgs/srv/Dqn.srv
[8.853s] -- Up-to-date: /home/ros25/ROS/ROS_25/colcon_ws/install/turtlebot3_msgs/share/turtlebot3_msgs/srv/Dqn_Request.msg
[8.853s] -- Up-to-date: /home/ros25/ROS/ROS_25/colcon_ws/install/turtlebot3_msgs/share/turtlebot3_msgs/srv/Dqn_Response.msg
[8.854s] -- Up-to-date: /home/ros25/ROS/ROS_25/colcon_ws/install/turtlebot3_msgs/share/turtlebot3_msgs/srv/Goal.srv
[8.854s] -- Up-to-date: /home/ros25/ROS/ROS_25/colcon_ws/install/turtlebot3_msgs/share/turtlebot3_msgs/srv/Goal_Request.msg
[8.866s] -- Up-to-date: /home/ros25/ROS/ROS_25/colcon_ws/install/turtlebot3_msgs/share/turtlebot3_msgs/srv/Goal_Response.msg
[8.866s] -- Up-to-date: /home/ros25/ROS/ROS_25/colcon_ws/install/turtlebot3_msgs/share/turtlebot3_msgs/action/Patrol.action
[8.866s] -- Up-to-date: /home/ros25/ROS/ROS_25/colcon_ws/install/turtlebot3_msgs/share/ament_index/resource_index/package_run_dependencies/turtlebot3_msgs
[8.867s] -- Up-to-date: /home/ros25/ROS/ROS_25/colcon_ws/install/turtlebot3_msgs/share/ament_index/resource_index/parent_prefix_path/turtlebot3_msgs
[8.871s] -- Up-to-date: /home/ros25/ROS/ROS_25/colcon_ws/install/turtlebot3_msgs/share/turtlebot3_msgs/environment/ament_prefix_path.sh
[8.871s] -- Up-to-date: /home/ros25/ROS/ROS_25/colcon_ws/install/turtlebot3_msgs/share/turtlebot3_msgs/environment/ament_prefix_path.dsv
[8.872s] -- Up-to-date: /home/ros25/ROS/ROS_25/colcon_ws/install/turtlebot3_msgs/share/turtlebot3_msgs/environment/path.sh
[8.875s] -- Up-to-date: /home/ros25/ROS/ROS_25/colcon_ws/install/turtlebot3_msgs/share/turtlebot3_msgs/environment/path.dsv
[8.875s] -- Up-to-date: /home/ros25/ROS/ROS_25/colcon_ws/install/turtlebot3_msgs/share/turtlebot3_msgs/local_setup.bash
[8.875s] -- Up-to-date: /home/ros25/ROS/ROS_25/colcon_ws/install/turtlebot3_msgs/share/turtlebot3_msgs/local_setup.sh
[8.876s] -- Up-to-date: /home/ros25/ROS/ROS_25/colcon_ws/install/turtlebot3_msgs/share/turtlebot3_msgs/local_setup.zsh
[8.876s] -- Up-to-date: /home/ros25/ROS/ROS_25/colcon_ws/install/turtlebot3_msgs/share/turtlebot3_msgs/local_setup.dsv
[8.876s] -- Installing: /home/ros25/ROS/ROS_25/colcon_ws/install/turtlebot3_msgs/share/turtlebot3_msgs/package.dsv
[8.876s] -- Up-to-date: /home/ros25/ROS/ROS_25/colcon_ws/install/turtlebot3_msgs/share/ament_index/resource_index/packages/turtlebot3_msgs
[8.884s] -- Up-to-date: /home/ros25/ROS/ROS_25/colcon_ws/install/turtlebot3_msgs/share/turtlebot3_msgs/cmake/export_turtlebot3_msgs__rosidl_generator_cExport.cmake
[8.884s] -- Up-to-date: /home/ros25/ROS/ROS_25/colcon_ws/install/turtlebot3_msgs/share/turtlebot3_msgs/cmake/export_turtlebot3_msgs__rosidl_generator_cExport-noconfig.cmake
[8.885s] -- Up-to-date: /home/ros25/ROS/ROS_25/colcon_ws/install/turtlebot3_msgs/share/turtlebot3_msgs/cmake/export_turtlebot3_msgs__rosidl_typesupport_fastrtps_cExport.cmake
[8.887s] -- Up-to-date: /home/ros25/ROS/ROS_25/colcon_ws/install/turtlebot3_msgs/share/turtlebot3_msgs/cmake/export_turtlebot3_msgs__rosidl_typesupport_fastrtps_cExport-noconfig.cmake
[8.888s] -- Up-to-date: /home/ros25/ROS/ROS_25/colcon_ws/install/turtlebot3_msgs/share/turtlebot3_msgs/cmake/export_turtlebot3_msgs__rosidl_generator_cppExport.cmake
[8.888s] -- Up-to-date: /home/ros25/ROS/ROS_25/colcon_ws/install/turtlebot3_msgs/share/turtlebot3_msgs/cmake/export_turtlebot3_msgs__rosidl_typesupport_fastrtps_cppExport.cmake
[8.888s] -- Up-to-date: /home/ros25/ROS/ROS_25/colcon_ws/install/turtlebot3_msgs/share/turtlebot3_msgs/cmake/export_turtlebot3_msgs__rosidl_typesupport_fastrtps_cppExport-noconfig.cmake
[8.888s] -- Up-to-date: /home/ros25/ROS/ROS_25/colcon_ws/install/turtlebot3_msgs/share/turtlebot3_msgs/cmake/turtlebot3_msgs__rosidl_typesupport_introspection_cExport.cmake
[8.888s] -- Up-to-date: /home/ros25/ROS/ROS_25/colcon_ws/install/turtlebot3_msgs/share/turtlebot3_msgs/cmake/turtlebot3_msgs__rosidl_typesupport_introspection_cExport-noconfig.cmake
[8.888s] -- Up-to-date: /home/ros25/ROS/ROS_25/colcon_ws/install/turtlebot3_msgs/share/turtlebot3_msgs/cmake/turtlebot3_msgs__rosidl_typesupport_cExport.cmake
[8.892s] -- Up-to-date: /home/ros25/ROS/ROS_25/colcon_ws/install/turtlebot3_msgs/share/turtlebot3_msgs/cmake/turtlebot3_msgs__rosidl_typesupport_cExport-noconfig.cmake
[8.894s] -- Up-to-date: /home/ros25/ROS/ROS_25/colcon_ws/install/turtlebot3_msgs/share/turtlebot3_msgs/cmake/turtlebot3_msgs__rosidl_typesupport_introspection_cppExport.cmake
[8.894s] -- Up-to-date: /home/ros25/ROS/ROS_25/colcon_ws/install/turtlebot3_msgs/share/turtlebot3_msgs/cmake/turtlebot3_msgs__rosidl_typesupport_introspection_cppExport-noconfig.cmake
[8.894s] -- Up-to-date: /home/ros25/ROS/ROS_25/colcon_ws/install/turtlebot3_msgs/share/turtlebot3_msgs/cmake/turtlebot3_msgs__rosidl_typesupport_cppExport.cmake
[8.894s] -- Up-to-date: /home/ros25/ROS/ROS_25/colcon_ws/install/turtlebot3_msgs/share/turtlebot3_msgs/cmake/turtlebot3_msgs__rosidl_typesupport_cppExport-noconfig.cmake
[8.895s] -- Up-to-date: /home/ros25/ROS/ROS_25/colcon_ws/install/turtlebot3_msgs/share/turtlebot3_msgs/cmake/export_turtlebot3_msgs__rosidl_generator_pyExport.cmake
[8.895s] -- Up-to-date: /home/ros25/ROS/ROS_25/colcon_ws/install/turtlebot3_msgs/share/turtlebot3_msgs/cmake/export_turtlebot3_msgs__rosidl_generator_pyExport-noconfig.cmake
[8.895s] -- Up-to-date: /home/ros25/ROS/ROS_25/colcon_ws/install/turtlebot3_msgs/share/turtlebot3_msgs/cmake/rosidl_cmake-extras.cmake
[8.895s] -- Up-to-date: /home/ros25/ROS/ROS_25/colcon_ws/install/turtlebot3_msgs/share/turtlebot3_msgs/cmake/ament_cmake_export_dependencies-extras.cmake
[8.895s] -- Up-to-date: /home/ros25/ROS/ROS_25/colcon_ws/install/turtlebot3_msgs/share/turtlebot3_msgs/cmake/ament_cmake_export_include_directories-extras.cmake
[8.895s] -- Up-to-date: /home/ros25/ROS/ROS_25/colcon_ws/install/turtlebot3_msgs/share/turtlebot3_msgs/cmake/ament_cmake_export_libraries-extras.cmake
[8.895s] -- Up-to-date: /home/ros25/ROS/ROS_25/colcon_ws/install/turtlebot3_msgs/share/turtlebot3_msgs/cmake/ament_cmake_export_targets-extras.cmake
[8.895s] -- Up-to-date: /home/ros25/ROS/ROS_25/colcon_ws/install/turtlebot3_msgs/share/turtlebot3_msgs/cmake/rosidl_cmake_export_typesupport_targets-extras.cmake
[8.895s] -- Up-to-date: /home/ros25/ROS/ROS_25/colcon_ws/install/turtlebot3_msgs/share/turtlebot3_msgs/cmake/rosidl_cmake_export_typesupport_libraries-extras.cmake
[8.895s] -- Up-to-date: /home/ros25/ROS/ROS_25/colcon_ws/install/turtlebot3_msgs/share/turtlebot3_msgs/cmake/turtlebot3_msgsConfig.cmake
[8.895s] -- Up-to-date: /home/ros25/ROS/ROS_25/colcon_ws/install/turtlebot3_msgs/share/turtlebot3_msgs/cmake/turtlebot3_msgsConfig-version.cmake
[8.906s] -- Up-to-date: /home/ros25/ROS/ROS_25/colcon_ws/install/turtlebot3_msgs/share/turtlebot3_msgs/package.xml
[8.937s] Invoked command in '/home/ros25/ROS/ROS_25/colcon_ws/build/turtlebot3_msgs' returned '0': CMAKE_PREFIX_PATH=${CMAKE_PREFIX_PATH}:/home/ros25/ROS/ROS_25/colcon_ws/install/turtlebot3_teleop:/home/ros25/ROS/ROS_25/colcon_ws/install/turtlebot3_example:/home/ros25/ROS/ROS_25/colcon_ws/install/turtlebot3_dqn:/home/ros25/ROS/ROS_25/colcon_ws/install/turtlebot3_controller:/home/ros25/ROS/ROS_25/colcon_ws/install/test_node:/opt/ros/humble /usr/bin/cmake --install /home/ros25/ROS/ROS_25/colcon_ws/build/turtlebot3_msgs
