[0.061s] Invoking command in '/home/ros25/ROS/ROS_25/colcon_ws/build/turtlebot3_description': CMAKE_PREFIX_PATH=${CMAKE_PREFIX_PATH}:/home/ros25/ROS/ROS_25/colcon_ws/install/turtlebot3_dqn:/home/ros25/ROS/ROS_25/colcon_ws/install/turtlebot3_teleop:/home/ros25/ROS/ROS_25/colcon_ws/install/turtlebot3_example:/home/ros25/ROS/ROS_25/colcon_ws/install/turtlebot3_controller:/home/ros25/ROS/ROS_25/colcon_ws/install/test_node:/opt/ros/humble /usr/bin/cmake --build /home/ros25/ROS/ROS_25/colcon_ws/build/turtlebot3_description -- -j2 -l2
[0.393s] Invoked command in '/home/ros25/ROS/ROS_25/colcon_ws/build/turtlebot3_description' returned '0': CMAKE_PREFIX_PATH=${CMAKE_PREFIX_PATH}:/home/ros25/ROS/ROS_25/colcon_ws/install/turtlebot3_dqn:/home/ros25/ROS/ROS_25/colcon_ws/install/turtlebot3_teleop:/home/ros25/ROS/ROS_25/colcon_ws/install/turtlebot3_example:/home/ros25/ROS/ROS_25/colcon_ws/install/turtlebot3_controller:/home/ros25/ROS/ROS_25/colcon_ws/install/test_node:/opt/ros/humble /usr/bin/cmake --build /home/ros25/ROS/ROS_25/colcon_ws/build/turtlebot3_description -- -j2 -l2
[0.394s] Invoking command in '/home/ros25/ROS/ROS_25/colcon_ws/build/turtlebot3_description': CMAKE_PREFIX_PATH=${CMAKE_PREFIX_PATH}:/home/ros25/ROS/ROS_25/colcon_ws/install/turtlebot3_dqn:/home/ros25/ROS/ROS_25/colcon_ws/install/turtlebot3_teleop:/home/ros25/ROS/ROS_25/colcon_ws/install/turtlebot3_example:/home/ros25/ROS/ROS_25/colcon_ws/install/turtlebot3_controller:/home/ros25/ROS/ROS_25/colcon_ws/install/test_node:/opt/ros/humble /usr/bin/cmake --install /home/ros25/ROS/ROS_25/colcon_ws/build/turtlebot3_description
[0.500s] -- Install configuration: ""
[0.507s] -- Execute custom install script
[0.512s] -- Up-to-date symlink: /home/ros25/ROS/ROS_25/colcon_ws/install/turtlebot3_description/share/turtlebot3_description/meshes/bases/burger_base.stl
[0.513s] -- Up-to-date symlink: /home/ros25/ROS/ROS_25/colcon_ws/install/turtlebot3_description/share/turtlebot3_description/meshes/bases/waffle_base.stl
[0.515s] -- Up-to-date symlink: /home/ros25/ROS/ROS_25/colcon_ws/install/turtlebot3_description/share/turtlebot3_description/meshes/bases/waffle_pi_base.stl
[0.515s] -- Up-to-date symlink: /home/ros25/ROS/ROS_25/colcon_ws/install/turtlebot3_description/share/turtlebot3_description/meshes/sensors/astra.dae
[0.516s] -- Up-to-date symlink: /home/ros25/ROS/ROS_25/colcon_ws/install/turtlebot3_description/share/turtlebot3_description/meshes/sensors/astra.jpg
[0.517s] -- Up-to-date symlink: /home/ros25/ROS/ROS_25/colcon_ws/install/turtlebot3_description/share/turtlebot3_description/meshes/sensors/lds.stl
[0.517s] -- Up-to-date symlink: /home/ros25/ROS/ROS_25/colcon_ws/install/turtlebot3_description/share/turtlebot3_description/meshes/sensors/r200.dae
[0.519s] -- Up-to-date symlink: /home/ros25/ROS/ROS_25/colcon_ws/install/turtlebot3_description/share/turtlebot3_description/meshes/sensors/r200.jpg
[0.520s] -- Up-to-date symlink: /home/ros25/ROS/ROS_25/colcon_ws/install/turtlebot3_description/share/turtlebot3_description/meshes/wheels/left_tire.stl
[0.521s] -- Up-to-date symlink: /home/ros25/ROS/ROS_25/colcon_ws/install/turtlebot3_description/share/turtlebot3_description/meshes/wheels/right_tire.stl
[0.525s] -- Up-to-date symlink: /home/ros25/ROS/ROS_25/colcon_ws/install/turtlebot3_description/share/turtlebot3_description/rviz/model.rviz
[0.529s] -- Up-to-date symlink: /home/ros25/ROS/ROS_25/colcon_ws/install/turtlebot3_description/share/turtlebot3_description/urdf/common_properties.urdf
[0.529s] -- Up-to-date symlink: /home/ros25/ROS/ROS_25/colcon_ws/install/turtlebot3_description/share/turtlebot3_description/urdf/turtlebot3_burger.urdf
[0.530s] -- Up-to-date symlink: /home/ros25/ROS/ROS_25/colcon_ws/install/turtlebot3_description/share/turtlebot3_description/urdf/turtlebot3_waffle.urdf
[0.538s] -- Up-to-date symlink: /home/ros25/ROS/ROS_25/colcon_ws/install/turtlebot3_description/share/turtlebot3_description/urdf/turtlebot3_waffle_pi.urdf
[0.538s] -- Up-to-date symlink: /home/ros25/ROS/ROS_25/colcon_ws/install/turtlebot3_description/share/ament_index/resource_index/package_run_dependencies/turtlebot3_description
[0.538s] -- Up-to-date symlink: /home/ros25/ROS/ROS_25/colcon_ws/install/turtlebot3_description/share/ament_index/resource_index/parent_prefix_path/turtlebot3_description
[0.538s] -- Up-to-date symlink: /home/ros25/ROS/ROS_25/colcon_ws/install/turtlebot3_description/share/turtlebot3_description/environment/ament_prefix_path.sh
[0.538s] -- Up-to-date symlink: /home/ros25/ROS/ROS_25/colcon_ws/install/turtlebot3_description/share/turtlebot3_description/environment/ament_prefix_path.dsv
[0.539s] -- Up-to-date symlink: /home/ros25/ROS/ROS_25/colcon_ws/install/turtlebot3_description/share/turtlebot3_description/environment/path.sh
[0.541s] -- Up-to-date symlink: /home/ros25/ROS/ROS_25/colcon_ws/install/turtlebot3_description/share/turtlebot3_description/environment/path.dsv
[0.541s] -- Up-to-date symlink: /home/ros25/ROS/ROS_25/colcon_ws/install/turtlebot3_description/share/turtlebot3_description/local_setup.bash
[0.542s] -- Up-to-date symlink: /home/ros25/ROS/ROS_25/colcon_ws/install/turtlebot3_description/share/turtlebot3_description/local_setup.sh
[0.544s] -- Up-to-date symlink: /home/ros25/ROS/ROS_25/colcon_ws/install/turtlebot3_description/share/turtlebot3_description/local_setup.zsh
[0.546s] -- Up-to-date symlink: /home/ros25/ROS/ROS_25/colcon_ws/install/turtlebot3_description/share/turtlebot3_description/local_setup.dsv
[0.550s] -- Symlinking: /home/ros25/ROS/ROS_25/colcon_ws/install/turtlebot3_description/share/turtlebot3_description/package.dsv
[0.687s] -- Up-to-date symlink: /home/ros25/ROS/ROS_25/colcon_ws/install/turtlebot3_description/share/ament_index/resource_index/packages/turtlebot3_description
[0.687s] -- Up-to-date symlink: /home/ros25/ROS/ROS_25/colcon_ws/install/turtlebot3_description/share/turtlebot3_description/cmake/turtlebot3_descriptionConfig.cmake
[0.687s] -- Up-to-date symlink: /home/ros25/ROS/ROS_25/colcon_ws/install/turtlebot3_description/share/turtlebot3_description/cmake/turtlebot3_descriptionConfig-version.cmake
[0.688s] -- Up-to-date symlink: /home/ros25/ROS/ROS_25/colcon_ws/install/turtlebot3_description/share/turtlebot3_description/package.xml
[0.702s] Invoked command in '/home/ros25/ROS/ROS_25/colcon_ws/build/turtlebot3_description' returned '0': CMAKE_PREFIX_PATH=${CMAKE_PREFIX_PATH}:/home/ros25/ROS/ROS_25/colcon_ws/install/turtlebot3_dqn:/home/ros25/ROS/ROS_25/colcon_ws/install/turtlebot3_teleop:/home/ros25/ROS/ROS_25/colcon_ws/install/turtlebot3_example:/home/ros25/ROS/ROS_25/colcon_ws/install/turtlebot3_controller:/home/ros25/ROS/ROS_25/colcon_ws/install/test_node:/opt/ros/humble /usr/bin/cmake --install /home/ros25/ROS/ROS_25/colcon_ws/build/turtlebot3_description
