[0.065s] Invoking command in '/home/ros25/ROS/ROS_25/colcon_ws/build/ros_gz_interfaces': CMAKE_PREFIX_PATH=${CMAKE_PREFIX_PATH}:/home/ros25/ROS/ROS_25/colcon_ws/install/turtlebot3_teleop:/home/ros25/ROS/ROS_25/colcon_ws/install/turtlebot3_example:/home/ros25/ROS/ROS_25/colcon_ws/install/test_node:/opt/ros/humble /usr/bin/cmake /home/ros25/ROS/ROS_25/colcon_ws/src/ros_gz/ros_gz_interfaces -DCMAKE_INSTALL_PREFIX=/home/ros25/ROS/ROS_25/colcon_ws/install/ros_gz_interfaces
[0.520s] -- The C compiler identification is GNU 11.4.0
[1.039s] -- The CXX compiler identification is GNU 11.4.0
[1.090s] -- Detecting C compiler ABI info
[1.640s] -- Detecting C compiler ABI info - done
[1.705s] -- Check for working C compiler: /usr/bin/cc - skipped
[1.714s] -- Detecting C compile features
[1.730s] -- Detecting C compile features - done
[1.756s] -- Detecting CXX compiler ABI info
[2.466s] -- Detecting CXX compiler ABI info - done
[2.518s] -- Check for working CXX compiler: /usr/bin/c++ - skipped
[2.518s] -- Detecting CXX compile features
[2.518s] -- Detecting CXX compile features - done
[2.536s] -- Found ament_cmake: 1.3.11 (/opt/ros/humble/share/ament_cmake/cmake)
[3.279s] -- Found Python3: /usr/bin/python3 (found version "3.10.12") found components: Interpreter 
[3.755s] -- Found builtin_interfaces: 1.2.1 (/opt/ros/humble/share/builtin_interfaces/cmake)
[4.000s] -- Found rosidl_generator_c: 3.1.6 (/opt/ros/humble/share/rosidl_generator_c/cmake)
[4.025s] -- Found rosidl_adapter: 3.1.6 (/opt/ros/humble/share/rosidl_adapter/cmake)
[4.073s] -- Found rosidl_generator_cpp: 3.1.6 (/opt/ros/humble/share/rosidl_generator_cpp/cmake)
[4.147s] -- Using all available rosidl_typesupport_c: rosidl_typesupport_fastrtps_c;rosidl_typesupport_introspection_c
[4.224s] -- Using all available rosidl_typesupport_cpp: rosidl_typesupport_fastrtps_cpp;rosidl_typesupport_introspection_cpp
[4.310s] -- Found rcl_interfaces: 1.2.1 (/opt/ros/humble/share/rcl_interfaces/cmake)
[4.429s] -- Found std_msgs: 4.9.0 (/opt/ros/humble/share/std_msgs/cmake)
[4.516s] -- Found geometry_msgs: 4.9.0 (/opt/ros/humble/share/geometry_msgs/cmake)
[4.602s] -- Found rosidl_default_generators: 1.2.0 (/opt/ros/humble/share/rosidl_default_generators/cmake)
[6.969s] -- Found ament_cmake_cppcheck: 0.12.12 (/opt/ros/humble/share/ament_cmake_cppcheck/cmake)
[7.004s] -- Found ament_cmake_cpplint: 0.12.12 (/opt/ros/humble/share/ament_cmake_cpplint/cmake)
[7.042s] -- Found ament_cmake_uncrustify: 0.12.12 (/opt/ros/humble/share/ament_cmake_uncrustify/cmake)
[7.083s] -- Found ament_cmake_ros: 0.10.0 (/opt/ros/humble/share/ament_cmake_ros/cmake)
[9.029s] -- Using all available rosidl_typesupport_c: rosidl_typesupport_fastrtps_c;rosidl_typesupport_introspection_c
[9.669s] -- Using all available rosidl_typesupport_cpp: rosidl_typesupport_fastrtps_cpp;rosidl_typesupport_introspection_cpp
[9.757s] -- Found PythonInterp: /usr/bin/python3 (found suitable version "3.10.12", minimum required is "3.6") 
[9.767s] -- Found python_cmake_module: 0.10.0 (/opt/ros/humble/share/python_cmake_module/cmake)
[9.876s] -- Found PythonLibs: /usr/lib/x86_64-linux-gnu/libpython3.10.so (found suitable version "3.10.12", minimum required is "3.5") 
[9.878s] -- Using PYTHON_EXECUTABLE: /usr/bin/python3
[9.878s] -- Using PYTHON_INCLUDE_DIRS: /usr/include/python3.10
[9.878s] -- Using PYTHON_LIBRARIES: /usr/lib/x86_64-linux-gnu/libpython3.10.so
[10.003s] -- Found PythonExtra: .so  
[10.342s] -- Found ament_cmake_flake8: 0.12.12 (/opt/ros/humble/share/ament_cmake_flake8/cmake)
[10.357s] -- Found ament_cmake_pep257: 0.12.12 (/opt/ros/humble/share/ament_cmake_pep257/cmake)
[10.420s] -- Configuring done
[10.714s] -- Generating done
[10.773s] -- Build files have been written to: /home/ros25/ROS/ROS_25/colcon_ws/build/ros_gz_interfaces
