[0.172s] Invoking command in '/home/ros25/ROS/ROS_25/colcon_ws/build/turtlebot3_gazebo': CMAKE_PREFIX_PATH=${CMAKE_PREFIX_PATH}:/home/ros25/ROS/ROS_25/colcon_ws/install/turtlebot3_teleop:/home/ros25/ROS/ROS_25/colcon_ws/install/turtlebot3_example:/home/ros25/ROS/ROS_25/colcon_ws/install/turtlebot3_dqn:/home/ros25/ROS/ROS_25/colcon_ws/install/turtlebot3_controller:/home/ros25/ROS/ROS_25/colcon_ws/install/test_node:/opt/ros/humble /usr/bin/cmake --build /home/ros25/ROS/ROS_25/colcon_ws/build/turtlebot3_gazebo -- -j2 -l2
[0.989s] [ 16%] Built target turtlebot3_drive
[1.692s] [ 33%] Built target traffic_light_plugin
[2.303s] [ 50%] Built target traffic_bar_plugin
[2.622s] [ 66%] Built target obstacle1
[3.278s] [ 83%] Built target obstacle2
[3.935s] [100%] Built target obstacles
[4.116s] Invoked command in '/home/ros25/ROS/ROS_25/colcon_ws/build/turtlebot3_gazebo' returned '0': CMAKE_PREFIX_PATH=${CMAKE_PREFIX_PATH}:/home/ros25/ROS/ROS_25/colcon_ws/install/turtlebot3_teleop:/home/ros25/ROS/ROS_25/colcon_ws/install/turtlebot3_example:/home/ros25/ROS/ROS_25/colcon_ws/install/turtlebot3_dqn:/home/ros25/ROS/ROS_25/colcon_ws/install/turtlebot3_controller:/home/ros25/ROS/ROS_25/colcon_ws/install/test_node:/opt/ros/humble /usr/bin/cmake --build /home/ros25/ROS/ROS_25/colcon_ws/build/turtlebot3_gazebo -- -j2 -l2
[4.130s] Invoking command in '/home/ros25/ROS/ROS_25/colcon_ws/build/turtlebot3_gazebo': CMAKE_PREFIX_PATH=${CMAKE_PREFIX_PATH}:/home/ros25/ROS/ROS_25/colcon_ws/install/turtlebot3_teleop:/home/ros25/ROS/ROS_25/colcon_ws/install/turtlebot3_example:/home/ros25/ROS/ROS_25/colcon_ws/install/turtlebot3_dqn:/home/ros25/ROS/ROS_25/colcon_ws/install/turtlebot3_controller:/home/ros25/ROS/ROS_25/colcon_ws/install/test_node:/opt/ros/humble /usr/bin/cmake --install /home/ros25/ROS/ROS_25/colcon_ws/build/turtlebot3_gazebo
[4.321s] -- Install configuration: ""
[4.333s] -- Up-to-date: /home/ros25/ROS/ROS_25/colcon_ws/install/turtlebot3_gazebo/lib/turtlebot3_gazebo/turtlebot3_drive
[4.352s] -- Up-to-date: /home/ros25/ROS/ROS_25/colcon_ws/install/turtlebot3_gazebo/share/turtlebot3_gazebo//launch
[4.352s] -- Up-to-date: /home/ros25/ROS/ROS_25/colcon_ws/install/turtlebot3_gazebo/share/turtlebot3_gazebo//launch/turtlebot3_house.launch.py
[4.353s] -- Up-to-date: /home/ros25/ROS/ROS_25/colcon_ws/install/turtlebot3_gazebo/share/turtlebot3_gazebo//launch/turtlebot3_dqn_stage3.launch.py
[4.353s] -- Up-to-date: /home/ros25/ROS/ROS_25/colcon_ws/install/turtlebot3_gazebo/share/turtlebot3_gazebo//launch/turtlebot3_dqn_stage4.launch.py
[4.359s] -- Up-to-date: /home/ros25/ROS/ROS_25/colcon_ws/install/turtlebot3_gazebo/share/turtlebot3_gazebo//launch/multi_spawn_turtlebot3.launch.py
[4.359s] -- Up-to-date: /home/ros25/ROS/ROS_25/colcon_ws/install/turtlebot3_gazebo/share/turtlebot3_gazebo//launch/multi_robot.launch.py
[4.359s] -- Up-to-date: /home/ros25/ROS/ROS_25/colcon_ws/install/turtlebot3_gazebo/share/turtlebot3_gazebo//launch/turtlebot3_home2.launch.py
[4.359s] -- Up-to-date: /home/ros25/ROS/ROS_25/colcon_ws/install/turtlebot3_gazebo/share/turtlebot3_gazebo//launch/empty_world.launch.py
[4.359s] -- Up-to-date: /home/ros25/ROS/ROS_25/colcon_ws/install/turtlebot3_gazebo/share/turtlebot3_gazebo//launch/spawn_turtlebot3.launch.py
[4.359s] -- Up-to-date: /home/ros25/ROS/ROS_25/colcon_ws/install/turtlebot3_gazebo/share/turtlebot3_gazebo//launch/turtlebot3_dqn_stage2.launch.py
[4.360s] -- Up-to-date: /home/ros25/ROS/ROS_25/colcon_ws/install/turtlebot3_gazebo/share/turtlebot3_gazebo//launch/robot_state_publisher.launch.py
[4.360s] -- Up-to-date: /home/ros25/ROS/ROS_25/colcon_ws/install/turtlebot3_gazebo/share/turtlebot3_gazebo//launch/turtlebot3_autorace_2020.launch.py
[4.362s] -- Up-to-date: /home/ros25/ROS/ROS_25/colcon_ws/install/turtlebot3_gazebo/share/turtlebot3_gazebo//launch/turtlebot3_world.launch.py
[4.362s] -- Up-to-date: /home/ros25/ROS/ROS_25/colcon_ws/install/turtlebot3_gazebo/share/turtlebot3_gazebo//launch/turtlebot3_dqn_stage1.launch.py
[4.362s] -- Up-to-date: /home/ros25/ROS/ROS_25/colcon_ws/install/turtlebot3_gazebo/share/turtlebot3_gazebo//models
[4.363s] -- Up-to-date: /home/ros25/ROS/ROS_25/colcon_ws/install/turtlebot3_gazebo/share/turtlebot3_gazebo//models/turtlebot3_waffle
[4.363s] -- Up-to-date: /home/ros25/ROS/ROS_25/colcon_ws/install/turtlebot3_gazebo/share/turtlebot3_gazebo//models/turtlebot3_waffle/model-1_4.sdf
[4.364s] -- Up-to-date: /home/ros25/ROS/ROS_25/colcon_ws/install/turtlebot3_gazebo/share/turtlebot3_gazebo//models/turtlebot3_waffle/model.config
[4.364s] -- Up-to-date: /home/ros25/ROS/ROS_25/colcon_ws/install/turtlebot3_gazebo/share/turtlebot3_gazebo//models/turtlebot3_waffle/model.sdf
[4.367s] -- Up-to-date: /home/ros25/ROS/ROS_25/colcon_ws/install/turtlebot3_gazebo/share/turtlebot3_gazebo//models/turtlebot3_burger
[4.368s] -- Up-to-date: /home/ros25/ROS/ROS_25/colcon_ws/install/turtlebot3_gazebo/share/turtlebot3_gazebo//models/turtlebot3_burger/model-1_4.sdf
[4.368s] -- Up-to-date: /home/ros25/ROS/ROS_25/colcon_ws/install/turtlebot3_gazebo/share/turtlebot3_gazebo//models/turtlebot3_burger/model.config
[4.369s] -- Up-to-date: /home/ros25/ROS/ROS_25/colcon_ws/install/turtlebot3_gazebo/share/turtlebot3_gazebo//models/turtlebot3_burger/model.sdf
[4.369s] -- Up-to-date: /home/ros25/ROS/ROS_25/colcon_ws/install/turtlebot3_gazebo/share/turtlebot3_gazebo//models/turtlebot3_dqn_world
[4.372s] -- Up-to-date: /home/ros25/ROS/ROS_25/colcon_ws/install/turtlebot3_gazebo/share/turtlebot3_gazebo//models/turtlebot3_dqn_world/goal_box
[4.373s] -- Up-to-date: /home/ros25/ROS/ROS_25/colcon_ws/install/turtlebot3_gazebo/share/turtlebot3_gazebo//models/turtlebot3_dqn_world/goal_box/model.config
[4.373s] -- Up-to-date: /home/ros25/ROS/ROS_25/colcon_ws/install/turtlebot3_gazebo/share/turtlebot3_gazebo//models/turtlebot3_dqn_world/goal_box/model.sdf
[4.373s] -- Up-to-date: /home/ros25/ROS/ROS_25/colcon_ws/install/turtlebot3_gazebo/share/turtlebot3_gazebo//models/turtlebot3_dqn_world/inner_walls
[4.380s] -- Up-to-date: /home/ros25/ROS/ROS_25/colcon_ws/install/turtlebot3_gazebo/share/turtlebot3_gazebo//models/turtlebot3_dqn_world/inner_walls/model.config
[4.384s] -- Up-to-date: /home/ros25/ROS/ROS_25/colcon_ws/install/turtlebot3_gazebo/share/turtlebot3_gazebo//models/turtlebot3_dqn_world/inner_walls/model.sdf
[4.384s] -- Up-to-date: /home/ros25/ROS/ROS_25/colcon_ws/install/turtlebot3_gazebo/share/turtlebot3_gazebo//models/turtlebot3_dqn_world/model.config
[4.384s] -- Up-to-date: /home/ros25/ROS/ROS_25/colcon_ws/install/turtlebot3_gazebo/share/turtlebot3_gazebo//models/turtlebot3_dqn_world/obstacles
[4.384s] -- Up-to-date: /home/ros25/ROS/ROS_25/colcon_ws/install/turtlebot3_gazebo/share/turtlebot3_gazebo//models/turtlebot3_dqn_world/obstacles/model.config
[4.385s] -- Up-to-date: /home/ros25/ROS/ROS_25/colcon_ws/install/turtlebot3_gazebo/share/turtlebot3_gazebo//models/turtlebot3_dqn_world/obstacles/model.sdf
[4.388s] -- Up-to-date: /home/ros25/ROS/ROS_25/colcon_ws/install/turtlebot3_gazebo/share/turtlebot3_gazebo//models/turtlebot3_dqn_world/obstacle2
[4.391s] -- Up-to-date: /home/ros25/ROS/ROS_25/colcon_ws/install/turtlebot3_gazebo/share/turtlebot3_gazebo//models/turtlebot3_dqn_world/obstacle2/model.config
[4.391s] -- Up-to-date: /home/ros25/ROS/ROS_25/colcon_ws/install/turtlebot3_gazebo/share/turtlebot3_gazebo//models/turtlebot3_dqn_world/obstacle2/model.sdf
[4.391s] -- Up-to-date: /home/ros25/ROS/ROS_25/colcon_ws/install/turtlebot3_gazebo/share/turtlebot3_gazebo//models/turtlebot3_dqn_world/obstacle1
[4.396s] -- Up-to-date: /home/ros25/ROS/ROS_25/colcon_ws/install/turtlebot3_gazebo/share/turtlebot3_gazebo//models/turtlebot3_dqn_world/obstacle1/model.config
[4.397s] -- Up-to-date: /home/ros25/ROS/ROS_25/colcon_ws/install/turtlebot3_gazebo/share/turtlebot3_gazebo//models/turtlebot3_dqn_world/obstacle1/model.sdf
[4.397s] -- Up-to-date: /home/ros25/ROS/ROS_25/colcon_ws/install/turtlebot3_gazebo/share/turtlebot3_gazebo//models/turtlebot3_dqn_world/model.sdf
[4.397s] -- Up-to-date: /home/ros25/ROS/ROS_25/colcon_ws/install/turtlebot3_gazebo/share/turtlebot3_gazebo//models/turtlebot3_waffle_pi
[4.400s] -- Up-to-date: /home/ros25/ROS/ROS_25/colcon_ws/install/turtlebot3_gazebo/share/turtlebot3_gazebo//models/turtlebot3_waffle_pi/model.config
[4.400s] -- Up-to-date: /home/ros25/ROS/ROS_25/colcon_ws/install/turtlebot3_gazebo/share/turtlebot3_gazebo//models/turtlebot3_waffle_pi/model-1_4_.sdf
[4.400s] -- Up-to-date: /home/ros25/ROS/ROS_25/colcon_ws/install/turtlebot3_gazebo/share/turtlebot3_gazebo//models/turtlebot3_waffle_pi/model.sdf
[4.401s] -- Up-to-date: /home/ros25/ROS/ROS_25/colcon_ws/install/turtlebot3_gazebo/share/turtlebot3_gazebo//models/turtlebot3_common
[4.412s] -- Up-to-date: /home/ros25/ROS/ROS_25/colcon_ws/install/turtlebot3_gazebo/share/turtlebot3_gazebo//models/turtlebot3_common/model.config
[4.412s] -- Up-to-date: /home/ros25/ROS/ROS_25/colcon_ws/install/turtlebot3_gazebo/share/turtlebot3_gazebo//models/turtlebot3_common/meshes
[4.412s] -- Up-to-date: /home/ros25/ROS/ROS_25/colcon_ws/install/turtlebot3_gazebo/share/turtlebot3_gazebo//models/turtlebot3_common/meshes/waffle_base.dae
[4.412s] -- Up-to-date: /home/ros25/ROS/ROS_25/colcon_ws/install/turtlebot3_gazebo/share/turtlebot3_gazebo//models/turtlebot3_common/meshes/r200.dae
[4.412s] -- Up-to-date: /home/ros25/ROS/ROS_25/colcon_ws/install/turtlebot3_gazebo/share/turtlebot3_gazebo//models/turtlebot3_common/meshes/sensors
[4.414s] -- Up-to-date: /home/ros25/ROS/ROS_25/colcon_ws/install/turtlebot3_gazebo/share/turtlebot3_gazebo//models/turtlebot3_common/meshes/sensors/r200.dae
[4.414s] -- Up-to-date: /home/ros25/ROS/ROS_25/colcon_ws/install/turtlebot3_gazebo/share/turtlebot3_gazebo//models/turtlebot3_common/meshes/sensors/astra.jpg
[4.415s] -- Up-to-date: /home/ros25/ROS/ROS_25/colcon_ws/install/turtlebot3_gazebo/share/turtlebot3_gazebo//models/turtlebot3_common/meshes/sensors/astra.dae
[4.415s] -- Up-to-date: /home/ros25/ROS/ROS_25/colcon_ws/install/turtlebot3_gazebo/share/turtlebot3_gazebo//models/turtlebot3_common/meshes/sensors/lds.stl
[4.417s] -- Up-to-date: /home/ros25/ROS/ROS_25/colcon_ws/install/turtlebot3_gazebo/share/turtlebot3_gazebo//models/turtlebot3_common/meshes/sensors/r200.jpg
[4.417s] -- Up-to-date: /home/ros25/ROS/ROS_25/colcon_ws/install/turtlebot3_gazebo/share/turtlebot3_gazebo//models/turtlebot3_common/meshes/lds.dae
[4.417s] -- Up-to-date: /home/ros25/ROS/ROS_25/colcon_ws/install/turtlebot3_gazebo/share/turtlebot3_gazebo//models/turtlebot3_common/meshes/bases
[4.420s] -- Up-to-date: /home/ros25/ROS/ROS_25/colcon_ws/install/turtlebot3_gazebo/share/turtlebot3_gazebo//models/turtlebot3_common/meshes/bases/waffle_base.stl
[4.424s] -- Up-to-date: /home/ros25/ROS/ROS_25/colcon_ws/install/turtlebot3_gazebo/share/turtlebot3_gazebo//models/turtlebot3_common/meshes/bases/burger_base.stl
[4.424s] -- Up-to-date: /home/ros25/ROS/ROS_25/colcon_ws/install/turtlebot3_gazebo/share/turtlebot3_gazebo//models/turtlebot3_common/meshes/bases/waffle_pi_base.stl
[4.426s] -- Up-to-date: /home/ros25/ROS/ROS_25/colcon_ws/install/turtlebot3_gazebo/share/turtlebot3_gazebo//models/turtlebot3_common/meshes/tire.dae
[4.426s] -- Up-to-date: /home/ros25/ROS/ROS_25/colcon_ws/install/turtlebot3_gazebo/share/turtlebot3_gazebo//models/turtlebot3_common/meshes/wheels
[4.431s] -- Up-to-date: /home/ros25/ROS/ROS_25/colcon_ws/install/turtlebot3_gazebo/share/turtlebot3_gazebo//models/turtlebot3_common/meshes/wheels/left_tire.stl
[4.431s] -- Up-to-date: /home/ros25/ROS/ROS_25/colcon_ws/install/turtlebot3_gazebo/share/turtlebot3_gazebo//models/turtlebot3_common/meshes/wheels/right_tire.stl
[4.431s] -- Up-to-date: /home/ros25/ROS/ROS_25/colcon_ws/install/turtlebot3_gazebo/share/turtlebot3_gazebo//models/turtlebot3_common/meshes/waffle_pi_base.dae
[4.431s] -- Up-to-date: /home/ros25/ROS/ROS_25/colcon_ws/install/turtlebot3_gazebo/share/turtlebot3_gazebo//models/turtlebot3_common/meshes/burger_base.dae
[4.440s] -- Up-to-date: /home/ros25/ROS/ROS_25/colcon_ws/install/turtlebot3_gazebo/share/turtlebot3_gazebo//models/turtlebot3_burger_cam
[4.441s] -- Up-to-date: /home/ros25/ROS/ROS_25/colcon_ws/install/turtlebot3_gazebo/share/turtlebot3_gazebo//models/turtlebot3_burger_cam/model-1_4.sdf
[4.441s] -- Up-to-date: /home/ros25/ROS/ROS_25/colcon_ws/install/turtlebot3_gazebo/share/turtlebot3_gazebo//models/turtlebot3_burger_cam/model.config
[4.441s] -- Up-to-date: /home/ros25/ROS/ROS_25/colcon_ws/install/turtlebot3_gazebo/share/turtlebot3_gazebo//models/turtlebot3_burger_cam/model.sdf
[4.441s] -- Up-to-date: /home/ros25/ROS/ROS_25/colcon_ws/install/turtlebot3_gazebo/share/turtlebot3_gazebo//models/turtlebot3_house
[4.441s] -- Up-to-date: /home/ros25/ROS/ROS_25/colcon_ws/install/turtlebot3_gazebo/share/turtlebot3_gazebo//models/turtlebot3_house/model.config
[4.442s] -- Up-to-date: /home/ros25/ROS/ROS_25/colcon_ws/install/turtlebot3_gazebo/share/turtlebot3_gazebo//models/turtlebot3_house/model.sdf
[4.454s] -- Up-to-date: /home/ros25/ROS/ROS_25/colcon_ws/install/turtlebot3_gazebo/share/turtlebot3_gazebo//models/turtlebot3_autorace_2020
[4.454s] -- Up-to-date: /home/ros25/ROS/ROS_25/colcon_ws/install/turtlebot3_gazebo/share/turtlebot3_gazebo//models/turtlebot3_autorace_2020/traffic_bar
[4.454s] -- Up-to-date: /home/ros25/ROS/ROS_25/colcon_ws/install/turtlebot3_gazebo/share/turtlebot3_gazebo//models/turtlebot3_autorace_2020/traffic_bar/model.config
[4.463s] -- Up-to-date: /home/ros25/ROS/ROS_25/colcon_ws/install/turtlebot3_gazebo/share/turtlebot3_gazebo//models/turtlebot3_autorace_2020/traffic_bar/materials
[4.463s] -- Up-to-date: /home/ros25/ROS/ROS_25/colcon_ws/install/turtlebot3_gazebo/share/turtlebot3_gazebo//models/turtlebot3_autorace_2020/traffic_bar/materials/textures
[4.466s] -- Up-to-date: /home/ros25/ROS/ROS_25/colcon_ws/install/turtlebot3_gazebo/share/turtlebot3_gazebo//models/turtlebot3_autorace_2020/traffic_bar/materials/textures/traffic_bar.png
[4.477s] -- Up-to-date: /home/ros25/ROS/ROS_25/colcon_ws/install/turtlebot3_gazebo/share/turtlebot3_gazebo//models/turtlebot3_autorace_2020/traffic_bar/materials/scripts
[4.481s] -- Up-to-date: /home/ros25/ROS/ROS_25/colcon_ws/install/turtlebot3_gazebo/share/turtlebot3_gazebo//models/turtlebot3_autorace_2020/traffic_bar/materials/scripts/traffic_bar.material
[4.490s] -- Up-to-date: /home/ros25/ROS/ROS_25/colcon_ws/install/turtlebot3_gazebo/share/turtlebot3_gazebo//models/turtlebot3_autorace_2020/traffic_bar/model.sdf
[4.490s] -- Up-to-date: /home/ros25/ROS/ROS_25/colcon_ws/install/turtlebot3_gazebo/share/turtlebot3_gazebo//models/turtlebot3_autorace_2020/traffic_left
[4.500s] -- Up-to-date: /home/ros25/ROS/ROS_25/colcon_ws/install/turtlebot3_gazebo/share/turtlebot3_gazebo//models/turtlebot3_autorace_2020/traffic_left/model.config
[4.500s] -- Up-to-date: /home/ros25/ROS/ROS_25/colcon_ws/install/turtlebot3_gazebo/share/turtlebot3_gazebo//models/turtlebot3_autorace_2020/traffic_left/materials
[4.500s] -- Up-to-date: /home/ros25/ROS/ROS_25/colcon_ws/install/turtlebot3_gazebo/share/turtlebot3_gazebo//models/turtlebot3_autorace_2020/traffic_left/materials/textures
[4.501s] -- Up-to-date: /home/ros25/ROS/ROS_25/colcon_ws/install/turtlebot3_gazebo/share/turtlebot3_gazebo//models/turtlebot3_autorace_2020/traffic_left/materials/textures/traffic_left.png
[4.516s] -- Up-to-date: /home/ros25/ROS/ROS_25/colcon_ws/install/turtlebot3_gazebo/share/turtlebot3_gazebo//models/turtlebot3_autorace_2020/traffic_left/materials/scripts
[4.517s] -- Up-to-date: /home/ros25/ROS/ROS_25/colcon_ws/install/turtlebot3_gazebo/share/turtlebot3_gazebo//models/turtlebot3_autorace_2020/traffic_left/materials/scripts/traffic_is_left.material
[4.517s] -- Up-to-date: /home/ros25/ROS/ROS_25/colcon_ws/install/turtlebot3_gazebo/share/turtlebot3_gazebo//models/turtlebot3_autorace_2020/traffic_left/model.sdf
[4.517s] -- Up-to-date: /home/ros25/ROS/ROS_25/colcon_ws/install/turtlebot3_gazebo/share/turtlebot3_gazebo//models/turtlebot3_autorace_2020/traffic_pl_left
[4.517s] -- Up-to-date: /home/ros25/ROS/ROS_25/colcon_ws/install/turtlebot3_gazebo/share/turtlebot3_gazebo//models/turtlebot3_autorace_2020/traffic_pl_left/model.config
[4.517s] -- Up-to-date: /home/ros25/ROS/ROS_25/colcon_ws/install/turtlebot3_gazebo/share/turtlebot3_gazebo//models/turtlebot3_autorace_2020/traffic_pl_left/materials
[4.517s] -- Up-to-date: /home/ros25/ROS/ROS_25/colcon_ws/install/turtlebot3_gazebo/share/turtlebot3_gazebo//models/turtlebot3_autorace_2020/traffic_pl_left/materials/textures
[4.517s] -- Up-to-date: /home/ros25/ROS/ROS_25/colcon_ws/install/turtlebot3_gazebo/share/turtlebot3_gazebo//models/turtlebot3_autorace_2020/traffic_pl_left/materials/textures/traffic_pl_left.png
[4.517s] -- Up-to-date: /home/ros25/ROS/ROS_25/colcon_ws/install/turtlebot3_gazebo/share/turtlebot3_gazebo//models/turtlebot3_autorace_2020/traffic_pl_left/materials/scripts
[4.529s] -- Up-to-date: /home/ros25/ROS/ROS_25/colcon_ws/install/turtlebot3_gazebo/share/turtlebot3_gazebo//models/turtlebot3_autorace_2020/traffic_pl_left/materials/scripts/traffic_pl_left.material
[4.530s] -- Up-to-date: /home/ros25/ROS/ROS_25/colcon_ws/install/turtlebot3_gazebo/share/turtlebot3_gazebo//models/turtlebot3_autorace_2020/traffic_pl_left/model.sdf
[4.531s] -- Up-to-date: /home/ros25/ROS/ROS_25/colcon_ws/install/turtlebot3_gazebo/share/turtlebot3_gazebo//models/turtlebot3_autorace_2020/traffic_tunnel
[4.532s] -- Up-to-date: /home/ros25/ROS/ROS_25/colcon_ws/install/turtlebot3_gazebo/share/turtlebot3_gazebo//models/turtlebot3_autorace_2020/traffic_tunnel/model.config
[4.534s] -- Up-to-date: /home/ros25/ROS/ROS_25/colcon_ws/install/turtlebot3_gazebo/share/turtlebot3_gazebo//models/turtlebot3_autorace_2020/traffic_tunnel/materials
[4.541s] -- Up-to-date: /home/ros25/ROS/ROS_25/colcon_ws/install/turtlebot3_gazebo/share/turtlebot3_gazebo//models/turtlebot3_autorace_2020/traffic_tunnel/materials/textures
[4.542s] -- Up-to-date: /home/ros25/ROS/ROS_25/colcon_ws/install/turtlebot3_gazebo/share/turtlebot3_gazebo//models/turtlebot3_autorace_2020/traffic_tunnel/materials/textures/tunnel.png
[4.542s] -- Up-to-date: /home/ros25/ROS/ROS_25/colcon_ws/install/turtlebot3_gazebo/share/turtlebot3_gazebo//models/turtlebot3_autorace_2020/traffic_tunnel/materials/scripts
[4.542s] -- Up-to-date: /home/ros25/ROS/ROS_25/colcon_ws/install/turtlebot3_gazebo/share/turtlebot3_gazebo//models/turtlebot3_autorace_2020/traffic_tunnel/materials/scripts/tunnel.material
[4.542s] -- Up-to-date: /home/ros25/ROS/ROS_25/colcon_ws/install/turtlebot3_gazebo/share/turtlebot3_gazebo//models/turtlebot3_autorace_2020/traffic_tunnel/model.sdf
[4.542s] -- Up-to-date: /home/ros25/ROS/ROS_25/colcon_ws/install/turtlebot3_gazebo/share/turtlebot3_gazebo//models/turtlebot3_autorace_2020/traffic_intersection
[4.542s] -- Up-to-date: /home/ros25/ROS/ROS_25/colcon_ws/install/turtlebot3_gazebo/share/turtlebot3_gazebo//models/turtlebot3_autorace_2020/traffic_intersection/model.config
[4.542s] -- Up-to-date: /home/ros25/ROS/ROS_25/colcon_ws/install/turtlebot3_gazebo/share/turtlebot3_gazebo//models/turtlebot3_autorace_2020/traffic_intersection/materials
[4.542s] -- Up-to-date: /home/ros25/ROS/ROS_25/colcon_ws/install/turtlebot3_gazebo/share/turtlebot3_gazebo//models/turtlebot3_autorace_2020/traffic_intersection/materials/textures
[4.542s] -- Up-to-date: /home/ros25/ROS/ROS_25/colcon_ws/install/turtlebot3_gazebo/share/turtlebot3_gazebo//models/turtlebot3_autorace_2020/traffic_intersection/materials/textures/traffic_intersection.png
[4.543s] -- Up-to-date: /home/ros25/ROS/ROS_25/colcon_ws/install/turtlebot3_gazebo/share/turtlebot3_gazebo//models/turtlebot3_autorace_2020/traffic_intersection/materials/scripts
[4.548s] -- Up-to-date: /home/ros25/ROS/ROS_25/colcon_ws/install/turtlebot3_gazebo/share/turtlebot3_gazebo//models/turtlebot3_autorace_2020/traffic_intersection/materials/scripts/traffic_intersection.material
[4.548s] -- Up-to-date: /home/ros25/ROS/ROS_25/colcon_ws/install/turtlebot3_gazebo/share/turtlebot3_gazebo//models/turtlebot3_autorace_2020/traffic_intersection/model.sdf
[4.548s] -- Up-to-date: /home/ros25/ROS/ROS_25/colcon_ws/install/turtlebot3_gazebo/share/turtlebot3_gazebo//models/turtlebot3_autorace_2020/course
[4.548s] -- Up-to-date: /home/ros25/ROS/ROS_25/colcon_ws/install/turtlebot3_gazebo/share/turtlebot3_gazebo//models/turtlebot3_autorace_2020/course/model.config
[4.548s] -- Up-to-date: /home/ros25/ROS/ROS_25/colcon_ws/install/turtlebot3_gazebo/share/turtlebot3_gazebo//models/turtlebot3_autorace_2020/course/materials
[4.548s] -- Up-to-date: /home/ros25/ROS/ROS_25/colcon_ws/install/turtlebot3_gazebo/share/turtlebot3_gazebo//models/turtlebot3_autorace_2020/course/materials/textures
[4.549s] -- Up-to-date: /home/ros25/ROS/ROS_25/colcon_ws/install/turtlebot3_gazebo/share/turtlebot3_gazebo//models/turtlebot3_autorace_2020/course/materials/textures/course.png
[4.550s] -- Up-to-date: /home/ros25/ROS/ROS_25/colcon_ws/install/turtlebot3_gazebo/share/turtlebot3_gazebo//models/turtlebot3_autorace_2020/course/materials/scripts
[4.550s] -- Up-to-date: /home/ros25/ROS/ROS_25/colcon_ws/install/turtlebot3_gazebo/share/turtlebot3_gazebo//models/turtlebot3_autorace_2020/course/materials/scripts/course.material
[4.550s] -- Up-to-date: /home/ros25/ROS/ROS_25/colcon_ws/install/turtlebot3_gazebo/share/turtlebot3_gazebo//models/turtlebot3_autorace_2020/course/model.sdf
[4.550s] -- Up-to-date: /home/ros25/ROS/ROS_25/colcon_ws/install/turtlebot3_gazebo/share/turtlebot3_gazebo//models/turtlebot3_autorace_2020/traffic_parking
[4.553s] -- Up-to-date: /home/ros25/ROS/ROS_25/colcon_ws/install/turtlebot3_gazebo/share/turtlebot3_gazebo//models/turtlebot3_autorace_2020/traffic_parking/model.config
[4.555s] -- Up-to-date: /home/ros25/ROS/ROS_25/colcon_ws/install/turtlebot3_gazebo/share/turtlebot3_gazebo//models/turtlebot3_autorace_2020/traffic_parking/materials
[4.555s] -- Up-to-date: /home/ros25/ROS/ROS_25/colcon_ws/install/turtlebot3_gazebo/share/turtlebot3_gazebo//models/turtlebot3_autorace_2020/traffic_parking/materials/textures
[4.555s] -- Up-to-date: /home/ros25/ROS/ROS_25/colcon_ws/install/turtlebot3_gazebo/share/turtlebot3_gazebo//models/turtlebot3_autorace_2020/traffic_parking/materials/textures/traffic_parking.png
[4.561s] -- Up-to-date: /home/ros25/ROS/ROS_25/colcon_ws/install/turtlebot3_gazebo/share/turtlebot3_gazebo//models/turtlebot3_autorace_2020/traffic_parking/materials/scripts
[4.561s] -- Up-to-date: /home/ros25/ROS/ROS_25/colcon_ws/install/turtlebot3_gazebo/share/turtlebot3_gazebo//models/turtlebot3_autorace_2020/traffic_parking/materials/scripts/traffic_parking.material
[4.561s] -- Up-to-date: /home/ros25/ROS/ROS_25/colcon_ws/install/turtlebot3_gazebo/share/turtlebot3_gazebo//models/turtlebot3_autorace_2020/traffic_parking/model.sdf
[4.561s] -- Up-to-date: /home/ros25/ROS/ROS_25/colcon_ws/install/turtlebot3_gazebo/share/turtlebot3_gazebo//models/turtlebot3_autorace_2020/checker
[4.561s] -- Up-to-date: /home/ros25/ROS/ROS_25/colcon_ws/install/turtlebot3_gazebo/share/turtlebot3_gazebo//models/turtlebot3_autorace_2020/checker/model.config
[4.562s] -- Up-to-date: /home/ros25/ROS/ROS_25/colcon_ws/install/turtlebot3_gazebo/share/turtlebot3_gazebo//models/turtlebot3_autorace_2020/checker/materials
[4.567s] -- Up-to-date: /home/ros25/ROS/ROS_25/colcon_ws/install/turtlebot3_gazebo/share/turtlebot3_gazebo//models/turtlebot3_autorace_2020/checker/materials/textures
[4.567s] -- Up-to-date: /home/ros25/ROS/ROS_25/colcon_ws/install/turtlebot3_gazebo/share/turtlebot3_gazebo//models/turtlebot3_autorace_2020/checker/materials/textures/checker.png
[4.567s] -- Up-to-date: /home/ros25/ROS/ROS_25/colcon_ws/install/turtlebot3_gazebo/share/turtlebot3_gazebo//models/turtlebot3_autorace_2020/checker/materials/scripts
[4.568s] -- Up-to-date: /home/ros25/ROS/ROS_25/colcon_ws/install/turtlebot3_gazebo/share/turtlebot3_gazebo//models/turtlebot3_autorace_2020/checker/materials/scripts/checker.material
[4.572s] -- Up-to-date: /home/ros25/ROS/ROS_25/colcon_ws/install/turtlebot3_gazebo/share/turtlebot3_gazebo//models/turtlebot3_autorace_2020/checker/materials/checker.png
[4.572s] -- Up-to-date: /home/ros25/ROS/ROS_25/colcon_ws/install/turtlebot3_gazebo/share/turtlebot3_gazebo//models/turtlebot3_autorace_2020/checker/model.sdf
[4.572s] -- Up-to-date: /home/ros25/ROS/ROS_25/colcon_ws/install/turtlebot3_gazebo/share/turtlebot3_gazebo//models/turtlebot3_autorace_2020/traffic_right
[4.572s] -- Up-to-date: /home/ros25/ROS/ROS_25/colcon_ws/install/turtlebot3_gazebo/share/turtlebot3_gazebo//models/turtlebot3_autorace_2020/traffic_right/model.config
[4.572s] -- Up-to-date: /home/ros25/ROS/ROS_25/colcon_ws/install/turtlebot3_gazebo/share/turtlebot3_gazebo//models/turtlebot3_autorace_2020/traffic_right/materials
[4.579s] -- Up-to-date: /home/ros25/ROS/ROS_25/colcon_ws/install/turtlebot3_gazebo/share/turtlebot3_gazebo//models/turtlebot3_autorace_2020/traffic_right/materials/textures
[4.580s] -- Up-to-date: /home/ros25/ROS/ROS_25/colcon_ws/install/turtlebot3_gazebo/share/turtlebot3_gazebo//models/turtlebot3_autorace_2020/traffic_right/materials/textures/traffic_right.png
[4.580s] -- Up-to-date: /home/ros25/ROS/ROS_25/colcon_ws/install/turtlebot3_gazebo/share/turtlebot3_gazebo//models/turtlebot3_autorace_2020/traffic_right/materials/scripts
[4.581s] -- Up-to-date: /home/ros25/ROS/ROS_25/colcon_ws/install/turtlebot3_gazebo/share/turtlebot3_gazebo//models/turtlebot3_autorace_2020/traffic_right/materials/scripts/traffic_right.material
[4.581s] -- Up-to-date: /home/ros25/ROS/ROS_25/colcon_ws/install/turtlebot3_gazebo/share/turtlebot3_gazebo//models/turtlebot3_autorace_2020/traffic_right/model.sdf
[4.581s] -- Up-to-date: /home/ros25/ROS/ROS_25/colcon_ws/install/turtlebot3_gazebo/share/turtlebot3_gazebo//models/turtlebot3_autorace_2020/traffic_light
[4.581s] -- Up-to-date: /home/ros25/ROS/ROS_25/colcon_ws/install/turtlebot3_gazebo/share/turtlebot3_gazebo//models/turtlebot3_autorace_2020/traffic_light/model.config
[4.581s] -- Up-to-date: /home/ros25/ROS/ROS_25/colcon_ws/install/turtlebot3_gazebo/share/turtlebot3_gazebo//models/turtlebot3_autorace_2020/traffic_light/materials
[4.581s] -- Up-to-date: /home/ros25/ROS/ROS_25/colcon_ws/install/turtlebot3_gazebo/share/turtlebot3_gazebo//models/turtlebot3_autorace_2020/traffic_light/materials/textures
[4.591s] -- Up-to-date: /home/ros25/ROS/ROS_25/colcon_ws/install/turtlebot3_gazebo/share/turtlebot3_gazebo//models/turtlebot3_autorace_2020/traffic_light/materials/textures/traffic_light_red.png
[4.592s] -- Up-to-date: /home/ros25/ROS/ROS_25/colcon_ws/install/turtlebot3_gazebo/share/turtlebot3_gazebo//models/turtlebot3_autorace_2020/traffic_light/materials/textures/traffic_light_yellow.png
[4.592s] -- Up-to-date: /home/ros25/ROS/ROS_25/colcon_ws/install/turtlebot3_gazebo/share/turtlebot3_gazebo//models/turtlebot3_autorace_2020/traffic_light/materials/textures/traffic_light_green.png
[4.592s] -- Up-to-date: /home/ros25/ROS/ROS_25/colcon_ws/install/turtlebot3_gazebo/share/turtlebot3_gazebo//models/turtlebot3_autorace_2020/traffic_light/materials/textures/traffic_light.png
[4.592s] -- Up-to-date: /home/ros25/ROS/ROS_25/colcon_ws/install/turtlebot3_gazebo/share/turtlebot3_gazebo//models/turtlebot3_autorace_2020/traffic_light/materials/scripts
[4.593s] -- Up-to-date: /home/ros25/ROS/ROS_25/colcon_ws/install/turtlebot3_gazebo/share/turtlebot3_gazebo//models/turtlebot3_autorace_2020/traffic_light/materials/scripts/traffic_light.material
[4.593s] -- Up-to-date: /home/ros25/ROS/ROS_25/colcon_ws/install/turtlebot3_gazebo/share/turtlebot3_gazebo//models/turtlebot3_autorace_2020/traffic_light/model.sdf
[4.593s] -- Up-to-date: /home/ros25/ROS/ROS_25/colcon_ws/install/turtlebot3_gazebo/share/turtlebot3_gazebo//models/turtlebot3_autorace_2020/traffic_construction
[4.593s] -- Up-to-date: /home/ros25/ROS/ROS_25/colcon_ws/install/turtlebot3_gazebo/share/turtlebot3_gazebo//models/turtlebot3_autorace_2020/traffic_construction/model.config
[4.593s] -- Up-to-date: /home/ros25/ROS/ROS_25/colcon_ws/install/turtlebot3_gazebo/share/turtlebot3_gazebo//models/turtlebot3_autorace_2020/traffic_construction/materials
[4.593s] -- Up-to-date: /home/ros25/ROS/ROS_25/colcon_ws/install/turtlebot3_gazebo/share/turtlebot3_gazebo//models/turtlebot3_autorace_2020/traffic_construction/materials/textures
[4.602s] -- Up-to-date: /home/ros25/ROS/ROS_25/colcon_ws/install/turtlebot3_gazebo/share/turtlebot3_gazebo//models/turtlebot3_autorace_2020/traffic_construction/materials/textures/traffic_construction.png
[4.603s] -- Up-to-date: /home/ros25/ROS/ROS_25/colcon_ws/install/turtlebot3_gazebo/share/turtlebot3_gazebo//models/turtlebot3_autorace_2020/traffic_construction/materials/scripts
[4.603s] -- Up-to-date: /home/ros25/ROS/ROS_25/colcon_ws/install/turtlebot3_gazebo/share/turtlebot3_gazebo//models/turtlebot3_autorace_2020/traffic_construction/materials/scripts/traffic_construction.material
[4.603s] -- Up-to-date: /home/ros25/ROS/ROS_25/colcon_ws/install/turtlebot3_gazebo/share/turtlebot3_gazebo//models/turtlebot3_autorace_2020/traffic_construction/model.sdf
[4.603s] -- Up-to-date: /home/ros25/ROS/ROS_25/colcon_ws/install/turtlebot3_gazebo/share/turtlebot3_gazebo//models/turtlebot3_autorace_2020/traffic_noentry
[4.603s] -- Up-to-date: /home/ros25/ROS/ROS_25/colcon_ws/install/turtlebot3_gazebo/share/turtlebot3_gazebo//models/turtlebot3_autorace_2020/traffic_noentry/model.config
[4.603s] -- Up-to-date: /home/ros25/ROS/ROS_25/colcon_ws/install/turtlebot3_gazebo/share/turtlebot3_gazebo//models/turtlebot3_autorace_2020/traffic_noentry/materials
[4.603s] -- Up-to-date: /home/ros25/ROS/ROS_25/colcon_ws/install/turtlebot3_gazebo/share/turtlebot3_gazebo//models/turtlebot3_autorace_2020/traffic_noentry/materials/textures
[4.603s] -- Up-to-date: /home/ros25/ROS/ROS_25/colcon_ws/install/turtlebot3_gazebo/share/turtlebot3_gazebo//models/turtlebot3_autorace_2020/traffic_noentry/materials/textures/traffic_noentry.png
[4.604s] -- Up-to-date: /home/ros25/ROS/ROS_25/colcon_ws/install/turtlebot3_gazebo/share/turtlebot3_gazebo//models/turtlebot3_autorace_2020/traffic_noentry/materials/scripts
[4.604s] -- Up-to-date: /home/ros25/ROS/ROS_25/colcon_ws/install/turtlebot3_gazebo/share/turtlebot3_gazebo//models/turtlebot3_autorace_2020/traffic_noentry/materials/scripts/traffic_noentry.material
[4.604s] -- Up-to-date: /home/ros25/ROS/ROS_25/colcon_ws/install/turtlebot3_gazebo/share/turtlebot3_gazebo//models/turtlebot3_autorace_2020/traffic_noentry/model.sdf
[4.604s] -- Up-to-date: /home/ros25/ROS/ROS_25/colcon_ws/install/turtlebot3_gazebo/share/turtlebot3_gazebo//models/turtlebot3_autorace_2020/traffic_stop
[4.604s] -- Up-to-date: /home/ros25/ROS/ROS_25/colcon_ws/install/turtlebot3_gazebo/share/turtlebot3_gazebo//models/turtlebot3_autorace_2020/traffic_stop/model.config
[4.605s] -- Up-to-date: /home/ros25/ROS/ROS_25/colcon_ws/install/turtlebot3_gazebo/share/turtlebot3_gazebo//models/turtlebot3_autorace_2020/traffic_stop/materials
[4.615s] -- Up-to-date: /home/ros25/ROS/ROS_25/colcon_ws/install/turtlebot3_gazebo/share/turtlebot3_gazebo//models/turtlebot3_autorace_2020/traffic_stop/materials/textures
[4.616s] -- Up-to-date: /home/ros25/ROS/ROS_25/colcon_ws/install/turtlebot3_gazebo/share/turtlebot3_gazebo//models/turtlebot3_autorace_2020/traffic_stop/materials/textures/traffic_stop.png
[4.616s] -- Up-to-date: /home/ros25/ROS/ROS_25/colcon_ws/install/turtlebot3_gazebo/share/turtlebot3_gazebo//models/turtlebot3_autorace_2020/traffic_stop/materials/scripts
[4.616s] -- Up-to-date: /home/ros25/ROS/ROS_25/colcon_ws/install/turtlebot3_gazebo/share/turtlebot3_gazebo//models/turtlebot3_autorace_2020/traffic_stop/materials/scripts/traffic_stop.material
[4.616s] -- Up-to-date: /home/ros25/ROS/ROS_25/colcon_ws/install/turtlebot3_gazebo/share/turtlebot3_gazebo//models/turtlebot3_autorace_2020/traffic_stop/model.sdf
[4.616s] -- Up-to-date: /home/ros25/ROS/ROS_25/colcon_ws/install/turtlebot3_gazebo/share/turtlebot3_gazebo//models/turtlebot3_world
[4.616s] -- Up-to-date: /home/ros25/ROS/ROS_25/colcon_ws/install/turtlebot3_gazebo/share/turtlebot3_gazebo//models/turtlebot3_world/model-1_4.sdf
[4.616s] -- Up-to-date: /home/ros25/ROS/ROS_25/colcon_ws/install/turtlebot3_gazebo/share/turtlebot3_gazebo//models/turtlebot3_world/model.config
[4.617s] -- Up-to-date: /home/ros25/ROS/ROS_25/colcon_ws/install/turtlebot3_gazebo/share/turtlebot3_gazebo//models/turtlebot3_world/meshes
[4.617s] -- Up-to-date: /home/ros25/ROS/ROS_25/colcon_ws/install/turtlebot3_gazebo/share/turtlebot3_gazebo//models/turtlebot3_world/meshes/hexagon.dae
[4.617s] -- Up-to-date: /home/ros25/ROS/ROS_25/colcon_ws/install/turtlebot3_gazebo/share/turtlebot3_gazebo//models/turtlebot3_world/meshes/wall.dae
[4.617s] -- Up-to-date: /home/ros25/ROS/ROS_25/colcon_ws/install/turtlebot3_gazebo/share/turtlebot3_gazebo//models/turtlebot3_world/model.sdf
[4.617s] -- Up-to-date: /home/ros25/ROS/ROS_25/colcon_ws/install/turtlebot3_gazebo/share/turtlebot3_gazebo//rviz
[4.617s] -- Up-to-date: /home/ros25/ROS/ROS_25/colcon_ws/install/turtlebot3_gazebo/share/turtlebot3_gazebo//rviz/tb3_gazebo.rviz
[4.617s] -- Up-to-date: /home/ros25/ROS/ROS_25/colcon_ws/install/turtlebot3_gazebo/share/turtlebot3_gazebo//urdf
[4.617s] -- Up-to-date: /home/ros25/ROS/ROS_25/colcon_ws/install/turtlebot3_gazebo/share/turtlebot3_gazebo//urdf/turtlebot3_burger.urdf
[4.617s] -- Up-to-date: /home/ros25/ROS/ROS_25/colcon_ws/install/turtlebot3_gazebo/share/turtlebot3_gazebo//urdf/turtlebot3_waffle.urdf
[4.625s] -- Up-to-date: /home/ros25/ROS/ROS_25/colcon_ws/install/turtlebot3_gazebo/share/turtlebot3_gazebo//urdf/turtlebot3_waffle_pi.urdf
[4.626s] -- Up-to-date: /home/ros25/ROS/ROS_25/colcon_ws/install/turtlebot3_gazebo/share/turtlebot3_gazebo//urdf/common_properties.urdf
[4.626s] -- Up-to-date: /home/ros25/ROS/ROS_25/colcon_ws/install/turtlebot3_gazebo/share/turtlebot3_gazebo//urdf/turtlebot3_burger_cam.urdf
[4.626s] -- Up-to-date: /home/ros25/ROS/ROS_25/colcon_ws/install/turtlebot3_gazebo/share/turtlebot3_gazebo//worlds
[4.626s] -- Up-to-date: /home/ros25/ROS/ROS_25/colcon_ws/install/turtlebot3_gazebo/share/turtlebot3_gazebo//worlds/turtlebot3_dqn_stage4.world
[4.626s] -- Up-to-date: /home/ros25/ROS/ROS_25/colcon_ws/install/turtlebot3_gazebo/share/turtlebot3_gazebo//worlds/turtlebot3_dqn_stage2.world
[4.626s] -- Up-to-date: /home/ros25/ROS/ROS_25/colcon_ws/install/turtlebot3_gazebo/share/turtlebot3_gazebo//worlds/turtlebot3_dqn_stage1.world
[4.627s] -- Up-to-date: /home/ros25/ROS/ROS_25/colcon_ws/install/turtlebot3_gazebo/share/turtlebot3_gazebo//worlds/turtlebot3_dqn_stage3.world
[4.627s] -- Up-to-date: /home/ros25/ROS/ROS_25/colcon_ws/install/turtlebot3_gazebo/share/turtlebot3_gazebo//worlds/empty_world.world
[4.627s] -- Up-to-date: /home/ros25/ROS/ROS_25/colcon_ws/install/turtlebot3_gazebo/share/turtlebot3_gazebo//worlds/turtlebot3_autorace_2020.world
[4.627s] -- Up-to-date: /home/ros25/ROS/ROS_25/colcon_ws/install/turtlebot3_gazebo/share/turtlebot3_gazebo//worlds/turtlebot3_world.world
[4.627s] -- Up-to-date: /home/ros25/ROS/ROS_25/colcon_ws/install/turtlebot3_gazebo/share/turtlebot3_gazebo//worlds/home2.world
[4.627s] -- Up-to-date: /home/ros25/ROS/ROS_25/colcon_ws/install/turtlebot3_gazebo/share/turtlebot3_gazebo//worlds/turtlebot3_house.world
[4.627s] -- Up-to-date: /home/ros25/ROS/ROS_25/colcon_ws/install/turtlebot3_gazebo/include/
[4.627s] -- Up-to-date: /home/ros25/ROS/ROS_25/colcon_ws/install/turtlebot3_gazebo/include//turtlebot3_gazebo
[4.627s] -- Up-to-date: /home/ros25/ROS/ROS_25/colcon_ws/install/turtlebot3_gazebo/include//turtlebot3_gazebo/traffic_light_plugin.hpp
[4.627s] -- Up-to-date: /home/ros25/ROS/ROS_25/colcon_ws/install/turtlebot3_gazebo/include//turtlebot3_gazebo/turtlebot3_drive.hpp
[4.637s] -- Up-to-date: /home/ros25/ROS/ROS_25/colcon_ws/install/turtlebot3_gazebo/include//turtlebot3_gazebo/obstacle1.hpp
[4.637s] -- Up-to-date: /home/ros25/ROS/ROS_25/colcon_ws/install/turtlebot3_gazebo/include//turtlebot3_gazebo/obstacles.hpp
[4.637s] -- Up-to-date: /home/ros25/ROS/ROS_25/colcon_ws/install/turtlebot3_gazebo/include//turtlebot3_gazebo/traffic_bar_plugin.hpp
[4.637s] -- Up-to-date: /home/ros25/ROS/ROS_25/colcon_ws/install/turtlebot3_gazebo/include//turtlebot3_gazebo/obstacle2.hpp
[4.637s] -- Up-to-date: /home/ros25/ROS/ROS_25/colcon_ws/install/turtlebot3_gazebo/share/ament_index/resource_index/package_run_dependencies/turtlebot3_gazebo
[4.637s] -- Up-to-date: /home/ros25/ROS/ROS_25/colcon_ws/install/turtlebot3_gazebo/share/ament_index/resource_index/parent_prefix_path/turtlebot3_gazebo
[4.642s] -- Up-to-date: /home/ros25/ROS/ROS_25/colcon_ws/install/turtlebot3_gazebo/share/turtlebot3_gazebo/environment/ament_prefix_path.sh
[4.643s] -- Up-to-date: /home/ros25/ROS/ROS_25/colcon_ws/install/turtlebot3_gazebo/share/turtlebot3_gazebo/environment/ament_prefix_path.dsv
[4.647s] -- Up-to-date: /home/ros25/ROS/ROS_25/colcon_ws/install/turtlebot3_gazebo/share/turtlebot3_gazebo/environment/path.sh
[4.647s] -- Up-to-date: /home/ros25/ROS/ROS_25/colcon_ws/install/turtlebot3_gazebo/share/turtlebot3_gazebo/environment/path.dsv
[4.647s] -- Up-to-date: /home/ros25/ROS/ROS_25/colcon_ws/install/turtlebot3_gazebo/share/turtlebot3_gazebo/local_setup.bash
[4.647s] -- Up-to-date: /home/ros25/ROS/ROS_25/colcon_ws/install/turtlebot3_gazebo/share/turtlebot3_gazebo/local_setup.sh
[4.647s] -- Up-to-date: /home/ros25/ROS/ROS_25/colcon_ws/install/turtlebot3_gazebo/share/turtlebot3_gazebo/local_setup.zsh
[4.648s] -- Up-to-date: /home/ros25/ROS/ROS_25/colcon_ws/install/turtlebot3_gazebo/share/turtlebot3_gazebo/local_setup.dsv
[4.648s] -- Installing: /home/ros25/ROS/ROS_25/colcon_ws/install/turtlebot3_gazebo/share/turtlebot3_gazebo/package.dsv
[4.648s] -- Up-to-date: /home/ros25/ROS/ROS_25/colcon_ws/install/turtlebot3_gazebo/share/ament_index/resource_index/packages/turtlebot3_gazebo
[4.648s] -- Up-to-date: /home/ros25/ROS/ROS_25/colcon_ws/install/turtlebot3_gazebo/share/turtlebot3_gazebo/cmake/ament_cmake_export_include_directories-extras.cmake
[4.648s] -- Up-to-date: /home/ros25/ROS/ROS_25/colcon_ws/install/turtlebot3_gazebo/share/turtlebot3_gazebo/cmake/ament_cmake_export_dependencies-extras.cmake
[4.648s] -- Up-to-date: /home/ros25/ROS/ROS_25/colcon_ws/install/turtlebot3_gazebo/share/turtlebot3_gazebo/cmake/turtlebot3_gazeboConfig.cmake
[4.648s] -- Up-to-date: /home/ros25/ROS/ROS_25/colcon_ws/install/turtlebot3_gazebo/share/turtlebot3_gazebo/cmake/turtlebot3_gazeboConfig-version.cmake
[4.648s] -- Up-to-date: /home/ros25/ROS/ROS_25/colcon_ws/install/turtlebot3_gazebo/share/turtlebot3_gazebo/package.xml
[4.730s] Invoked command in '/home/ros25/ROS/ROS_25/colcon_ws/build/turtlebot3_gazebo' returned '0': CMAKE_PREFIX_PATH=${CMAKE_PREFIX_PATH}:/home/ros25/ROS/ROS_25/colcon_ws/install/turtlebot3_teleop:/home/ros25/ROS/ROS_25/colcon_ws/install/turtlebot3_example:/home/ros25/ROS/ROS_25/colcon_ws/install/turtlebot3_dqn:/home/ros25/ROS/ROS_25/colcon_ws/install/turtlebot3_controller:/home/ros25/ROS/ROS_25/colcon_ws/install/test_node:/opt/ros/humble /usr/bin/cmake --install /home/ros25/ROS/ROS_25/colcon_ws/build/turtlebot3_gazebo
