[0.083s] Invoking command in '/home/ros25/ROS/ROS_25/colcon_ws/build/turtlebot3_cartographer': CMAKE_PREFIX_PATH=${CMAKE_PREFIX_PATH}:/home/ros25/ROS/ROS_25/colcon_ws/install/turtlebot3_teleop:/home/ros25/ROS/ROS_25/colcon_ws/install/turtlebot3_example:/home/ros25/ROS/ROS_25/colcon_ws/install/test_node:/opt/ros/humble /usr/bin/cmake --build /home/ros25/ROS/ROS_25/colcon_ws/build/turtlebot3_cartographer -- -j2 -l2
[0.177s] -- Found ament_cmake: 1.3.11 (/opt/ros/humble/share/ament_cmake/cmake)
[0.876s] -- Configuring done
[0.886s] -- Generating done
[0.891s] -- Build files have been written to: /home/ros25/ROS/ROS_25/colcon_ws/build/turtlebot3_cartographer
[0.958s] Invoked command in '/home/ros25/ROS/ROS_25/colcon_ws/build/turtlebot3_cartographer' returned '0': CMAKE_PREFIX_PATH=${CMAKE_PREFIX_PATH}:/home/ros25/ROS/ROS_25/colcon_ws/install/turtlebot3_teleop:/home/ros25/ROS/ROS_25/colcon_ws/install/turtlebot3_example:/home/ros25/ROS/ROS_25/colcon_ws/install/test_node:/opt/ros/humble /usr/bin/cmake --build /home/ros25/ROS/ROS_25/colcon_ws/build/turtlebot3_cartographer -- -j2 -l2
[0.961s] Invoking command in '/home/ros25/ROS/ROS_25/colcon_ws/build/turtlebot3_cartographer': CMAKE_PREFIX_PATH=${CMAKE_PREFIX_PATH}:/home/ros25/ROS/ROS_25/colcon_ws/install/turtlebot3_teleop:/home/ros25/ROS/ROS_25/colcon_ws/install/turtlebot3_example:/home/ros25/ROS/ROS_25/colcon_ws/install/test_node:/opt/ros/humble /usr/bin/cmake --install /home/ros25/ROS/ROS_25/colcon_ws/build/turtlebot3_cartographer
[1.002s] -- Install configuration: ""
[1.004s] -- Up-to-date: /home/ros25/ROS/ROS_25/colcon_ws/install/turtlebot3_cartographer/share/turtlebot3_cartographer/config
[1.006s] -- Installing: /home/ros25/ROS/ROS_25/colcon_ws/install/turtlebot3_cartographer/share/turtlebot3_cartographer/config/turtlebot3_lds_2d.lua
[1.006s] -- Up-to-date: /home/ros25/ROS/ROS_25/colcon_ws/install/turtlebot3_cartographer/share/turtlebot3_cartographer/launch
[1.007s] -- Installing: /home/ros25/ROS/ROS_25/colcon_ws/install/turtlebot3_cartographer/share/turtlebot3_cartographer/launch/cartographer.launch.py
[1.007s] -- Installing: /home/ros25/ROS/ROS_25/colcon_ws/install/turtlebot3_cartographer/share/turtlebot3_cartographer/launch/occupancy_grid.launch.py
[1.012s] -- Up-to-date: /home/ros25/ROS/ROS_25/colcon_ws/install/turtlebot3_cartographer/share/turtlebot3_cartographer/rviz
[1.012s] -- Installing: /home/ros25/ROS/ROS_25/colcon_ws/install/turtlebot3_cartographer/share/turtlebot3_cartographer/rviz/tb3_cartographer.rviz
[1.012s] -- Up-to-date: /home/ros25/ROS/ROS_25/colcon_ws/install/turtlebot3_cartographer/share/ament_index/resource_index/package_run_dependencies/turtlebot3_cartographer
[1.012s] -- Installing: /home/ros25/ROS/ROS_25/colcon_ws/install/turtlebot3_cartographer/share/ament_index/resource_index/parent_prefix_path/turtlebot3_cartographer
[1.012s] -- Up-to-date: /home/ros25/ROS/ROS_25/colcon_ws/install/turtlebot3_cartographer/share/turtlebot3_cartographer/environment/ament_prefix_path.sh
[1.012s] -- Installing: /home/ros25/ROS/ROS_25/colcon_ws/install/turtlebot3_cartographer/share/turtlebot3_cartographer/environment/ament_prefix_path.dsv
[1.014s] -- Up-to-date: /home/ros25/ROS/ROS_25/colcon_ws/install/turtlebot3_cartographer/share/turtlebot3_cartographer/environment/path.sh
[1.014s] -- Installing: /home/ros25/ROS/ROS_25/colcon_ws/install/turtlebot3_cartographer/share/turtlebot3_cartographer/environment/path.dsv
[1.016s] -- Up-to-date: /home/ros25/ROS/ROS_25/colcon_ws/install/turtlebot3_cartographer/share/turtlebot3_cartographer/local_setup.bash
[1.016s] -- Up-to-date: /home/ros25/ROS/ROS_25/colcon_ws/install/turtlebot3_cartographer/share/turtlebot3_cartographer/local_setup.sh
[1.018s] -- Up-to-date: /home/ros25/ROS/ROS_25/colcon_ws/install/turtlebot3_cartographer/share/turtlebot3_cartographer/local_setup.zsh
[1.018s] -- Installing: /home/ros25/ROS/ROS_25/colcon_ws/install/turtlebot3_cartographer/share/turtlebot3_cartographer/local_setup.dsv
[1.018s] -- Installing: /home/ros25/ROS/ROS_25/colcon_ws/install/turtlebot3_cartographer/share/turtlebot3_cartographer/package.dsv
[1.018s] -- Up-to-date: /home/ros25/ROS/ROS_25/colcon_ws/install/turtlebot3_cartographer/share/ament_index/resource_index/packages/turtlebot3_cartographer
[1.018s] -- Up-to-date: /home/ros25/ROS/ROS_25/colcon_ws/install/turtlebot3_cartographer/share/turtlebot3_cartographer/cmake/turtlebot3_cartographerConfig.cmake
[1.018s] -- Up-to-date: /home/ros25/ROS/ROS_25/colcon_ws/install/turtlebot3_cartographer/share/turtlebot3_cartographer/cmake/turtlebot3_cartographerConfig-version.cmake
[1.018s] -- Installing: /home/ros25/ROS/ROS_25/colcon_ws/install/turtlebot3_cartographer/share/turtlebot3_cartographer/package.xml
[1.039s] Invoked command in '/home/ros25/ROS/ROS_25/colcon_ws/build/turtlebot3_cartographer' returned '0': CMAKE_PREFIX_PATH=${CMAKE_PREFIX_PATH}:/home/ros25/ROS/ROS_25/colcon_ws/install/turtlebot3_teleop:/home/ros25/ROS/ROS_25/colcon_ws/install/turtlebot3_example:/home/ros25/ROS/ROS_25/colcon_ws/install/test_node:/opt/ros/humble /usr/bin/cmake --install /home/ros25/ROS/ROS_25/colcon_ws/build/turtlebot3_cartographer
