[0.106s] Invoking command in '/home/ros25/ROS/ROS_25/colcon_ws/build/turtlebot3_description': CMAKE_PREFIX_PATH=${CMAKE_PREFIX_PATH}:/home/ros25/ROS/ROS_25/colcon_ws/install/turtlebot3_teleop:/home/ros25/ROS/ROS_25/colcon_ws/install/turtlebot3_example:/home/ros25/ROS/ROS_25/colcon_ws/install/turtlebot3_controller:/home/ros25/ROS/ROS_25/colcon_ws/install/test_node:/opt/ros/humble /usr/bin/cmake --build /home/ros25/ROS/ROS_25/colcon_ws/build/turtlebot3_description -- -j2 -l2
[0.464s] Invoked command in '/home/ros25/ROS/ROS_25/colcon_ws/build/turtlebot3_description' returned '0': CMAKE_PREFIX_PATH=${CMAKE_PREFIX_PATH}:/home/ros25/ROS/ROS_25/colcon_ws/install/turtlebot3_teleop:/home/ros25/ROS/ROS_25/colcon_ws/install/turtlebot3_example:/home/ros25/ROS/ROS_25/colcon_ws/install/turtlebot3_controller:/home/ros25/ROS/ROS_25/colcon_ws/install/test_node:/opt/ros/humble /usr/bin/cmake --build /home/ros25/ROS/ROS_25/colcon_ws/build/turtlebot3_description -- -j2 -l2
[0.481s] Invoking command in '/home/ros25/ROS/ROS_25/colcon_ws/build/turtlebot3_description': CMAKE_PREFIX_PATH=${CMAKE_PREFIX_PATH}:/home/ros25/ROS/ROS_25/colcon_ws/install/turtlebot3_teleop:/home/ros25/ROS/ROS_25/colcon_ws/install/turtlebot3_example:/home/ros25/ROS/ROS_25/colcon_ws/install/turtlebot3_controller:/home/ros25/ROS/ROS_25/colcon_ws/install/test_node:/opt/ros/humble /usr/bin/cmake --install /home/ros25/ROS/ROS_25/colcon_ws/build/turtlebot3_description
[0.568s] -- Install configuration: ""
[0.569s] -- Up-to-date: /home/ros25/ROS/ROS_25/colcon_ws/install/turtlebot3_description/share/turtlebot3_description/meshes
[0.578s] -- Up-to-date: /home/ros25/ROS/ROS_25/colcon_ws/install/turtlebot3_description/share/turtlebot3_description/meshes/sensors
[0.580s] -- Up-to-date: /home/ros25/ROS/ROS_25/colcon_ws/install/turtlebot3_description/share/turtlebot3_description/meshes/sensors/r200.dae
[0.583s] -- Up-to-date: /home/ros25/ROS/ROS_25/colcon_ws/install/turtlebot3_description/share/turtlebot3_description/meshes/sensors/astra.jpg
[0.583s] -- Up-to-date: /home/ros25/ROS/ROS_25/colcon_ws/install/turtlebot3_description/share/turtlebot3_description/meshes/sensors/astra.dae
[0.583s] -- Up-to-date: /home/ros25/ROS/ROS_25/colcon_ws/install/turtlebot3_description/share/turtlebot3_description/meshes/sensors/lds.stl
[0.583s] -- Up-to-date: /home/ros25/ROS/ROS_25/colcon_ws/install/turtlebot3_description/share/turtlebot3_description/meshes/sensors/r200.jpg
[0.588s] -- Up-to-date: /home/ros25/ROS/ROS_25/colcon_ws/install/turtlebot3_description/share/turtlebot3_description/meshes/bases
[0.589s] -- Up-to-date: /home/ros25/ROS/ROS_25/colcon_ws/install/turtlebot3_description/share/turtlebot3_description/meshes/bases/waffle_base.stl
[0.589s] -- Up-to-date: /home/ros25/ROS/ROS_25/colcon_ws/install/turtlebot3_description/share/turtlebot3_description/meshes/bases/burger_base.stl
[0.589s] -- Up-to-date: /home/ros25/ROS/ROS_25/colcon_ws/install/turtlebot3_description/share/turtlebot3_description/meshes/bases/waffle_pi_base.stl
[0.589s] -- Up-to-date: /home/ros25/ROS/ROS_25/colcon_ws/install/turtlebot3_description/share/turtlebot3_description/meshes/wheels
[0.589s] -- Up-to-date: /home/ros25/ROS/ROS_25/colcon_ws/install/turtlebot3_description/share/turtlebot3_description/meshes/wheels/left_tire.stl
[0.603s] -- Up-to-date: /home/ros25/ROS/ROS_25/colcon_ws/install/turtlebot3_description/share/turtlebot3_description/meshes/wheels/right_tire.stl
[0.604s] -- Up-to-date: /home/ros25/ROS/ROS_25/colcon_ws/install/turtlebot3_description/share/turtlebot3_description/rviz
[0.604s] -- Up-to-date: /home/ros25/ROS/ROS_25/colcon_ws/install/turtlebot3_description/share/turtlebot3_description/rviz/model.rviz
[0.604s] -- Up-to-date: /home/ros25/ROS/ROS_25/colcon_ws/install/turtlebot3_description/share/turtlebot3_description/urdf
[0.604s] -- Up-to-date: /home/ros25/ROS/ROS_25/colcon_ws/install/turtlebot3_description/share/turtlebot3_description/urdf/turtlebot3_burger.urdf
[0.604s] -- Up-to-date: /home/ros25/ROS/ROS_25/colcon_ws/install/turtlebot3_description/share/turtlebot3_description/urdf/turtlebot3_waffle.urdf
[0.604s] -- Up-to-date: /home/ros25/ROS/ROS_25/colcon_ws/install/turtlebot3_description/share/turtlebot3_description/urdf/turtlebot3_waffle_pi.urdf
[0.604s] -- Up-to-date: /home/ros25/ROS/ROS_25/colcon_ws/install/turtlebot3_description/share/turtlebot3_description/urdf/common_properties.urdf
[0.604s] -- Up-to-date: /home/ros25/ROS/ROS_25/colcon_ws/install/turtlebot3_description/share/ament_index/resource_index/package_run_dependencies/turtlebot3_description
[0.605s] -- Up-to-date: /home/ros25/ROS/ROS_25/colcon_ws/install/turtlebot3_description/share/ament_index/resource_index/parent_prefix_path/turtlebot3_description
[0.605s] -- Up-to-date: /home/ros25/ROS/ROS_25/colcon_ws/install/turtlebot3_description/share/turtlebot3_description/environment/ament_prefix_path.sh
[0.608s] -- Up-to-date: /home/ros25/ROS/ROS_25/colcon_ws/install/turtlebot3_description/share/turtlebot3_description/environment/ament_prefix_path.dsv
[0.609s] -- Up-to-date: /home/ros25/ROS/ROS_25/colcon_ws/install/turtlebot3_description/share/turtlebot3_description/environment/path.sh
[0.609s] -- Up-to-date: /home/ros25/ROS/ROS_25/colcon_ws/install/turtlebot3_description/share/turtlebot3_description/environment/path.dsv
[0.609s] -- Up-to-date: /home/ros25/ROS/ROS_25/colcon_ws/install/turtlebot3_description/share/turtlebot3_description/local_setup.bash
[0.621s] -- Up-to-date: /home/ros25/ROS/ROS_25/colcon_ws/install/turtlebot3_description/share/turtlebot3_description/local_setup.sh
[0.621s] -- Up-to-date: /home/ros25/ROS/ROS_25/colcon_ws/install/turtlebot3_description/share/turtlebot3_description/local_setup.zsh
[0.621s] -- Up-to-date: /home/ros25/ROS/ROS_25/colcon_ws/install/turtlebot3_description/share/turtlebot3_description/local_setup.dsv
[0.626s] -- Installing: /home/ros25/ROS/ROS_25/colcon_ws/install/turtlebot3_description/share/turtlebot3_description/package.dsv
[0.628s] -- Up-to-date: /home/ros25/ROS/ROS_25/colcon_ws/install/turtlebot3_description/share/ament_index/resource_index/packages/turtlebot3_description
[0.628s] -- Up-to-date: /home/ros25/ROS/ROS_25/colcon_ws/install/turtlebot3_description/share/turtlebot3_description/cmake/turtlebot3_descriptionConfig.cmake
[0.634s] -- Up-to-date: /home/ros25/ROS/ROS_25/colcon_ws/install/turtlebot3_description/share/turtlebot3_description/cmake/turtlebot3_descriptionConfig-version.cmake
[0.635s] -- Up-to-date: /home/ros25/ROS/ROS_25/colcon_ws/install/turtlebot3_description/share/turtlebot3_description/package.xml
[0.639s] Invoked command in '/home/ros25/ROS/ROS_25/colcon_ws/build/turtlebot3_description' returned '0': CMAKE_PREFIX_PATH=${CMAKE_PREFIX_PATH}:/home/ros25/ROS/ROS_25/colcon_ws/install/turtlebot3_teleop:/home/ros25/ROS/ROS_25/colcon_ws/install/turtlebot3_example:/home/ros25/ROS/ROS_25/colcon_ws/install/turtlebot3_controller:/home/ros25/ROS/ROS_25/colcon_ws/install/test_node:/opt/ros/humble /usr/bin/cmake --install /home/ros25/ROS/ROS_25/colcon_ws/build/turtlebot3_description
