[0.092s] Invoking command in '/home/ros25/ROS/ROS_25/colcon_ws/build/turtlebot3_fake_node': CMAKE_PREFIX_PATH=/home/ros25/ROS/ROS_25/colcon_ws/install/turtlebot3_msgs:/home/ros25/ROS/ROS_25/colcon_ws/install/turtlebot3:/home/ros25/ROS/ROS_25/colcon_ws/install/turtlebot3_simulations:/home/ros25/ROS/ROS_25/colcon_ws/install/turtlebot3_bringup:/home/ros25/ROS/ROS_25/colcon_ws/install/turtlebot3_node:/home/ros25/ROS/ROS_25/colcon_ws/install/turtlebot3_navigation2:/home/ros25/ROS/ROS_25/colcon_ws/install/turtlebot3_fake_node:/home/ros25/ROS/ROS_25/colcon_ws/install/turtlebot3_manipulation_gazebo:/home/ros25/ROS/ROS_25/colcon_ws/install/turtlebot3_gazebo:/home/ros25/ROS/ROS_25/colcon_ws/install/turtlebot3_description:/home/ros25/ROS/ROS_25/colcon_ws/install/turtlebot3_cartographer:/home/ros25/ROS/ROS_25/colcon_ws/install/dynamixel_sdk_examples:/home/ros25/ROS/ROS_25/colcon_ws/install/dynamixel_sdk_custom_interfaces:/home/ros25/ROS/ROS_25/colcon_ws/install/dynamixel_sdk:/home/ros25/ROS/ROS_25/colcon_ws/install/turtlebot3_teleop:/home/ros25/ROS/ROS_25/colcon_ws/install/turtlebot3_example:/home/ros25/ROS/ROS_25/colcon_ws/install/turtlebot3_controller:/home/ros25/ROS/ROS_25/colcon_ws/install/test_node:/opt/ros/humble LD_LIBRARY_PATH=/home/ros25/ROS/ROS_25/colcon_ws/install/turtlebot3_msgs/lib:/home/ros25/ROS/ROS_25/colcon_ws/install/dynamixel_sdk_custom_interfaces/lib:/home/ros25/ROS/ROS_25/colcon_ws/install/dynamixel_sdk/lib:/usr/lib/x86_64-linux-gnu/gazebo-11/plugins:/opt/ros/humble/opt/rviz_ogre_vendor/lib:/opt/ros/humble/lib/x86_64-linux-gnu:/opt/ros/humble/lib:/usr/share/gazebo/../../lib/x86_64-linux-gnu/gazebo-11/plugins /usr/bin/cmake /home/ros25/ROS/ROS_25/colcon_ws/src/turtlebot3_simulations/turtlebot3_fake_node -DCMAKE_INSTALL_PREFIX=/home/ros25/ROS/ROS_25/colcon_ws/install/turtlebot3_fake_node
[0.363s] -- The C compiler identification is GNU 11.4.0
[0.738s] -- The CXX compiler identification is GNU 11.4.0
[0.791s] -- Detecting C compiler ABI info
[1.389s] -- Detecting C compiler ABI info - done
[1.428s] -- Check for working C compiler: /usr/bin/cc - skipped
[1.430s] -- Detecting C compile features
[1.441s] -- Detecting C compile features - done
[1.456s] -- Detecting CXX compiler ABI info
[1.872s] -- Detecting CXX compiler ABI info - done
[1.914s] -- Check for working CXX compiler: /usr/bin/c++ - skipped
[1.914s] -- Detecting CXX compile features
[1.914s] -- Detecting CXX compile features - done
[1.937s] -- Found ament_cmake: 1.3.11 (/opt/ros/humble/share/ament_cmake/cmake)
[2.786s] -- Found Python3: /usr/bin/python3 (found version "3.10.12") found components: Interpreter 
[3.329s] -- Found geometry_msgs: 4.9.0 (/opt/ros/humble/share/geometry_msgs/cmake)
[3.685s] -- Found rosidl_generator_c: 3.1.6 (/opt/ros/humble/share/rosidl_generator_c/cmake)
[3.712s] -- Found rosidl_adapter: 3.1.6 (/opt/ros/humble/share/rosidl_adapter/cmake)
[3.799s] -- Found rosidl_generator_cpp: 3.1.6 (/opt/ros/humble/share/rosidl_generator_cpp/cmake)
[3.909s] -- Using all available rosidl_typesupport_c: rosidl_typesupport_fastrtps_c;rosidl_typesupport_introspection_c
[4.007s] -- Using all available rosidl_typesupport_cpp: rosidl_typesupport_fastrtps_cpp;rosidl_typesupport_introspection_cpp
[4.348s] -- Found nav_msgs: 4.9.0 (/opt/ros/humble/share/nav_msgs/cmake)
[4.515s] -- Found rclcpp: 16.0.12 (/opt/ros/humble/share/rclcpp/cmake)
[4.951s] -- Found rmw_implementation_cmake: 6.1.2 (/opt/ros/humble/share/rmw_implementation_cmake/cmake)
[4.993s] -- Found rmw_fastrtps_cpp: 6.2.7 (/opt/ros/humble/share/rmw_fastrtps_cpp/cmake)
[5.696s] -- Found OpenSSL: /usr/lib/x86_64-linux-gnu/libcrypto.so (found version "3.0.2")  
[5.876s] -- Found FastRTPS: /opt/ros/humble/include  
[6.149s] -- Using RMW implementation 'rmw_fastrtps_cpp' as default
[6.246s] -- Looking for pthread.h
[6.893s] -- Looking for pthread.h - found
[6.897s] -- Performing Test CMAKE_HAVE_LIBC_PTHREAD
[7.653s] -- Performing Test CMAKE_HAVE_LIBC_PTHREAD - Success
[7.668s] -- Found Threads: TRUE  
[8.024s] -- Found sensor_msgs: 4.9.0 (/opt/ros/humble/share/sensor_msgs/cmake)
[8.177s] -- Found tf2: 0.25.13 (/opt/ros/humble/share/tf2/cmake)
[8.253s] -- Found tf2_msgs: 0.25.13 (/opt/ros/humble/share/tf2_msgs/cmake)
[8.489s] -- Found turtlebot3_msgs: 2.4.0 (/home/ros25/ROS/ROS_25/colcon_ws/install/turtlebot3_msgs/share/turtlebot3_msgs/cmake)
[9.323s] -- Configuring done
[9.385s] -- Generating done
[9.411s] -- Build files have been written to: /home/ros25/ROS/ROS_25/colcon_ws/build/turtlebot3_fake_node
[9.486s] Invoked command in '/home/ros25/ROS/ROS_25/colcon_ws/build/turtlebot3_fake_node' returned '0': CMAKE_PREFIX_PATH=/home/ros25/ROS/ROS_25/colcon_ws/install/turtlebot3_msgs:/home/ros25/ROS/ROS_25/colcon_ws/install/turtlebot3:/home/ros25/ROS/ROS_25/colcon_ws/install/turtlebot3_simulations:/home/ros25/ROS/ROS_25/colcon_ws/install/turtlebot3_bringup:/home/ros25/ROS/ROS_25/colcon_ws/install/turtlebot3_node:/home/ros25/ROS/ROS_25/colcon_ws/install/turtlebot3_navigation2:/home/ros25/ROS/ROS_25/colcon_ws/install/turtlebot3_fake_node:/home/ros25/ROS/ROS_25/colcon_ws/install/turtlebot3_manipulation_gazebo:/home/ros25/ROS/ROS_25/colcon_ws/install/turtlebot3_gazebo:/home/ros25/ROS/ROS_25/colcon_ws/install/turtlebot3_description:/home/ros25/ROS/ROS_25/colcon_ws/install/turtlebot3_cartographer:/home/ros25/ROS/ROS_25/colcon_ws/install/dynamixel_sdk_examples:/home/ros25/ROS/ROS_25/colcon_ws/install/dynamixel_sdk_custom_interfaces:/home/ros25/ROS/ROS_25/colcon_ws/install/dynamixel_sdk:/home/ros25/ROS/ROS_25/colcon_ws/install/turtlebot3_teleop:/home/ros25/ROS/ROS_25/colcon_ws/install/turtlebot3_example:/home/ros25/ROS/ROS_25/colcon_ws/install/turtlebot3_controller:/home/ros25/ROS/ROS_25/colcon_ws/install/test_node:/opt/ros/humble LD_LIBRARY_PATH=/home/ros25/ROS/ROS_25/colcon_ws/install/turtlebot3_msgs/lib:/home/ros25/ROS/ROS_25/colcon_ws/install/dynamixel_sdk_custom_interfaces/lib:/home/ros25/ROS/ROS_25/colcon_ws/install/dynamixel_sdk/lib:/usr/lib/x86_64-linux-gnu/gazebo-11/plugins:/opt/ros/humble/opt/rviz_ogre_vendor/lib:/opt/ros/humble/lib/x86_64-linux-gnu:/opt/ros/humble/lib:/usr/share/gazebo/../../lib/x86_64-linux-gnu/gazebo-11/plugins /usr/bin/cmake /home/ros25/ROS/ROS_25/colcon_ws/src/turtlebot3_simulations/turtlebot3_fake_node -DCMAKE_INSTALL_PREFIX=/home/ros25/ROS/ROS_25/colcon_ws/install/turtlebot3_fake_node
[9.495s] Invoking command in '/home/ros25/ROS/ROS_25/colcon_ws/build/turtlebot3_fake_node': CMAKE_PREFIX_PATH=/home/ros25/ROS/ROS_25/colcon_ws/install/turtlebot3_msgs:/home/ros25/ROS/ROS_25/colcon_ws/install/turtlebot3:/home/ros25/ROS/ROS_25/colcon_ws/install/turtlebot3_simulations:/home/ros25/ROS/ROS_25/colcon_ws/install/turtlebot3_bringup:/home/ros25/ROS/ROS_25/colcon_ws/install/turtlebot3_node:/home/ros25/ROS/ROS_25/colcon_ws/install/turtlebot3_navigation2:/home/ros25/ROS/ROS_25/colcon_ws/install/turtlebot3_fake_node:/home/ros25/ROS/ROS_25/colcon_ws/install/turtlebot3_manipulation_gazebo:/home/ros25/ROS/ROS_25/colcon_ws/install/turtlebot3_gazebo:/home/ros25/ROS/ROS_25/colcon_ws/install/turtlebot3_description:/home/ros25/ROS/ROS_25/colcon_ws/install/turtlebot3_cartographer:/home/ros25/ROS/ROS_25/colcon_ws/install/dynamixel_sdk_examples:/home/ros25/ROS/ROS_25/colcon_ws/install/dynamixel_sdk_custom_interfaces:/home/ros25/ROS/ROS_25/colcon_ws/install/dynamixel_sdk:/home/ros25/ROS/ROS_25/colcon_ws/install/turtlebot3_teleop:/home/ros25/ROS/ROS_25/colcon_ws/install/turtlebot3_example:/home/ros25/ROS/ROS_25/colcon_ws/install/turtlebot3_controller:/home/ros25/ROS/ROS_25/colcon_ws/install/test_node:/opt/ros/humble LD_LIBRARY_PATH=/home/ros25/ROS/ROS_25/colcon_ws/install/turtlebot3_msgs/lib:/home/ros25/ROS/ROS_25/colcon_ws/install/dynamixel_sdk_custom_interfaces/lib:/home/ros25/ROS/ROS_25/colcon_ws/install/dynamixel_sdk/lib:/usr/lib/x86_64-linux-gnu/gazebo-11/plugins:/opt/ros/humble/opt/rviz_ogre_vendor/lib:/opt/ros/humble/lib/x86_64-linux-gnu:/opt/ros/humble/lib:/usr/share/gazebo/../../lib/x86_64-linux-gnu/gazebo-11/plugins /usr/bin/cmake --build /home/ros25/ROS/ROS_25/colcon_ws/build/turtlebot3_fake_node -- -j2 -l2
[9.838s] [ 50%] [32mBuilding CXX object CMakeFiles/turtlebot3_fake_node.dir/src/turtlebot3_fake_node.cpp.o[0m
[47.032s] [100%] [32m[1mLinking CXX executable turtlebot3_fake_node[0m
[48.575s] [100%] Built target turtlebot3_fake_node
[48.622s] Invoked command in '/home/ros25/ROS/ROS_25/colcon_ws/build/turtlebot3_fake_node' returned '0': CMAKE_PREFIX_PATH=/home/ros25/ROS/ROS_25/colcon_ws/install/turtlebot3_msgs:/home/ros25/ROS/ROS_25/colcon_ws/install/turtlebot3:/home/ros25/ROS/ROS_25/colcon_ws/install/turtlebot3_simulations:/home/ros25/ROS/ROS_25/colcon_ws/install/turtlebot3_bringup:/home/ros25/ROS/ROS_25/colcon_ws/install/turtlebot3_node:/home/ros25/ROS/ROS_25/colcon_ws/install/turtlebot3_navigation2:/home/ros25/ROS/ROS_25/colcon_ws/install/turtlebot3_fake_node:/home/ros25/ROS/ROS_25/colcon_ws/install/turtlebot3_manipulation_gazebo:/home/ros25/ROS/ROS_25/colcon_ws/install/turtlebot3_gazebo:/home/ros25/ROS/ROS_25/colcon_ws/install/turtlebot3_description:/home/ros25/ROS/ROS_25/colcon_ws/install/turtlebot3_cartographer:/home/ros25/ROS/ROS_25/colcon_ws/install/dynamixel_sdk_examples:/home/ros25/ROS/ROS_25/colcon_ws/install/dynamixel_sdk_custom_interfaces:/home/ros25/ROS/ROS_25/colcon_ws/install/dynamixel_sdk:/home/ros25/ROS/ROS_25/colcon_ws/install/turtlebot3_teleop:/home/ros25/ROS/ROS_25/colcon_ws/install/turtlebot3_example:/home/ros25/ROS/ROS_25/colcon_ws/install/turtlebot3_controller:/home/ros25/ROS/ROS_25/colcon_ws/install/test_node:/opt/ros/humble LD_LIBRARY_PATH=/home/ros25/ROS/ROS_25/colcon_ws/install/turtlebot3_msgs/lib:/home/ros25/ROS/ROS_25/colcon_ws/install/dynamixel_sdk_custom_interfaces/lib:/home/ros25/ROS/ROS_25/colcon_ws/install/dynamixel_sdk/lib:/usr/lib/x86_64-linux-gnu/gazebo-11/plugins:/opt/ros/humble/opt/rviz_ogre_vendor/lib:/opt/ros/humble/lib/x86_64-linux-gnu:/opt/ros/humble/lib:/usr/share/gazebo/../../lib/x86_64-linux-gnu/gazebo-11/plugins /usr/bin/cmake --build /home/ros25/ROS/ROS_25/colcon_ws/build/turtlebot3_fake_node -- -j2 -l2
[48.628s] Invoking command in '/home/ros25/ROS/ROS_25/colcon_ws/build/turtlebot3_fake_node': CMAKE_PREFIX_PATH=/home/ros25/ROS/ROS_25/colcon_ws/install/turtlebot3_msgs:/home/ros25/ROS/ROS_25/colcon_ws/install/turtlebot3:/home/ros25/ROS/ROS_25/colcon_ws/install/turtlebot3_simulations:/home/ros25/ROS/ROS_25/colcon_ws/install/turtlebot3_bringup:/home/ros25/ROS/ROS_25/colcon_ws/install/turtlebot3_node:/home/ros25/ROS/ROS_25/colcon_ws/install/turtlebot3_navigation2:/home/ros25/ROS/ROS_25/colcon_ws/install/turtlebot3_fake_node:/home/ros25/ROS/ROS_25/colcon_ws/install/turtlebot3_manipulation_gazebo:/home/ros25/ROS/ROS_25/colcon_ws/install/turtlebot3_gazebo:/home/ros25/ROS/ROS_25/colcon_ws/install/turtlebot3_description:/home/ros25/ROS/ROS_25/colcon_ws/install/turtlebot3_cartographer:/home/ros25/ROS/ROS_25/colcon_ws/install/dynamixel_sdk_examples:/home/ros25/ROS/ROS_25/colcon_ws/install/dynamixel_sdk_custom_interfaces:/home/ros25/ROS/ROS_25/colcon_ws/install/dynamixel_sdk:/home/ros25/ROS/ROS_25/colcon_ws/install/turtlebot3_teleop:/home/ros25/ROS/ROS_25/colcon_ws/install/turtlebot3_example:/home/ros25/ROS/ROS_25/colcon_ws/install/turtlebot3_controller:/home/ros25/ROS/ROS_25/colcon_ws/install/test_node:/opt/ros/humble LD_LIBRARY_PATH=/home/ros25/ROS/ROS_25/colcon_ws/install/turtlebot3_msgs/lib:/home/ros25/ROS/ROS_25/colcon_ws/install/dynamixel_sdk_custom_interfaces/lib:/home/ros25/ROS/ROS_25/colcon_ws/install/dynamixel_sdk/lib:/usr/lib/x86_64-linux-gnu/gazebo-11/plugins:/opt/ros/humble/opt/rviz_ogre_vendor/lib:/opt/ros/humble/lib/x86_64-linux-gnu:/opt/ros/humble/lib:/usr/share/gazebo/../../lib/x86_64-linux-gnu/gazebo-11/plugins /usr/bin/cmake --install /home/ros25/ROS/ROS_25/colcon_ws/build/turtlebot3_fake_node
[48.663s] -- Install configuration: ""
[48.665s] -- Installing: /home/ros25/ROS/ROS_25/colcon_ws/install/turtlebot3_fake_node/lib/turtlebot3_fake_node/turtlebot3_fake_node
[48.703s] -- Set runtime path of "/home/ros25/ROS/ROS_25/colcon_ws/install/turtlebot3_fake_node/lib/turtlebot3_fake_node/turtlebot3_fake_node" to ""
[48.703s] -- Installing: /home/ros25/ROS/ROS_25/colcon_ws/install/turtlebot3_fake_node/share/turtlebot3_fake_node/launch
[48.703s] -- Installing: /home/ros25/ROS/ROS_25/colcon_ws/install/turtlebot3_fake_node/share/turtlebot3_fake_node/launch/rviz2.launch.py
[48.705s] -- Installing: /home/ros25/ROS/ROS_25/colcon_ws/install/turtlebot3_fake_node/share/turtlebot3_fake_node/launch/turtlebot3_fake_node.launch.py
[48.708s] -- Installing: /home/ros25/ROS/ROS_25/colcon_ws/install/turtlebot3_fake_node/share/turtlebot3_fake_node/param
[48.709s] -- Installing: /home/ros25/ROS/ROS_25/colcon_ws/install/turtlebot3_fake_node/share/turtlebot3_fake_node/param/waffle_pi.yaml
[48.710s] -- Installing: /home/ros25/ROS/ROS_25/colcon_ws/install/turtlebot3_fake_node/share/turtlebot3_fake_node/param/burger.yaml
[48.714s] -- Installing: /home/ros25/ROS/ROS_25/colcon_ws/install/turtlebot3_fake_node/share/turtlebot3_fake_node/param/waffle.yaml
[48.714s] -- Installing: /home/ros25/ROS/ROS_25/colcon_ws/install/turtlebot3_fake_node/include/
[48.718s] -- Installing: /home/ros25/ROS/ROS_25/colcon_ws/install/turtlebot3_fake_node/include//turtlebot3_fake_node
[48.718s] -- Installing: /home/ros25/ROS/ROS_25/colcon_ws/install/turtlebot3_fake_node/include//turtlebot3_fake_node/turtlebot3_fake_node.hpp
[48.718s] -- Installing: /home/ros25/ROS/ROS_25/colcon_ws/install/turtlebot3_fake_node/share/ament_index/resource_index/package_run_dependencies/turtlebot3_fake_node
[48.718s] -- Installing: /home/ros25/ROS/ROS_25/colcon_ws/install/turtlebot3_fake_node/share/ament_index/resource_index/parent_prefix_path/turtlebot3_fake_node
[48.718s] -- Installing: /home/ros25/ROS/ROS_25/colcon_ws/install/turtlebot3_fake_node/share/turtlebot3_fake_node/environment/ament_prefix_path.sh
[48.719s] -- Installing: /home/ros25/ROS/ROS_25/colcon_ws/install/turtlebot3_fake_node/share/turtlebot3_fake_node/environment/ament_prefix_path.dsv
[48.720s] -- Installing: /home/ros25/ROS/ROS_25/colcon_ws/install/turtlebot3_fake_node/share/turtlebot3_fake_node/environment/path.sh
[48.722s] -- Installing: /home/ros25/ROS/ROS_25/colcon_ws/install/turtlebot3_fake_node/share/turtlebot3_fake_node/environment/path.dsv
[48.722s] -- Installing: /home/ros25/ROS/ROS_25/colcon_ws/install/turtlebot3_fake_node/share/turtlebot3_fake_node/local_setup.bash
[48.722s] -- Installing: /home/ros25/ROS/ROS_25/colcon_ws/install/turtlebot3_fake_node/share/turtlebot3_fake_node/local_setup.sh
[48.722s] -- Installing: /home/ros25/ROS/ROS_25/colcon_ws/install/turtlebot3_fake_node/share/turtlebot3_fake_node/local_setup.zsh
[48.722s] -- Installing: /home/ros25/ROS/ROS_25/colcon_ws/install/turtlebot3_fake_node/share/turtlebot3_fake_node/local_setup.dsv
[48.728s] -- Installing: /home/ros25/ROS/ROS_25/colcon_ws/install/turtlebot3_fake_node/share/turtlebot3_fake_node/package.dsv
[48.728s] -- Installing: /home/ros25/ROS/ROS_25/colcon_ws/install/turtlebot3_fake_node/share/ament_index/resource_index/packages/turtlebot3_fake_node
[48.731s] -- Installing: /home/ros25/ROS/ROS_25/colcon_ws/install/turtlebot3_fake_node/share/turtlebot3_fake_node/cmake/ament_cmake_export_include_directories-extras.cmake
[48.732s] -- Installing: /home/ros25/ROS/ROS_25/colcon_ws/install/turtlebot3_fake_node/share/turtlebot3_fake_node/cmake/ament_cmake_export_dependencies-extras.cmake
[48.732s] -- Installing: /home/ros25/ROS/ROS_25/colcon_ws/install/turtlebot3_fake_node/share/turtlebot3_fake_node/cmake/turtlebot3_fake_nodeConfig.cmake
[48.733s] -- Installing: /home/ros25/ROS/ROS_25/colcon_ws/install/turtlebot3_fake_node/share/turtlebot3_fake_node/cmake/turtlebot3_fake_nodeConfig-version.cmake
[48.733s] -- Installing: /home/ros25/ROS/ROS_25/colcon_ws/install/turtlebot3_fake_node/share/turtlebot3_fake_node/package.xml
[48.735s] Invoked command in '/home/ros25/ROS/ROS_25/colcon_ws/build/turtlebot3_fake_node' returned '0': CMAKE_PREFIX_PATH=/home/ros25/ROS/ROS_25/colcon_ws/install/turtlebot3_msgs:/home/ros25/ROS/ROS_25/colcon_ws/install/turtlebot3:/home/ros25/ROS/ROS_25/colcon_ws/install/turtlebot3_simulations:/home/ros25/ROS/ROS_25/colcon_ws/install/turtlebot3_bringup:/home/ros25/ROS/ROS_25/colcon_ws/install/turtlebot3_node:/home/ros25/ROS/ROS_25/colcon_ws/install/turtlebot3_navigation2:/home/ros25/ROS/ROS_25/colcon_ws/install/turtlebot3_fake_node:/home/ros25/ROS/ROS_25/colcon_ws/install/turtlebot3_manipulation_gazebo:/home/ros25/ROS/ROS_25/colcon_ws/install/turtlebot3_gazebo:/home/ros25/ROS/ROS_25/colcon_ws/install/turtlebot3_description:/home/ros25/ROS/ROS_25/colcon_ws/install/turtlebot3_cartographer:/home/ros25/ROS/ROS_25/colcon_ws/install/dynamixel_sdk_examples:/home/ros25/ROS/ROS_25/colcon_ws/install/dynamixel_sdk_custom_interfaces:/home/ros25/ROS/ROS_25/colcon_ws/install/dynamixel_sdk:/home/ros25/ROS/ROS_25/colcon_ws/install/turtlebot3_teleop:/home/ros25/ROS/ROS_25/colcon_ws/install/turtlebot3_example:/home/ros25/ROS/ROS_25/colcon_ws/install/turtlebot3_controller:/home/ros25/ROS/ROS_25/colcon_ws/install/test_node:/opt/ros/humble LD_LIBRARY_PATH=/home/ros25/ROS/ROS_25/colcon_ws/install/turtlebot3_msgs/lib:/home/ros25/ROS/ROS_25/colcon_ws/install/dynamixel_sdk_custom_interfaces/lib:/home/ros25/ROS/ROS_25/colcon_ws/install/dynamixel_sdk/lib:/usr/lib/x86_64-linux-gnu/gazebo-11/plugins:/opt/ros/humble/opt/rviz_ogre_vendor/lib:/opt/ros/humble/lib/x86_64-linux-gnu:/opt/ros/humble/lib:/usr/share/gazebo/../../lib/x86_64-linux-gnu/gazebo-11/plugins /usr/bin/cmake --install /home/ros25/ROS/ROS_25/colcon_ws/build/turtlebot3_fake_node
