[3.755s] Invoking command in '/home/ros25/ROS/ROS_25/colcon_ws/src/turtlebot3_machine_learning/turtlebot3_dqn': CMAKE_PREFIX_PATH=/home/ros25/ROS/ROS_25/colcon_ws/install/turtlebot3_msgs:/home/ros25/ROS/ROS_25/colcon_ws/install/turtlebot3:/home/ros25/ROS/ROS_25/colcon_ws/install/turtlebot3_simulations:/home/ros25/ROS/ROS_25/colcon_ws/install/turtlebot3_bringup:/home/ros25/ROS/ROS_25/colcon_ws/install/turtlebot3_node:/home/ros25/ROS/ROS_25/colcon_ws/install/turtlebot3_navigation2:/home/ros25/ROS/ROS_25/colcon_ws/install/turtlebot3_machine_learning:/home/ros25/ROS/ROS_25/colcon_ws/install/turtlebot3_fake_node:/home/ros25/ROS/ROS_25/colcon_ws/install/turtlebot3_manipulation_gazebo:/home/ros25/ROS/ROS_25/colcon_ws/install/turtlebot3_gazebo:/home/ros25/ROS/ROS_25/colcon_ws/install/turtlebot3_description:/home/ros25/ROS/ROS_25/colcon_ws/install/turtlebot3_cartographer:/home/ros25/ROS/ROS_25/colcon_ws/install/dynamixel_sdk_examples:/home/ros25/ROS/ROS_25/colcon_ws/install/dynamixel_sdk_custom_interfaces:/home/ros25/ROS/ROS_25/colcon_ws/install/dynamixel_sdk LD_LIBRARY_PATH=/home/ros25/ROS/ROS_25/colcon_ws/install/turtlebot3_msgs/lib:/home/ros25/ROS/ROS_25/colcon_ws/install/dynamixel_sdk_custom_interfaces/lib:/home/ros25/ROS/ROS_25/colcon_ws/install/dynamixel_sdk/lib:/usr/lib/x86_64-linux-gnu/gazebo-11/plugins:/opt/ros/humble/opt/rviz_ogre_vendor/lib:/opt/ros/humble/lib/x86_64-linux-gnu:/opt/ros/humble/lib:/usr/share/gazebo/../../lib/x86_64-linux-gnu/gazebo-11/plugins PYTHONPATH=/home/ros25/ROS/ROS_25/colcon_ws/build/turtlebot3_dqn/prefix_override:/usr/lib/python3/dist-packages/colcon_core/task/python/colcon_distutils_commands:/home/ros25/ROS/ROS_25/colcon_ws/install/turtlebot3_dqn/lib/python3.10/site-packages:${PYTHONPATH} /usr/bin/python3 -W ignore:setup.py install is deprecated -W ignore:easy_install command is deprecated setup.py egg_info --egg-base ../../../build/turtlebot3_dqn build --build-base /home/ros25/ROS/ROS_25/colcon_ws/build/turtlebot3_dqn/build install --record /home/ros25/ROS/ROS_25/colcon_ws/build/turtlebot3_dqn/install.log --single-version-externally-managed install_data
[4.984s] running egg_info
[4.991s] writing ../../../build/turtlebot3_dqn/turtlebot3_dqn.egg-info/PKG-INFO
[4.996s] writing dependency_links to ../../../build/turtlebot3_dqn/turtlebot3_dqn.egg-info/dependency_links.txt
[4.996s] writing entry points to ../../../build/turtlebot3_dqn/turtlebot3_dqn.egg-info/entry_points.txt
[4.998s] writing requirements to ../../../build/turtlebot3_dqn/turtlebot3_dqn.egg-info/requires.txt
[5.001s] writing top-level names to ../../../build/turtlebot3_dqn/turtlebot3_dqn.egg-info/top_level.txt
[5.007s] reading manifest file '../../../build/turtlebot3_dqn/turtlebot3_dqn.egg-info/SOURCES.txt'
[5.011s] writing manifest file '../../../build/turtlebot3_dqn/turtlebot3_dqn.egg-info/SOURCES.txt'
[5.012s] running build
[5.016s] running build_py
[5.017s] running install
[5.020s] running install_lib
[5.031s] running install_data
[5.031s] running install_egg_info
[5.043s] removing '/home/ros25/ROS/ROS_25/colcon_ws/install/turtlebot3_dqn/lib/python3.10/site-packages/turtlebot3_dqn-1.0.1-py3.10.egg-info' (and everything under it)
[5.047s] Copying ../../../build/turtlebot3_dqn/turtlebot3_dqn.egg-info to /home/ros25/ROS/ROS_25/colcon_ws/install/turtlebot3_dqn/lib/python3.10/site-packages/turtlebot3_dqn-1.0.1-py3.10.egg-info
[5.052s] running install_scripts
[5.170s] Installing action_graph script to /home/ros25/ROS/ROS_25/colcon_ws/install/turtlebot3_dqn/lib/turtlebot3_dqn
[5.176s] Installing dqn_agent script to /home/ros25/ROS/ROS_25/colcon_ws/install/turtlebot3_dqn/lib/turtlebot3_dqn
[5.185s] Installing dqn_environment script to /home/ros25/ROS/ROS_25/colcon_ws/install/turtlebot3_dqn/lib/turtlebot3_dqn
[5.185s] Installing dqn_gazebo script to /home/ros25/ROS/ROS_25/colcon_ws/install/turtlebot3_dqn/lib/turtlebot3_dqn
[5.185s] Installing dqn_test script to /home/ros25/ROS/ROS_25/colcon_ws/install/turtlebot3_dqn/lib/turtlebot3_dqn
[5.186s] Installing result_graph script to /home/ros25/ROS/ROS_25/colcon_ws/install/turtlebot3_dqn/lib/turtlebot3_dqn
[5.191s] writing list of installed files to '/home/ros25/ROS/ROS_25/colcon_ws/build/turtlebot3_dqn/install.log'
[5.640s] Invoked command in '/home/ros25/ROS/ROS_25/colcon_ws/src/turtlebot3_machine_learning/turtlebot3_dqn' returned '0': CMAKE_PREFIX_PATH=/home/ros25/ROS/ROS_25/colcon_ws/install/turtlebot3_msgs:/home/ros25/ROS/ROS_25/colcon_ws/install/turtlebot3:/home/ros25/ROS/ROS_25/colcon_ws/install/turtlebot3_simulations:/home/ros25/ROS/ROS_25/colcon_ws/install/turtlebot3_bringup:/home/ros25/ROS/ROS_25/colcon_ws/install/turtlebot3_node:/home/ros25/ROS/ROS_25/colcon_ws/install/turtlebot3_navigation2:/home/ros25/ROS/ROS_25/colcon_ws/install/turtlebot3_machine_learning:/home/ros25/ROS/ROS_25/colcon_ws/install/turtlebot3_fake_node:/home/ros25/ROS/ROS_25/colcon_ws/install/turtlebot3_manipulation_gazebo:/home/ros25/ROS/ROS_25/colcon_ws/install/turtlebot3_gazebo:/home/ros25/ROS/ROS_25/colcon_ws/install/turtlebot3_description:/home/ros25/ROS/ROS_25/colcon_ws/install/turtlebot3_cartographer:/home/ros25/ROS/ROS_25/colcon_ws/install/dynamixel_sdk_examples:/home/ros25/ROS/ROS_25/colcon_ws/install/dynamixel_sdk_custom_interfaces:/home/ros25/ROS/ROS_25/colcon_ws/install/dynamixel_sdk LD_LIBRARY_PATH=/home/ros25/ROS/ROS_25/colcon_ws/install/turtlebot3_msgs/lib:/home/ros25/ROS/ROS_25/colcon_ws/install/dynamixel_sdk_custom_interfaces/lib:/home/ros25/ROS/ROS_25/colcon_ws/install/dynamixel_sdk/lib:/usr/lib/x86_64-linux-gnu/gazebo-11/plugins:/opt/ros/humble/opt/rviz_ogre_vendor/lib:/opt/ros/humble/lib/x86_64-linux-gnu:/opt/ros/humble/lib:/usr/share/gazebo/../../lib/x86_64-linux-gnu/gazebo-11/plugins PYTHONPATH=/home/ros25/ROS/ROS_25/colcon_ws/build/turtlebot3_dqn/prefix_override:/usr/lib/python3/dist-packages/colcon_core/task/python/colcon_distutils_commands:/home/ros25/ROS/ROS_25/colcon_ws/install/turtlebot3_dqn/lib/python3.10/site-packages:${PYTHONPATH} /usr/bin/python3 -W ignore:setup.py install is deprecated -W ignore:easy_install command is deprecated setup.py egg_info --egg-base ../../../build/turtlebot3_dqn build --build-base /home/ros25/ROS/ROS_25/colcon_ws/build/turtlebot3_dqn/build install --record /home/ros25/ROS/ROS_25/colcon_ws/build/turtlebot3_dqn/install.log --single-version-externally-managed install_data
