[6.427s] Invoking command in '/home/ros25/ROS/ROS_25/colcon_ws/src/turtlebot3/turtlebot3_teleop': PYTHONPATH=/home/ros25/ROS/ROS_25/colcon_ws/build/turtlebot3_teleop/prefix_override:/usr/lib/python3/dist-packages/colcon_core/task/python/colcon_distutils_commands:/home/ros25/ROS/ROS_25/colcon_ws/install/turtlebot3_teleop/lib/python3.10/site-packages:${PYTHONPATH} /usr/bin/python3 -W ignore:setup.py install is deprecated -W ignore:easy_install command is deprecated setup.py egg_info --egg-base ../../../build/turtlebot3_teleop build --build-base /home/ros25/ROS/ROS_25/colcon_ws/build/turtlebot3_teleop/build install --record /home/ros25/ROS/ROS_25/colcon_ws/build/turtlebot3_teleop/install.log --single-version-externally-managed install_data
[9.041s] running egg_info
[9.041s] writing ../../../build/turtlebot3_teleop/turtlebot3_teleop.egg-info/PKG-INFO
[9.053s] writing dependency_links to ../../../build/turtlebot3_teleop/turtlebot3_teleop.egg-info/dependency_links.txt
[9.054s] writing entry points to ../../../build/turtlebot3_teleop/turtlebot3_teleop.egg-info/entry_points.txt
[9.054s] writing requirements to ../../../build/turtlebot3_teleop/turtlebot3_teleop.egg-info/requires.txt
[9.054s] writing top-level names to ../../../build/turtlebot3_teleop/turtlebot3_teleop.egg-info/top_level.txt
[9.067s] reading manifest file '../../../build/turtlebot3_teleop/turtlebot3_teleop.egg-info/SOURCES.txt'
[9.076s] writing manifest file '../../../build/turtlebot3_teleop/turtlebot3_teleop.egg-info/SOURCES.txt'
[9.079s] running build
[9.080s] running build_py
[9.083s] running install
[9.087s] running install_lib
[9.102s] running install_data
[9.102s] running install_egg_info
[9.118s] removing '/home/ros25/ROS/ROS_25/colcon_ws/install/turtlebot3_teleop/lib/python3.10/site-packages/turtlebot3_teleop-2.3.1-py3.10.egg-info' (and everything under it)
[9.119s] Copying ../../../build/turtlebot3_teleop/turtlebot3_teleop.egg-info to /home/ros25/ROS/ROS_25/colcon_ws/install/turtlebot3_teleop/lib/python3.10/site-packages/turtlebot3_teleop-2.3.1-py3.10.egg-info
[9.127s] running install_scripts
[9.305s] Installing teleop_keyboard script to /home/ros25/ROS/ROS_25/colcon_ws/install/turtlebot3_teleop/lib/turtlebot3_teleop
[9.317s] writing list of installed files to '/home/ros25/ROS/ROS_25/colcon_ws/build/turtlebot3_teleop/install.log'
[9.696s] Invoked command in '/home/ros25/ROS/ROS_25/colcon_ws/src/turtlebot3/turtlebot3_teleop' returned '0': PYTHONPATH=/home/ros25/ROS/ROS_25/colcon_ws/build/turtlebot3_teleop/prefix_override:/usr/lib/python3/dist-packages/colcon_core/task/python/colcon_distutils_commands:/home/ros25/ROS/ROS_25/colcon_ws/install/turtlebot3_teleop/lib/python3.10/site-packages:${PYTHONPATH} /usr/bin/python3 -W ignore:setup.py install is deprecated -W ignore:easy_install command is deprecated setup.py egg_info --egg-base ../../../build/turtlebot3_teleop build --build-base /home/ros25/ROS/ROS_25/colcon_ws/build/turtlebot3_teleop/build install --record /home/ros25/ROS/ROS_25/colcon_ws/build/turtlebot3_teleop/install.log --single-version-externally-managed install_data
