[0.055s] Invoking command in '/home/ros25/ROS/ROS_25/colcon_ws/build/turtlebot3_cartographer': CMAKE_PREFIX_PATH=${CMAKE_PREFIX_PATH}:/home/ros25/install/turtlebot3_controller:/home/ros25/ROS/ROS_25/colcon_ws/install/turtlebot3_teleop:/home/ros25/ROS/ROS_25/colcon_ws/install/turtlebot3_example:/home/ros25/ROS/ROS_25/colcon_ws/install/turtlebot3_dqn:/home/ros25/ROS/ROS_25/colcon_ws/install/turtlebot3_controller:/home/ros25/ROS/ROS_25/colcon_ws/install/test_node:/opt/ros/humble /usr/bin/cmake --build /home/ros25/ROS/ROS_25/colcon_ws/build/turtlebot3_cartographer -- -j2 -l2
[0.829s] Invoked command in '/home/ros25/ROS/ROS_25/colcon_ws/build/turtlebot3_cartographer' returned '0': CMAKE_PREFIX_PATH=${CMAKE_PREFIX_PATH}:/home/ros25/install/turtlebot3_controller:/home/ros25/ROS/ROS_25/colcon_ws/install/turtlebot3_teleop:/home/ros25/ROS/ROS_25/colcon_ws/install/turtlebot3_example:/home/ros25/ROS/ROS_25/colcon_ws/install/turtlebot3_dqn:/home/ros25/ROS/ROS_25/colcon_ws/install/turtlebot3_controller:/home/ros25/ROS/ROS_25/colcon_ws/install/test_node:/opt/ros/humble /usr/bin/cmake --build /home/ros25/ROS/ROS_25/colcon_ws/build/turtlebot3_cartographer -- -j2 -l2
[0.863s] Invoking command in '/home/ros25/ROS/ROS_25/colcon_ws/build/turtlebot3_cartographer': CMAKE_PREFIX_PATH=${CMAKE_PREFIX_PATH}:/home/ros25/install/turtlebot3_controller:/home/ros25/ROS/ROS_25/colcon_ws/install/turtlebot3_teleop:/home/ros25/ROS/ROS_25/colcon_ws/install/turtlebot3_example:/home/ros25/ROS/ROS_25/colcon_ws/install/turtlebot3_dqn:/home/ros25/ROS/ROS_25/colcon_ws/install/turtlebot3_controller:/home/ros25/ROS/ROS_25/colcon_ws/install/test_node:/opt/ros/humble /usr/bin/cmake --install /home/ros25/ROS/ROS_25/colcon_ws/build/turtlebot3_cartographer
[0.932s] -- Install configuration: ""
[0.933s] -- Up-to-date: /home/ros25/ROS/ROS_25/colcon_ws/install/turtlebot3_cartographer/share/turtlebot3_cartographer/config
[0.938s] -- Up-to-date: /home/ros25/ROS/ROS_25/colcon_ws/install/turtlebot3_cartographer/share/turtlebot3_cartographer/config/turtlebot3_lds_2d.lua
[0.938s] -- Up-to-date: /home/ros25/ROS/ROS_25/colcon_ws/install/turtlebot3_cartographer/share/turtlebot3_cartographer/launch
[0.938s] -- Up-to-date: /home/ros25/ROS/ROS_25/colcon_ws/install/turtlebot3_cartographer/share/turtlebot3_cartographer/launch/cartographer.launch.py
[0.938s] -- Up-to-date: /home/ros25/ROS/ROS_25/colcon_ws/install/turtlebot3_cartographer/share/turtlebot3_cartographer/launch/occupancy_grid.launch.py
[0.938s] -- Up-to-date: /home/ros25/ROS/ROS_25/colcon_ws/install/turtlebot3_cartographer/share/turtlebot3_cartographer/rviz
[0.938s] -- Up-to-date: /home/ros25/ROS/ROS_25/colcon_ws/install/turtlebot3_cartographer/share/turtlebot3_cartographer/rviz/tb3_cartographer.rviz
[0.939s] -- Up-to-date: /home/ros25/ROS/ROS_25/colcon_ws/install/turtlebot3_cartographer/share/ament_index/resource_index/package_run_dependencies/turtlebot3_cartographer
[0.942s] -- Up-to-date: /home/ros25/ROS/ROS_25/colcon_ws/install/turtlebot3_cartographer/share/ament_index/resource_index/parent_prefix_path/turtlebot3_cartographer
[0.942s] -- Up-to-date: /home/ros25/ROS/ROS_25/colcon_ws/install/turtlebot3_cartographer/share/turtlebot3_cartographer/environment/ament_prefix_path.sh
[0.946s] -- Up-to-date: /home/ros25/ROS/ROS_25/colcon_ws/install/turtlebot3_cartographer/share/turtlebot3_cartographer/environment/ament_prefix_path.dsv
[0.947s] -- Up-to-date: /home/ros25/ROS/ROS_25/colcon_ws/install/turtlebot3_cartographer/share/turtlebot3_cartographer/environment/path.sh
[0.947s] -- Up-to-date: /home/ros25/ROS/ROS_25/colcon_ws/install/turtlebot3_cartographer/share/turtlebot3_cartographer/environment/path.dsv
[0.947s] -- Up-to-date: /home/ros25/ROS/ROS_25/colcon_ws/install/turtlebot3_cartographer/share/turtlebot3_cartographer/local_setup.bash
[0.947s] -- Up-to-date: /home/ros25/ROS/ROS_25/colcon_ws/install/turtlebot3_cartographer/share/turtlebot3_cartographer/local_setup.sh
[0.947s] -- Up-to-date: /home/ros25/ROS/ROS_25/colcon_ws/install/turtlebot3_cartographer/share/turtlebot3_cartographer/local_setup.zsh
[0.949s] -- Up-to-date: /home/ros25/ROS/ROS_25/colcon_ws/install/turtlebot3_cartographer/share/turtlebot3_cartographer/local_setup.dsv
[0.949s] -- Installing: /home/ros25/ROS/ROS_25/colcon_ws/install/turtlebot3_cartographer/share/turtlebot3_cartographer/package.dsv
[0.949s] -- Up-to-date: /home/ros25/ROS/ROS_25/colcon_ws/install/turtlebot3_cartographer/share/ament_index/resource_index/packages/turtlebot3_cartographer
[0.954s] -- Up-to-date: /home/ros25/ROS/ROS_25/colcon_ws/install/turtlebot3_cartographer/share/turtlebot3_cartographer/cmake/turtlebot3_cartographerConfig.cmake
[0.954s] -- Up-to-date: /home/ros25/ROS/ROS_25/colcon_ws/install/turtlebot3_cartographer/share/turtlebot3_cartographer/cmake/turtlebot3_cartographerConfig-version.cmake
[0.954s] -- Up-to-date: /home/ros25/ROS/ROS_25/colcon_ws/install/turtlebot3_cartographer/share/turtlebot3_cartographer/package.xml
[0.967s] Invoked command in '/home/ros25/ROS/ROS_25/colcon_ws/build/turtlebot3_cartographer' returned '0': CMAKE_PREFIX_PATH=${CMAKE_PREFIX_PATH}:/home/ros25/install/turtlebot3_controller:/home/ros25/ROS/ROS_25/colcon_ws/install/turtlebot3_teleop:/home/ros25/ROS/ROS_25/colcon_ws/install/turtlebot3_example:/home/ros25/ROS/ROS_25/colcon_ws/install/turtlebot3_dqn:/home/ros25/ROS/ROS_25/colcon_ws/install/turtlebot3_controller:/home/ros25/ROS/ROS_25/colcon_ws/install/test_node:/opt/ros/humble /usr/bin/cmake --install /home/ros25/ROS/ROS_25/colcon_ws/build/turtlebot3_cartographer
