[2.531s] Invoking command in '/home/ros25/ROS/ROS_25/colcon_ws/src/turtlebot3_controller': PYTHONPATH=/home/ros25/ROS/ROS_25/colcon_ws/build/turtlebot3_controller/prefix_override:/usr/lib/python3/dist-packages/colcon_core/task/python/colcon_distutils_commands:/home/ros25/ROS/ROS_25/colcon_ws/install/turtlebot3_controller/lib/python3.10/site-packages:${PYTHONPATH} /usr/bin/python3 -W ignore:setup.py install is deprecated -W ignore:easy_install command is deprecated setup.py egg_info --egg-base ../../build/turtlebot3_controller build --build-base /home/ros25/ROS/ROS_25/colcon_ws/build/turtlebot3_controller/build install --record /home/ros25/ROS/ROS_25/colcon_ws/build/turtlebot3_controller/install.log --single-version-externally-managed install_data
[3.503s] running egg_info
[3.506s] writing ../../build/turtlebot3_controller/turtlebot3_controller.egg-info/PKG-INFO
[3.509s] writing dependency_links to ../../build/turtlebot3_controller/turtlebot3_controller.egg-info/dependency_links.txt
[3.511s] writing entry points to ../../build/turtlebot3_controller/turtlebot3_controller.egg-info/entry_points.txt
[3.511s] writing requirements to ../../build/turtlebot3_controller/turtlebot3_controller.egg-info/requires.txt
[3.511s] writing top-level names to ../../build/turtlebot3_controller/turtlebot3_controller.egg-info/top_level.txt
[3.528s] reading manifest file '../../build/turtlebot3_controller/turtlebot3_controller.egg-info/SOURCES.txt'
[3.535s] writing manifest file '../../build/turtlebot3_controller/turtlebot3_controller.egg-info/SOURCES.txt'
[3.537s] running build
[3.537s] running build_py
[3.542s] running install
[3.545s] running install_lib
[3.551s] running install_data
[3.553s] copying config/nav2.yaml -> /home/ros25/ROS/ROS_25/colcon_ws/install/turtlebot3_controller/share/turtlebot3_controller/config
[3.553s] running install_egg_info
[3.560s] removing '/home/ros25/ROS/ROS_25/colcon_ws/install/turtlebot3_controller/lib/python3.10/site-packages/turtlebot3_controller-0.0.0-py3.10.egg-info' (and everything under it)
[3.560s] Copying ../../build/turtlebot3_controller/turtlebot3_controller.egg-info to /home/ros25/ROS/ROS_25/colcon_ws/install/turtlebot3_controller/lib/python3.10/site-packages/turtlebot3_controller-0.0.0-py3.10.egg-info
[3.563s] running install_scripts
[3.664s] Installing mission_manager script to /home/ros25/ROS/ROS_25/colcon_ws/install/turtlebot3_controller/lib/turtlebot3_controller
[3.670s] Installing navigator script to /home/ros25/ROS/ROS_25/colcon_ws/install/turtlebot3_controller/lib/turtlebot3_controller
[3.673s] Installing obstacle_avoider script to /home/ros25/ROS/ROS_25/colcon_ws/install/turtlebot3_controller/lib/turtlebot3_controller
[3.673s] Installing sensor_listener script to /home/ros25/ROS/ROS_25/colcon_ws/install/turtlebot3_controller/lib/turtlebot3_controller
[3.674s] writing list of installed files to '/home/ros25/ROS/ROS_25/colcon_ws/build/turtlebot3_controller/install.log'
[3.792s] Invoked command in '/home/ros25/ROS/ROS_25/colcon_ws/src/turtlebot3_controller' returned '0': PYTHONPATH=/home/ros25/ROS/ROS_25/colcon_ws/build/turtlebot3_controller/prefix_override:/usr/lib/python3/dist-packages/colcon_core/task/python/colcon_distutils_commands:/home/ros25/ROS/ROS_25/colcon_ws/install/turtlebot3_controller/lib/python3.10/site-packages:${PYTHONPATH} /usr/bin/python3 -W ignore:setup.py install is deprecated -W ignore:easy_install command is deprecated setup.py egg_info --egg-base ../../build/turtlebot3_controller build --build-base /home/ros25/ROS/ROS_25/colcon_ws/build/turtlebot3_controller/build install --record /home/ros25/ROS/ROS_25/colcon_ws/build/turtlebot3_controller/install.log --single-version-externally-managed install_data
