[0.083s] Invoking command in '/home/ros25/ROS/ROS_25/colcon_ws/build/turtlebot3_manipulation_gazebo': CMAKE_PREFIX_PATH=${CMAKE_PREFIX_PATH}:/home/ros25/ROS/ROS_25/colcon_ws/install/turtlebot3_teleop:/home/ros25/ROS/ROS_25/colcon_ws/install/turtlebot3_example:/home/ros25/ROS/ROS_25/colcon_ws/install/turtlebot3_dqn:/home/ros25/ROS/ROS_25/colcon_ws/install/turtlebot3_controller:/home/ros25/ROS/ROS_25/colcon_ws/install/test_node:/opt/ros/humble /usr/bin/cmake --build /home/ros25/ROS/ROS_25/colcon_ws/build/turtlebot3_manipulation_gazebo -- -j2 -l2
[0.453s] Invoked command in '/home/ros25/ROS/ROS_25/colcon_ws/build/turtlebot3_manipulation_gazebo' returned '0': CMAKE_PREFIX_PATH=${CMAKE_PREFIX_PATH}:/home/ros25/ROS/ROS_25/colcon_ws/install/turtlebot3_teleop:/home/ros25/ROS/ROS_25/colcon_ws/install/turtlebot3_example:/home/ros25/ROS/ROS_25/colcon_ws/install/turtlebot3_dqn:/home/ros25/ROS/ROS_25/colcon_ws/install/turtlebot3_controller:/home/ros25/ROS/ROS_25/colcon_ws/install/test_node:/opt/ros/humble /usr/bin/cmake --build /home/ros25/ROS/ROS_25/colcon_ws/build/turtlebot3_manipulation_gazebo -- -j2 -l2
[0.454s] Invoking command in '/home/ros25/ROS/ROS_25/colcon_ws/build/turtlebot3_manipulation_gazebo': CMAKE_PREFIX_PATH=${CMAKE_PREFIX_PATH}:/home/ros25/ROS/ROS_25/colcon_ws/install/turtlebot3_teleop:/home/ros25/ROS/ROS_25/colcon_ws/install/turtlebot3_example:/home/ros25/ROS/ROS_25/colcon_ws/install/turtlebot3_dqn:/home/ros25/ROS/ROS_25/colcon_ws/install/turtlebot3_controller:/home/ros25/ROS/ROS_25/colcon_ws/install/test_node:/opt/ros/humble /usr/bin/cmake --install /home/ros25/ROS/ROS_25/colcon_ws/build/turtlebot3_manipulation_gazebo
[0.512s] -- Install configuration: ""
[0.513s] -- Up-to-date: /home/ros25/ROS/ROS_25/colcon_ws/install/turtlebot3_manipulation_gazebo/share/turtlebot3_manipulation_gazebo/config
[0.513s] -- Up-to-date: /home/ros25/ROS/ROS_25/colcon_ws/install/turtlebot3_manipulation_gazebo/share/turtlebot3_manipulation_gazebo/config/hardware_controller_manager.yaml
[0.519s] -- Up-to-date: /home/ros25/ROS/ROS_25/colcon_ws/install/turtlebot3_manipulation_gazebo/share/turtlebot3_manipulation_gazebo/config/gazebo_controller_manager.yaml
[0.522s] -- Up-to-date: /home/ros25/ROS/ROS_25/colcon_ws/install/turtlebot3_manipulation_gazebo/share/turtlebot3_manipulation_gazebo/gazebo
[0.525s] -- Up-to-date: /home/ros25/ROS/ROS_25/colcon_ws/install/turtlebot3_manipulation_gazebo/share/turtlebot3_manipulation_gazebo/gazebo/open_manipulator_x.gazebo.xacro
[0.526s] -- Up-to-date: /home/ros25/ROS/ROS_25/colcon_ws/install/turtlebot3_manipulation_gazebo/share/turtlebot3_manipulation_gazebo/gazebo/materials.xacro
[0.529s] -- Up-to-date: /home/ros25/ROS/ROS_25/colcon_ws/install/turtlebot3_manipulation_gazebo/share/turtlebot3_manipulation_gazebo/gazebo/turtlebot3_waffle_pi.gazebo.xacro
[0.529s] -- Up-to-date: /home/ros25/ROS/ROS_25/colcon_ws/install/turtlebot3_manipulation_gazebo/share/turtlebot3_manipulation_gazebo/launch
[0.529s] -- Up-to-date: /home/ros25/ROS/ROS_25/colcon_ws/install/turtlebot3_manipulation_gazebo/share/turtlebot3_manipulation_gazebo/launch/gazebo.launch.py
[0.530s] -- Up-to-date: /home/ros25/ROS/ROS_25/colcon_ws/install/turtlebot3_manipulation_gazebo/share/turtlebot3_manipulation_gazebo/launch/turtlebot3_home_service_challenge.launch.py
[0.531s] -- Up-to-date: /home/ros25/ROS/ROS_25/colcon_ws/install/turtlebot3_manipulation_gazebo/share/turtlebot3_manipulation_gazebo/launch/fake.launch.py
[0.531s] -- Up-to-date: /home/ros25/ROS/ROS_25/colcon_ws/install/turtlebot3_manipulation_gazebo/share/turtlebot3_manipulation_gazebo/launch/base.launch.py
[0.531s] -- Up-to-date: /home/ros25/ROS/ROS_25/colcon_ws/install/turtlebot3_manipulation_gazebo/share/turtlebot3_manipulation_gazebo/ros2_control
[0.531s] -- Up-to-date: /home/ros25/ROS/ROS_25/colcon_ws/install/turtlebot3_manipulation_gazebo/share/turtlebot3_manipulation_gazebo/ros2_control/turtlebot3_manipulation_system.ros2_control.xacro
[0.531s] -- Up-to-date: /home/ros25/ROS/ROS_25/colcon_ws/install/turtlebot3_manipulation_gazebo/share/turtlebot3_manipulation_gazebo/rviz
[0.532s] -- Up-to-date: /home/ros25/ROS/ROS_25/colcon_ws/install/turtlebot3_manipulation_gazebo/share/turtlebot3_manipulation_gazebo/rviz/turtlebot3_manipulation.rviz
[0.532s] -- Up-to-date: /home/ros25/ROS/ROS_25/colcon_ws/install/turtlebot3_manipulation_gazebo/share/turtlebot3_manipulation_gazebo/urdf
[0.532s] -- Up-to-date: /home/ros25/ROS/ROS_25/colcon_ws/install/turtlebot3_manipulation_gazebo/share/turtlebot3_manipulation_gazebo/urdf/open_manipulator_x.urdf.xacro
[0.532s] -- Up-to-date: /home/ros25/ROS/ROS_25/colcon_ws/install/turtlebot3_manipulation_gazebo/share/turtlebot3_manipulation_gazebo/urdf/turtlebot3_manipulation.urdf.xacro
[0.532s] -- Up-to-date: /home/ros25/ROS/ROS_25/colcon_ws/install/turtlebot3_manipulation_gazebo/share/turtlebot3_manipulation_gazebo/urdf/turtlebot3_waffle_pi.urdf.xacro
[0.532s] -- Up-to-date: /home/ros25/ROS/ROS_25/colcon_ws/install/turtlebot3_manipulation_gazebo/share/turtlebot3_manipulation_gazebo/worlds
[0.532s] -- Up-to-date: /home/ros25/ROS/ROS_25/colcon_ws/install/turtlebot3_manipulation_gazebo/share/turtlebot3_manipulation_gazebo/worlds/turtlebot3_home_service_challenge.world
[0.532s] -- Up-to-date: /home/ros25/ROS/ROS_25/colcon_ws/install/turtlebot3_manipulation_gazebo/share/turtlebot3_manipulation_gazebo/models
[0.533s] -- Up-to-date: /home/ros25/ROS/ROS_25/colcon_ws/install/turtlebot3_manipulation_gazebo/share/turtlebot3_manipulation_gazebo/models/turtlebot3_home_service_challenge
[0.538s] -- Up-to-date: /home/ros25/ROS/ROS_25/colcon_ws/install/turtlebot3_manipulation_gazebo/share/turtlebot3_manipulation_gazebo/models/turtlebot3_home_service_challenge/marker8
[0.543s] -- Up-to-date: /home/ros25/ROS/ROS_25/colcon_ws/install/turtlebot3_manipulation_gazebo/share/turtlebot3_manipulation_gazebo/models/turtlebot3_home_service_challenge/marker8/model-1_4.sdf
[0.543s] -- Up-to-date: /home/ros25/ROS/ROS_25/colcon_ws/install/turtlebot3_manipulation_gazebo/share/turtlebot3_manipulation_gazebo/models/turtlebot3_home_service_challenge/marker8/model.config
[0.543s] -- Up-to-date: /home/ros25/ROS/ROS_25/colcon_ws/install/turtlebot3_manipulation_gazebo/share/turtlebot3_manipulation_gazebo/models/turtlebot3_home_service_challenge/marker8/model-1_5.sdf
[0.543s] -- Up-to-date: /home/ros25/ROS/ROS_25/colcon_ws/install/turtlebot3_manipulation_gazebo/share/turtlebot3_manipulation_gazebo/models/turtlebot3_home_service_challenge/marker8/meshes
[0.544s] -- Up-to-date: /home/ros25/ROS/ROS_25/colcon_ws/install/turtlebot3_manipulation_gazebo/share/turtlebot3_manipulation_gazebo/models/turtlebot3_home_service_challenge/marker8/meshes/Marker8.dae
[0.544s] -- Up-to-date: /home/ros25/ROS/ROS_25/colcon_ws/install/turtlebot3_manipulation_gazebo/share/turtlebot3_manipulation_gazebo/models/turtlebot3_home_service_challenge/marker8/materials
[0.547s] -- Up-to-date: /home/ros25/ROS/ROS_25/colcon_ws/install/turtlebot3_manipulation_gazebo/share/turtlebot3_manipulation_gazebo/models/turtlebot3_home_service_challenge/marker8/materials/textures
[0.547s] -- Up-to-date: /home/ros25/ROS/ROS_25/colcon_ws/install/turtlebot3_manipulation_gazebo/share/turtlebot3_manipulation_gazebo/models/turtlebot3_home_service_challenge/marker8/materials/textures/Marker8.png
[0.548s] -- Up-to-date: /home/ros25/ROS/ROS_25/colcon_ws/install/turtlebot3_manipulation_gazebo/share/turtlebot3_manipulation_gazebo/models/turtlebot3_home_service_challenge/marker8/model.sdf
[0.548s] -- Up-to-date: /home/ros25/ROS/ROS_25/colcon_ws/install/turtlebot3_manipulation_gazebo/share/turtlebot3_manipulation_gazebo/models/turtlebot3_home_service_challenge/marker2
[0.548s] -- Up-to-date: /home/ros25/ROS/ROS_25/colcon_ws/install/turtlebot3_manipulation_gazebo/share/turtlebot3_manipulation_gazebo/models/turtlebot3_home_service_challenge/marker2/model-1_4.sdf
[0.548s] -- Up-to-date: /home/ros25/ROS/ROS_25/colcon_ws/install/turtlebot3_manipulation_gazebo/share/turtlebot3_manipulation_gazebo/models/turtlebot3_home_service_challenge/marker2/model.config
[0.548s] -- Up-to-date: /home/ros25/ROS/ROS_25/colcon_ws/install/turtlebot3_manipulation_gazebo/share/turtlebot3_manipulation_gazebo/models/turtlebot3_home_service_challenge/marker2/model-1_5.sdf
[0.548s] -- Up-to-date: /home/ros25/ROS/ROS_25/colcon_ws/install/turtlebot3_manipulation_gazebo/share/turtlebot3_manipulation_gazebo/models/turtlebot3_home_service_challenge/marker2/meshes
[0.548s] -- Up-to-date: /home/ros25/ROS/ROS_25/colcon_ws/install/turtlebot3_manipulation_gazebo/share/turtlebot3_manipulation_gazebo/models/turtlebot3_home_service_challenge/marker2/meshes/Marker2.dae
[0.549s] -- Up-to-date: /home/ros25/ROS/ROS_25/colcon_ws/install/turtlebot3_manipulation_gazebo/share/turtlebot3_manipulation_gazebo/models/turtlebot3_home_service_challenge/marker2/materials
[0.549s] -- Up-to-date: /home/ros25/ROS/ROS_25/colcon_ws/install/turtlebot3_manipulation_gazebo/share/turtlebot3_manipulation_gazebo/models/turtlebot3_home_service_challenge/marker2/materials/textures
[0.549s] -- Up-to-date: /home/ros25/ROS/ROS_25/colcon_ws/install/turtlebot3_manipulation_gazebo/share/turtlebot3_manipulation_gazebo/models/turtlebot3_home_service_challenge/marker2/materials/textures/Marker2.png
[0.550s] -- Up-to-date: /home/ros25/ROS/ROS_25/colcon_ws/install/turtlebot3_manipulation_gazebo/share/turtlebot3_manipulation_gazebo/models/turtlebot3_home_service_challenge/marker2/model.sdf
[0.550s] -- Up-to-date: /home/ros25/ROS/ROS_25/colcon_ws/install/turtlebot3_manipulation_gazebo/share/turtlebot3_manipulation_gazebo/models/turtlebot3_home_service_challenge/marker5
[0.551s] -- Up-to-date: /home/ros25/ROS/ROS_25/colcon_ws/install/turtlebot3_manipulation_gazebo/share/turtlebot3_manipulation_gazebo/models/turtlebot3_home_service_challenge/marker5/model-1_4.sdf
[0.551s] -- Up-to-date: /home/ros25/ROS/ROS_25/colcon_ws/install/turtlebot3_manipulation_gazebo/share/turtlebot3_manipulation_gazebo/models/turtlebot3_home_service_challenge/marker5/model.config
[0.553s] -- Up-to-date: /home/ros25/ROS/ROS_25/colcon_ws/install/turtlebot3_manipulation_gazebo/share/turtlebot3_manipulation_gazebo/models/turtlebot3_home_service_challenge/marker5/model-1_5.sdf
[0.554s] -- Up-to-date: /home/ros25/ROS/ROS_25/colcon_ws/install/turtlebot3_manipulation_gazebo/share/turtlebot3_manipulation_gazebo/models/turtlebot3_home_service_challenge/marker5/meshes
[0.554s] -- Up-to-date: /home/ros25/ROS/ROS_25/colcon_ws/install/turtlebot3_manipulation_gazebo/share/turtlebot3_manipulation_gazebo/models/turtlebot3_home_service_challenge/marker5/meshes/Marker5.dae
[0.554s] -- Up-to-date: /home/ros25/ROS/ROS_25/colcon_ws/install/turtlebot3_manipulation_gazebo/share/turtlebot3_manipulation_gazebo/models/turtlebot3_home_service_challenge/marker5/materials
[0.554s] -- Up-to-date: /home/ros25/ROS/ROS_25/colcon_ws/install/turtlebot3_manipulation_gazebo/share/turtlebot3_manipulation_gazebo/models/turtlebot3_home_service_challenge/marker5/materials/textures
[0.554s] -- Up-to-date: /home/ros25/ROS/ROS_25/colcon_ws/install/turtlebot3_manipulation_gazebo/share/turtlebot3_manipulation_gazebo/models/turtlebot3_home_service_challenge/marker5/materials/textures/Marker5.png
[0.554s] -- Up-to-date: /home/ros25/ROS/ROS_25/colcon_ws/install/turtlebot3_manipulation_gazebo/share/turtlebot3_manipulation_gazebo/models/turtlebot3_home_service_challenge/marker5/model.sdf
[0.554s] -- Up-to-date: /home/ros25/ROS/ROS_25/colcon_ws/install/turtlebot3_manipulation_gazebo/share/turtlebot3_manipulation_gazebo/models/turtlebot3_home_service_challenge/marker6
[0.554s] -- Up-to-date: /home/ros25/ROS/ROS_25/colcon_ws/install/turtlebot3_manipulation_gazebo/share/turtlebot3_manipulation_gazebo/models/turtlebot3_home_service_challenge/marker6/model-1_4.sdf
[0.555s] -- Up-to-date: /home/ros25/ROS/ROS_25/colcon_ws/install/turtlebot3_manipulation_gazebo/share/turtlebot3_manipulation_gazebo/models/turtlebot3_home_service_challenge/marker6/model.config
[0.555s] -- Up-to-date: /home/ros25/ROS/ROS_25/colcon_ws/install/turtlebot3_manipulation_gazebo/share/turtlebot3_manipulation_gazebo/models/turtlebot3_home_service_challenge/marker6/model-1_5.sdf
[0.556s] -- Up-to-date: /home/ros25/ROS/ROS_25/colcon_ws/install/turtlebot3_manipulation_gazebo/share/turtlebot3_manipulation_gazebo/models/turtlebot3_home_service_challenge/marker6/meshes
[0.556s] -- Up-to-date: /home/ros25/ROS/ROS_25/colcon_ws/install/turtlebot3_manipulation_gazebo/share/turtlebot3_manipulation_gazebo/models/turtlebot3_home_service_challenge/marker6/meshes/Marker6.dae
[0.557s] -- Up-to-date: /home/ros25/ROS/ROS_25/colcon_ws/install/turtlebot3_manipulation_gazebo/share/turtlebot3_manipulation_gazebo/models/turtlebot3_home_service_challenge/marker6/materials
[0.558s] -- Up-to-date: /home/ros25/ROS/ROS_25/colcon_ws/install/turtlebot3_manipulation_gazebo/share/turtlebot3_manipulation_gazebo/models/turtlebot3_home_service_challenge/marker6/materials/textures
[0.558s] -- Up-to-date: /home/ros25/ROS/ROS_25/colcon_ws/install/turtlebot3_manipulation_gazebo/share/turtlebot3_manipulation_gazebo/models/turtlebot3_home_service_challenge/marker6/materials/textures/Marker6.png
[0.558s] -- Up-to-date: /home/ros25/ROS/ROS_25/colcon_ws/install/turtlebot3_manipulation_gazebo/share/turtlebot3_manipulation_gazebo/models/turtlebot3_home_service_challenge/marker6/model.sdf
[0.559s] -- Up-to-date: /home/ros25/ROS/ROS_25/colcon_ws/install/turtlebot3_manipulation_gazebo/share/turtlebot3_manipulation_gazebo/models/turtlebot3_home_service_challenge/marker7
[0.559s] -- Up-to-date: /home/ros25/ROS/ROS_25/colcon_ws/install/turtlebot3_manipulation_gazebo/share/turtlebot3_manipulation_gazebo/models/turtlebot3_home_service_challenge/marker7/model-1_4.sdf
[0.559s] -- Up-to-date: /home/ros25/ROS/ROS_25/colcon_ws/install/turtlebot3_manipulation_gazebo/share/turtlebot3_manipulation_gazebo/models/turtlebot3_home_service_challenge/marker7/model.config
[0.559s] -- Up-to-date: /home/ros25/ROS/ROS_25/colcon_ws/install/turtlebot3_manipulation_gazebo/share/turtlebot3_manipulation_gazebo/models/turtlebot3_home_service_challenge/marker7/model-1_5.sdf
[0.559s] -- Up-to-date: /home/ros25/ROS/ROS_25/colcon_ws/install/turtlebot3_manipulation_gazebo/share/turtlebot3_manipulation_gazebo/models/turtlebot3_home_service_challenge/marker7/meshes
[0.559s] -- Up-to-date: /home/ros25/ROS/ROS_25/colcon_ws/install/turtlebot3_manipulation_gazebo/share/turtlebot3_manipulation_gazebo/models/turtlebot3_home_service_challenge/marker7/meshes/Marker7.dae
[0.559s] -- Up-to-date: /home/ros25/ROS/ROS_25/colcon_ws/install/turtlebot3_manipulation_gazebo/share/turtlebot3_manipulation_gazebo/models/turtlebot3_home_service_challenge/marker7/materials
[0.559s] -- Up-to-date: /home/ros25/ROS/ROS_25/colcon_ws/install/turtlebot3_manipulation_gazebo/share/turtlebot3_manipulation_gazebo/models/turtlebot3_home_service_challenge/marker7/materials/textures
[0.560s] -- Up-to-date: /home/ros25/ROS/ROS_25/colcon_ws/install/turtlebot3_manipulation_gazebo/share/turtlebot3_manipulation_gazebo/models/turtlebot3_home_service_challenge/marker7/materials/textures/Marker7.png
[0.560s] -- Up-to-date: /home/ros25/ROS/ROS_25/colcon_ws/install/turtlebot3_manipulation_gazebo/share/turtlebot3_manipulation_gazebo/models/turtlebot3_home_service_challenge/marker7/model.sdf
[0.560s] -- Up-to-date: /home/ros25/ROS/ROS_25/colcon_ws/install/turtlebot3_manipulation_gazebo/share/turtlebot3_manipulation_gazebo/models/turtlebot3_home_service_challenge/marker1
[0.562s] -- Up-to-date: /home/ros25/ROS/ROS_25/colcon_ws/install/turtlebot3_manipulation_gazebo/share/turtlebot3_manipulation_gazebo/models/turtlebot3_home_service_challenge/marker1/model-1_4.sdf
[0.563s] -- Up-to-date: /home/ros25/ROS/ROS_25/colcon_ws/install/turtlebot3_manipulation_gazebo/share/turtlebot3_manipulation_gazebo/models/turtlebot3_home_service_challenge/marker1/model.config
[0.563s] -- Up-to-date: /home/ros25/ROS/ROS_25/colcon_ws/install/turtlebot3_manipulation_gazebo/share/turtlebot3_manipulation_gazebo/models/turtlebot3_home_service_challenge/marker1/model-1_5.sdf
[0.563s] -- Up-to-date: /home/ros25/ROS/ROS_25/colcon_ws/install/turtlebot3_manipulation_gazebo/share/turtlebot3_manipulation_gazebo/models/turtlebot3_home_service_challenge/marker1/meshes
[0.567s] -- Up-to-date: /home/ros25/ROS/ROS_25/colcon_ws/install/turtlebot3_manipulation_gazebo/share/turtlebot3_manipulation_gazebo/models/turtlebot3_home_service_challenge/marker1/meshes/Marker1.dae
[0.567s] -- Up-to-date: /home/ros25/ROS/ROS_25/colcon_ws/install/turtlebot3_manipulation_gazebo/share/turtlebot3_manipulation_gazebo/models/turtlebot3_home_service_challenge/marker1/materials
[0.567s] -- Up-to-date: /home/ros25/ROS/ROS_25/colcon_ws/install/turtlebot3_manipulation_gazebo/share/turtlebot3_manipulation_gazebo/models/turtlebot3_home_service_challenge/marker1/materials/textures
[0.567s] -- Up-to-date: /home/ros25/ROS/ROS_25/colcon_ws/install/turtlebot3_manipulation_gazebo/share/turtlebot3_manipulation_gazebo/models/turtlebot3_home_service_challenge/marker1/materials/textures/Marker1.png
[0.568s] -- Up-to-date: /home/ros25/ROS/ROS_25/colcon_ws/install/turtlebot3_manipulation_gazebo/share/turtlebot3_manipulation_gazebo/models/turtlebot3_home_service_challenge/marker1/model.sdf
[0.568s] -- Up-to-date: /home/ros25/ROS/ROS_25/colcon_ws/install/turtlebot3_manipulation_gazebo/share/turtlebot3_manipulation_gazebo/models/turtlebot3_home_service_challenge/marker0
[0.568s] -- Up-to-date: /home/ros25/ROS/ROS_25/colcon_ws/install/turtlebot3_manipulation_gazebo/share/turtlebot3_manipulation_gazebo/models/turtlebot3_home_service_challenge/marker0/model-1_4.sdf
[0.568s] -- Up-to-date: /home/ros25/ROS/ROS_25/colcon_ws/install/turtlebot3_manipulation_gazebo/share/turtlebot3_manipulation_gazebo/models/turtlebot3_home_service_challenge/marker0/model.config
[0.568s] -- Up-to-date: /home/ros25/ROS/ROS_25/colcon_ws/install/turtlebot3_manipulation_gazebo/share/turtlebot3_manipulation_gazebo/models/turtlebot3_home_service_challenge/marker0/model-1_5.sdf
[0.568s] -- Up-to-date: /home/ros25/ROS/ROS_25/colcon_ws/install/turtlebot3_manipulation_gazebo/share/turtlebot3_manipulation_gazebo/models/turtlebot3_home_service_challenge/marker0/meshes
[0.568s] -- Up-to-date: /home/ros25/ROS/ROS_25/colcon_ws/install/turtlebot3_manipulation_gazebo/share/turtlebot3_manipulation_gazebo/models/turtlebot3_home_service_challenge/marker0/meshes/Marker0.dae
[0.568s] -- Up-to-date: /home/ros25/ROS/ROS_25/colcon_ws/install/turtlebot3_manipulation_gazebo/share/turtlebot3_manipulation_gazebo/models/turtlebot3_home_service_challenge/marker0/materials
[0.569s] -- Up-to-date: /home/ros25/ROS/ROS_25/colcon_ws/install/turtlebot3_manipulation_gazebo/share/turtlebot3_manipulation_gazebo/models/turtlebot3_home_service_challenge/marker0/materials/textures
[0.569s] -- Up-to-date: /home/ros25/ROS/ROS_25/colcon_ws/install/turtlebot3_manipulation_gazebo/share/turtlebot3_manipulation_gazebo/models/turtlebot3_home_service_challenge/marker0/materials/textures/Marker0.png
[0.572s] -- Up-to-date: /home/ros25/ROS/ROS_25/colcon_ws/install/turtlebot3_manipulation_gazebo/share/turtlebot3_manipulation_gazebo/models/turtlebot3_home_service_challenge/marker0/model.sdf
[0.572s] -- Up-to-date: /home/ros25/ROS/ROS_25/colcon_ws/install/turtlebot3_manipulation_gazebo/share/turtlebot3_manipulation_gazebo/models/turtlebot3_home_service_challenge/marker9
[0.572s] -- Up-to-date: /home/ros25/ROS/ROS_25/colcon_ws/install/turtlebot3_manipulation_gazebo/share/turtlebot3_manipulation_gazebo/models/turtlebot3_home_service_challenge/marker9/model-1_4.sdf
[0.573s] -- Up-to-date: /home/ros25/ROS/ROS_25/colcon_ws/install/turtlebot3_manipulation_gazebo/share/turtlebot3_manipulation_gazebo/models/turtlebot3_home_service_challenge/marker9/model.config
[0.573s] -- Up-to-date: /home/ros25/ROS/ROS_25/colcon_ws/install/turtlebot3_manipulation_gazebo/share/turtlebot3_manipulation_gazebo/models/turtlebot3_home_service_challenge/marker9/model-1_5.sdf
[0.573s] -- Up-to-date: /home/ros25/ROS/ROS_25/colcon_ws/install/turtlebot3_manipulation_gazebo/share/turtlebot3_manipulation_gazebo/models/turtlebot3_home_service_challenge/marker9/meshes
[0.573s] -- Up-to-date: /home/ros25/ROS/ROS_25/colcon_ws/install/turtlebot3_manipulation_gazebo/share/turtlebot3_manipulation_gazebo/models/turtlebot3_home_service_challenge/marker9/meshes/Marker9.dae
[0.573s] -- Up-to-date: /home/ros25/ROS/ROS_25/colcon_ws/install/turtlebot3_manipulation_gazebo/share/turtlebot3_manipulation_gazebo/models/turtlebot3_home_service_challenge/marker9/materials
[0.574s] -- Up-to-date: /home/ros25/ROS/ROS_25/colcon_ws/install/turtlebot3_manipulation_gazebo/share/turtlebot3_manipulation_gazebo/models/turtlebot3_home_service_challenge/marker9/materials/textures
[0.574s] -- Up-to-date: /home/ros25/ROS/ROS_25/colcon_ws/install/turtlebot3_manipulation_gazebo/share/turtlebot3_manipulation_gazebo/models/turtlebot3_home_service_challenge/marker9/materials/textures/Marker9.png
[0.576s] -- Up-to-date: /home/ros25/ROS/ROS_25/colcon_ws/install/turtlebot3_manipulation_gazebo/share/turtlebot3_manipulation_gazebo/models/turtlebot3_home_service_challenge/marker9/model.sdf
[0.576s] -- Up-to-date: /home/ros25/ROS/ROS_25/colcon_ws/install/turtlebot3_manipulation_gazebo/share/turtlebot3_manipulation_gazebo/models/turtlebot3_home_service_challenge/marker3
[0.577s] -- Up-to-date: /home/ros25/ROS/ROS_25/colcon_ws/install/turtlebot3_manipulation_gazebo/share/turtlebot3_manipulation_gazebo/models/turtlebot3_home_service_challenge/marker3/model-1_4.sdf
[0.577s] -- Up-to-date: /home/ros25/ROS/ROS_25/colcon_ws/install/turtlebot3_manipulation_gazebo/share/turtlebot3_manipulation_gazebo/models/turtlebot3_home_service_challenge/marker3/model.config
[0.577s] -- Up-to-date: /home/ros25/ROS/ROS_25/colcon_ws/install/turtlebot3_manipulation_gazebo/share/turtlebot3_manipulation_gazebo/models/turtlebot3_home_service_challenge/marker3/model-1_5.sdf
[0.578s] -- Up-to-date: /home/ros25/ROS/ROS_25/colcon_ws/install/turtlebot3_manipulation_gazebo/share/turtlebot3_manipulation_gazebo/models/turtlebot3_home_service_challenge/marker3/meshes
[0.583s] -- Up-to-date: /home/ros25/ROS/ROS_25/colcon_ws/install/turtlebot3_manipulation_gazebo/share/turtlebot3_manipulation_gazebo/models/turtlebot3_home_service_challenge/marker3/meshes/Marker3.dae
[0.583s] -- Up-to-date: /home/ros25/ROS/ROS_25/colcon_ws/install/turtlebot3_manipulation_gazebo/share/turtlebot3_manipulation_gazebo/models/turtlebot3_home_service_challenge/marker3/materials
[0.583s] -- Up-to-date: /home/ros25/ROS/ROS_25/colcon_ws/install/turtlebot3_manipulation_gazebo/share/turtlebot3_manipulation_gazebo/models/turtlebot3_home_service_challenge/marker3/materials/textures
[0.583s] -- Up-to-date: /home/ros25/ROS/ROS_25/colcon_ws/install/turtlebot3_manipulation_gazebo/share/turtlebot3_manipulation_gazebo/models/turtlebot3_home_service_challenge/marker3/materials/textures/Marker3.png
[0.584s] -- Up-to-date: /home/ros25/ROS/ROS_25/colcon_ws/install/turtlebot3_manipulation_gazebo/share/turtlebot3_manipulation_gazebo/models/turtlebot3_home_service_challenge/marker3/model.sdf
[0.584s] -- Up-to-date: /home/ros25/ROS/ROS_25/colcon_ws/install/turtlebot3_manipulation_gazebo/share/turtlebot3_manipulation_gazebo/models/turtlebot3_home_service_challenge/marker4
[0.584s] -- Up-to-date: /home/ros25/ROS/ROS_25/colcon_ws/install/turtlebot3_manipulation_gazebo/share/turtlebot3_manipulation_gazebo/models/turtlebot3_home_service_challenge/marker4/model-1_4.sdf
[0.584s] -- Up-to-date: /home/ros25/ROS/ROS_25/colcon_ws/install/turtlebot3_manipulation_gazebo/share/turtlebot3_manipulation_gazebo/models/turtlebot3_home_service_challenge/marker4/model.config
[0.585s] -- Up-to-date: /home/ros25/ROS/ROS_25/colcon_ws/install/turtlebot3_manipulation_gazebo/share/turtlebot3_manipulation_gazebo/models/turtlebot3_home_service_challenge/marker4/model-1_5.sdf
[0.585s] -- Up-to-date: /home/ros25/ROS/ROS_25/colcon_ws/install/turtlebot3_manipulation_gazebo/share/turtlebot3_manipulation_gazebo/models/turtlebot3_home_service_challenge/marker4/meshes
[0.585s] -- Up-to-date: /home/ros25/ROS/ROS_25/colcon_ws/install/turtlebot3_manipulation_gazebo/share/turtlebot3_manipulation_gazebo/models/turtlebot3_home_service_challenge/marker4/meshes/Marker4.dae
[0.586s] -- Up-to-date: /home/ros25/ROS/ROS_25/colcon_ws/install/turtlebot3_manipulation_gazebo/share/turtlebot3_manipulation_gazebo/models/turtlebot3_home_service_challenge/marker4/materials
[0.587s] -- Up-to-date: /home/ros25/ROS/ROS_25/colcon_ws/install/turtlebot3_manipulation_gazebo/share/turtlebot3_manipulation_gazebo/models/turtlebot3_home_service_challenge/marker4/materials/textures
[0.588s] -- Up-to-date: /home/ros25/ROS/ROS_25/colcon_ws/install/turtlebot3_manipulation_gazebo/share/turtlebot3_manipulation_gazebo/models/turtlebot3_home_service_challenge/marker4/materials/textures/Marker4.png
[0.588s] -- Up-to-date: /home/ros25/ROS/ROS_25/colcon_ws/install/turtlebot3_manipulation_gazebo/share/turtlebot3_manipulation_gazebo/models/turtlebot3_home_service_challenge/marker4/model.sdf
[0.588s] -- Up-to-date: /home/ros25/ROS/ROS_25/colcon_ws/install/turtlebot3_manipulation_gazebo/share/ament_index/resource_index/package_run_dependencies/turtlebot3_manipulation_gazebo
[0.589s] -- Up-to-date: /home/ros25/ROS/ROS_25/colcon_ws/install/turtlebot3_manipulation_gazebo/share/ament_index/resource_index/parent_prefix_path/turtlebot3_manipulation_gazebo
[0.589s] -- Up-to-date: /home/ros25/ROS/ROS_25/colcon_ws/install/turtlebot3_manipulation_gazebo/share/turtlebot3_manipulation_gazebo/environment/ament_prefix_path.sh
[0.589s] -- Up-to-date: /home/ros25/ROS/ROS_25/colcon_ws/install/turtlebot3_manipulation_gazebo/share/turtlebot3_manipulation_gazebo/environment/ament_prefix_path.dsv
[0.589s] -- Up-to-date: /home/ros25/ROS/ROS_25/colcon_ws/install/turtlebot3_manipulation_gazebo/share/turtlebot3_manipulation_gazebo/environment/path.sh
[0.589s] -- Up-to-date: /home/ros25/ROS/ROS_25/colcon_ws/install/turtlebot3_manipulation_gazebo/share/turtlebot3_manipulation_gazebo/environment/path.dsv
[0.589s] -- Up-to-date: /home/ros25/ROS/ROS_25/colcon_ws/install/turtlebot3_manipulation_gazebo/share/turtlebot3_manipulation_gazebo/local_setup.bash
[0.589s] -- Up-to-date: /home/ros25/ROS/ROS_25/colcon_ws/install/turtlebot3_manipulation_gazebo/share/turtlebot3_manipulation_gazebo/local_setup.sh
[0.590s] -- Up-to-date: /home/ros25/ROS/ROS_25/colcon_ws/install/turtlebot3_manipulation_gazebo/share/turtlebot3_manipulation_gazebo/local_setup.zsh
[0.590s] -- Up-to-date: /home/ros25/ROS/ROS_25/colcon_ws/install/turtlebot3_manipulation_gazebo/share/turtlebot3_manipulation_gazebo/local_setup.dsv
[0.590s] -- Installing: /home/ros25/ROS/ROS_25/colcon_ws/install/turtlebot3_manipulation_gazebo/share/turtlebot3_manipulation_gazebo/package.dsv
[0.593s] -- Up-to-date: /home/ros25/ROS/ROS_25/colcon_ws/install/turtlebot3_manipulation_gazebo/share/ament_index/resource_index/packages/turtlebot3_manipulation_gazebo
[0.593s] -- Up-to-date: /home/ros25/ROS/ROS_25/colcon_ws/install/turtlebot3_manipulation_gazebo/share/turtlebot3_manipulation_gazebo/cmake/turtlebot3_manipulation_gazeboConfig.cmake
[0.593s] -- Up-to-date: /home/ros25/ROS/ROS_25/colcon_ws/install/turtlebot3_manipulation_gazebo/share/turtlebot3_manipulation_gazebo/cmake/turtlebot3_manipulation_gazeboConfig-version.cmake
[0.594s] -- Up-to-date: /home/ros25/ROS/ROS_25/colcon_ws/install/turtlebot3_manipulation_gazebo/share/turtlebot3_manipulation_gazebo/package.xml
[0.656s] Invoked command in '/home/ros25/ROS/ROS_25/colcon_ws/build/turtlebot3_manipulation_gazebo' returned '0': CMAKE_PREFIX_PATH=${CMAKE_PREFIX_PATH}:/home/ros25/ROS/ROS_25/colcon_ws/install/turtlebot3_teleop:/home/ros25/ROS/ROS_25/colcon_ws/install/turtlebot3_example:/home/ros25/ROS/ROS_25/colcon_ws/install/turtlebot3_dqn:/home/ros25/ROS/ROS_25/colcon_ws/install/turtlebot3_controller:/home/ros25/ROS/ROS_25/colcon_ws/install/test_node:/opt/ros/humble /usr/bin/cmake --install /home/ros25/ROS/ROS_25/colcon_ws/build/turtlebot3_manipulation_gazebo
