[0.145s] Invoking command in '/home/ros25/ROS/ROS_25/colcon_ws/build/turtlebot3_msgs': CMAKE_PREFIX_PATH=${CMAKE_PREFIX_PATH}:/home/ros25/ROS/ROS_25/colcon_ws/install/turtlebot3_teleop:/home/ros25/ROS/ROS_25/colcon_ws/install/turtlebot3_example:/home/ros25/ROS/ROS_25/colcon_ws/install/turtlebot3_controller:/home/ros25/ROS/ROS_25/colcon_ws/install/test_node:/opt/ros/humble /usr/bin/cmake --build /home/ros25/ROS/ROS_25/colcon_ws/build/turtlebot3_msgs -- -j2 -l2
[0.866s] [  1%] Built target turtlebot3_msgs__cpp
[1.157s] [ 12%] Built target turtlebot3_msgs__rosidl_generator_c
[1.697s] [ 12%] Built target ament_cmake_python_copy_turtlebot3_msgs
[2.161s] [ 24%] Built target turtlebot3_msgs__rosidl_typesupport_cpp
[2.560s] [ 35%] Built target turtlebot3_msgs__rosidl_typesupport_fastrtps_c
[2.828s] [ 46%] Built target turtlebot3_msgs__rosidl_typesupport_fastrtps_cpp
[3.096s] [ 58%] Built target turtlebot3_msgs__rosidl_typesupport_introspection_c
[3.433s] [ 69%] Built target turtlebot3_msgs__rosidl_typesupport_c
[3.710s] [ 81%] Built target turtlebot3_msgs__rosidl_typesupport_introspection_cpp
[6.125s] running egg_info
[6.133s] writing turtlebot3_msgs.egg-info/PKG-INFO
[6.140s] writing dependency_links to turtlebot3_msgs.egg-info/dependency_links.txt
[6.144s] writing top-level names to turtlebot3_msgs.egg-info/top_level.txt
[6.178s] reading manifest file 'turtlebot3_msgs.egg-info/SOURCES.txt'
[6.187s] writing manifest file 'turtlebot3_msgs.egg-info/SOURCES.txt'
[6.488s] [ 81%] Built target ament_cmake_python_build_turtlebot3_msgs_egg
[6.724s] [ 81%] Built target turtlebot3_msgs
[7.048s] [ 82%] Built target turtlebot3_msgs__py
[7.518s] [ 92%] Built target turtlebot3_msgs__rosidl_generator_py
[7.902s] [ 94%] Built target turtlebot3_msgs__rosidl_typesupport_fastrtps_c__pyext
[8.316s] [ 97%] Built target turtlebot3_msgs__rosidl_typesupport_introspection_c__pyext
[8.653s] [100%] Built target turtlebot3_msgs__rosidl_typesupport_c__pyext
[8.737s] Invoked command in '/home/ros25/ROS/ROS_25/colcon_ws/build/turtlebot3_msgs' returned '0': CMAKE_PREFIX_PATH=${CMAKE_PREFIX_PATH}:/home/ros25/ROS/ROS_25/colcon_ws/install/turtlebot3_teleop:/home/ros25/ROS/ROS_25/colcon_ws/install/turtlebot3_example:/home/ros25/ROS/ROS_25/colcon_ws/install/turtlebot3_controller:/home/ros25/ROS/ROS_25/colcon_ws/install/test_node:/opt/ros/humble /usr/bin/cmake --build /home/ros25/ROS/ROS_25/colcon_ws/build/turtlebot3_msgs -- -j2 -l2
[8.763s] Invoking command in '/home/ros25/ROS/ROS_25/colcon_ws/build/turtlebot3_msgs': CMAKE_PREFIX_PATH=${CMAKE_PREFIX_PATH}:/home/ros25/ROS/ROS_25/colcon_ws/install/turtlebot3_teleop:/home/ros25/ROS/ROS_25/colcon_ws/install/turtlebot3_example:/home/ros25/ROS/ROS_25/colcon_ws/install/turtlebot3_controller:/home/ros25/ROS/ROS_25/colcon_ws/install/test_node:/opt/ros/humble /usr/bin/cmake --install /home/ros25/ROS/ROS_25/colcon_ws/build/turtlebot3_msgs
[8.817s] -- Install configuration: ""
[8.817s] -- Up-to-date: /home/ros25/ROS/ROS_25/colcon_ws/install/turtlebot3_msgs/share/ament_index/resource_index/rosidl_interfaces/turtlebot3_msgs
[8.819s] -- Up-to-date: /home/ros25/ROS/ROS_25/colcon_ws/install/turtlebot3_msgs/include/turtlebot3_msgs/turtlebot3_msgs
[8.820s] -- Up-to-date: /home/ros25/ROS/ROS_25/colcon_ws/install/turtlebot3_msgs/include/turtlebot3_msgs/turtlebot3_msgs/action
[8.824s] -- Up-to-date: /home/ros25/ROS/ROS_25/colcon_ws/install/turtlebot3_msgs/include/turtlebot3_msgs/turtlebot3_msgs/action/detail
[8.824s] -- Up-to-date: /home/ros25/ROS/ROS_25/colcon_ws/install/turtlebot3_msgs/include/turtlebot3_msgs/turtlebot3_msgs/action/detail/patrol__type_support.h
[8.825s] -- Up-to-date: /home/ros25/ROS/ROS_25/colcon_ws/install/turtlebot3_msgs/include/turtlebot3_msgs/turtlebot3_msgs/action/detail/patrol__struct.h
[8.825s] -- Up-to-date: /home/ros25/ROS/ROS_25/colcon_ws/install/turtlebot3_msgs/include/turtlebot3_msgs/turtlebot3_msgs/action/detail/patrol__functions.c
[8.828s] -- Up-to-date: /home/ros25/ROS/ROS_25/colcon_ws/install/turtlebot3_msgs/include/turtlebot3_msgs/turtlebot3_msgs/action/detail/patrol__functions.h
[8.828s] -- Up-to-date: /home/ros25/ROS/ROS_25/colcon_ws/install/turtlebot3_msgs/include/turtlebot3_msgs/turtlebot3_msgs/action/patrol.h
[8.828s] -- Up-to-date: /home/ros25/ROS/ROS_25/colcon_ws/install/turtlebot3_msgs/include/turtlebot3_msgs/turtlebot3_msgs/msg
[8.828s] -- Up-to-date: /home/ros25/ROS/ROS_25/colcon_ws/install/turtlebot3_msgs/include/turtlebot3_msgs/turtlebot3_msgs/msg/sound.h
[8.829s] -- Up-to-date: /home/ros25/ROS/ROS_25/colcon_ws/install/turtlebot3_msgs/include/turtlebot3_msgs/turtlebot3_msgs/msg/detail
[8.829s] -- Up-to-date: /home/ros25/ROS/ROS_25/colcon_ws/install/turtlebot3_msgs/include/turtlebot3_msgs/turtlebot3_msgs/msg/detail/version_info__type_support.h
[8.835s] -- Up-to-date: /home/ros25/ROS/ROS_25/colcon_ws/install/turtlebot3_msgs/include/turtlebot3_msgs/turtlebot3_msgs/msg/detail/sound__functions.c
[8.836s] -- Up-to-date: /home/ros25/ROS/ROS_25/colcon_ws/install/turtlebot3_msgs/include/turtlebot3_msgs/turtlebot3_msgs/msg/detail/sensor_state__struct.h
[8.836s] -- Up-to-date: /home/ros25/ROS/ROS_25/colcon_ws/install/turtlebot3_msgs/include/turtlebot3_msgs/turtlebot3_msgs/msg/detail/sensor_state__type_support.h
[8.836s] -- Up-to-date: /home/ros25/ROS/ROS_25/colcon_ws/install/turtlebot3_msgs/include/turtlebot3_msgs/turtlebot3_msgs/msg/detail/version_info__functions.h
[8.836s] -- Up-to-date: /home/ros25/ROS/ROS_25/colcon_ws/install/turtlebot3_msgs/include/turtlebot3_msgs/turtlebot3_msgs/msg/detail/sensor_state__functions.h
[8.836s] -- Up-to-date: /home/ros25/ROS/ROS_25/colcon_ws/install/turtlebot3_msgs/include/turtlebot3_msgs/turtlebot3_msgs/msg/detail/sensor_state__functions.c
[8.836s] -- Up-to-date: /home/ros25/ROS/ROS_25/colcon_ws/install/turtlebot3_msgs/include/turtlebot3_msgs/turtlebot3_msgs/msg/detail/sound__functions.h
[8.836s] -- Up-to-date: /home/ros25/ROS/ROS_25/colcon_ws/install/turtlebot3_msgs/include/turtlebot3_msgs/turtlebot3_msgs/msg/detail/sound__struct.h
[8.837s] -- Up-to-date: /home/ros25/ROS/ROS_25/colcon_ws/install/turtlebot3_msgs/include/turtlebot3_msgs/turtlebot3_msgs/msg/detail/version_info__functions.c
[8.837s] -- Up-to-date: /home/ros25/ROS/ROS_25/colcon_ws/install/turtlebot3_msgs/include/turtlebot3_msgs/turtlebot3_msgs/msg/detail/sound__type_support.h
[8.837s] -- Up-to-date: /home/ros25/ROS/ROS_25/colcon_ws/install/turtlebot3_msgs/include/turtlebot3_msgs/turtlebot3_msgs/msg/detail/version_info__struct.h
[8.844s] -- Up-to-date: /home/ros25/ROS/ROS_25/colcon_ws/install/turtlebot3_msgs/include/turtlebot3_msgs/turtlebot3_msgs/msg/sensor_state.h
[8.844s] -- Up-to-date: /home/ros25/ROS/ROS_25/colcon_ws/install/turtlebot3_msgs/include/turtlebot3_msgs/turtlebot3_msgs/msg/version_info.h
[8.844s] -- Up-to-date: /home/ros25/ROS/ROS_25/colcon_ws/install/turtlebot3_msgs/include/turtlebot3_msgs/turtlebot3_msgs/msg/rosidl_generator_c__visibility_control.h
[8.844s] -- Up-to-date: /home/ros25/ROS/ROS_25/colcon_ws/install/turtlebot3_msgs/include/turtlebot3_msgs/turtlebot3_msgs/srv
[8.844s] -- Up-to-date: /home/ros25/ROS/ROS_25/colcon_ws/install/turtlebot3_msgs/include/turtlebot3_msgs/turtlebot3_msgs/srv/dqn.h
[8.844s] -- Up-to-date: /home/ros25/ROS/ROS_25/colcon_ws/install/turtlebot3_msgs/include/turtlebot3_msgs/turtlebot3_msgs/srv/sound.h
[8.844s] -- Up-to-date: /home/ros25/ROS/ROS_25/colcon_ws/install/turtlebot3_msgs/include/turtlebot3_msgs/turtlebot3_msgs/srv/goal.h
[8.848s] -- Up-to-date: /home/ros25/ROS/ROS_25/colcon_ws/install/turtlebot3_msgs/include/turtlebot3_msgs/turtlebot3_msgs/srv/detail
[8.848s] -- Up-to-date: /home/ros25/ROS/ROS_25/colcon_ws/install/turtlebot3_msgs/include/turtlebot3_msgs/turtlebot3_msgs/srv/detail/dqn__type_support.h
[8.848s] -- Up-to-date: /home/ros25/ROS/ROS_25/colcon_ws/install/turtlebot3_msgs/include/turtlebot3_msgs/turtlebot3_msgs/srv/detail/dqn__functions.c
[8.849s] -- Up-to-date: /home/ros25/ROS/ROS_25/colcon_ws/install/turtlebot3_msgs/include/turtlebot3_msgs/turtlebot3_msgs/srv/detail/sound__functions.c
[8.849s] -- Up-to-date: /home/ros25/ROS/ROS_25/colcon_ws/install/turtlebot3_msgs/include/turtlebot3_msgs/turtlebot3_msgs/srv/detail/goal__struct.h
[8.854s] -- Up-to-date: /home/ros25/ROS/ROS_25/colcon_ws/install/turtlebot3_msgs/include/turtlebot3_msgs/turtlebot3_msgs/srv/detail/goal__functions.c
[8.854s] -- Up-to-date: /home/ros25/ROS/ROS_25/colcon_ws/install/turtlebot3_msgs/include/turtlebot3_msgs/turtlebot3_msgs/srv/detail/dqn__functions.h
[8.861s] -- Up-to-date: /home/ros25/ROS/ROS_25/colcon_ws/install/turtlebot3_msgs/include/turtlebot3_msgs/turtlebot3_msgs/srv/detail/goal__functions.h
[8.861s] -- Up-to-date: /home/ros25/ROS/ROS_25/colcon_ws/install/turtlebot3_msgs/include/turtlebot3_msgs/turtlebot3_msgs/srv/detail/goal__type_support.h
[8.865s] -- Up-to-date: /home/ros25/ROS/ROS_25/colcon_ws/install/turtlebot3_msgs/include/turtlebot3_msgs/turtlebot3_msgs/srv/detail/sound__functions.h
[8.865s] -- Up-to-date: /home/ros25/ROS/ROS_25/colcon_ws/install/turtlebot3_msgs/include/turtlebot3_msgs/turtlebot3_msgs/srv/detail/sound__struct.h
[8.865s] -- Up-to-date: /home/ros25/ROS/ROS_25/colcon_ws/install/turtlebot3_msgs/include/turtlebot3_msgs/turtlebot3_msgs/srv/detail/sound__type_support.h
[8.866s] -- Up-to-date: /home/ros25/ROS/ROS_25/colcon_ws/install/turtlebot3_msgs/include/turtlebot3_msgs/turtlebot3_msgs/srv/detail/dqn__struct.h
[8.866s] -- Up-to-date: /home/ros25/ROS/ROS_25/colcon_ws/install/turtlebot3_msgs/share/turtlebot3_msgs/environment/library_path.sh
[8.869s] -- Up-to-date: /home/ros25/ROS/ROS_25/colcon_ws/install/turtlebot3_msgs/share/turtlebot3_msgs/environment/library_path.dsv
[8.869s] -- Up-to-date: /home/ros25/ROS/ROS_25/colcon_ws/install/turtlebot3_msgs/lib/libturtlebot3_msgs__rosidl_generator_c.so
[8.871s] -- Up-to-date: /home/ros25/ROS/ROS_25/colcon_ws/install/turtlebot3_msgs/include/turtlebot3_msgs/turtlebot3_msgs
[8.872s] -- Up-to-date: /home/ros25/ROS/ROS_25/colcon_ws/install/turtlebot3_msgs/include/turtlebot3_msgs/turtlebot3_msgs/action
[8.873s] -- Up-to-date: /home/ros25/ROS/ROS_25/colcon_ws/install/turtlebot3_msgs/include/turtlebot3_msgs/turtlebot3_msgs/action/detail
[8.873s] -- Up-to-date: /home/ros25/ROS/ROS_25/colcon_ws/install/turtlebot3_msgs/include/turtlebot3_msgs/turtlebot3_msgs/action/detail/patrol__rosidl_typesupport_fastrtps_c.h
[8.874s] -- Up-to-date: /home/ros25/ROS/ROS_25/colcon_ws/install/turtlebot3_msgs/include/turtlebot3_msgs/turtlebot3_msgs/msg
[8.876s] -- Up-to-date: /home/ros25/ROS/ROS_25/colcon_ws/install/turtlebot3_msgs/include/turtlebot3_msgs/turtlebot3_msgs/msg/detail
[8.876s] -- Up-to-date: /home/ros25/ROS/ROS_25/colcon_ws/install/turtlebot3_msgs/include/turtlebot3_msgs/turtlebot3_msgs/msg/detail/sensor_state__rosidl_typesupport_fastrtps_c.h
[8.877s] -- Up-to-date: /home/ros25/ROS/ROS_25/colcon_ws/install/turtlebot3_msgs/include/turtlebot3_msgs/turtlebot3_msgs/msg/detail/sound__rosidl_typesupport_fastrtps_c.h
[8.880s] -- Up-to-date: /home/ros25/ROS/ROS_25/colcon_ws/install/turtlebot3_msgs/include/turtlebot3_msgs/turtlebot3_msgs/msg/detail/version_info__rosidl_typesupport_fastrtps_c.h
[8.880s] -- Up-to-date: /home/ros25/ROS/ROS_25/colcon_ws/install/turtlebot3_msgs/include/turtlebot3_msgs/turtlebot3_msgs/msg/rosidl_typesupport_fastrtps_c__visibility_control.h
[8.880s] -- Up-to-date: /home/ros25/ROS/ROS_25/colcon_ws/install/turtlebot3_msgs/include/turtlebot3_msgs/turtlebot3_msgs/srv
[8.881s] -- Up-to-date: /home/ros25/ROS/ROS_25/colcon_ws/install/turtlebot3_msgs/include/turtlebot3_msgs/turtlebot3_msgs/srv/detail
[8.881s] -- Up-to-date: /home/ros25/ROS/ROS_25/colcon_ws/install/turtlebot3_msgs/include/turtlebot3_msgs/turtlebot3_msgs/srv/detail/dqn__rosidl_typesupport_fastrtps_c.h
[8.881s] -- Up-to-date: /home/ros25/ROS/ROS_25/colcon_ws/install/turtlebot3_msgs/include/turtlebot3_msgs/turtlebot3_msgs/srv/detail/goal__rosidl_typesupport_fastrtps_c.h
[8.881s] -- Up-to-date: /home/ros25/ROS/ROS_25/colcon_ws/install/turtlebot3_msgs/include/turtlebot3_msgs/turtlebot3_msgs/srv/detail/sound__rosidl_typesupport_fastrtps_c.h
[8.881s] -- Up-to-date: /home/ros25/ROS/ROS_25/colcon_ws/install/turtlebot3_msgs/lib/libturtlebot3_msgs__rosidl_typesupport_fastrtps_c.so
[8.881s] -- Up-to-date: /home/ros25/ROS/ROS_25/colcon_ws/install/turtlebot3_msgs/include/turtlebot3_msgs/turtlebot3_msgs
[8.881s] -- Up-to-date: /home/ros25/ROS/ROS_25/colcon_ws/install/turtlebot3_msgs/include/turtlebot3_msgs/turtlebot3_msgs/action
[8.881s] -- Up-to-date: /home/ros25/ROS/ROS_25/colcon_ws/install/turtlebot3_msgs/include/turtlebot3_msgs/turtlebot3_msgs/action/patrol.hpp
[8.881s] -- Up-to-date: /home/ros25/ROS/ROS_25/colcon_ws/install/turtlebot3_msgs/include/turtlebot3_msgs/turtlebot3_msgs/action/detail
[8.881s] -- Up-to-date: /home/ros25/ROS/ROS_25/colcon_ws/install/turtlebot3_msgs/include/turtlebot3_msgs/turtlebot3_msgs/action/detail/patrol__type_support.hpp
[8.882s] -- Up-to-date: /home/ros25/ROS/ROS_25/colcon_ws/install/turtlebot3_msgs/include/turtlebot3_msgs/turtlebot3_msgs/action/detail/patrol__traits.hpp
[8.882s] -- Up-to-date: /home/ros25/ROS/ROS_25/colcon_ws/install/turtlebot3_msgs/include/turtlebot3_msgs/turtlebot3_msgs/action/detail/patrol__builder.hpp
[8.882s] -- Up-to-date: /home/ros25/ROS/ROS_25/colcon_ws/install/turtlebot3_msgs/include/turtlebot3_msgs/turtlebot3_msgs/action/detail/patrol__struct.hpp
[8.887s] -- Up-to-date: /home/ros25/ROS/ROS_25/colcon_ws/install/turtlebot3_msgs/include/turtlebot3_msgs/turtlebot3_msgs/msg
[8.892s] -- Up-to-date: /home/ros25/ROS/ROS_25/colcon_ws/install/turtlebot3_msgs/include/turtlebot3_msgs/turtlebot3_msgs/msg/sensor_state.hpp
[8.892s] -- Up-to-date: /home/ros25/ROS/ROS_25/colcon_ws/install/turtlebot3_msgs/include/turtlebot3_msgs/turtlebot3_msgs/msg/detail
[8.892s] -- Up-to-date: /home/ros25/ROS/ROS_25/colcon_ws/install/turtlebot3_msgs/include/turtlebot3_msgs/turtlebot3_msgs/msg/detail/sound__struct.hpp
[8.896s] -- Up-to-date: /home/ros25/ROS/ROS_25/colcon_ws/install/turtlebot3_msgs/include/turtlebot3_msgs/turtlebot3_msgs/msg/detail/sensor_state__builder.hpp
[8.897s] -- Up-to-date: /home/ros25/ROS/ROS_25/colcon_ws/install/turtlebot3_msgs/include/turtlebot3_msgs/turtlebot3_msgs/msg/detail/sensor_state__type_support.hpp
[8.897s] -- Up-to-date: /home/ros25/ROS/ROS_25/colcon_ws/install/turtlebot3_msgs/include/turtlebot3_msgs/turtlebot3_msgs/msg/detail/sensor_state__traits.hpp
[8.897s] -- Up-to-date: /home/ros25/ROS/ROS_25/colcon_ws/install/turtlebot3_msgs/include/turtlebot3_msgs/turtlebot3_msgs/msg/detail/sound__builder.hpp
[8.901s] -- Up-to-date: /home/ros25/ROS/ROS_25/colcon_ws/install/turtlebot3_msgs/include/turtlebot3_msgs/turtlebot3_msgs/msg/detail/version_info__struct.hpp
[8.901s] -- Up-to-date: /home/ros25/ROS/ROS_25/colcon_ws/install/turtlebot3_msgs/include/turtlebot3_msgs/turtlebot3_msgs/msg/detail/version_info__traits.hpp
[8.901s] -- Up-to-date: /home/ros25/ROS/ROS_25/colcon_ws/install/turtlebot3_msgs/include/turtlebot3_msgs/turtlebot3_msgs/msg/detail/sound__traits.hpp
[8.903s] -- Up-to-date: /home/ros25/ROS/ROS_25/colcon_ws/install/turtlebot3_msgs/include/turtlebot3_msgs/turtlebot3_msgs/msg/detail/version_info__builder.hpp
[8.903s] -- Up-to-date: /home/ros25/ROS/ROS_25/colcon_ws/install/turtlebot3_msgs/include/turtlebot3_msgs/turtlebot3_msgs/msg/detail/sensor_state__struct.hpp
[8.904s] -- Up-to-date: /home/ros25/ROS/ROS_25/colcon_ws/install/turtlebot3_msgs/include/turtlebot3_msgs/turtlebot3_msgs/msg/detail/version_info__type_support.hpp
[8.904s] -- Up-to-date: /home/ros25/ROS/ROS_25/colcon_ws/install/turtlebot3_msgs/include/turtlebot3_msgs/turtlebot3_msgs/msg/detail/sound__type_support.hpp
[8.904s] -- Up-to-date: /home/ros25/ROS/ROS_25/colcon_ws/install/turtlebot3_msgs/include/turtlebot3_msgs/turtlebot3_msgs/msg/rosidl_generator_cpp__visibility_control.hpp
[8.907s] -- Up-to-date: /home/ros25/ROS/ROS_25/colcon_ws/install/turtlebot3_msgs/include/turtlebot3_msgs/turtlebot3_msgs/msg/sound.hpp
[8.910s] -- Up-to-date: /home/ros25/ROS/ROS_25/colcon_ws/install/turtlebot3_msgs/include/turtlebot3_msgs/turtlebot3_msgs/msg/version_info.hpp
[8.910s] -- Up-to-date: /home/ros25/ROS/ROS_25/colcon_ws/install/turtlebot3_msgs/include/turtlebot3_msgs/turtlebot3_msgs/srv
[8.911s] -- Up-to-date: /home/ros25/ROS/ROS_25/colcon_ws/install/turtlebot3_msgs/include/turtlebot3_msgs/turtlebot3_msgs/srv/goal.hpp
[8.911s] -- Up-to-date: /home/ros25/ROS/ROS_25/colcon_ws/install/turtlebot3_msgs/include/turtlebot3_msgs/turtlebot3_msgs/srv/detail
[8.917s] -- Up-to-date: /home/ros25/ROS/ROS_25/colcon_ws/install/turtlebot3_msgs/include/turtlebot3_msgs/turtlebot3_msgs/srv/detail/sound__struct.hpp
[8.918s] -- Up-to-date: /home/ros25/ROS/ROS_25/colcon_ws/install/turtlebot3_msgs/include/turtlebot3_msgs/turtlebot3_msgs/srv/detail/dqn__traits.hpp
[8.921s] -- Up-to-date: /home/ros25/ROS/ROS_25/colcon_ws/install/turtlebot3_msgs/include/turtlebot3_msgs/turtlebot3_msgs/srv/detail/dqn__builder.hpp
[8.922s] -- Up-to-date: /home/ros25/ROS/ROS_25/colcon_ws/install/turtlebot3_msgs/include/turtlebot3_msgs/turtlebot3_msgs/srv/detail/sound__builder.hpp
[8.922s] -- Up-to-date: /home/ros25/ROS/ROS_25/colcon_ws/install/turtlebot3_msgs/include/turtlebot3_msgs/turtlebot3_msgs/srv/detail/goal__traits.hpp
[8.925s] -- Up-to-date: /home/ros25/ROS/ROS_25/colcon_ws/install/turtlebot3_msgs/include/turtlebot3_msgs/turtlebot3_msgs/srv/detail/dqn__type_support.hpp
[8.926s] -- Up-to-date: /home/ros25/ROS/ROS_25/colcon_ws/install/turtlebot3_msgs/include/turtlebot3_msgs/turtlebot3_msgs/srv/detail/goal__type_support.hpp
[8.926s] -- Up-to-date: /home/ros25/ROS/ROS_25/colcon_ws/install/turtlebot3_msgs/include/turtlebot3_msgs/turtlebot3_msgs/srv/detail/sound__traits.hpp
[8.926s] -- Up-to-date: /home/ros25/ROS/ROS_25/colcon_ws/install/turtlebot3_msgs/include/turtlebot3_msgs/turtlebot3_msgs/srv/detail/dqn__struct.hpp
[8.931s] -- Up-to-date: /home/ros25/ROS/ROS_25/colcon_ws/install/turtlebot3_msgs/include/turtlebot3_msgs/turtlebot3_msgs/srv/detail/sound__type_support.hpp
[8.931s] -- Up-to-date: /home/ros25/ROS/ROS_25/colcon_ws/install/turtlebot3_msgs/include/turtlebot3_msgs/turtlebot3_msgs/srv/detail/goal__builder.hpp
[8.934s] -- Up-to-date: /home/ros25/ROS/ROS_25/colcon_ws/install/turtlebot3_msgs/include/turtlebot3_msgs/turtlebot3_msgs/srv/detail/goal__struct.hpp
[8.934s] -- Up-to-date: /home/ros25/ROS/ROS_25/colcon_ws/install/turtlebot3_msgs/include/turtlebot3_msgs/turtlebot3_msgs/srv/dqn.hpp
[8.934s] -- Up-to-date: /home/ros25/ROS/ROS_25/colcon_ws/install/turtlebot3_msgs/include/turtlebot3_msgs/turtlebot3_msgs/srv/sound.hpp
[8.934s] -- Up-to-date: /home/ros25/ROS/ROS_25/colcon_ws/install/turtlebot3_msgs/include/turtlebot3_msgs/turtlebot3_msgs
[8.935s] -- Up-to-date: /home/ros25/ROS/ROS_25/colcon_ws/install/turtlebot3_msgs/include/turtlebot3_msgs/turtlebot3_msgs/action
[8.935s] -- Up-to-date: /home/ros25/ROS/ROS_25/colcon_ws/install/turtlebot3_msgs/include/turtlebot3_msgs/turtlebot3_msgs/action/detail
[8.935s] -- Up-to-date: /home/ros25/ROS/ROS_25/colcon_ws/install/turtlebot3_msgs/include/turtlebot3_msgs/turtlebot3_msgs/action/detail/patrol__rosidl_typesupport_fastrtps_cpp.hpp
[8.942s] -- Up-to-date: /home/ros25/ROS/ROS_25/colcon_ws/install/turtlebot3_msgs/include/turtlebot3_msgs/turtlebot3_msgs/action/detail/dds_fastrtps
[8.942s] -- Up-to-date: /home/ros25/ROS/ROS_25/colcon_ws/install/turtlebot3_msgs/include/turtlebot3_msgs/turtlebot3_msgs/msg
[8.945s] -- Up-to-date: /home/ros25/ROS/ROS_25/colcon_ws/install/turtlebot3_msgs/include/turtlebot3_msgs/turtlebot3_msgs/msg/detail
[8.946s] -- Up-to-date: /home/ros25/ROS/ROS_25/colcon_ws/install/turtlebot3_msgs/include/turtlebot3_msgs/turtlebot3_msgs/msg/detail/sensor_state__rosidl_typesupport_fastrtps_cpp.hpp
[8.947s] -- Up-to-date: /home/ros25/ROS/ROS_25/colcon_ws/install/turtlebot3_msgs/include/turtlebot3_msgs/turtlebot3_msgs/msg/detail/version_info__rosidl_typesupport_fastrtps_cpp.hpp
[8.949s] -- Up-to-date: /home/ros25/ROS/ROS_25/colcon_ws/install/turtlebot3_msgs/include/turtlebot3_msgs/turtlebot3_msgs/msg/detail/sound__rosidl_typesupport_fastrtps_cpp.hpp
[8.949s] -- Up-to-date: /home/ros25/ROS/ROS_25/colcon_ws/install/turtlebot3_msgs/include/turtlebot3_msgs/turtlebot3_msgs/msg/detail/dds_fastrtps
[8.951s] -- Up-to-date: /home/ros25/ROS/ROS_25/colcon_ws/install/turtlebot3_msgs/include/turtlebot3_msgs/turtlebot3_msgs/msg/rosidl_typesupport_fastrtps_cpp__visibility_control.h
[8.951s] -- Up-to-date: /home/ros25/ROS/ROS_25/colcon_ws/install/turtlebot3_msgs/include/turtlebot3_msgs/turtlebot3_msgs/srv
[8.951s] -- Up-to-date: /home/ros25/ROS/ROS_25/colcon_ws/install/turtlebot3_msgs/include/turtlebot3_msgs/turtlebot3_msgs/srv/detail
[8.951s] -- Up-to-date: /home/ros25/ROS/ROS_25/colcon_ws/install/turtlebot3_msgs/include/turtlebot3_msgs/turtlebot3_msgs/srv/detail/dqn__rosidl_typesupport_fastrtps_cpp.hpp
[8.951s] -- Up-to-date: /home/ros25/ROS/ROS_25/colcon_ws/install/turtlebot3_msgs/include/turtlebot3_msgs/turtlebot3_msgs/srv/detail/sound__rosidl_typesupport_fastrtps_cpp.hpp
[8.955s] -- Up-to-date: /home/ros25/ROS/ROS_25/colcon_ws/install/turtlebot3_msgs/include/turtlebot3_msgs/turtlebot3_msgs/srv/detail/dds_fastrtps
[8.957s] -- Up-to-date: /home/ros25/ROS/ROS_25/colcon_ws/install/turtlebot3_msgs/include/turtlebot3_msgs/turtlebot3_msgs/srv/detail/goal__rosidl_typesupport_fastrtps_cpp.hpp
[8.959s] -- Up-to-date: /home/ros25/ROS/ROS_25/colcon_ws/install/turtlebot3_msgs/lib/libturtlebot3_msgs__rosidl_typesupport_fastrtps_cpp.so
[8.959s] -- Up-to-date: /home/ros25/ROS/ROS_25/colcon_ws/install/turtlebot3_msgs/include/turtlebot3_msgs/turtlebot3_msgs
[8.959s] -- Up-to-date: /home/ros25/ROS/ROS_25/colcon_ws/install/turtlebot3_msgs/include/turtlebot3_msgs/turtlebot3_msgs/action
[8.963s] -- Up-to-date: /home/ros25/ROS/ROS_25/colcon_ws/install/turtlebot3_msgs/include/turtlebot3_msgs/turtlebot3_msgs/action/detail
[8.963s] -- Up-to-date: /home/ros25/ROS/ROS_25/colcon_ws/install/turtlebot3_msgs/include/turtlebot3_msgs/turtlebot3_msgs/action/detail/patrol__type_support.c
[8.963s] -- Up-to-date: /home/ros25/ROS/ROS_25/colcon_ws/install/turtlebot3_msgs/include/turtlebot3_msgs/turtlebot3_msgs/action/detail/patrol__rosidl_typesupport_introspection_c.h
[8.963s] -- Up-to-date: /home/ros25/ROS/ROS_25/colcon_ws/install/turtlebot3_msgs/include/turtlebot3_msgs/turtlebot3_msgs/msg
[8.963s] -- Up-to-date: /home/ros25/ROS/ROS_25/colcon_ws/install/turtlebot3_msgs/include/turtlebot3_msgs/turtlebot3_msgs/msg/rosidl_typesupport_introspection_c__visibility_control.h
[8.963s] -- Up-to-date: /home/ros25/ROS/ROS_25/colcon_ws/install/turtlebot3_msgs/include/turtlebot3_msgs/turtlebot3_msgs/msg/detail
[8.964s] -- Up-to-date: /home/ros25/ROS/ROS_25/colcon_ws/install/turtlebot3_msgs/include/turtlebot3_msgs/turtlebot3_msgs/msg/detail/version_info__rosidl_typesupport_introspection_c.h
[8.968s] -- Up-to-date: /home/ros25/ROS/ROS_25/colcon_ws/install/turtlebot3_msgs/include/turtlebot3_msgs/turtlebot3_msgs/msg/detail/sensor_state__rosidl_typesupport_introspection_c.h
[8.969s] -- Up-to-date: /home/ros25/ROS/ROS_25/colcon_ws/install/turtlebot3_msgs/include/turtlebot3_msgs/turtlebot3_msgs/msg/detail/sound__rosidl_typesupport_introspection_c.h
[8.969s] -- Up-to-date: /home/ros25/ROS/ROS_25/colcon_ws/install/turtlebot3_msgs/include/turtlebot3_msgs/turtlebot3_msgs/msg/detail/sound__type_support.c
[8.969s] -- Up-to-date: /home/ros25/ROS/ROS_25/colcon_ws/install/turtlebot3_msgs/include/turtlebot3_msgs/turtlebot3_msgs/msg/detail/version_info__type_support.c
[8.970s] -- Up-to-date: /home/ros25/ROS/ROS_25/colcon_ws/install/turtlebot3_msgs/include/turtlebot3_msgs/turtlebot3_msgs/msg/detail/sensor_state__type_support.c
[8.970s] -- Up-to-date: /home/ros25/ROS/ROS_25/colcon_ws/install/turtlebot3_msgs/include/turtlebot3_msgs/turtlebot3_msgs/srv
[8.978s] -- Up-to-date: /home/ros25/ROS/ROS_25/colcon_ws/install/turtlebot3_msgs/include/turtlebot3_msgs/turtlebot3_msgs/srv/detail
[8.978s] -- Up-to-date: /home/ros25/ROS/ROS_25/colcon_ws/install/turtlebot3_msgs/include/turtlebot3_msgs/turtlebot3_msgs/srv/detail/goal__type_support.c
[8.978s] -- Up-to-date: /home/ros25/ROS/ROS_25/colcon_ws/install/turtlebot3_msgs/include/turtlebot3_msgs/turtlebot3_msgs/srv/detail/dqn__type_support.c
[8.979s] -- Up-to-date: /home/ros25/ROS/ROS_25/colcon_ws/install/turtlebot3_msgs/include/turtlebot3_msgs/turtlebot3_msgs/srv/detail/goal__rosidl_typesupport_introspection_c.h
[8.979s] -- Up-to-date: /home/ros25/ROS/ROS_25/colcon_ws/install/turtlebot3_msgs/include/turtlebot3_msgs/turtlebot3_msgs/srv/detail/sound__rosidl_typesupport_introspection_c.h
[8.979s] -- Up-to-date: /home/ros25/ROS/ROS_25/colcon_ws/install/turtlebot3_msgs/include/turtlebot3_msgs/turtlebot3_msgs/srv/detail/sound__type_support.c
[8.980s] -- Up-to-date: /home/ros25/ROS/ROS_25/colcon_ws/install/turtlebot3_msgs/include/turtlebot3_msgs/turtlebot3_msgs/srv/detail/dqn__rosidl_typesupport_introspection_c.h
[8.980s] -- Up-to-date: /home/ros25/ROS/ROS_25/colcon_ws/install/turtlebot3_msgs/lib/libturtlebot3_msgs__rosidl_typesupport_introspection_c.so
[8.980s] -- Up-to-date: /home/ros25/ROS/ROS_25/colcon_ws/install/turtlebot3_msgs/lib/libturtlebot3_msgs__rosidl_typesupport_c.so
[8.981s] -- Up-to-date: /home/ros25/ROS/ROS_25/colcon_ws/install/turtlebot3_msgs/include/turtlebot3_msgs/turtlebot3_msgs
[8.981s] -- Up-to-date: /home/ros25/ROS/ROS_25/colcon_ws/install/turtlebot3_msgs/include/turtlebot3_msgs/turtlebot3_msgs/action
[8.982s] -- Up-to-date: /home/ros25/ROS/ROS_25/colcon_ws/install/turtlebot3_msgs/include/turtlebot3_msgs/turtlebot3_msgs/action/detail
[8.982s] -- Up-to-date: /home/ros25/ROS/ROS_25/colcon_ws/install/turtlebot3_msgs/include/turtlebot3_msgs/turtlebot3_msgs/action/detail/patrol__rosidl_typesupport_introspection_cpp.hpp
[8.982s] -- Up-to-date: /home/ros25/ROS/ROS_25/colcon_ws/install/turtlebot3_msgs/include/turtlebot3_msgs/turtlebot3_msgs/action/detail/patrol__type_support.cpp
[8.982s] -- Up-to-date: /home/ros25/ROS/ROS_25/colcon_ws/install/turtlebot3_msgs/include/turtlebot3_msgs/turtlebot3_msgs/msg
[8.984s] -- Up-to-date: /home/ros25/ROS/ROS_25/colcon_ws/install/turtlebot3_msgs/include/turtlebot3_msgs/turtlebot3_msgs/msg/detail
[8.985s] -- Up-to-date: /home/ros25/ROS/ROS_25/colcon_ws/install/turtlebot3_msgs/include/turtlebot3_msgs/turtlebot3_msgs/msg/detail/version_info__type_support.cpp
[8.985s] -- Up-to-date: /home/ros25/ROS/ROS_25/colcon_ws/install/turtlebot3_msgs/include/turtlebot3_msgs/turtlebot3_msgs/msg/detail/sound__type_support.cpp
[8.985s] -- Up-to-date: /home/ros25/ROS/ROS_25/colcon_ws/install/turtlebot3_msgs/include/turtlebot3_msgs/turtlebot3_msgs/msg/detail/sensor_state__type_support.cpp
[8.985s] -- Up-to-date: /home/ros25/ROS/ROS_25/colcon_ws/install/turtlebot3_msgs/include/turtlebot3_msgs/turtlebot3_msgs/msg/detail/version_info__rosidl_typesupport_introspection_cpp.hpp
[8.986s] -- Up-to-date: /home/ros25/ROS/ROS_25/colcon_ws/install/turtlebot3_msgs/include/turtlebot3_msgs/turtlebot3_msgs/msg/detail/sound__rosidl_typesupport_introspection_cpp.hpp
[8.986s] -- Up-to-date: /home/ros25/ROS/ROS_25/colcon_ws/install/turtlebot3_msgs/include/turtlebot3_msgs/turtlebot3_msgs/msg/detail/sensor_state__rosidl_typesupport_introspection_cpp.hpp
[8.986s] -- Up-to-date: /home/ros25/ROS/ROS_25/colcon_ws/install/turtlebot3_msgs/include/turtlebot3_msgs/turtlebot3_msgs/srv
[8.986s] -- Up-to-date: /home/ros25/ROS/ROS_25/colcon_ws/install/turtlebot3_msgs/include/turtlebot3_msgs/turtlebot3_msgs/srv/detail
[8.988s] -- Up-to-date: /home/ros25/ROS/ROS_25/colcon_ws/install/turtlebot3_msgs/include/turtlebot3_msgs/turtlebot3_msgs/srv/detail/goal__type_support.cpp
[8.988s] -- Up-to-date: /home/ros25/ROS/ROS_25/colcon_ws/install/turtlebot3_msgs/include/turtlebot3_msgs/turtlebot3_msgs/srv/detail/sound__type_support.cpp
[8.988s] -- Up-to-date: /home/ros25/ROS/ROS_25/colcon_ws/install/turtlebot3_msgs/include/turtlebot3_msgs/turtlebot3_msgs/srv/detail/dqn__rosidl_typesupport_introspection_cpp.hpp
[8.989s] -- Up-to-date: /home/ros25/ROS/ROS_25/colcon_ws/install/turtlebot3_msgs/include/turtlebot3_msgs/turtlebot3_msgs/srv/detail/sound__rosidl_typesupport_introspection_cpp.hpp
[8.989s] -- Up-to-date: /home/ros25/ROS/ROS_25/colcon_ws/install/turtlebot3_msgs/include/turtlebot3_msgs/turtlebot3_msgs/srv/detail/dqn__type_support.cpp
[8.989s] -- Up-to-date: /home/ros25/ROS/ROS_25/colcon_ws/install/turtlebot3_msgs/include/turtlebot3_msgs/turtlebot3_msgs/srv/detail/goal__rosidl_typesupport_introspection_cpp.hpp
[8.991s] -- Up-to-date: /home/ros25/ROS/ROS_25/colcon_ws/install/turtlebot3_msgs/lib/libturtlebot3_msgs__rosidl_typesupport_introspection_cpp.so
[8.991s] -- Up-to-date: /home/ros25/ROS/ROS_25/colcon_ws/install/turtlebot3_msgs/lib/libturtlebot3_msgs__rosidl_typesupport_cpp.so
[8.991s] -- Up-to-date: /home/ros25/ROS/ROS_25/colcon_ws/install/turtlebot3_msgs/share/turtlebot3_msgs/environment/pythonpath.sh
[8.991s] -- Up-to-date: /home/ros25/ROS/ROS_25/colcon_ws/install/turtlebot3_msgs/share/turtlebot3_msgs/environment/pythonpath.dsv
[8.992s] -- Up-to-date: /home/ros25/ROS/ROS_25/colcon_ws/install/turtlebot3_msgs/local/lib/python3.10/dist-packages/turtlebot3_msgs-2.4.0-py3.10.egg-info
[8.992s] -- Installing: /home/ros25/ROS/ROS_25/colcon_ws/install/turtlebot3_msgs/local/lib/python3.10/dist-packages/turtlebot3_msgs-2.4.0-py3.10.egg-info/top_level.txt
[8.994s] -- Installing: /home/ros25/ROS/ROS_25/colcon_ws/install/turtlebot3_msgs/local/lib/python3.10/dist-packages/turtlebot3_msgs-2.4.0-py3.10.egg-info/dependency_links.txt
[8.994s] -- Installing: /home/ros25/ROS/ROS_25/colcon_ws/install/turtlebot3_msgs/local/lib/python3.10/dist-packages/turtlebot3_msgs-2.4.0-py3.10.egg-info/PKG-INFO
[8.994s] -- Installing: /home/ros25/ROS/ROS_25/colcon_ws/install/turtlebot3_msgs/local/lib/python3.10/dist-packages/turtlebot3_msgs-2.4.0-py3.10.egg-info/SOURCES.txt
[8.995s] -- Up-to-date: /home/ros25/ROS/ROS_25/colcon_ws/install/turtlebot3_msgs/local/lib/python3.10/dist-packages/turtlebot3_msgs
[8.995s] -- Up-to-date: /home/ros25/ROS/ROS_25/colcon_ws/install/turtlebot3_msgs/local/lib/python3.10/dist-packages/turtlebot3_msgs/turtlebot3_msgs_s__rosidl_typesupport_fastrtps_c.cpython-310-x86_64-linux-gnu.so
[8.995s] -- Up-to-date: /home/ros25/ROS/ROS_25/colcon_ws/install/turtlebot3_msgs/local/lib/python3.10/dist-packages/turtlebot3_msgs/libturtlebot3_msgs__rosidl_generator_py.so
[8.995s] -- Up-to-date: /home/ros25/ROS/ROS_25/colcon_ws/install/turtlebot3_msgs/local/lib/python3.10/dist-packages/turtlebot3_msgs/_turtlebot3_msgs_s.ep.rosidl_typesupport_c.c
[8.997s] -- Up-to-date: /home/ros25/ROS/ROS_25/colcon_ws/install/turtlebot3_msgs/local/lib/python3.10/dist-packages/turtlebot3_msgs/action
[8.997s] -- Up-to-date: /home/ros25/ROS/ROS_25/colcon_ws/install/turtlebot3_msgs/local/lib/python3.10/dist-packages/turtlebot3_msgs/action/_patrol.py
[8.997s] -- Up-to-date: /home/ros25/ROS/ROS_25/colcon_ws/install/turtlebot3_msgs/local/lib/python3.10/dist-packages/turtlebot3_msgs/action/_patrol_s.c
[8.998s] -- Up-to-date: /home/ros25/ROS/ROS_25/colcon_ws/install/turtlebot3_msgs/local/lib/python3.10/dist-packages/turtlebot3_msgs/action/__init__.py
[8.998s] -- Up-to-date: /home/ros25/ROS/ROS_25/colcon_ws/install/turtlebot3_msgs/local/lib/python3.10/dist-packages/turtlebot3_msgs/_turtlebot3_msgs_s.ep.rosidl_typesupport_fastrtps_c.c
[8.998s] -- Up-to-date: /home/ros25/ROS/ROS_25/colcon_ws/install/turtlebot3_msgs/local/lib/python3.10/dist-packages/turtlebot3_msgs/msg
[8.998s] -- Up-to-date: /home/ros25/ROS/ROS_25/colcon_ws/install/turtlebot3_msgs/local/lib/python3.10/dist-packages/turtlebot3_msgs/msg/_sound_s.c
[9.000s] -- Up-to-date: /home/ros25/ROS/ROS_25/colcon_ws/install/turtlebot3_msgs/local/lib/python3.10/dist-packages/turtlebot3_msgs/msg/_sensor_state.py
[9.000s] -- Up-to-date: /home/ros25/ROS/ROS_25/colcon_ws/install/turtlebot3_msgs/local/lib/python3.10/dist-packages/turtlebot3_msgs/msg/_sensor_state_s.c
[9.000s] -- Up-to-date: /home/ros25/ROS/ROS_25/colcon_ws/install/turtlebot3_msgs/local/lib/python3.10/dist-packages/turtlebot3_msgs/msg/_version_info.py
[9.000s] -- Up-to-date: /home/ros25/ROS/ROS_25/colcon_ws/install/turtlebot3_msgs/local/lib/python3.10/dist-packages/turtlebot3_msgs/msg/_sound.py
[9.000s] -- Up-to-date: /home/ros25/ROS/ROS_25/colcon_ws/install/turtlebot3_msgs/local/lib/python3.10/dist-packages/turtlebot3_msgs/msg/_version_info_s.c
[9.001s] -- Up-to-date: /home/ros25/ROS/ROS_25/colcon_ws/install/turtlebot3_msgs/local/lib/python3.10/dist-packages/turtlebot3_msgs/msg/__init__.py
[9.001s] -- Up-to-date: /home/ros25/ROS/ROS_25/colcon_ws/install/turtlebot3_msgs/local/lib/python3.10/dist-packages/turtlebot3_msgs/__init__.py
[9.001s] -- Up-to-date: /home/ros25/ROS/ROS_25/colcon_ws/install/turtlebot3_msgs/local/lib/python3.10/dist-packages/turtlebot3_msgs/turtlebot3_msgs_s__rosidl_typesupport_c.cpython-310-x86_64-linux-gnu.so
[9.001s] -- Up-to-date: /home/ros25/ROS/ROS_25/colcon_ws/install/turtlebot3_msgs/local/lib/python3.10/dist-packages/turtlebot3_msgs/srv
[9.002s] -- Up-to-date: /home/ros25/ROS/ROS_25/colcon_ws/install/turtlebot3_msgs/local/lib/python3.10/dist-packages/turtlebot3_msgs/srv/_sound_s.c
[9.002s] -- Up-to-date: /home/ros25/ROS/ROS_25/colcon_ws/install/turtlebot3_msgs/local/lib/python3.10/dist-packages/turtlebot3_msgs/srv/_dqn_s.c
[9.003s] -- Up-to-date: /home/ros25/ROS/ROS_25/colcon_ws/install/turtlebot3_msgs/local/lib/python3.10/dist-packages/turtlebot3_msgs/srv/_sound.py
[9.003s] -- Up-to-date: /home/ros25/ROS/ROS_25/colcon_ws/install/turtlebot3_msgs/local/lib/python3.10/dist-packages/turtlebot3_msgs/srv/_goal_s.c
[9.003s] -- Up-to-date: /home/ros25/ROS/ROS_25/colcon_ws/install/turtlebot3_msgs/local/lib/python3.10/dist-packages/turtlebot3_msgs/srv/__init__.py
[9.006s] -- Up-to-date: /home/ros25/ROS/ROS_25/colcon_ws/install/turtlebot3_msgs/local/lib/python3.10/dist-packages/turtlebot3_msgs/srv/_goal.py
[9.006s] -- Up-to-date: /home/ros25/ROS/ROS_25/colcon_ws/install/turtlebot3_msgs/local/lib/python3.10/dist-packages/turtlebot3_msgs/srv/_dqn.py
[9.007s] -- Up-to-date: /home/ros25/ROS/ROS_25/colcon_ws/install/turtlebot3_msgs/local/lib/python3.10/dist-packages/turtlebot3_msgs/turtlebot3_msgs_s__rosidl_typesupport_introspection_c.cpython-310-x86_64-linux-gnu.so
[9.007s] -- Up-to-date: /home/ros25/ROS/ROS_25/colcon_ws/install/turtlebot3_msgs/local/lib/python3.10/dist-packages/turtlebot3_msgs/_turtlebot3_msgs_s.ep.rosidl_typesupport_introspection_c.c
[9.369s] Listing '/home/ros25/ROS/ROS_25/colcon_ws/install/turtlebot3_msgs/local/lib/python3.10/dist-packages/turtlebot3_msgs'...
[9.369s] Listing '/home/ros25/ROS/ROS_25/colcon_ws/install/turtlebot3_msgs/local/lib/python3.10/dist-packages/turtlebot3_msgs/action'...
[9.369s] Listing '/home/ros25/ROS/ROS_25/colcon_ws/install/turtlebot3_msgs/local/lib/python3.10/dist-packages/turtlebot3_msgs/msg'...
[9.369s] Listing '/home/ros25/ROS/ROS_25/colcon_ws/install/turtlebot3_msgs/local/lib/python3.10/dist-packages/turtlebot3_msgs/srv'...
[9.424s] -- Up-to-date: /home/ros25/ROS/ROS_25/colcon_ws/install/turtlebot3_msgs/local/lib/python3.10/dist-packages/turtlebot3_msgs/turtlebot3_msgs_s__rosidl_typesupport_fastrtps_c.cpython-310-x86_64-linux-gnu.so
[9.430s] -- Up-to-date: /home/ros25/ROS/ROS_25/colcon_ws/install/turtlebot3_msgs/local/lib/python3.10/dist-packages/turtlebot3_msgs/turtlebot3_msgs_s__rosidl_typesupport_introspection_c.cpython-310-x86_64-linux-gnu.so
[9.446s] -- Up-to-date: /home/ros25/ROS/ROS_25/colcon_ws/install/turtlebot3_msgs/local/lib/python3.10/dist-packages/turtlebot3_msgs/turtlebot3_msgs_s__rosidl_typesupport_c.cpython-310-x86_64-linux-gnu.so
[9.446s] -- Up-to-date: /home/ros25/ROS/ROS_25/colcon_ws/install/turtlebot3_msgs/lib/libturtlebot3_msgs__rosidl_generator_py.so
[9.449s] -- Up-to-date: /home/ros25/ROS/ROS_25/colcon_ws/install/turtlebot3_msgs/share/turtlebot3_msgs/msg/SensorState.idl
[9.451s] -- Up-to-date: /home/ros25/ROS/ROS_25/colcon_ws/install/turtlebot3_msgs/share/turtlebot3_msgs/msg/Sound.idl
[9.455s] -- Up-to-date: /home/ros25/ROS/ROS_25/colcon_ws/install/turtlebot3_msgs/share/turtlebot3_msgs/msg/VersionInfo.idl
[9.457s] -- Up-to-date: /home/ros25/ROS/ROS_25/colcon_ws/install/turtlebot3_msgs/share/turtlebot3_msgs/srv/Sound.idl
[9.460s] -- Up-to-date: /home/ros25/ROS/ROS_25/colcon_ws/install/turtlebot3_msgs/share/turtlebot3_msgs/srv/Dqn.idl
[9.460s] -- Up-to-date: /home/ros25/ROS/ROS_25/colcon_ws/install/turtlebot3_msgs/share/turtlebot3_msgs/srv/Goal.idl
[9.461s] -- Up-to-date: /home/ros25/ROS/ROS_25/colcon_ws/install/turtlebot3_msgs/share/turtlebot3_msgs/action/Patrol.idl
[9.461s] -- Up-to-date: /home/ros25/ROS/ROS_25/colcon_ws/install/turtlebot3_msgs/share/turtlebot3_msgs/msg/SensorState.msg
[9.463s] -- Up-to-date: /home/ros25/ROS/ROS_25/colcon_ws/install/turtlebot3_msgs/share/turtlebot3_msgs/msg/Sound.msg
[9.466s] -- Up-to-date: /home/ros25/ROS/ROS_25/colcon_ws/install/turtlebot3_msgs/share/turtlebot3_msgs/msg/VersionInfo.msg
[9.467s] -- Up-to-date: /home/ros25/ROS/ROS_25/colcon_ws/install/turtlebot3_msgs/share/turtlebot3_msgs/srv/Sound.srv
[9.470s] -- Up-to-date: /home/ros25/ROS/ROS_25/colcon_ws/install/turtlebot3_msgs/share/turtlebot3_msgs/srv/Sound_Request.msg
[9.471s] -- Up-to-date: /home/ros25/ROS/ROS_25/colcon_ws/install/turtlebot3_msgs/share/turtlebot3_msgs/srv/Sound_Response.msg
[9.472s] -- Up-to-date: /home/ros25/ROS/ROS_25/colcon_ws/install/turtlebot3_msgs/share/turtlebot3_msgs/srv/Dqn.srv
[9.472s] -- Up-to-date: /home/ros25/ROS/ROS_25/colcon_ws/install/turtlebot3_msgs/share/turtlebot3_msgs/srv/Dqn_Request.msg
[9.478s] -- Up-to-date: /home/ros25/ROS/ROS_25/colcon_ws/install/turtlebot3_msgs/share/turtlebot3_msgs/srv/Dqn_Response.msg
[9.478s] -- Up-to-date: /home/ros25/ROS/ROS_25/colcon_ws/install/turtlebot3_msgs/share/turtlebot3_msgs/srv/Goal.srv
[9.478s] -- Up-to-date: /home/ros25/ROS/ROS_25/colcon_ws/install/turtlebot3_msgs/share/turtlebot3_msgs/srv/Goal_Request.msg
[9.478s] -- Up-to-date: /home/ros25/ROS/ROS_25/colcon_ws/install/turtlebot3_msgs/share/turtlebot3_msgs/srv/Goal_Response.msg
[9.478s] -- Up-to-date: /home/ros25/ROS/ROS_25/colcon_ws/install/turtlebot3_msgs/share/turtlebot3_msgs/action/Patrol.action
[9.478s] -- Up-to-date: /home/ros25/ROS/ROS_25/colcon_ws/install/turtlebot3_msgs/share/ament_index/resource_index/package_run_dependencies/turtlebot3_msgs
[9.478s] -- Up-to-date: /home/ros25/ROS/ROS_25/colcon_ws/install/turtlebot3_msgs/share/ament_index/resource_index/parent_prefix_path/turtlebot3_msgs
[9.478s] -- Up-to-date: /home/ros25/ROS/ROS_25/colcon_ws/install/turtlebot3_msgs/share/turtlebot3_msgs/environment/ament_prefix_path.sh
[9.484s] -- Up-to-date: /home/ros25/ROS/ROS_25/colcon_ws/install/turtlebot3_msgs/share/turtlebot3_msgs/environment/ament_prefix_path.dsv
[9.488s] -- Up-to-date: /home/ros25/ROS/ROS_25/colcon_ws/install/turtlebot3_msgs/share/turtlebot3_msgs/environment/path.sh
[9.488s] -- Up-to-date: /home/ros25/ROS/ROS_25/colcon_ws/install/turtlebot3_msgs/share/turtlebot3_msgs/environment/path.dsv
[9.488s] -- Up-to-date: /home/ros25/ROS/ROS_25/colcon_ws/install/turtlebot3_msgs/share/turtlebot3_msgs/local_setup.bash
[9.489s] -- Up-to-date: /home/ros25/ROS/ROS_25/colcon_ws/install/turtlebot3_msgs/share/turtlebot3_msgs/local_setup.sh
[9.489s] -- Up-to-date: /home/ros25/ROS/ROS_25/colcon_ws/install/turtlebot3_msgs/share/turtlebot3_msgs/local_setup.zsh
[9.494s] -- Up-to-date: /home/ros25/ROS/ROS_25/colcon_ws/install/turtlebot3_msgs/share/turtlebot3_msgs/local_setup.dsv
[9.494s] -- Installing: /home/ros25/ROS/ROS_25/colcon_ws/install/turtlebot3_msgs/share/turtlebot3_msgs/package.dsv
[9.494s] -- Up-to-date: /home/ros25/ROS/ROS_25/colcon_ws/install/turtlebot3_msgs/share/ament_index/resource_index/packages/turtlebot3_msgs
[9.494s] -- Up-to-date: /home/ros25/ROS/ROS_25/colcon_ws/install/turtlebot3_msgs/share/turtlebot3_msgs/cmake/export_turtlebot3_msgs__rosidl_generator_cExport.cmake
[9.496s] -- Up-to-date: /home/ros25/ROS/ROS_25/colcon_ws/install/turtlebot3_msgs/share/turtlebot3_msgs/cmake/export_turtlebot3_msgs__rosidl_generator_cExport-noconfig.cmake
[9.497s] -- Up-to-date: /home/ros25/ROS/ROS_25/colcon_ws/install/turtlebot3_msgs/share/turtlebot3_msgs/cmake/export_turtlebot3_msgs__rosidl_typesupport_fastrtps_cExport.cmake
[9.497s] -- Up-to-date: /home/ros25/ROS/ROS_25/colcon_ws/install/turtlebot3_msgs/share/turtlebot3_msgs/cmake/export_turtlebot3_msgs__rosidl_typesupport_fastrtps_cExport-noconfig.cmake
[9.499s] -- Up-to-date: /home/ros25/ROS/ROS_25/colcon_ws/install/turtlebot3_msgs/share/turtlebot3_msgs/cmake/export_turtlebot3_msgs__rosidl_generator_cppExport.cmake
[9.500s] -- Up-to-date: /home/ros25/ROS/ROS_25/colcon_ws/install/turtlebot3_msgs/share/turtlebot3_msgs/cmake/export_turtlebot3_msgs__rosidl_typesupport_fastrtps_cppExport.cmake
[9.500s] -- Up-to-date: /home/ros25/ROS/ROS_25/colcon_ws/install/turtlebot3_msgs/share/turtlebot3_msgs/cmake/export_turtlebot3_msgs__rosidl_typesupport_fastrtps_cppExport-noconfig.cmake
[9.505s] -- Up-to-date: /home/ros25/ROS/ROS_25/colcon_ws/install/turtlebot3_msgs/share/turtlebot3_msgs/cmake/turtlebot3_msgs__rosidl_typesupport_introspection_cExport.cmake
[9.509s] -- Up-to-date: /home/ros25/ROS/ROS_25/colcon_ws/install/turtlebot3_msgs/share/turtlebot3_msgs/cmake/turtlebot3_msgs__rosidl_typesupport_introspection_cExport-noconfig.cmake
[9.509s] -- Up-to-date: /home/ros25/ROS/ROS_25/colcon_ws/install/turtlebot3_msgs/share/turtlebot3_msgs/cmake/turtlebot3_msgs__rosidl_typesupport_cExport.cmake
[9.510s] -- Up-to-date: /home/ros25/ROS/ROS_25/colcon_ws/install/turtlebot3_msgs/share/turtlebot3_msgs/cmake/turtlebot3_msgs__rosidl_typesupport_cExport-noconfig.cmake
[9.510s] -- Up-to-date: /home/ros25/ROS/ROS_25/colcon_ws/install/turtlebot3_msgs/share/turtlebot3_msgs/cmake/turtlebot3_msgs__rosidl_typesupport_introspection_cppExport.cmake
[9.512s] -- Up-to-date: /home/ros25/ROS/ROS_25/colcon_ws/install/turtlebot3_msgs/share/turtlebot3_msgs/cmake/turtlebot3_msgs__rosidl_typesupport_introspection_cppExport-noconfig.cmake
[9.513s] -- Up-to-date: /home/ros25/ROS/ROS_25/colcon_ws/install/turtlebot3_msgs/share/turtlebot3_msgs/cmake/turtlebot3_msgs__rosidl_typesupport_cppExport.cmake
[9.513s] -- Up-to-date: /home/ros25/ROS/ROS_25/colcon_ws/install/turtlebot3_msgs/share/turtlebot3_msgs/cmake/turtlebot3_msgs__rosidl_typesupport_cppExport-noconfig.cmake
[9.514s] -- Up-to-date: /home/ros25/ROS/ROS_25/colcon_ws/install/turtlebot3_msgs/share/turtlebot3_msgs/cmake/export_turtlebot3_msgs__rosidl_generator_pyExport.cmake
[9.516s] -- Up-to-date: /home/ros25/ROS/ROS_25/colcon_ws/install/turtlebot3_msgs/share/turtlebot3_msgs/cmake/export_turtlebot3_msgs__rosidl_generator_pyExport-noconfig.cmake
[9.518s] -- Up-to-date: /home/ros25/ROS/ROS_25/colcon_ws/install/turtlebot3_msgs/share/turtlebot3_msgs/cmake/rosidl_cmake-extras.cmake
[9.520s] -- Up-to-date: /home/ros25/ROS/ROS_25/colcon_ws/install/turtlebot3_msgs/share/turtlebot3_msgs/cmake/ament_cmake_export_dependencies-extras.cmake
[9.524s] -- Up-to-date: /home/ros25/ROS/ROS_25/colcon_ws/install/turtlebot3_msgs/share/turtlebot3_msgs/cmake/ament_cmake_export_include_directories-extras.cmake
[9.524s] -- Up-to-date: /home/ros25/ROS/ROS_25/colcon_ws/install/turtlebot3_msgs/share/turtlebot3_msgs/cmake/ament_cmake_export_libraries-extras.cmake
[9.524s] -- Up-to-date: /home/ros25/ROS/ROS_25/colcon_ws/install/turtlebot3_msgs/share/turtlebot3_msgs/cmake/ament_cmake_export_targets-extras.cmake
[9.526s] -- Up-to-date: /home/ros25/ROS/ROS_25/colcon_ws/install/turtlebot3_msgs/share/turtlebot3_msgs/cmake/rosidl_cmake_export_typesupport_targets-extras.cmake
[9.530s] -- Up-to-date: /home/ros25/ROS/ROS_25/colcon_ws/install/turtlebot3_msgs/share/turtlebot3_msgs/cmake/rosidl_cmake_export_typesupport_libraries-extras.cmake
[9.531s] -- Up-to-date: /home/ros25/ROS/ROS_25/colcon_ws/install/turtlebot3_msgs/share/turtlebot3_msgs/cmake/turtlebot3_msgsConfig.cmake
[9.531s] -- Up-to-date: /home/ros25/ROS/ROS_25/colcon_ws/install/turtlebot3_msgs/share/turtlebot3_msgs/cmake/turtlebot3_msgsConfig-version.cmake
[9.535s] -- Up-to-date: /home/ros25/ROS/ROS_25/colcon_ws/install/turtlebot3_msgs/share/turtlebot3_msgs/package.xml
[9.559s] Invoked command in '/home/ros25/ROS/ROS_25/colcon_ws/build/turtlebot3_msgs' returned '0': CMAKE_PREFIX_PATH=${CMAKE_PREFIX_PATH}:/home/ros25/ROS/ROS_25/colcon_ws/install/turtlebot3_teleop:/home/ros25/ROS/ROS_25/colcon_ws/install/turtlebot3_example:/home/ros25/ROS/ROS_25/colcon_ws/install/turtlebot3_controller:/home/ros25/ROS/ROS_25/colcon_ws/install/test_node:/opt/ros/humble /usr/bin/cmake --install /home/ros25/ROS/ROS_25/colcon_ws/build/turtlebot3_msgs
