[3.294s] Invoking command in '/home/ros25/ROS/ROS_25/colcon_ws/src/turtlebot3/turtlebot3_teleop': PYTHONPATH=/home/ros25/ROS/ROS_25/colcon_ws/build/turtlebot3_teleop/prefix_override:/usr/lib/python3/dist-packages/colcon_core/task/python/colcon_distutils_commands:/home/ros25/ROS/ROS_25/colcon_ws/install/turtlebot3_teleop/lib/python3.10/site-packages:${PYTHONPATH} /usr/bin/python3 -W ignore:setup.py install is deprecated -W ignore:easy_install command is deprecated setup.py egg_info --egg-base ../../../build/turtlebot3_teleop build --build-base /home/ros25/ROS/ROS_25/colcon_ws/build/turtlebot3_teleop/build install --record /home/ros25/ROS/ROS_25/colcon_ws/build/turtlebot3_teleop/install.log --single-version-externally-managed install_data
[4.726s] running egg_info
[4.727s] writing ../../../build/turtlebot3_teleop/turtlebot3_teleop.egg-info/PKG-INFO
[4.729s] writing dependency_links to ../../../build/turtlebot3_teleop/turtlebot3_teleop.egg-info/dependency_links.txt
[4.736s] writing entry points to ../../../build/turtlebot3_teleop/turtlebot3_teleop.egg-info/entry_points.txt
[4.736s] writing requirements to ../../../build/turtlebot3_teleop/turtlebot3_teleop.egg-info/requires.txt
[4.736s] writing top-level names to ../../../build/turtlebot3_teleop/turtlebot3_teleop.egg-info/top_level.txt
[4.744s] reading manifest file '../../../build/turtlebot3_teleop/turtlebot3_teleop.egg-info/SOURCES.txt'
[4.753s] writing manifest file '../../../build/turtlebot3_teleop/turtlebot3_teleop.egg-info/SOURCES.txt'
[4.753s] running build
[4.757s] running build_py
[4.758s] running install
[4.759s] running install_lib
[4.768s] running install_data
[4.768s] running install_egg_info
[4.778s] removing '/home/ros25/ROS/ROS_25/colcon_ws/install/turtlebot3_teleop/lib/python3.10/site-packages/turtlebot3_teleop-2.3.1-py3.10.egg-info' (and everything under it)
[4.779s] Copying ../../../build/turtlebot3_teleop/turtlebot3_teleop.egg-info to /home/ros25/ROS/ROS_25/colcon_ws/install/turtlebot3_teleop/lib/python3.10/site-packages/turtlebot3_teleop-2.3.1-py3.10.egg-info
[4.779s] running install_scripts
[4.886s] Installing teleop_keyboard script to /home/ros25/ROS/ROS_25/colcon_ws/install/turtlebot3_teleop/lib/turtlebot3_teleop
[4.916s] writing list of installed files to '/home/ros25/ROS/ROS_25/colcon_ws/build/turtlebot3_teleop/install.log'
[5.070s] Invoked command in '/home/ros25/ROS/ROS_25/colcon_ws/src/turtlebot3/turtlebot3_teleop' returned '0': PYTHONPATH=/home/ros25/ROS/ROS_25/colcon_ws/build/turtlebot3_teleop/prefix_override:/usr/lib/python3/dist-packages/colcon_core/task/python/colcon_distutils_commands:/home/ros25/ROS/ROS_25/colcon_ws/install/turtlebot3_teleop/lib/python3.10/site-packages:${PYTHONPATH} /usr/bin/python3 -W ignore:setup.py install is deprecated -W ignore:easy_install command is deprecated setup.py egg_info --egg-base ../../../build/turtlebot3_teleop build --build-base /home/ros25/ROS/ROS_25/colcon_ws/build/turtlebot3_teleop/build install --record /home/ros25/ROS/ROS_25/colcon_ws/build/turtlebot3_teleop/install.log --single-version-externally-managed install_data
