[0.103s] Invoking command in '/home/ros25/ROS/ROS_25/colcon_ws/build/turtlebot3_msgs': CMAKE_PREFIX_PATH=${CMAKE_PREFIX_PATH}:/home/ros25/ROS/ROS_25/colcon_ws/install/turtlebot3_teleop:/home/ros25/ROS/ROS_25/colcon_ws/install/turtlebot3_example:/home/ros25/ROS/ROS_25/colcon_ws/install/turtlebot3_controller:/home/ros25/ROS/ROS_25/colcon_ws/install/test_node:/opt/ros/humble /usr/bin/cmake --build /home/ros25/ROS/ROS_25/colcon_ws/build/turtlebot3_msgs -- -j2 -l2
[1.011s] [  1%] Built target turtlebot3_msgs__cpp
[1.323s] [ 12%] Built target turtlebot3_msgs__rosidl_generator_c
[1.719s] [ 12%] Built target ament_cmake_python_copy_turtlebot3_msgs
[2.021s] [ 24%] Built target turtlebot3_msgs__rosidl_typesupport_cpp
[2.262s] [ 35%] Built target turtlebot3_msgs__rosidl_typesupport_fastrtps_c
[2.552s] [ 46%] Built target turtlebot3_msgs__rosidl_typesupport_fastrtps_cpp
[2.805s] [ 58%] Built target turtlebot3_msgs__rosidl_typesupport_introspection_c
[3.073s] [ 69%] Built target turtlebot3_msgs__rosidl_typesupport_c
[3.452s] [ 81%] Built target turtlebot3_msgs__rosidl_typesupport_introspection_cpp
[7.095s] running egg_info
[7.105s] writing turtlebot3_msgs.egg-info/PKG-INFO
[7.106s] writing dependency_links to turtlebot3_msgs.egg-info/dependency_links.txt
[7.113s] writing top-level names to turtlebot3_msgs.egg-info/top_level.txt
[7.148s] reading manifest file 'turtlebot3_msgs.egg-info/SOURCES.txt'
[7.152s] writing manifest file 'turtlebot3_msgs.egg-info/SOURCES.txt'
[7.799s] [ 81%] Built target ament_cmake_python_build_turtlebot3_msgs_egg
[8.439s] [ 81%] Built target turtlebot3_msgs
[9.046s] [ 82%] Built target turtlebot3_msgs__py
[9.590s] [ 92%] Built target turtlebot3_msgs__rosidl_generator_py
[10.021s] [ 94%] Built target turtlebot3_msgs__rosidl_typesupport_fastrtps_c__pyext
[10.468s] [ 97%] Built target turtlebot3_msgs__rosidl_typesupport_introspection_c__pyext
[10.916s] [100%] Built target turtlebot3_msgs__rosidl_typesupport_c__pyext
[11.088s] Invoked command in '/home/ros25/ROS/ROS_25/colcon_ws/build/turtlebot3_msgs' returned '0': CMAKE_PREFIX_PATH=${CMAKE_PREFIX_PATH}:/home/ros25/ROS/ROS_25/colcon_ws/install/turtlebot3_teleop:/home/ros25/ROS/ROS_25/colcon_ws/install/turtlebot3_example:/home/ros25/ROS/ROS_25/colcon_ws/install/turtlebot3_controller:/home/ros25/ROS/ROS_25/colcon_ws/install/test_node:/opt/ros/humble /usr/bin/cmake --build /home/ros25/ROS/ROS_25/colcon_ws/build/turtlebot3_msgs -- -j2 -l2
[11.112s] Invoking command in '/home/ros25/ROS/ROS_25/colcon_ws/build/turtlebot3_msgs': CMAKE_PREFIX_PATH=${CMAKE_PREFIX_PATH}:/home/ros25/ROS/ROS_25/colcon_ws/install/turtlebot3_teleop:/home/ros25/ROS/ROS_25/colcon_ws/install/turtlebot3_example:/home/ros25/ROS/ROS_25/colcon_ws/install/turtlebot3_controller:/home/ros25/ROS/ROS_25/colcon_ws/install/test_node:/opt/ros/humble /usr/bin/cmake --install /home/ros25/ROS/ROS_25/colcon_ws/build/turtlebot3_msgs
[11.326s] -- Install configuration: ""
[11.328s] -- Up-to-date: /home/ros25/ROS/ROS_25/colcon_ws/install/turtlebot3_msgs/share/ament_index/resource_index/rosidl_interfaces/turtlebot3_msgs
[11.337s] -- Up-to-date: /home/ros25/ROS/ROS_25/colcon_ws/install/turtlebot3_msgs/include/turtlebot3_msgs/turtlebot3_msgs
[11.338s] -- Up-to-date: /home/ros25/ROS/ROS_25/colcon_ws/install/turtlebot3_msgs/include/turtlebot3_msgs/turtlebot3_msgs/action
[11.338s] -- Up-to-date: /home/ros25/ROS/ROS_25/colcon_ws/install/turtlebot3_msgs/include/turtlebot3_msgs/turtlebot3_msgs/action/detail
[11.338s] -- Up-to-date: /home/ros25/ROS/ROS_25/colcon_ws/install/turtlebot3_msgs/include/turtlebot3_msgs/turtlebot3_msgs/action/detail/patrol__type_support.h
[11.338s] -- Up-to-date: /home/ros25/ROS/ROS_25/colcon_ws/install/turtlebot3_msgs/include/turtlebot3_msgs/turtlebot3_msgs/action/detail/patrol__struct.h
[11.338s] -- Up-to-date: /home/ros25/ROS/ROS_25/colcon_ws/install/turtlebot3_msgs/include/turtlebot3_msgs/turtlebot3_msgs/action/detail/patrol__functions.c
[11.338s] -- Up-to-date: /home/ros25/ROS/ROS_25/colcon_ws/install/turtlebot3_msgs/include/turtlebot3_msgs/turtlebot3_msgs/action/detail/patrol__functions.h
[11.338s] -- Up-to-date: /home/ros25/ROS/ROS_25/colcon_ws/install/turtlebot3_msgs/include/turtlebot3_msgs/turtlebot3_msgs/action/patrol.h
[11.339s] -- Up-to-date: /home/ros25/ROS/ROS_25/colcon_ws/install/turtlebot3_msgs/include/turtlebot3_msgs/turtlebot3_msgs/msg
[11.352s] -- Up-to-date: /home/ros25/ROS/ROS_25/colcon_ws/install/turtlebot3_msgs/include/turtlebot3_msgs/turtlebot3_msgs/msg/sound.h
[11.352s] -- Up-to-date: /home/ros25/ROS/ROS_25/colcon_ws/install/turtlebot3_msgs/include/turtlebot3_msgs/turtlebot3_msgs/msg/detail
[11.353s] -- Up-to-date: /home/ros25/ROS/ROS_25/colcon_ws/install/turtlebot3_msgs/include/turtlebot3_msgs/turtlebot3_msgs/msg/detail/version_info__type_support.h
[11.353s] -- Up-to-date: /home/ros25/ROS/ROS_25/colcon_ws/install/turtlebot3_msgs/include/turtlebot3_msgs/turtlebot3_msgs/msg/detail/sound__functions.c
[11.353s] -- Up-to-date: /home/ros25/ROS/ROS_25/colcon_ws/install/turtlebot3_msgs/include/turtlebot3_msgs/turtlebot3_msgs/msg/detail/sensor_state__struct.h
[11.353s] -- Up-to-date: /home/ros25/ROS/ROS_25/colcon_ws/install/turtlebot3_msgs/include/turtlebot3_msgs/turtlebot3_msgs/msg/detail/sensor_state__type_support.h
[11.353s] -- Up-to-date: /home/ros25/ROS/ROS_25/colcon_ws/install/turtlebot3_msgs/include/turtlebot3_msgs/turtlebot3_msgs/msg/detail/version_info__functions.h
[11.353s] -- Up-to-date: /home/ros25/ROS/ROS_25/colcon_ws/install/turtlebot3_msgs/include/turtlebot3_msgs/turtlebot3_msgs/msg/detail/sensor_state__functions.h
[11.353s] -- Up-to-date: /home/ros25/ROS/ROS_25/colcon_ws/install/turtlebot3_msgs/include/turtlebot3_msgs/turtlebot3_msgs/msg/detail/sensor_state__functions.c
[11.353s] -- Up-to-date: /home/ros25/ROS/ROS_25/colcon_ws/install/turtlebot3_msgs/include/turtlebot3_msgs/turtlebot3_msgs/msg/detail/sound__functions.h
[11.354s] -- Up-to-date: /home/ros25/ROS/ROS_25/colcon_ws/install/turtlebot3_msgs/include/turtlebot3_msgs/turtlebot3_msgs/msg/detail/sound__struct.h
[11.363s] -- Up-to-date: /home/ros25/ROS/ROS_25/colcon_ws/install/turtlebot3_msgs/include/turtlebot3_msgs/turtlebot3_msgs/msg/detail/version_info__functions.c
[11.363s] -- Up-to-date: /home/ros25/ROS/ROS_25/colcon_ws/install/turtlebot3_msgs/include/turtlebot3_msgs/turtlebot3_msgs/msg/detail/sound__type_support.h
[11.364s] -- Up-to-date: /home/ros25/ROS/ROS_25/colcon_ws/install/turtlebot3_msgs/include/turtlebot3_msgs/turtlebot3_msgs/msg/detail/version_info__struct.h
[11.369s] -- Up-to-date: /home/ros25/ROS/ROS_25/colcon_ws/install/turtlebot3_msgs/include/turtlebot3_msgs/turtlebot3_msgs/msg/sensor_state.h
[11.369s] -- Up-to-date: /home/ros25/ROS/ROS_25/colcon_ws/install/turtlebot3_msgs/include/turtlebot3_msgs/turtlebot3_msgs/msg/version_info.h
[11.369s] -- Up-to-date: /home/ros25/ROS/ROS_25/colcon_ws/install/turtlebot3_msgs/include/turtlebot3_msgs/turtlebot3_msgs/msg/rosidl_generator_c__visibility_control.h
[11.369s] -- Up-to-date: /home/ros25/ROS/ROS_25/colcon_ws/install/turtlebot3_msgs/include/turtlebot3_msgs/turtlebot3_msgs/srv
[11.370s] -- Up-to-date: /home/ros25/ROS/ROS_25/colcon_ws/install/turtlebot3_msgs/include/turtlebot3_msgs/turtlebot3_msgs/srv/dqn.h
[11.376s] -- Up-to-date: /home/ros25/ROS/ROS_25/colcon_ws/install/turtlebot3_msgs/include/turtlebot3_msgs/turtlebot3_msgs/srv/sound.h
[11.376s] -- Up-to-date: /home/ros25/ROS/ROS_25/colcon_ws/install/turtlebot3_msgs/include/turtlebot3_msgs/turtlebot3_msgs/srv/goal.h
[11.376s] -- Up-to-date: /home/ros25/ROS/ROS_25/colcon_ws/install/turtlebot3_msgs/include/turtlebot3_msgs/turtlebot3_msgs/srv/detail
[11.377s] -- Up-to-date: /home/ros25/ROS/ROS_25/colcon_ws/install/turtlebot3_msgs/include/turtlebot3_msgs/turtlebot3_msgs/srv/detail/dqn__type_support.h
[11.377s] -- Up-to-date: /home/ros25/ROS/ROS_25/colcon_ws/install/turtlebot3_msgs/include/turtlebot3_msgs/turtlebot3_msgs/srv/detail/dqn__functions.c
[11.380s] -- Up-to-date: /home/ros25/ROS/ROS_25/colcon_ws/install/turtlebot3_msgs/include/turtlebot3_msgs/turtlebot3_msgs/srv/detail/sound__functions.c
[11.380s] -- Up-to-date: /home/ros25/ROS/ROS_25/colcon_ws/install/turtlebot3_msgs/include/turtlebot3_msgs/turtlebot3_msgs/srv/detail/goal__struct.h
[11.380s] -- Up-to-date: /home/ros25/ROS/ROS_25/colcon_ws/install/turtlebot3_msgs/include/turtlebot3_msgs/turtlebot3_msgs/srv/detail/goal__functions.c
[11.381s] -- Up-to-date: /home/ros25/ROS/ROS_25/colcon_ws/install/turtlebot3_msgs/include/turtlebot3_msgs/turtlebot3_msgs/srv/detail/dqn__functions.h
[11.383s] -- Up-to-date: /home/ros25/ROS/ROS_25/colcon_ws/install/turtlebot3_msgs/include/turtlebot3_msgs/turtlebot3_msgs/srv/detail/goal__functions.h
[11.384s] -- Up-to-date: /home/ros25/ROS/ROS_25/colcon_ws/install/turtlebot3_msgs/include/turtlebot3_msgs/turtlebot3_msgs/srv/detail/goal__type_support.h
[11.384s] -- Up-to-date: /home/ros25/ROS/ROS_25/colcon_ws/install/turtlebot3_msgs/include/turtlebot3_msgs/turtlebot3_msgs/srv/detail/sound__functions.h
[11.386s] -- Up-to-date: /home/ros25/ROS/ROS_25/colcon_ws/install/turtlebot3_msgs/include/turtlebot3_msgs/turtlebot3_msgs/srv/detail/sound__struct.h
[11.386s] -- Up-to-date: /home/ros25/ROS/ROS_25/colcon_ws/install/turtlebot3_msgs/include/turtlebot3_msgs/turtlebot3_msgs/srv/detail/sound__type_support.h
[11.386s] -- Up-to-date: /home/ros25/ROS/ROS_25/colcon_ws/install/turtlebot3_msgs/include/turtlebot3_msgs/turtlebot3_msgs/srv/detail/dqn__struct.h
[11.386s] -- Up-to-date: /home/ros25/ROS/ROS_25/colcon_ws/install/turtlebot3_msgs/share/turtlebot3_msgs/environment/library_path.sh
[11.386s] -- Up-to-date: /home/ros25/ROS/ROS_25/colcon_ws/install/turtlebot3_msgs/share/turtlebot3_msgs/environment/library_path.dsv
[11.386s] -- Up-to-date: /home/ros25/ROS/ROS_25/colcon_ws/install/turtlebot3_msgs/lib/libturtlebot3_msgs__rosidl_generator_c.so
[11.386s] -- Up-to-date: /home/ros25/ROS/ROS_25/colcon_ws/install/turtlebot3_msgs/include/turtlebot3_msgs/turtlebot3_msgs
[11.386s] -- Up-to-date: /home/ros25/ROS/ROS_25/colcon_ws/install/turtlebot3_msgs/include/turtlebot3_msgs/turtlebot3_msgs/action
[11.387s] -- Up-to-date: /home/ros25/ROS/ROS_25/colcon_ws/install/turtlebot3_msgs/include/turtlebot3_msgs/turtlebot3_msgs/action/detail
[11.387s] -- Up-to-date: /home/ros25/ROS/ROS_25/colcon_ws/install/turtlebot3_msgs/include/turtlebot3_msgs/turtlebot3_msgs/action/detail/patrol__rosidl_typesupport_fastrtps_c.h
[11.387s] -- Up-to-date: /home/ros25/ROS/ROS_25/colcon_ws/install/turtlebot3_msgs/include/turtlebot3_msgs/turtlebot3_msgs/msg
[11.397s] -- Up-to-date: /home/ros25/ROS/ROS_25/colcon_ws/install/turtlebot3_msgs/include/turtlebot3_msgs/turtlebot3_msgs/msg/detail
[11.397s] -- Up-to-date: /home/ros25/ROS/ROS_25/colcon_ws/install/turtlebot3_msgs/include/turtlebot3_msgs/turtlebot3_msgs/msg/detail/sensor_state__rosidl_typesupport_fastrtps_c.h
[11.397s] -- Up-to-date: /home/ros25/ROS/ROS_25/colcon_ws/install/turtlebot3_msgs/include/turtlebot3_msgs/turtlebot3_msgs/msg/detail/sound__rosidl_typesupport_fastrtps_c.h
[11.397s] -- Up-to-date: /home/ros25/ROS/ROS_25/colcon_ws/install/turtlebot3_msgs/include/turtlebot3_msgs/turtlebot3_msgs/msg/detail/version_info__rosidl_typesupport_fastrtps_c.h
[11.398s] -- Up-to-date: /home/ros25/ROS/ROS_25/colcon_ws/install/turtlebot3_msgs/include/turtlebot3_msgs/turtlebot3_msgs/msg/rosidl_typesupport_fastrtps_c__visibility_control.h
[11.398s] -- Up-to-date: /home/ros25/ROS/ROS_25/colcon_ws/install/turtlebot3_msgs/include/turtlebot3_msgs/turtlebot3_msgs/srv
[11.398s] -- Up-to-date: /home/ros25/ROS/ROS_25/colcon_ws/install/turtlebot3_msgs/include/turtlebot3_msgs/turtlebot3_msgs/srv/detail
[11.398s] -- Up-to-date: /home/ros25/ROS/ROS_25/colcon_ws/install/turtlebot3_msgs/include/turtlebot3_msgs/turtlebot3_msgs/srv/detail/dqn__rosidl_typesupport_fastrtps_c.h
[11.399s] -- Up-to-date: /home/ros25/ROS/ROS_25/colcon_ws/install/turtlebot3_msgs/include/turtlebot3_msgs/turtlebot3_msgs/srv/detail/goal__rosidl_typesupport_fastrtps_c.h
[11.410s] -- Up-to-date: /home/ros25/ROS/ROS_25/colcon_ws/install/turtlebot3_msgs/include/turtlebot3_msgs/turtlebot3_msgs/srv/detail/sound__rosidl_typesupport_fastrtps_c.h
[11.413s] -- Up-to-date: /home/ros25/ROS/ROS_25/colcon_ws/install/turtlebot3_msgs/lib/libturtlebot3_msgs__rosidl_typesupport_fastrtps_c.so
[11.413s] -- Up-to-date: /home/ros25/ROS/ROS_25/colcon_ws/install/turtlebot3_msgs/include/turtlebot3_msgs/turtlebot3_msgs
[11.413s] -- Up-to-date: /home/ros25/ROS/ROS_25/colcon_ws/install/turtlebot3_msgs/include/turtlebot3_msgs/turtlebot3_msgs/action
[11.413s] -- Up-to-date: /home/ros25/ROS/ROS_25/colcon_ws/install/turtlebot3_msgs/include/turtlebot3_msgs/turtlebot3_msgs/action/patrol.hpp
[11.414s] -- Up-to-date: /home/ros25/ROS/ROS_25/colcon_ws/install/turtlebot3_msgs/include/turtlebot3_msgs/turtlebot3_msgs/action/detail
[11.418s] -- Up-to-date: /home/ros25/ROS/ROS_25/colcon_ws/install/turtlebot3_msgs/include/turtlebot3_msgs/turtlebot3_msgs/action/detail/patrol__type_support.hpp
[11.418s] -- Up-to-date: /home/ros25/ROS/ROS_25/colcon_ws/install/turtlebot3_msgs/include/turtlebot3_msgs/turtlebot3_msgs/action/detail/patrol__traits.hpp
[11.420s] -- Up-to-date: /home/ros25/ROS/ROS_25/colcon_ws/install/turtlebot3_msgs/include/turtlebot3_msgs/turtlebot3_msgs/action/detail/patrol__builder.hpp
[11.421s] -- Up-to-date: /home/ros25/ROS/ROS_25/colcon_ws/install/turtlebot3_msgs/include/turtlebot3_msgs/turtlebot3_msgs/action/detail/patrol__struct.hpp
[11.421s] -- Up-to-date: /home/ros25/ROS/ROS_25/colcon_ws/install/turtlebot3_msgs/include/turtlebot3_msgs/turtlebot3_msgs/msg
[11.421s] -- Up-to-date: /home/ros25/ROS/ROS_25/colcon_ws/install/turtlebot3_msgs/include/turtlebot3_msgs/turtlebot3_msgs/msg/sensor_state.hpp
[11.421s] -- Up-to-date: /home/ros25/ROS/ROS_25/colcon_ws/install/turtlebot3_msgs/include/turtlebot3_msgs/turtlebot3_msgs/msg/detail
[11.421s] -- Up-to-date: /home/ros25/ROS/ROS_25/colcon_ws/install/turtlebot3_msgs/include/turtlebot3_msgs/turtlebot3_msgs/msg/detail/sound__struct.hpp
[11.422s] -- Up-to-date: /home/ros25/ROS/ROS_25/colcon_ws/install/turtlebot3_msgs/include/turtlebot3_msgs/turtlebot3_msgs/msg/detail/sensor_state__builder.hpp
[11.422s] -- Up-to-date: /home/ros25/ROS/ROS_25/colcon_ws/install/turtlebot3_msgs/include/turtlebot3_msgs/turtlebot3_msgs/msg/detail/sensor_state__type_support.hpp
[11.428s] -- Up-to-date: /home/ros25/ROS/ROS_25/colcon_ws/install/turtlebot3_msgs/include/turtlebot3_msgs/turtlebot3_msgs/msg/detail/sensor_state__traits.hpp
[11.435s] -- Up-to-date: /home/ros25/ROS/ROS_25/colcon_ws/install/turtlebot3_msgs/include/turtlebot3_msgs/turtlebot3_msgs/msg/detail/sound__builder.hpp
[11.439s] -- Up-to-date: /home/ros25/ROS/ROS_25/colcon_ws/install/turtlebot3_msgs/include/turtlebot3_msgs/turtlebot3_msgs/msg/detail/version_info__struct.hpp
[11.439s] -- Up-to-date: /home/ros25/ROS/ROS_25/colcon_ws/install/turtlebot3_msgs/include/turtlebot3_msgs/turtlebot3_msgs/msg/detail/version_info__traits.hpp
[11.439s] -- Up-to-date: /home/ros25/ROS/ROS_25/colcon_ws/install/turtlebot3_msgs/include/turtlebot3_msgs/turtlebot3_msgs/msg/detail/sound__traits.hpp
[11.439s] -- Up-to-date: /home/ros25/ROS/ROS_25/colcon_ws/install/turtlebot3_msgs/include/turtlebot3_msgs/turtlebot3_msgs/msg/detail/version_info__builder.hpp
[11.440s] -- Up-to-date: /home/ros25/ROS/ROS_25/colcon_ws/install/turtlebot3_msgs/include/turtlebot3_msgs/turtlebot3_msgs/msg/detail/sensor_state__struct.hpp
[11.447s] -- Up-to-date: /home/ros25/ROS/ROS_25/colcon_ws/install/turtlebot3_msgs/include/turtlebot3_msgs/turtlebot3_msgs/msg/detail/version_info__type_support.hpp
[11.447s] -- Up-to-date: /home/ros25/ROS/ROS_25/colcon_ws/install/turtlebot3_msgs/include/turtlebot3_msgs/turtlebot3_msgs/msg/detail/sound__type_support.hpp
[11.447s] -- Up-to-date: /home/ros25/ROS/ROS_25/colcon_ws/install/turtlebot3_msgs/include/turtlebot3_msgs/turtlebot3_msgs/msg/rosidl_generator_cpp__visibility_control.hpp
[11.447s] -- Up-to-date: /home/ros25/ROS/ROS_25/colcon_ws/install/turtlebot3_msgs/include/turtlebot3_msgs/turtlebot3_msgs/msg/sound.hpp
[11.448s] -- Up-to-date: /home/ros25/ROS/ROS_25/colcon_ws/install/turtlebot3_msgs/include/turtlebot3_msgs/turtlebot3_msgs/msg/version_info.hpp
[11.448s] -- Up-to-date: /home/ros25/ROS/ROS_25/colcon_ws/install/turtlebot3_msgs/include/turtlebot3_msgs/turtlebot3_msgs/srv
[11.451s] -- Up-to-date: /home/ros25/ROS/ROS_25/colcon_ws/install/turtlebot3_msgs/include/turtlebot3_msgs/turtlebot3_msgs/srv/goal.hpp
[11.451s] -- Up-to-date: /home/ros25/ROS/ROS_25/colcon_ws/install/turtlebot3_msgs/include/turtlebot3_msgs/turtlebot3_msgs/srv/detail
[11.451s] -- Up-to-date: /home/ros25/ROS/ROS_25/colcon_ws/install/turtlebot3_msgs/include/turtlebot3_msgs/turtlebot3_msgs/srv/detail/sound__struct.hpp
[11.452s] -- Up-to-date: /home/ros25/ROS/ROS_25/colcon_ws/install/turtlebot3_msgs/include/turtlebot3_msgs/turtlebot3_msgs/srv/detail/dqn__traits.hpp
[11.452s] -- Up-to-date: /home/ros25/ROS/ROS_25/colcon_ws/install/turtlebot3_msgs/include/turtlebot3_msgs/turtlebot3_msgs/srv/detail/dqn__builder.hpp
[11.459s] -- Up-to-date: /home/ros25/ROS/ROS_25/colcon_ws/install/turtlebot3_msgs/include/turtlebot3_msgs/turtlebot3_msgs/srv/detail/sound__builder.hpp
[11.460s] -- Up-to-date: /home/ros25/ROS/ROS_25/colcon_ws/install/turtlebot3_msgs/include/turtlebot3_msgs/turtlebot3_msgs/srv/detail/goal__traits.hpp
[11.461s] -- Up-to-date: /home/ros25/ROS/ROS_25/colcon_ws/install/turtlebot3_msgs/include/turtlebot3_msgs/turtlebot3_msgs/srv/detail/dqn__type_support.hpp
[11.461s] -- Up-to-date: /home/ros25/ROS/ROS_25/colcon_ws/install/turtlebot3_msgs/include/turtlebot3_msgs/turtlebot3_msgs/srv/detail/goal__type_support.hpp
[11.464s] -- Up-to-date: /home/ros25/ROS/ROS_25/colcon_ws/install/turtlebot3_msgs/include/turtlebot3_msgs/turtlebot3_msgs/srv/detail/sound__traits.hpp
[11.464s] -- Up-to-date: /home/ros25/ROS/ROS_25/colcon_ws/install/turtlebot3_msgs/include/turtlebot3_msgs/turtlebot3_msgs/srv/detail/dqn__struct.hpp
[11.464s] -- Up-to-date: /home/ros25/ROS/ROS_25/colcon_ws/install/turtlebot3_msgs/include/turtlebot3_msgs/turtlebot3_msgs/srv/detail/sound__type_support.hpp
[11.465s] -- Up-to-date: /home/ros25/ROS/ROS_25/colcon_ws/install/turtlebot3_msgs/include/turtlebot3_msgs/turtlebot3_msgs/srv/detail/goal__builder.hpp
[11.466s] -- Up-to-date: /home/ros25/ROS/ROS_25/colcon_ws/install/turtlebot3_msgs/include/turtlebot3_msgs/turtlebot3_msgs/srv/detail/goal__struct.hpp
[11.468s] -- Up-to-date: /home/ros25/ROS/ROS_25/colcon_ws/install/turtlebot3_msgs/include/turtlebot3_msgs/turtlebot3_msgs/srv/dqn.hpp
[11.468s] -- Up-to-date: /home/ros25/ROS/ROS_25/colcon_ws/install/turtlebot3_msgs/include/turtlebot3_msgs/turtlebot3_msgs/srv/sound.hpp
[11.468s] -- Up-to-date: /home/ros25/ROS/ROS_25/colcon_ws/install/turtlebot3_msgs/include/turtlebot3_msgs/turtlebot3_msgs
[11.468s] -- Up-to-date: /home/ros25/ROS/ROS_25/colcon_ws/install/turtlebot3_msgs/include/turtlebot3_msgs/turtlebot3_msgs/action
[11.468s] -- Up-to-date: /home/ros25/ROS/ROS_25/colcon_ws/install/turtlebot3_msgs/include/turtlebot3_msgs/turtlebot3_msgs/action/detail
[11.469s] -- Up-to-date: /home/ros25/ROS/ROS_25/colcon_ws/install/turtlebot3_msgs/include/turtlebot3_msgs/turtlebot3_msgs/action/detail/patrol__rosidl_typesupport_fastrtps_cpp.hpp
[11.469s] -- Up-to-date: /home/ros25/ROS/ROS_25/colcon_ws/install/turtlebot3_msgs/include/turtlebot3_msgs/turtlebot3_msgs/action/detail/dds_fastrtps
[11.476s] -- Up-to-date: /home/ros25/ROS/ROS_25/colcon_ws/install/turtlebot3_msgs/include/turtlebot3_msgs/turtlebot3_msgs/msg
[11.476s] -- Up-to-date: /home/ros25/ROS/ROS_25/colcon_ws/install/turtlebot3_msgs/include/turtlebot3_msgs/turtlebot3_msgs/msg/detail
[11.476s] -- Up-to-date: /home/ros25/ROS/ROS_25/colcon_ws/install/turtlebot3_msgs/include/turtlebot3_msgs/turtlebot3_msgs/msg/detail/sensor_state__rosidl_typesupport_fastrtps_cpp.hpp
[11.476s] -- Up-to-date: /home/ros25/ROS/ROS_25/colcon_ws/install/turtlebot3_msgs/include/turtlebot3_msgs/turtlebot3_msgs/msg/detail/version_info__rosidl_typesupport_fastrtps_cpp.hpp
[11.477s] -- Up-to-date: /home/ros25/ROS/ROS_25/colcon_ws/install/turtlebot3_msgs/include/turtlebot3_msgs/turtlebot3_msgs/msg/detail/sound__rosidl_typesupport_fastrtps_cpp.hpp
[11.483s] -- Up-to-date: /home/ros25/ROS/ROS_25/colcon_ws/install/turtlebot3_msgs/include/turtlebot3_msgs/turtlebot3_msgs/msg/detail/dds_fastrtps
[11.483s] -- Up-to-date: /home/ros25/ROS/ROS_25/colcon_ws/install/turtlebot3_msgs/include/turtlebot3_msgs/turtlebot3_msgs/msg/rosidl_typesupport_fastrtps_cpp__visibility_control.h
[11.483s] -- Up-to-date: /home/ros25/ROS/ROS_25/colcon_ws/install/turtlebot3_msgs/include/turtlebot3_msgs/turtlebot3_msgs/srv
[11.483s] -- Up-to-date: /home/ros25/ROS/ROS_25/colcon_ws/install/turtlebot3_msgs/include/turtlebot3_msgs/turtlebot3_msgs/srv/detail
[11.483s] -- Up-to-date: /home/ros25/ROS/ROS_25/colcon_ws/install/turtlebot3_msgs/include/turtlebot3_msgs/turtlebot3_msgs/srv/detail/dqn__rosidl_typesupport_fastrtps_cpp.hpp
[11.484s] -- Up-to-date: /home/ros25/ROS/ROS_25/colcon_ws/install/turtlebot3_msgs/include/turtlebot3_msgs/turtlebot3_msgs/srv/detail/sound__rosidl_typesupport_fastrtps_cpp.hpp
[11.484s] -- Up-to-date: /home/ros25/ROS/ROS_25/colcon_ws/install/turtlebot3_msgs/include/turtlebot3_msgs/turtlebot3_msgs/srv/detail/dds_fastrtps
[11.484s] -- Up-to-date: /home/ros25/ROS/ROS_25/colcon_ws/install/turtlebot3_msgs/include/turtlebot3_msgs/turtlebot3_msgs/srv/detail/goal__rosidl_typesupport_fastrtps_cpp.hpp
[11.484s] -- Up-to-date: /home/ros25/ROS/ROS_25/colcon_ws/install/turtlebot3_msgs/lib/libturtlebot3_msgs__rosidl_typesupport_fastrtps_cpp.so
[11.484s] -- Up-to-date: /home/ros25/ROS/ROS_25/colcon_ws/install/turtlebot3_msgs/include/turtlebot3_msgs/turtlebot3_msgs
[11.484s] -- Up-to-date: /home/ros25/ROS/ROS_25/colcon_ws/install/turtlebot3_msgs/include/turtlebot3_msgs/turtlebot3_msgs/action
[11.488s] -- Up-to-date: /home/ros25/ROS/ROS_25/colcon_ws/install/turtlebot3_msgs/include/turtlebot3_msgs/turtlebot3_msgs/action/detail
[11.492s] -- Up-to-date: /home/ros25/ROS/ROS_25/colcon_ws/install/turtlebot3_msgs/include/turtlebot3_msgs/turtlebot3_msgs/action/detail/patrol__type_support.c
[11.492s] -- Up-to-date: /home/ros25/ROS/ROS_25/colcon_ws/install/turtlebot3_msgs/include/turtlebot3_msgs/turtlebot3_msgs/action/detail/patrol__rosidl_typesupport_introspection_c.h
[11.492s] -- Up-to-date: /home/ros25/ROS/ROS_25/colcon_ws/install/turtlebot3_msgs/include/turtlebot3_msgs/turtlebot3_msgs/msg
[11.492s] -- Up-to-date: /home/ros25/ROS/ROS_25/colcon_ws/install/turtlebot3_msgs/include/turtlebot3_msgs/turtlebot3_msgs/msg/rosidl_typesupport_introspection_c__visibility_control.h
[11.492s] -- Up-to-date: /home/ros25/ROS/ROS_25/colcon_ws/install/turtlebot3_msgs/include/turtlebot3_msgs/turtlebot3_msgs/msg/detail
[11.492s] -- Up-to-date: /home/ros25/ROS/ROS_25/colcon_ws/install/turtlebot3_msgs/include/turtlebot3_msgs/turtlebot3_msgs/msg/detail/version_info__rosidl_typesupport_introspection_c.h
[11.492s] -- Up-to-date: /home/ros25/ROS/ROS_25/colcon_ws/install/turtlebot3_msgs/include/turtlebot3_msgs/turtlebot3_msgs/msg/detail/sensor_state__rosidl_typesupport_introspection_c.h
[11.493s] -- Up-to-date: /home/ros25/ROS/ROS_25/colcon_ws/install/turtlebot3_msgs/include/turtlebot3_msgs/turtlebot3_msgs/msg/detail/sound__rosidl_typesupport_introspection_c.h
[11.493s] -- Up-to-date: /home/ros25/ROS/ROS_25/colcon_ws/install/turtlebot3_msgs/include/turtlebot3_msgs/turtlebot3_msgs/msg/detail/sound__type_support.c
[11.498s] -- Up-to-date: /home/ros25/ROS/ROS_25/colcon_ws/install/turtlebot3_msgs/include/turtlebot3_msgs/turtlebot3_msgs/msg/detail/version_info__type_support.c
[11.498s] -- Up-to-date: /home/ros25/ROS/ROS_25/colcon_ws/install/turtlebot3_msgs/include/turtlebot3_msgs/turtlebot3_msgs/msg/detail/sensor_state__type_support.c
[11.498s] -- Up-to-date: /home/ros25/ROS/ROS_25/colcon_ws/install/turtlebot3_msgs/include/turtlebot3_msgs/turtlebot3_msgs/srv
[11.499s] -- Up-to-date: /home/ros25/ROS/ROS_25/colcon_ws/install/turtlebot3_msgs/include/turtlebot3_msgs/turtlebot3_msgs/srv/detail
[11.499s] -- Up-to-date: /home/ros25/ROS/ROS_25/colcon_ws/install/turtlebot3_msgs/include/turtlebot3_msgs/turtlebot3_msgs/srv/detail/goal__type_support.c
[11.499s] -- Up-to-date: /home/ros25/ROS/ROS_25/colcon_ws/install/turtlebot3_msgs/include/turtlebot3_msgs/turtlebot3_msgs/srv/detail/dqn__type_support.c
[11.499s] -- Up-to-date: /home/ros25/ROS/ROS_25/colcon_ws/install/turtlebot3_msgs/include/turtlebot3_msgs/turtlebot3_msgs/srv/detail/goal__rosidl_typesupport_introspection_c.h
[11.499s] -- Up-to-date: /home/ros25/ROS/ROS_25/colcon_ws/install/turtlebot3_msgs/include/turtlebot3_msgs/turtlebot3_msgs/srv/detail/sound__rosidl_typesupport_introspection_c.h
[11.499s] -- Up-to-date: /home/ros25/ROS/ROS_25/colcon_ws/install/turtlebot3_msgs/include/turtlebot3_msgs/turtlebot3_msgs/srv/detail/sound__type_support.c
[11.499s] -- Up-to-date: /home/ros25/ROS/ROS_25/colcon_ws/install/turtlebot3_msgs/include/turtlebot3_msgs/turtlebot3_msgs/srv/detail/dqn__rosidl_typesupport_introspection_c.h
[11.500s] -- Up-to-date: /home/ros25/ROS/ROS_25/colcon_ws/install/turtlebot3_msgs/lib/libturtlebot3_msgs__rosidl_typesupport_introspection_c.so
[11.500s] -- Up-to-date: /home/ros25/ROS/ROS_25/colcon_ws/install/turtlebot3_msgs/lib/libturtlebot3_msgs__rosidl_typesupport_c.so
[11.512s] -- Up-to-date: /home/ros25/ROS/ROS_25/colcon_ws/install/turtlebot3_msgs/include/turtlebot3_msgs/turtlebot3_msgs
[11.512s] -- Up-to-date: /home/ros25/ROS/ROS_25/colcon_ws/install/turtlebot3_msgs/include/turtlebot3_msgs/turtlebot3_msgs/action
[11.512s] -- Up-to-date: /home/ros25/ROS/ROS_25/colcon_ws/install/turtlebot3_msgs/include/turtlebot3_msgs/turtlebot3_msgs/action/detail
[11.512s] -- Up-to-date: /home/ros25/ROS/ROS_25/colcon_ws/install/turtlebot3_msgs/include/turtlebot3_msgs/turtlebot3_msgs/action/detail/patrol__rosidl_typesupport_introspection_cpp.hpp
[11.512s] -- Up-to-date: /home/ros25/ROS/ROS_25/colcon_ws/install/turtlebot3_msgs/include/turtlebot3_msgs/turtlebot3_msgs/action/detail/patrol__type_support.cpp
[11.512s] -- Up-to-date: /home/ros25/ROS/ROS_25/colcon_ws/install/turtlebot3_msgs/include/turtlebot3_msgs/turtlebot3_msgs/msg
[11.513s] -- Up-to-date: /home/ros25/ROS/ROS_25/colcon_ws/install/turtlebot3_msgs/include/turtlebot3_msgs/turtlebot3_msgs/msg/detail
[11.513s] -- Up-to-date: /home/ros25/ROS/ROS_25/colcon_ws/install/turtlebot3_msgs/include/turtlebot3_msgs/turtlebot3_msgs/msg/detail/version_info__type_support.cpp
[11.519s] -- Up-to-date: /home/ros25/ROS/ROS_25/colcon_ws/install/turtlebot3_msgs/include/turtlebot3_msgs/turtlebot3_msgs/msg/detail/sound__type_support.cpp
[11.519s] -- Up-to-date: /home/ros25/ROS/ROS_25/colcon_ws/install/turtlebot3_msgs/include/turtlebot3_msgs/turtlebot3_msgs/msg/detail/sensor_state__type_support.cpp
[11.519s] -- Up-to-date: /home/ros25/ROS/ROS_25/colcon_ws/install/turtlebot3_msgs/include/turtlebot3_msgs/turtlebot3_msgs/msg/detail/version_info__rosidl_typesupport_introspection_cpp.hpp
[11.519s] -- Up-to-date: /home/ros25/ROS/ROS_25/colcon_ws/install/turtlebot3_msgs/include/turtlebot3_msgs/turtlebot3_msgs/msg/detail/sound__rosidl_typesupport_introspection_cpp.hpp
[11.520s] -- Up-to-date: /home/ros25/ROS/ROS_25/colcon_ws/install/turtlebot3_msgs/include/turtlebot3_msgs/turtlebot3_msgs/msg/detail/sensor_state__rosidl_typesupport_introspection_cpp.hpp
[11.520s] -- Up-to-date: /home/ros25/ROS/ROS_25/colcon_ws/install/turtlebot3_msgs/include/turtlebot3_msgs/turtlebot3_msgs/srv
[11.520s] -- Up-to-date: /home/ros25/ROS/ROS_25/colcon_ws/install/turtlebot3_msgs/include/turtlebot3_msgs/turtlebot3_msgs/srv/detail
[11.520s] -- Up-to-date: /home/ros25/ROS/ROS_25/colcon_ws/install/turtlebot3_msgs/include/turtlebot3_msgs/turtlebot3_msgs/srv/detail/goal__type_support.cpp
[11.520s] -- Up-to-date: /home/ros25/ROS/ROS_25/colcon_ws/install/turtlebot3_msgs/include/turtlebot3_msgs/turtlebot3_msgs/srv/detail/sound__type_support.cpp
[11.520s] -- Up-to-date: /home/ros25/ROS/ROS_25/colcon_ws/install/turtlebot3_msgs/include/turtlebot3_msgs/turtlebot3_msgs/srv/detail/dqn__rosidl_typesupport_introspection_cpp.hpp
[11.520s] -- Up-to-date: /home/ros25/ROS/ROS_25/colcon_ws/install/turtlebot3_msgs/include/turtlebot3_msgs/turtlebot3_msgs/srv/detail/sound__rosidl_typesupport_introspection_cpp.hpp
[11.520s] -- Up-to-date: /home/ros25/ROS/ROS_25/colcon_ws/install/turtlebot3_msgs/include/turtlebot3_msgs/turtlebot3_msgs/srv/detail/dqn__type_support.cpp
[11.521s] -- Up-to-date: /home/ros25/ROS/ROS_25/colcon_ws/install/turtlebot3_msgs/include/turtlebot3_msgs/turtlebot3_msgs/srv/detail/goal__rosidl_typesupport_introspection_cpp.hpp
[11.529s] -- Up-to-date: /home/ros25/ROS/ROS_25/colcon_ws/install/turtlebot3_msgs/lib/libturtlebot3_msgs__rosidl_typesupport_introspection_cpp.so
[11.530s] -- Up-to-date: /home/ros25/ROS/ROS_25/colcon_ws/install/turtlebot3_msgs/lib/libturtlebot3_msgs__rosidl_typesupport_cpp.so
[11.530s] -- Up-to-date: /home/ros25/ROS/ROS_25/colcon_ws/install/turtlebot3_msgs/share/turtlebot3_msgs/environment/pythonpath.sh
[11.530s] -- Up-to-date: /home/ros25/ROS/ROS_25/colcon_ws/install/turtlebot3_msgs/share/turtlebot3_msgs/environment/pythonpath.dsv
[11.530s] -- Up-to-date: /home/ros25/ROS/ROS_25/colcon_ws/install/turtlebot3_msgs/local/lib/python3.10/dist-packages/turtlebot3_msgs-2.4.0-py3.10.egg-info
[11.530s] -- Installing: /home/ros25/ROS/ROS_25/colcon_ws/install/turtlebot3_msgs/local/lib/python3.10/dist-packages/turtlebot3_msgs-2.4.0-py3.10.egg-info/top_level.txt
[11.530s] -- Installing: /home/ros25/ROS/ROS_25/colcon_ws/install/turtlebot3_msgs/local/lib/python3.10/dist-packages/turtlebot3_msgs-2.4.0-py3.10.egg-info/dependency_links.txt
[11.530s] -- Installing: /home/ros25/ROS/ROS_25/colcon_ws/install/turtlebot3_msgs/local/lib/python3.10/dist-packages/turtlebot3_msgs-2.4.0-py3.10.egg-info/PKG-INFO
[11.530s] -- Installing: /home/ros25/ROS/ROS_25/colcon_ws/install/turtlebot3_msgs/local/lib/python3.10/dist-packages/turtlebot3_msgs-2.4.0-py3.10.egg-info/SOURCES.txt
[11.531s] -- Up-to-date: /home/ros25/ROS/ROS_25/colcon_ws/install/turtlebot3_msgs/local/lib/python3.10/dist-packages/turtlebot3_msgs
[11.533s] -- Up-to-date: /home/ros25/ROS/ROS_25/colcon_ws/install/turtlebot3_msgs/local/lib/python3.10/dist-packages/turtlebot3_msgs/turtlebot3_msgs_s__rosidl_typesupport_fastrtps_c.cpython-310-x86_64-linux-gnu.so
[11.533s] -- Up-to-date: /home/ros25/ROS/ROS_25/colcon_ws/install/turtlebot3_msgs/local/lib/python3.10/dist-packages/turtlebot3_msgs/libturtlebot3_msgs__rosidl_generator_py.so
[11.533s] -- Up-to-date: /home/ros25/ROS/ROS_25/colcon_ws/install/turtlebot3_msgs/local/lib/python3.10/dist-packages/turtlebot3_msgs/_turtlebot3_msgs_s.ep.rosidl_typesupport_c.c
[11.534s] -- Up-to-date: /home/ros25/ROS/ROS_25/colcon_ws/install/turtlebot3_msgs/local/lib/python3.10/dist-packages/turtlebot3_msgs/action
[11.537s] -- Up-to-date: /home/ros25/ROS/ROS_25/colcon_ws/install/turtlebot3_msgs/local/lib/python3.10/dist-packages/turtlebot3_msgs/action/_patrol.py
[11.537s] -- Up-to-date: /home/ros25/ROS/ROS_25/colcon_ws/install/turtlebot3_msgs/local/lib/python3.10/dist-packages/turtlebot3_msgs/action/_patrol_s.c
[11.537s] -- Up-to-date: /home/ros25/ROS/ROS_25/colcon_ws/install/turtlebot3_msgs/local/lib/python3.10/dist-packages/turtlebot3_msgs/action/__init__.py
[11.537s] -- Up-to-date: /home/ros25/ROS/ROS_25/colcon_ws/install/turtlebot3_msgs/local/lib/python3.10/dist-packages/turtlebot3_msgs/_turtlebot3_msgs_s.ep.rosidl_typesupport_fastrtps_c.c
[11.547s] -- Up-to-date: /home/ros25/ROS/ROS_25/colcon_ws/install/turtlebot3_msgs/local/lib/python3.10/dist-packages/turtlebot3_msgs/msg
[11.547s] -- Up-to-date: /home/ros25/ROS/ROS_25/colcon_ws/install/turtlebot3_msgs/local/lib/python3.10/dist-packages/turtlebot3_msgs/msg/_sound_s.c
[11.547s] -- Up-to-date: /home/ros25/ROS/ROS_25/colcon_ws/install/turtlebot3_msgs/local/lib/python3.10/dist-packages/turtlebot3_msgs/msg/_sensor_state.py
[11.548s] -- Up-to-date: /home/ros25/ROS/ROS_25/colcon_ws/install/turtlebot3_msgs/local/lib/python3.10/dist-packages/turtlebot3_msgs/msg/_sensor_state_s.c
[11.552s] -- Up-to-date: /home/ros25/ROS/ROS_25/colcon_ws/install/turtlebot3_msgs/local/lib/python3.10/dist-packages/turtlebot3_msgs/msg/_version_info.py
[11.552s] -- Up-to-date: /home/ros25/ROS/ROS_25/colcon_ws/install/turtlebot3_msgs/local/lib/python3.10/dist-packages/turtlebot3_msgs/msg/_sound.py
[11.552s] -- Up-to-date: /home/ros25/ROS/ROS_25/colcon_ws/install/turtlebot3_msgs/local/lib/python3.10/dist-packages/turtlebot3_msgs/msg/_version_info_s.c
[11.552s] -- Up-to-date: /home/ros25/ROS/ROS_25/colcon_ws/install/turtlebot3_msgs/local/lib/python3.10/dist-packages/turtlebot3_msgs/msg/__init__.py
[11.553s] -- Up-to-date: /home/ros25/ROS/ROS_25/colcon_ws/install/turtlebot3_msgs/local/lib/python3.10/dist-packages/turtlebot3_msgs/__init__.py
[11.560s] -- Up-to-date: /home/ros25/ROS/ROS_25/colcon_ws/install/turtlebot3_msgs/local/lib/python3.10/dist-packages/turtlebot3_msgs/turtlebot3_msgs_s__rosidl_typesupport_c.cpython-310-x86_64-linux-gnu.so
[11.560s] -- Up-to-date: /home/ros25/ROS/ROS_25/colcon_ws/install/turtlebot3_msgs/local/lib/python3.10/dist-packages/turtlebot3_msgs/srv
[11.560s] -- Up-to-date: /home/ros25/ROS/ROS_25/colcon_ws/install/turtlebot3_msgs/local/lib/python3.10/dist-packages/turtlebot3_msgs/srv/_sound_s.c
[11.563s] -- Up-to-date: /home/ros25/ROS/ROS_25/colcon_ws/install/turtlebot3_msgs/local/lib/python3.10/dist-packages/turtlebot3_msgs/srv/_dqn_s.c
[11.563s] -- Up-to-date: /home/ros25/ROS/ROS_25/colcon_ws/install/turtlebot3_msgs/local/lib/python3.10/dist-packages/turtlebot3_msgs/srv/_sound.py
[11.563s] -- Up-to-date: /home/ros25/ROS/ROS_25/colcon_ws/install/turtlebot3_msgs/local/lib/python3.10/dist-packages/turtlebot3_msgs/srv/_goal_s.c
[11.563s] -- Up-to-date: /home/ros25/ROS/ROS_25/colcon_ws/install/turtlebot3_msgs/local/lib/python3.10/dist-packages/turtlebot3_msgs/srv/__init__.py
[11.563s] -- Up-to-date: /home/ros25/ROS/ROS_25/colcon_ws/install/turtlebot3_msgs/local/lib/python3.10/dist-packages/turtlebot3_msgs/srv/_goal.py
[11.564s] -- Up-to-date: /home/ros25/ROS/ROS_25/colcon_ws/install/turtlebot3_msgs/local/lib/python3.10/dist-packages/turtlebot3_msgs/srv/_dqn.py
[11.567s] -- Up-to-date: /home/ros25/ROS/ROS_25/colcon_ws/install/turtlebot3_msgs/local/lib/python3.10/dist-packages/turtlebot3_msgs/turtlebot3_msgs_s__rosidl_typesupport_introspection_c.cpython-310-x86_64-linux-gnu.so
[11.567s] -- Up-to-date: /home/ros25/ROS/ROS_25/colcon_ws/install/turtlebot3_msgs/local/lib/python3.10/dist-packages/turtlebot3_msgs/_turtlebot3_msgs_s.ep.rosidl_typesupport_introspection_c.c
[11.921s] Listing '/home/ros25/ROS/ROS_25/colcon_ws/install/turtlebot3_msgs/local/lib/python3.10/dist-packages/turtlebot3_msgs'...
[11.930s] Listing '/home/ros25/ROS/ROS_25/colcon_ws/install/turtlebot3_msgs/local/lib/python3.10/dist-packages/turtlebot3_msgs/action'...
[11.939s] Listing '/home/ros25/ROS/ROS_25/colcon_ws/install/turtlebot3_msgs/local/lib/python3.10/dist-packages/turtlebot3_msgs/msg'...
[11.940s] Listing '/home/ros25/ROS/ROS_25/colcon_ws/install/turtlebot3_msgs/local/lib/python3.10/dist-packages/turtlebot3_msgs/srv'...
[12.006s] -- Up-to-date: /home/ros25/ROS/ROS_25/colcon_ws/install/turtlebot3_msgs/local/lib/python3.10/dist-packages/turtlebot3_msgs/turtlebot3_msgs_s__rosidl_typesupport_fastrtps_c.cpython-310-x86_64-linux-gnu.so
[12.021s] -- Up-to-date: /home/ros25/ROS/ROS_25/colcon_ws/install/turtlebot3_msgs/local/lib/python3.10/dist-packages/turtlebot3_msgs/turtlebot3_msgs_s__rosidl_typesupport_introspection_c.cpython-310-x86_64-linux-gnu.so
[12.021s] -- Up-to-date: /home/ros25/ROS/ROS_25/colcon_ws/install/turtlebot3_msgs/local/lib/python3.10/dist-packages/turtlebot3_msgs/turtlebot3_msgs_s__rosidl_typesupport_c.cpython-310-x86_64-linux-gnu.so
[12.025s] -- Up-to-date: /home/ros25/ROS/ROS_25/colcon_ws/install/turtlebot3_msgs/lib/libturtlebot3_msgs__rosidl_generator_py.so
[12.046s] -- Up-to-date: /home/ros25/ROS/ROS_25/colcon_ws/install/turtlebot3_msgs/share/turtlebot3_msgs/msg/SensorState.idl
[12.050s] -- Up-to-date: /home/ros25/ROS/ROS_25/colcon_ws/install/turtlebot3_msgs/share/turtlebot3_msgs/msg/Sound.idl
[12.050s] -- Up-to-date: /home/ros25/ROS/ROS_25/colcon_ws/install/turtlebot3_msgs/share/turtlebot3_msgs/msg/VersionInfo.idl
[12.051s] -- Up-to-date: /home/ros25/ROS/ROS_25/colcon_ws/install/turtlebot3_msgs/share/turtlebot3_msgs/srv/Sound.idl
[12.051s] -- Up-to-date: /home/ros25/ROS/ROS_25/colcon_ws/install/turtlebot3_msgs/share/turtlebot3_msgs/srv/Dqn.idl
[12.055s] -- Up-to-date: /home/ros25/ROS/ROS_25/colcon_ws/install/turtlebot3_msgs/share/turtlebot3_msgs/srv/Goal.idl
[12.063s] -- Up-to-date: /home/ros25/ROS/ROS_25/colcon_ws/install/turtlebot3_msgs/share/turtlebot3_msgs/action/Patrol.idl
[12.063s] -- Up-to-date: /home/ros25/ROS/ROS_25/colcon_ws/install/turtlebot3_msgs/share/turtlebot3_msgs/msg/SensorState.msg
[12.063s] -- Up-to-date: /home/ros25/ROS/ROS_25/colcon_ws/install/turtlebot3_msgs/share/turtlebot3_msgs/msg/Sound.msg
[12.063s] -- Up-to-date: /home/ros25/ROS/ROS_25/colcon_ws/install/turtlebot3_msgs/share/turtlebot3_msgs/msg/VersionInfo.msg
[12.064s] -- Up-to-date: /home/ros25/ROS/ROS_25/colcon_ws/install/turtlebot3_msgs/share/turtlebot3_msgs/srv/Sound.srv
[12.069s] -- Up-to-date: /home/ros25/ROS/ROS_25/colcon_ws/install/turtlebot3_msgs/share/turtlebot3_msgs/srv/Sound_Request.msg
[12.069s] -- Up-to-date: /home/ros25/ROS/ROS_25/colcon_ws/install/turtlebot3_msgs/share/turtlebot3_msgs/srv/Sound_Response.msg
[12.072s] -- Up-to-date: /home/ros25/ROS/ROS_25/colcon_ws/install/turtlebot3_msgs/share/turtlebot3_msgs/srv/Dqn.srv
[12.072s] -- Up-to-date: /home/ros25/ROS/ROS_25/colcon_ws/install/turtlebot3_msgs/share/turtlebot3_msgs/srv/Dqn_Request.msg
[12.073s] -- Up-to-date: /home/ros25/ROS/ROS_25/colcon_ws/install/turtlebot3_msgs/share/turtlebot3_msgs/srv/Dqn_Response.msg
[12.073s] -- Up-to-date: /home/ros25/ROS/ROS_25/colcon_ws/install/turtlebot3_msgs/share/turtlebot3_msgs/srv/Goal.srv
[12.076s] -- Up-to-date: /home/ros25/ROS/ROS_25/colcon_ws/install/turtlebot3_msgs/share/turtlebot3_msgs/srv/Goal_Request.msg
[12.076s] -- Up-to-date: /home/ros25/ROS/ROS_25/colcon_ws/install/turtlebot3_msgs/share/turtlebot3_msgs/srv/Goal_Response.msg
[12.076s] -- Up-to-date: /home/ros25/ROS/ROS_25/colcon_ws/install/turtlebot3_msgs/share/turtlebot3_msgs/action/Patrol.action
[12.077s] -- Up-to-date: /home/ros25/ROS/ROS_25/colcon_ws/install/turtlebot3_msgs/share/ament_index/resource_index/package_run_dependencies/turtlebot3_msgs
[12.077s] -- Up-to-date: /home/ros25/ROS/ROS_25/colcon_ws/install/turtlebot3_msgs/share/ament_index/resource_index/parent_prefix_path/turtlebot3_msgs
[12.077s] -- Up-to-date: /home/ros25/ROS/ROS_25/colcon_ws/install/turtlebot3_msgs/share/turtlebot3_msgs/environment/ament_prefix_path.sh
[12.077s] -- Up-to-date: /home/ros25/ROS/ROS_25/colcon_ws/install/turtlebot3_msgs/share/turtlebot3_msgs/environment/ament_prefix_path.dsv
[12.077s] -- Up-to-date: /home/ros25/ROS/ROS_25/colcon_ws/install/turtlebot3_msgs/share/turtlebot3_msgs/environment/path.sh
[12.077s] -- Up-to-date: /home/ros25/ROS/ROS_25/colcon_ws/install/turtlebot3_msgs/share/turtlebot3_msgs/environment/path.dsv
[12.077s] -- Up-to-date: /home/ros25/ROS/ROS_25/colcon_ws/install/turtlebot3_msgs/share/turtlebot3_msgs/local_setup.bash
[12.078s] -- Up-to-date: /home/ros25/ROS/ROS_25/colcon_ws/install/turtlebot3_msgs/share/turtlebot3_msgs/local_setup.sh
[12.078s] -- Up-to-date: /home/ros25/ROS/ROS_25/colcon_ws/install/turtlebot3_msgs/share/turtlebot3_msgs/local_setup.zsh
[12.086s] -- Up-to-date: /home/ros25/ROS/ROS_25/colcon_ws/install/turtlebot3_msgs/share/turtlebot3_msgs/local_setup.dsv
[12.086s] -- Installing: /home/ros25/ROS/ROS_25/colcon_ws/install/turtlebot3_msgs/share/turtlebot3_msgs/package.dsv
[12.086s] -- Up-to-date: /home/ros25/ROS/ROS_25/colcon_ws/install/turtlebot3_msgs/share/ament_index/resource_index/packages/turtlebot3_msgs
[12.086s] -- Up-to-date: /home/ros25/ROS/ROS_25/colcon_ws/install/turtlebot3_msgs/share/turtlebot3_msgs/cmake/export_turtlebot3_msgs__rosidl_generator_cExport.cmake
[12.086s] -- Up-to-date: /home/ros25/ROS/ROS_25/colcon_ws/install/turtlebot3_msgs/share/turtlebot3_msgs/cmake/export_turtlebot3_msgs__rosidl_generator_cExport-noconfig.cmake
[12.087s] -- Up-to-date: /home/ros25/ROS/ROS_25/colcon_ws/install/turtlebot3_msgs/share/turtlebot3_msgs/cmake/export_turtlebot3_msgs__rosidl_typesupport_fastrtps_cExport.cmake
[12.092s] -- Up-to-date: /home/ros25/ROS/ROS_25/colcon_ws/install/turtlebot3_msgs/share/turtlebot3_msgs/cmake/export_turtlebot3_msgs__rosidl_typesupport_fastrtps_cExport-noconfig.cmake
[12.094s] -- Up-to-date: /home/ros25/ROS/ROS_25/colcon_ws/install/turtlebot3_msgs/share/turtlebot3_msgs/cmake/export_turtlebot3_msgs__rosidl_generator_cppExport.cmake
[12.094s] -- Up-to-date: /home/ros25/ROS/ROS_25/colcon_ws/install/turtlebot3_msgs/share/turtlebot3_msgs/cmake/export_turtlebot3_msgs__rosidl_typesupport_fastrtps_cppExport.cmake
[12.094s] -- Up-to-date: /home/ros25/ROS/ROS_25/colcon_ws/install/turtlebot3_msgs/share/turtlebot3_msgs/cmake/export_turtlebot3_msgs__rosidl_typesupport_fastrtps_cppExport-noconfig.cmake
[12.096s] -- Up-to-date: /home/ros25/ROS/ROS_25/colcon_ws/install/turtlebot3_msgs/share/turtlebot3_msgs/cmake/turtlebot3_msgs__rosidl_typesupport_introspection_cExport.cmake
[12.098s] -- Up-to-date: /home/ros25/ROS/ROS_25/colcon_ws/install/turtlebot3_msgs/share/turtlebot3_msgs/cmake/turtlebot3_msgs__rosidl_typesupport_introspection_cExport-noconfig.cmake
[12.098s] -- Up-to-date: /home/ros25/ROS/ROS_25/colcon_ws/install/turtlebot3_msgs/share/turtlebot3_msgs/cmake/turtlebot3_msgs__rosidl_typesupport_cExport.cmake
[12.100s] -- Up-to-date: /home/ros25/ROS/ROS_25/colcon_ws/install/turtlebot3_msgs/share/turtlebot3_msgs/cmake/turtlebot3_msgs__rosidl_typesupport_cExport-noconfig.cmake
[12.104s] -- Up-to-date: /home/ros25/ROS/ROS_25/colcon_ws/install/turtlebot3_msgs/share/turtlebot3_msgs/cmake/turtlebot3_msgs__rosidl_typesupport_introspection_cppExport.cmake
[12.104s] -- Up-to-date: /home/ros25/ROS/ROS_25/colcon_ws/install/turtlebot3_msgs/share/turtlebot3_msgs/cmake/turtlebot3_msgs__rosidl_typesupport_introspection_cppExport-noconfig.cmake
[12.110s] -- Up-to-date: /home/ros25/ROS/ROS_25/colcon_ws/install/turtlebot3_msgs/share/turtlebot3_msgs/cmake/turtlebot3_msgs__rosidl_typesupport_cppExport.cmake
[12.110s] -- Up-to-date: /home/ros25/ROS/ROS_25/colcon_ws/install/turtlebot3_msgs/share/turtlebot3_msgs/cmake/turtlebot3_msgs__rosidl_typesupport_cppExport-noconfig.cmake
[12.115s] -- Up-to-date: /home/ros25/ROS/ROS_25/colcon_ws/install/turtlebot3_msgs/share/turtlebot3_msgs/cmake/export_turtlebot3_msgs__rosidl_generator_pyExport.cmake
[12.119s] -- Up-to-date: /home/ros25/ROS/ROS_25/colcon_ws/install/turtlebot3_msgs/share/turtlebot3_msgs/cmake/export_turtlebot3_msgs__rosidl_generator_pyExport-noconfig.cmake
[12.119s] -- Up-to-date: /home/ros25/ROS/ROS_25/colcon_ws/install/turtlebot3_msgs/share/turtlebot3_msgs/cmake/rosidl_cmake-extras.cmake
[12.119s] -- Up-to-date: /home/ros25/ROS/ROS_25/colcon_ws/install/turtlebot3_msgs/share/turtlebot3_msgs/cmake/ament_cmake_export_dependencies-extras.cmake
[12.120s] -- Up-to-date: /home/ros25/ROS/ROS_25/colcon_ws/install/turtlebot3_msgs/share/turtlebot3_msgs/cmake/ament_cmake_export_include_directories-extras.cmake
[12.120s] -- Up-to-date: /home/ros25/ROS/ROS_25/colcon_ws/install/turtlebot3_msgs/share/turtlebot3_msgs/cmake/ament_cmake_export_libraries-extras.cmake
[12.120s] -- Up-to-date: /home/ros25/ROS/ROS_25/colcon_ws/install/turtlebot3_msgs/share/turtlebot3_msgs/cmake/ament_cmake_export_targets-extras.cmake
[12.123s] -- Up-to-date: /home/ros25/ROS/ROS_25/colcon_ws/install/turtlebot3_msgs/share/turtlebot3_msgs/cmake/rosidl_cmake_export_typesupport_targets-extras.cmake
[12.123s] -- Up-to-date: /home/ros25/ROS/ROS_25/colcon_ws/install/turtlebot3_msgs/share/turtlebot3_msgs/cmake/rosidl_cmake_export_typesupport_libraries-extras.cmake
[12.123s] -- Up-to-date: /home/ros25/ROS/ROS_25/colcon_ws/install/turtlebot3_msgs/share/turtlebot3_msgs/cmake/turtlebot3_msgsConfig.cmake
[12.128s] -- Up-to-date: /home/ros25/ROS/ROS_25/colcon_ws/install/turtlebot3_msgs/share/turtlebot3_msgs/cmake/turtlebot3_msgsConfig-version.cmake
[12.128s] -- Up-to-date: /home/ros25/ROS/ROS_25/colcon_ws/install/turtlebot3_msgs/share/turtlebot3_msgs/package.xml
[12.165s] Invoked command in '/home/ros25/ROS/ROS_25/colcon_ws/build/turtlebot3_msgs' returned '0': CMAKE_PREFIX_PATH=${CMAKE_PREFIX_PATH}:/home/ros25/ROS/ROS_25/colcon_ws/install/turtlebot3_teleop:/home/ros25/ROS/ROS_25/colcon_ws/install/turtlebot3_example:/home/ros25/ROS/ROS_25/colcon_ws/install/turtlebot3_controller:/home/ros25/ROS/ROS_25/colcon_ws/install/test_node:/opt/ros/humble /usr/bin/cmake --install /home/ros25/ROS/ROS_25/colcon_ws/build/turtlebot3_msgs
