[6.031s] Invoking command in '/home/ros25/ROS/ROS_25/colcon_ws/src/turtlebot3_machine_learning/turtlebot3_dqn': CMAKE_PREFIX_PATH=/home/ros25/ROS/ROS_25/colcon_ws/install/turtlebot3_msgs:/home/ros25/ROS/ROS_25/colcon_ws/install/turtlebot3:/home/ros25/ROS/ROS_25/colcon_ws/install/turtlebot3_simulations:/home/ros25/ROS/ROS_25/colcon_ws/install/turtlebot3_bringup:/home/ros25/ROS/ROS_25/colcon_ws/install/turtlebot3_node:/home/ros25/ROS/ROS_25/colcon_ws/install/turtlebot3_navigation2:/home/ros25/ROS/ROS_25/colcon_ws/install/turtlebot3_machine_learning:/home/ros25/ROS/ROS_25/colcon_ws/install/turtlebot3_fake_node:/home/ros25/ROS/ROS_25/colcon_ws/install/turtlebot3_manipulation_gazebo:/home/ros25/ROS/ROS_25/colcon_ws/install/turtlebot3_gazebo:/home/ros25/ROS/ROS_25/colcon_ws/install/turtlebot3_description:/home/ros25/ROS/ROS_25/colcon_ws/install/turtlebot3_cartographer:/home/ros25/ROS/ROS_25/colcon_ws/install/dynamixel_sdk_examples:/home/ros25/ROS/ROS_25/colcon_ws/install/dynamixel_sdk_custom_interfaces:/home/ros25/ROS/ROS_25/colcon_ws/install/dynamixel_sdk LD_LIBRARY_PATH=/home/ros25/ROS/ROS_25/colcon_ws/install/turtlebot3_msgs/lib:/home/ros25/ROS/ROS_25/colcon_ws/install/dynamixel_sdk_custom_interfaces/lib:/home/ros25/ROS/ROS_25/colcon_ws/install/dynamixel_sdk/lib:/usr/lib/x86_64-linux-gnu/gazebo-11/plugins:/opt/ros/humble/opt/rviz_ogre_vendor/lib:/opt/ros/humble/lib/x86_64-linux-gnu:/opt/ros/humble/lib:/usr/share/gazebo/../../lib/x86_64-linux-gnu/gazebo-11/plugins PYTHONPATH=/home/ros25/ROS/ROS_25/colcon_ws/build/turtlebot3_dqn/prefix_override:/usr/lib/python3/dist-packages/colcon_core/task/python/colcon_distutils_commands:/home/ros25/ROS/ROS_25/colcon_ws/install/turtlebot3_dqn/lib/python3.10/site-packages:${PYTHONPATH} /usr/bin/python3 -W ignore:setup.py install is deprecated -W ignore:easy_install command is deprecated setup.py egg_info --egg-base ../../../build/turtlebot3_dqn build --build-base /home/ros25/ROS/ROS_25/colcon_ws/build/turtlebot3_dqn/build install --record /home/ros25/ROS/ROS_25/colcon_ws/build/turtlebot3_dqn/install.log --single-version-externally-managed install_data
[8.473s] running egg_info
[8.487s] writing ../../../build/turtlebot3_dqn/turtlebot3_dqn.egg-info/PKG-INFO
[8.488s] writing dependency_links to ../../../build/turtlebot3_dqn/turtlebot3_dqn.egg-info/dependency_links.txt
[8.496s] writing entry points to ../../../build/turtlebot3_dqn/turtlebot3_dqn.egg-info/entry_points.txt
[8.497s] writing requirements to ../../../build/turtlebot3_dqn/turtlebot3_dqn.egg-info/requires.txt
[8.497s] writing top-level names to ../../../build/turtlebot3_dqn/turtlebot3_dqn.egg-info/top_level.txt
[8.506s] reading manifest file '../../../build/turtlebot3_dqn/turtlebot3_dqn.egg-info/SOURCES.txt'
[8.516s] writing manifest file '../../../build/turtlebot3_dqn/turtlebot3_dqn.egg-info/SOURCES.txt'
[8.516s] running build
[8.517s] running build_py
[8.525s] running install
[8.526s] running install_lib
[8.539s] running install_data
[8.539s] running install_egg_info
[8.562s] removing '/home/ros25/ROS/ROS_25/colcon_ws/install/turtlebot3_dqn/lib/python3.10/site-packages/turtlebot3_dqn-1.0.1-py3.10.egg-info' (and everything under it)
[8.568s] Copying ../../../build/turtlebot3_dqn/turtlebot3_dqn.egg-info to /home/ros25/ROS/ROS_25/colcon_ws/install/turtlebot3_dqn/lib/python3.10/site-packages/turtlebot3_dqn-1.0.1-py3.10.egg-info
[8.580s] running install_scripts
[8.813s] Installing action_graph script to /home/ros25/ROS/ROS_25/colcon_ws/install/turtlebot3_dqn/lib/turtlebot3_dqn
[8.814s] Installing dqn_agent script to /home/ros25/ROS/ROS_25/colcon_ws/install/turtlebot3_dqn/lib/turtlebot3_dqn
[8.816s] Installing dqn_environment script to /home/ros25/ROS/ROS_25/colcon_ws/install/turtlebot3_dqn/lib/turtlebot3_dqn
[8.816s] Installing dqn_gazebo script to /home/ros25/ROS/ROS_25/colcon_ws/install/turtlebot3_dqn/lib/turtlebot3_dqn
[8.816s] Installing dqn_test script to /home/ros25/ROS/ROS_25/colcon_ws/install/turtlebot3_dqn/lib/turtlebot3_dqn
[8.817s] Installing result_graph script to /home/ros25/ROS/ROS_25/colcon_ws/install/turtlebot3_dqn/lib/turtlebot3_dqn
[8.822s] writing list of installed files to '/home/ros25/ROS/ROS_25/colcon_ws/build/turtlebot3_dqn/install.log'
[9.302s] Invoked command in '/home/ros25/ROS/ROS_25/colcon_ws/src/turtlebot3_machine_learning/turtlebot3_dqn' returned '0': CMAKE_PREFIX_PATH=/home/ros25/ROS/ROS_25/colcon_ws/install/turtlebot3_msgs:/home/ros25/ROS/ROS_25/colcon_ws/install/turtlebot3:/home/ros25/ROS/ROS_25/colcon_ws/install/turtlebot3_simulations:/home/ros25/ROS/ROS_25/colcon_ws/install/turtlebot3_bringup:/home/ros25/ROS/ROS_25/colcon_ws/install/turtlebot3_node:/home/ros25/ROS/ROS_25/colcon_ws/install/turtlebot3_navigation2:/home/ros25/ROS/ROS_25/colcon_ws/install/turtlebot3_machine_learning:/home/ros25/ROS/ROS_25/colcon_ws/install/turtlebot3_fake_node:/home/ros25/ROS/ROS_25/colcon_ws/install/turtlebot3_manipulation_gazebo:/home/ros25/ROS/ROS_25/colcon_ws/install/turtlebot3_gazebo:/home/ros25/ROS/ROS_25/colcon_ws/install/turtlebot3_description:/home/ros25/ROS/ROS_25/colcon_ws/install/turtlebot3_cartographer:/home/ros25/ROS/ROS_25/colcon_ws/install/dynamixel_sdk_examples:/home/ros25/ROS/ROS_25/colcon_ws/install/dynamixel_sdk_custom_interfaces:/home/ros25/ROS/ROS_25/colcon_ws/install/dynamixel_sdk LD_LIBRARY_PATH=/home/ros25/ROS/ROS_25/colcon_ws/install/turtlebot3_msgs/lib:/home/ros25/ROS/ROS_25/colcon_ws/install/dynamixel_sdk_custom_interfaces/lib:/home/ros25/ROS/ROS_25/colcon_ws/install/dynamixel_sdk/lib:/usr/lib/x86_64-linux-gnu/gazebo-11/plugins:/opt/ros/humble/opt/rviz_ogre_vendor/lib:/opt/ros/humble/lib/x86_64-linux-gnu:/opt/ros/humble/lib:/usr/share/gazebo/../../lib/x86_64-linux-gnu/gazebo-11/plugins PYTHONPATH=/home/ros25/ROS/ROS_25/colcon_ws/build/turtlebot3_dqn/prefix_override:/usr/lib/python3/dist-packages/colcon_core/task/python/colcon_distutils_commands:/home/ros25/ROS/ROS_25/colcon_ws/install/turtlebot3_dqn/lib/python3.10/site-packages:${PYTHONPATH} /usr/bin/python3 -W ignore:setup.py install is deprecated -W ignore:easy_install command is deprecated setup.py egg_info --egg-base ../../../build/turtlebot3_dqn build --build-base /home/ros25/ROS/ROS_25/colcon_ws/build/turtlebot3_dqn/build install --record /home/ros25/ROS/ROS_25/colcon_ws/build/turtlebot3_dqn/install.log --single-version-externally-managed install_data
