[2.609s] Invoking command in '/home/ros25/ROS/ROS_25/colcon_ws/src/turtlebot3/turtlebot3_example': CMAKE_PREFIX_PATH=/home/ros25/ROS/ROS_25/colcon_ws/install/turtlebot3_msgs:/home/ros25/ROS/ROS_25/colcon_ws/install/turtlebot3:/home/ros25/ROS/ROS_25/colcon_ws/install/turtlebot3_bringup:/home/ros25/ROS/ROS_25/colcon_ws/install/turtlebot3_node:/home/ros25/ROS/ROS_25/colcon_ws/install/turtlebot3_navigation2:/home/ros25/ROS/ROS_25/colcon_ws/install/turtlebot3_description:/home/ros25/ROS/ROS_25/colcon_ws/install/turtlebot3_cartographer:/home/ros25/ROS/ROS_25/colcon_ws/install/dynamixel_sdk_examples:/home/ros25/ROS/ROS_25/colcon_ws/install/dynamixel_sdk_custom_interfaces:/home/ros25/ROS/ROS_25/colcon_ws/install/dynamixel_sdk PYTHONPATH=/home/ros25/ROS/ROS_25/colcon_ws/build/turtlebot3_example/prefix_override:/usr/lib/python3/dist-packages/colcon_core/task/python/colcon_distutils_commands:/home/ros25/ROS/ROS_25/colcon_ws/install/turtlebot3_example/lib/python3.10/site-packages:${PYTHONPATH} /usr/bin/python3 -W ignore:setup.py install is deprecated -W ignore:easy_install command is deprecated setup.py egg_info --egg-base ../../../build/turtlebot3_example build --build-base /home/ros25/ROS/ROS_25/colcon_ws/build/turtlebot3_example/build install --record /home/ros25/ROS/ROS_25/colcon_ws/build/turtlebot3_example/install.log --single-version-externally-managed install_data
[3.205s] running egg_info
[3.209s] writing ../../../build/turtlebot3_example/turtlebot3_example.egg-info/PKG-INFO
[3.212s] writing dependency_links to ../../../build/turtlebot3_example/turtlebot3_example.egg-info/dependency_links.txt
[3.216s] writing entry points to ../../../build/turtlebot3_example/turtlebot3_example.egg-info/entry_points.txt
[3.217s] writing requirements to ../../../build/turtlebot3_example/turtlebot3_example.egg-info/requires.txt
[3.219s] writing top-level names to ../../../build/turtlebot3_example/turtlebot3_example.egg-info/top_level.txt
[3.227s] reading manifest file '../../../build/turtlebot3_example/turtlebot3_example.egg-info/SOURCES.txt'
[3.230s] writing manifest file '../../../build/turtlebot3_example/turtlebot3_example.egg-info/SOURCES.txt'
[3.232s] running build
[3.232s] running build_py
[3.233s] copying turtlebot3_example/__init__.py -> /home/ros25/ROS/ROS_25/colcon_ws/build/turtlebot3_example/build/lib/turtlebot3_example
[3.237s] copying turtlebot3_example/turtlebot3_obstacle_detection/turtlebot3_obstacle_detection.py -> /home/ros25/ROS/ROS_25/colcon_ws/build/turtlebot3_example/build/lib/turtlebot3_example/turtlebot3_obstacle_detection
[3.240s] copying turtlebot3_example/turtlebot3_obstacle_detection/__init__.py -> /home/ros25/ROS/ROS_25/colcon_ws/build/turtlebot3_example/build/lib/turtlebot3_example/turtlebot3_obstacle_detection
[3.240s] copying turtlebot3_example/turtlebot3_absolute_move/turtlebot3_absolute_move.py -> /home/ros25/ROS/ROS_25/colcon_ws/build/turtlebot3_example/build/lib/turtlebot3_example/turtlebot3_absolute_move
[3.241s] copying turtlebot3_example/turtlebot3_absolute_move/__init__.py -> /home/ros25/ROS/ROS_25/colcon_ws/build/turtlebot3_example/build/lib/turtlebot3_example/turtlebot3_absolute_move
[3.241s] copying turtlebot3_example/turtlebot3_interactive_marker/turtlebot3_interactive_marker.py -> /home/ros25/ROS/ROS_25/colcon_ws/build/turtlebot3_example/build/lib/turtlebot3_example/turtlebot3_interactive_marker
[3.241s] copying turtlebot3_example/turtlebot3_interactive_marker/__init__.py -> /home/ros25/ROS/ROS_25/colcon_ws/build/turtlebot3_example/build/lib/turtlebot3_example/turtlebot3_interactive_marker
[3.241s] copying turtlebot3_example/turtlebot3_patrol/turtlebot3_patrol_server.py -> /home/ros25/ROS/ROS_25/colcon_ws/build/turtlebot3_example/build/lib/turtlebot3_example/turtlebot3_patrol
[3.241s] copying turtlebot3_example/turtlebot3_patrol/turtlebot3_patrol_client.py -> /home/ros25/ROS/ROS_25/colcon_ws/build/turtlebot3_example/build/lib/turtlebot3_example/turtlebot3_patrol
[3.241s] copying turtlebot3_example/turtlebot3_patrol/__init__.py -> /home/ros25/ROS/ROS_25/colcon_ws/build/turtlebot3_example/build/lib/turtlebot3_example/turtlebot3_patrol
[3.242s] copying turtlebot3_example/turtlebot3_relative_move/turtlebot3_relative_move.py -> /home/ros25/ROS/ROS_25/colcon_ws/build/turtlebot3_example/build/lib/turtlebot3_example/turtlebot3_relative_move
[3.243s] copying turtlebot3_example/turtlebot3_relative_move/__init__.py -> /home/ros25/ROS/ROS_25/colcon_ws/build/turtlebot3_example/build/lib/turtlebot3_example/turtlebot3_relative_move
[3.246s] running install
[3.251s] running install_lib
[3.256s] copying /home/ros25/ROS/ROS_25/colcon_ws/build/turtlebot3_example/build/lib/turtlebot3_example/turtlebot3_obstacle_detection/turtlebot3_obstacle_detection.py -> /home/ros25/ROS/ROS_25/colcon_ws/install/turtlebot3_example/lib/python3.10/site-packages/turtlebot3_example/turtlebot3_obstacle_detection
[3.259s] copying /home/ros25/ROS/ROS_25/colcon_ws/build/turtlebot3_example/build/lib/turtlebot3_example/turtlebot3_obstacle_detection/__init__.py -> /home/ros25/ROS/ROS_25/colcon_ws/install/turtlebot3_example/lib/python3.10/site-packages/turtlebot3_example/turtlebot3_obstacle_detection
[3.260s] copying /home/ros25/ROS/ROS_25/colcon_ws/build/turtlebot3_example/build/lib/turtlebot3_example/turtlebot3_absolute_move/turtlebot3_absolute_move.py -> /home/ros25/ROS/ROS_25/colcon_ws/install/turtlebot3_example/lib/python3.10/site-packages/turtlebot3_example/turtlebot3_absolute_move
[3.261s] copying /home/ros25/ROS/ROS_25/colcon_ws/build/turtlebot3_example/build/lib/turtlebot3_example/turtlebot3_absolute_move/__init__.py -> /home/ros25/ROS/ROS_25/colcon_ws/install/turtlebot3_example/lib/python3.10/site-packages/turtlebot3_example/turtlebot3_absolute_move
[3.261s] copying /home/ros25/ROS/ROS_25/colcon_ws/build/turtlebot3_example/build/lib/turtlebot3_example/turtlebot3_interactive_marker/turtlebot3_interactive_marker.py -> /home/ros25/ROS/ROS_25/colcon_ws/install/turtlebot3_example/lib/python3.10/site-packages/turtlebot3_example/turtlebot3_interactive_marker
[3.262s] copying /home/ros25/ROS/ROS_25/colcon_ws/build/turtlebot3_example/build/lib/turtlebot3_example/turtlebot3_interactive_marker/__init__.py -> /home/ros25/ROS/ROS_25/colcon_ws/install/turtlebot3_example/lib/python3.10/site-packages/turtlebot3_example/turtlebot3_interactive_marker
[3.263s] copying /home/ros25/ROS/ROS_25/colcon_ws/build/turtlebot3_example/build/lib/turtlebot3_example/turtlebot3_patrol/turtlebot3_patrol_server.py -> /home/ros25/ROS/ROS_25/colcon_ws/install/turtlebot3_example/lib/python3.10/site-packages/turtlebot3_example/turtlebot3_patrol
[3.267s] copying /home/ros25/ROS/ROS_25/colcon_ws/build/turtlebot3_example/build/lib/turtlebot3_example/turtlebot3_patrol/turtlebot3_patrol_client.py -> /home/ros25/ROS/ROS_25/colcon_ws/install/turtlebot3_example/lib/python3.10/site-packages/turtlebot3_example/turtlebot3_patrol
[3.267s] copying /home/ros25/ROS/ROS_25/colcon_ws/build/turtlebot3_example/build/lib/turtlebot3_example/turtlebot3_patrol/__init__.py -> /home/ros25/ROS/ROS_25/colcon_ws/install/turtlebot3_example/lib/python3.10/site-packages/turtlebot3_example/turtlebot3_patrol
[3.267s] copying /home/ros25/ROS/ROS_25/colcon_ws/build/turtlebot3_example/build/lib/turtlebot3_example/turtlebot3_relative_move/turtlebot3_relative_move.py -> /home/ros25/ROS/ROS_25/colcon_ws/install/turtlebot3_example/lib/python3.10/site-packages/turtlebot3_example/turtlebot3_relative_move
[3.270s] copying /home/ros25/ROS/ROS_25/colcon_ws/build/turtlebot3_example/build/lib/turtlebot3_example/turtlebot3_relative_move/__init__.py -> /home/ros25/ROS/ROS_25/colcon_ws/install/turtlebot3_example/lib/python3.10/site-packages/turtlebot3_example/turtlebot3_relative_move
[3.270s] copying /home/ros25/ROS/ROS_25/colcon_ws/build/turtlebot3_example/build/lib/turtlebot3_example/__init__.py -> /home/ros25/ROS/ROS_25/colcon_ws/install/turtlebot3_example/lib/python3.10/site-packages/turtlebot3_example
[3.272s] byte-compiling /home/ros25/ROS/ROS_25/colcon_ws/install/turtlebot3_example/lib/python3.10/site-packages/turtlebot3_example/turtlebot3_obstacle_detection/turtlebot3_obstacle_detection.py to turtlebot3_obstacle_detection.cpython-310.pyc
[3.276s] byte-compiling /home/ros25/ROS/ROS_25/colcon_ws/install/turtlebot3_example/lib/python3.10/site-packages/turtlebot3_example/turtlebot3_obstacle_detection/__init__.py to __init__.cpython-310.pyc
[3.276s] byte-compiling /home/ros25/ROS/ROS_25/colcon_ws/install/turtlebot3_example/lib/python3.10/site-packages/turtlebot3_example/turtlebot3_absolute_move/turtlebot3_absolute_move.py to turtlebot3_absolute_move.cpython-310.pyc
[3.281s] byte-compiling /home/ros25/ROS/ROS_25/colcon_ws/install/turtlebot3_example/lib/python3.10/site-packages/turtlebot3_example/turtlebot3_absolute_move/__init__.py to __init__.cpython-310.pyc
[3.281s] byte-compiling /home/ros25/ROS/ROS_25/colcon_ws/install/turtlebot3_example/lib/python3.10/site-packages/turtlebot3_example/turtlebot3_interactive_marker/turtlebot3_interactive_marker.py to turtlebot3_interactive_marker.cpython-310.pyc
[3.286s] byte-compiling /home/ros25/ROS/ROS_25/colcon_ws/install/turtlebot3_example/lib/python3.10/site-packages/turtlebot3_example/turtlebot3_interactive_marker/__init__.py to __init__.cpython-310.pyc
[3.287s] byte-compiling /home/ros25/ROS/ROS_25/colcon_ws/install/turtlebot3_example/lib/python3.10/site-packages/turtlebot3_example/turtlebot3_patrol/turtlebot3_patrol_server.py to turtlebot3_patrol_server.cpython-310.pyc
[3.288s] byte-compiling /home/ros25/ROS/ROS_25/colcon_ws/install/turtlebot3_example/lib/python3.10/site-packages/turtlebot3_example/turtlebot3_patrol/turtlebot3_patrol_client.py to turtlebot3_patrol_client.cpython-310.pyc
[3.293s] byte-compiling /home/ros25/ROS/ROS_25/colcon_ws/install/turtlebot3_example/lib/python3.10/site-packages/turtlebot3_example/turtlebot3_patrol/__init__.py to __init__.cpython-310.pyc
[3.296s] byte-compiling /home/ros25/ROS/ROS_25/colcon_ws/install/turtlebot3_example/lib/python3.10/site-packages/turtlebot3_example/turtlebot3_relative_move/turtlebot3_relative_move.py to turtlebot3_relative_move.cpython-310.pyc
[3.305s] byte-compiling /home/ros25/ROS/ROS_25/colcon_ws/install/turtlebot3_example/lib/python3.10/site-packages/turtlebot3_example/turtlebot3_relative_move/__init__.py to __init__.cpython-310.pyc
[3.305s] byte-compiling /home/ros25/ROS/ROS_25/colcon_ws/install/turtlebot3_example/lib/python3.10/site-packages/turtlebot3_example/__init__.py to __init__.cpython-310.pyc
[3.310s] running install_data
[3.310s] copying resource/turtlebot3_example -> /home/ros25/ROS/ROS_25/colcon_ws/install/turtlebot3_example/share/ament_index/resource_index/packages
[3.310s] copying package.xml -> /home/ros25/ROS/ROS_25/colcon_ws/install/turtlebot3_example/share/turtlebot3_example
[3.313s] running install_egg_info
[3.322s] removing '/home/ros25/ROS/ROS_25/colcon_ws/install/turtlebot3_example/lib/python3.10/site-packages/turtlebot3_example-2.3.1-py3.10.egg-info' (and everything under it)
[3.326s] Copying ../../../build/turtlebot3_example/turtlebot3_example.egg-info to /home/ros25/ROS/ROS_25/colcon_ws/install/turtlebot3_example/lib/python3.10/site-packages/turtlebot3_example-2.3.1-py3.10.egg-info
[3.330s] running install_scripts
[3.392s] Installing turtlebot3_absolute_move script to /home/ros25/ROS/ROS_25/colcon_ws/install/turtlebot3_example/lib/turtlebot3_example
[3.393s] Installing turtlebot3_interactive_marker script to /home/ros25/ROS/ROS_25/colcon_ws/install/turtlebot3_example/lib/turtlebot3_example
[3.397s] Installing turtlebot3_obstacle_detection script to /home/ros25/ROS/ROS_25/colcon_ws/install/turtlebot3_example/lib/turtlebot3_example
[3.398s] Installing turtlebot3_patrol_client script to /home/ros25/ROS/ROS_25/colcon_ws/install/turtlebot3_example/lib/turtlebot3_example
[3.403s] Installing turtlebot3_patrol_server script to /home/ros25/ROS/ROS_25/colcon_ws/install/turtlebot3_example/lib/turtlebot3_example
[3.403s] Installing turtlebot3_relative_move script to /home/ros25/ROS/ROS_25/colcon_ws/install/turtlebot3_example/lib/turtlebot3_example
[3.411s] writing list of installed files to '/home/ros25/ROS/ROS_25/colcon_ws/build/turtlebot3_example/install.log'
[3.535s] Invoked command in '/home/ros25/ROS/ROS_25/colcon_ws/src/turtlebot3/turtlebot3_example' returned '0': CMAKE_PREFIX_PATH=/home/ros25/ROS/ROS_25/colcon_ws/install/turtlebot3_msgs:/home/ros25/ROS/ROS_25/colcon_ws/install/turtlebot3:/home/ros25/ROS/ROS_25/colcon_ws/install/turtlebot3_bringup:/home/ros25/ROS/ROS_25/colcon_ws/install/turtlebot3_node:/home/ros25/ROS/ROS_25/colcon_ws/install/turtlebot3_navigation2:/home/ros25/ROS/ROS_25/colcon_ws/install/turtlebot3_description:/home/ros25/ROS/ROS_25/colcon_ws/install/turtlebot3_cartographer:/home/ros25/ROS/ROS_25/colcon_ws/install/dynamixel_sdk_examples:/home/ros25/ROS/ROS_25/colcon_ws/install/dynamixel_sdk_custom_interfaces:/home/ros25/ROS/ROS_25/colcon_ws/install/dynamixel_sdk PYTHONPATH=/home/ros25/ROS/ROS_25/colcon_ws/build/turtlebot3_example/prefix_override:/usr/lib/python3/dist-packages/colcon_core/task/python/colcon_distutils_commands:/home/ros25/ROS/ROS_25/colcon_ws/install/turtlebot3_example/lib/python3.10/site-packages:${PYTHONPATH} /usr/bin/python3 -W ignore:setup.py install is deprecated -W ignore:easy_install command is deprecated setup.py egg_info --egg-base ../../../build/turtlebot3_example build --build-base /home/ros25/ROS/ROS_25/colcon_ws/build/turtlebot3_example/build install --record /home/ros25/ROS/ROS_25/colcon_ws/build/turtlebot3_example/install.log --single-version-externally-managed install_data
