[5.004s] Invoking command in '/home/ros25/ROS/ROS_25/colcon_ws/src/turtlebot3_controller': PYTHONPATH=/home/ros25/ROS/ROS_25/colcon_ws/build/turtlebot3_controller/prefix_override:/usr/lib/python3/dist-packages/colcon_core/task/python/colcon_distutils_commands:/home/ros25/ROS/ROS_25/colcon_ws/install/turtlebot3_controller/lib/python3.10/site-packages:${PYTHONPATH} /usr/bin/python3 -W ignore:setup.py install is deprecated -W ignore:easy_install command is deprecated setup.py egg_info --egg-base ../../build/turtlebot3_controller build --build-base /home/ros25/ROS/ROS_25/colcon_ws/build/turtlebot3_controller/build install --record /home/ros25/ROS/ROS_25/colcon_ws/build/turtlebot3_controller/install.log --single-version-externally-managed install_data
[7.385s] running egg_info
[7.390s] creating ../../build/turtlebot3_controller/turtlebot3_controller.egg-info
[7.391s] writing ../../build/turtlebot3_controller/turtlebot3_controller.egg-info/PKG-INFO
[7.394s] writing dependency_links to ../../build/turtlebot3_controller/turtlebot3_controller.egg-info/dependency_links.txt
[7.400s] writing entry points to ../../build/turtlebot3_controller/turtlebot3_controller.egg-info/entry_points.txt
[7.400s] writing requirements to ../../build/turtlebot3_controller/turtlebot3_controller.egg-info/requires.txt
[7.400s] writing top-level names to ../../build/turtlebot3_controller/turtlebot3_controller.egg-info/top_level.txt
[7.401s] writing manifest file '../../build/turtlebot3_controller/turtlebot3_controller.egg-info/SOURCES.txt'
[7.415s] reading manifest file '../../build/turtlebot3_controller/turtlebot3_controller.egg-info/SOURCES.txt'
[7.419s] writing manifest file '../../build/turtlebot3_controller/turtlebot3_controller.egg-info/SOURCES.txt'
[7.423s] running build
[7.423s] running build_py
[7.424s] creating /home/ros25/ROS/ROS_25/colcon_ws/build/turtlebot3_controller/build
[7.424s] creating /home/ros25/ROS/ROS_25/colcon_ws/build/turtlebot3_controller/build/lib
[7.424s] creating /home/ros25/ROS/ROS_25/colcon_ws/build/turtlebot3_controller/build/lib/maps
[7.424s] copying maps/__init__.py -> /home/ros25/ROS/ROS_25/colcon_ws/build/turtlebot3_controller/build/lib/maps
[7.424s] creating /home/ros25/ROS/ROS_25/colcon_ws/build/turtlebot3_controller/build/lib/turtlebot3_controller
[7.425s] copying turtlebot3_controller/navigator.py -> /home/ros25/ROS/ROS_25/colcon_ws/build/turtlebot3_controller/build/lib/turtlebot3_controller
[7.425s] copying turtlebot3_controller/mission_manager.py -> /home/ros25/ROS/ROS_25/colcon_ws/build/turtlebot3_controller/build/lib/turtlebot3_controller
[7.425s] copying turtlebot3_controller/sensor_listener.py -> /home/ros25/ROS/ROS_25/colcon_ws/build/turtlebot3_controller/build/lib/turtlebot3_controller
[7.425s] copying turtlebot3_controller/__init__.py -> /home/ros25/ROS/ROS_25/colcon_ws/build/turtlebot3_controller/build/lib/turtlebot3_controller
[7.425s] copying turtlebot3_controller/obstacle_avoider.py -> /home/ros25/ROS/ROS_25/colcon_ws/build/turtlebot3_controller/build/lib/turtlebot3_controller
[7.425s] running install
[7.441s] running install_lib
[7.456s] creating /home/ros25/ROS/ROS_25/colcon_ws/install/turtlebot3_controller/lib/python3.10/site-packages/maps
[7.456s] copying /home/ros25/ROS/ROS_25/colcon_ws/build/turtlebot3_controller/build/lib/maps/__init__.py -> /home/ros25/ROS/ROS_25/colcon_ws/install/turtlebot3_controller/lib/python3.10/site-packages/maps
[7.456s] creating /home/ros25/ROS/ROS_25/colcon_ws/install/turtlebot3_controller/lib/python3.10/site-packages/turtlebot3_controller
[7.457s] copying /home/ros25/ROS/ROS_25/colcon_ws/build/turtlebot3_controller/build/lib/turtlebot3_controller/navigator.py -> /home/ros25/ROS/ROS_25/colcon_ws/install/turtlebot3_controller/lib/python3.10/site-packages/turtlebot3_controller
[7.471s] copying /home/ros25/ROS/ROS_25/colcon_ws/build/turtlebot3_controller/build/lib/turtlebot3_controller/mission_manager.py -> /home/ros25/ROS/ROS_25/colcon_ws/install/turtlebot3_controller/lib/python3.10/site-packages/turtlebot3_controller
[7.471s] copying /home/ros25/ROS/ROS_25/colcon_ws/build/turtlebot3_controller/build/lib/turtlebot3_controller/sensor_listener.py -> /home/ros25/ROS/ROS_25/colcon_ws/install/turtlebot3_controller/lib/python3.10/site-packages/turtlebot3_controller
[7.471s] copying /home/ros25/ROS/ROS_25/colcon_ws/build/turtlebot3_controller/build/lib/turtlebot3_controller/__init__.py -> /home/ros25/ROS/ROS_25/colcon_ws/install/turtlebot3_controller/lib/python3.10/site-packages/turtlebot3_controller
[7.471s] copying /home/ros25/ROS/ROS_25/colcon_ws/build/turtlebot3_controller/build/lib/turtlebot3_controller/obstacle_avoider.py -> /home/ros25/ROS/ROS_25/colcon_ws/install/turtlebot3_controller/lib/python3.10/site-packages/turtlebot3_controller
[7.488s] byte-compiling /home/ros25/ROS/ROS_25/colcon_ws/install/turtlebot3_controller/lib/python3.10/site-packages/maps/__init__.py to __init__.cpython-310.pyc
[7.489s] byte-compiling /home/ros25/ROS/ROS_25/colcon_ws/install/turtlebot3_controller/lib/python3.10/site-packages/turtlebot3_controller/navigator.py to navigator.cpython-310.pyc
[7.507s] byte-compiling /home/ros25/ROS/ROS_25/colcon_ws/install/turtlebot3_controller/lib/python3.10/site-packages/turtlebot3_controller/mission_manager.py to mission_manager.cpython-310.pyc
[7.524s] byte-compiling /home/ros25/ROS/ROS_25/colcon_ws/install/turtlebot3_controller/lib/python3.10/site-packages/turtlebot3_controller/sensor_listener.py to sensor_listener.cpython-310.pyc
[7.524s] byte-compiling /home/ros25/ROS/ROS_25/colcon_ws/install/turtlebot3_controller/lib/python3.10/site-packages/turtlebot3_controller/__init__.py to __init__.cpython-310.pyc
[7.524s] byte-compiling /home/ros25/ROS/ROS_25/colcon_ws/install/turtlebot3_controller/lib/python3.10/site-packages/turtlebot3_controller/obstacle_avoider.py to obstacle_avoider.cpython-310.pyc
[7.532s] running install_data
[7.532s] creating /home/ros25/ROS/ROS_25/colcon_ws/install/turtlebot3_controller/share/ament_index
[7.535s] creating /home/ros25/ROS/ROS_25/colcon_ws/install/turtlebot3_controller/share/ament_index/resource_index
[7.537s] creating /home/ros25/ROS/ROS_25/colcon_ws/install/turtlebot3_controller/share/ament_index/resource_index/packages
[7.538s] copying resource/turtlebot3_controller -> /home/ros25/ROS/ROS_25/colcon_ws/install/turtlebot3_controller/share/ament_index/resource_index/packages
[7.538s] copying package.xml -> /home/ros25/ROS/ROS_25/colcon_ws/install/turtlebot3_controller/share/turtlebot3_controller
[7.542s] creating /home/ros25/ROS/ROS_25/colcon_ws/install/turtlebot3_controller/share/turtlebot3_controller/launch
[7.546s] copying launch/bringup_core.launch.py -> /home/ros25/ROS/ROS_25/colcon_ws/install/turtlebot3_controller/share/turtlebot3_controller/launch
[7.548s] copying launch/test_map_launch.py -> /home/ros25/ROS/ROS_25/colcon_ws/install/turtlebot3_controller/share/turtlebot3_controller/launch
[7.548s] copying launch/mission.launch.py -> /home/ros25/ROS/ROS_25/colcon_ws/install/turtlebot3_controller/share/turtlebot3_controller/launch
[7.553s] copying launch/bringup_all.launch.py -> /home/ros25/ROS/ROS_25/colcon_ws/install/turtlebot3_controller/share/turtlebot3_controller/launch
[7.553s] creating /home/ros25/ROS/ROS_25/colcon_ws/install/turtlebot3_controller/share/turtlebot3_controller/maps
[7.553s] copying maps/carto_map.yaml -> /home/ros25/ROS/ROS_25/colcon_ws/install/turtlebot3_controller/share/turtlebot3_controller/maps
[7.561s] copying maps/map.yaml -> /home/ros25/ROS/ROS_25/colcon_ws/install/turtlebot3_controller/share/turtlebot3_controller/maps
[7.564s] copying maps/home_map.pgm -> /home/ros25/ROS/ROS_25/colcon_ws/install/turtlebot3_controller/share/turtlebot3_controller/maps
[7.577s] copying maps/carto_map.pgm -> /home/ros25/ROS/ROS_25/colcon_ws/install/turtlebot3_controller/share/turtlebot3_controller/maps
[7.579s] copying maps/__init__.py -> /home/ros25/ROS/ROS_25/colcon_ws/install/turtlebot3_controller/share/turtlebot3_controller/maps
[7.586s] copying maps/map.pgm -> /home/ros25/ROS/ROS_25/colcon_ws/install/turtlebot3_controller/share/turtlebot3_controller/maps
[7.588s] copying maps/home_map.yaml -> /home/ros25/ROS/ROS_25/colcon_ws/install/turtlebot3_controller/share/turtlebot3_controller/maps
[7.588s] creating /home/ros25/ROS/ROS_25/colcon_ws/install/turtlebot3_controller/share/turtlebot3_controller/config
[7.596s] copying config/nav2.yaml -> /home/ros25/ROS/ROS_25/colcon_ws/install/turtlebot3_controller/share/turtlebot3_controller/config
[7.597s] creating /home/ros25/ROS/ROS_25/colcon_ws/install/turtlebot3_controller/share/turtlebot3_controller/worlds
[7.597s] copying worlds/my_test_map.world -> /home/ros25/ROS/ROS_25/colcon_ws/install/turtlebot3_controller/share/turtlebot3_controller/worlds
[7.603s] running install_egg_info
[7.618s] Copying ../../build/turtlebot3_controller/turtlebot3_controller.egg-info to /home/ros25/ROS/ROS_25/colcon_ws/install/turtlebot3_controller/lib/python3.10/site-packages/turtlebot3_controller-0.0.0-py3.10.egg-info
[7.629s] running install_scripts
[7.884s] Installing mission_manager script to /home/ros25/ROS/ROS_25/colcon_ws/install/turtlebot3_controller/lib/turtlebot3_controller
[7.887s] Installing navigator script to /home/ros25/ROS/ROS_25/colcon_ws/install/turtlebot3_controller/lib/turtlebot3_controller
[7.896s] Installing obstacle_avoider script to /home/ros25/ROS/ROS_25/colcon_ws/install/turtlebot3_controller/lib/turtlebot3_controller
[7.901s] Installing sensor_listener script to /home/ros25/ROS/ROS_25/colcon_ws/install/turtlebot3_controller/lib/turtlebot3_controller
[7.901s] writing list of installed files to '/home/ros25/ROS/ROS_25/colcon_ws/build/turtlebot3_controller/install.log'
[8.270s] Invoked command in '/home/ros25/ROS/ROS_25/colcon_ws/src/turtlebot3_controller' returned '0': PYTHONPATH=/home/ros25/ROS/ROS_25/colcon_ws/build/turtlebot3_controller/prefix_override:/usr/lib/python3/dist-packages/colcon_core/task/python/colcon_distutils_commands:/home/ros25/ROS/ROS_25/colcon_ws/install/turtlebot3_controller/lib/python3.10/site-packages:${PYTHONPATH} /usr/bin/python3 -W ignore:setup.py install is deprecated -W ignore:easy_install command is deprecated setup.py egg_info --egg-base ../../build/turtlebot3_controller build --build-base /home/ros25/ROS/ROS_25/colcon_ws/build/turtlebot3_controller/build install --record /home/ros25/ROS/ROS_25/colcon_ws/build/turtlebot3_controller/install.log --single-version-externally-managed install_data
