[3.737s] Invoking command in '/home/ros25/ROS/ROS_25/colcon_ws/src/turtlebot3_controller': PYTHONPATH=/home/ros25/ROS/ROS_25/colcon_ws/build/turtlebot3_controller/prefix_override:/usr/lib/python3/dist-packages/colcon_core/task/python/colcon_distutils_commands:/home/ros25/ROS/ROS_25/colcon_ws/install/turtlebot3_controller/lib/python3.10/site-packages:${PYTHONPATH} /usr/bin/python3 -W ignore:setup.py install is deprecated -W ignore:easy_install command is deprecated setup.py egg_info --egg-base ../../build/turtlebot3_controller build --build-base /home/ros25/ROS/ROS_25/colcon_ws/build/turtlebot3_controller/build install --record /home/ros25/ROS/ROS_25/colcon_ws/build/turtlebot3_controller/install.log --single-version-externally-managed install_data
[5.192s] running egg_info
[5.200s] writing ../../build/turtlebot3_controller/turtlebot3_controller.egg-info/PKG-INFO
[5.201s] writing dependency_links to ../../build/turtlebot3_controller/turtlebot3_controller.egg-info/dependency_links.txt
[5.204s] writing entry points to ../../build/turtlebot3_controller/turtlebot3_controller.egg-info/entry_points.txt
[5.206s] writing requirements to ../../build/turtlebot3_controller/turtlebot3_controller.egg-info/requires.txt
[5.207s] writing top-level names to ../../build/turtlebot3_controller/turtlebot3_controller.egg-info/top_level.txt
[5.218s] reading manifest file '../../build/turtlebot3_controller/turtlebot3_controller.egg-info/SOURCES.txt'
[5.221s] writing manifest file '../../build/turtlebot3_controller/turtlebot3_controller.egg-info/SOURCES.txt'
[5.221s] running build
[5.222s] running build_py
[5.228s] running install
[5.229s] running install_lib
[5.234s] running install_data
[5.235s] copying launch/test_map_launch.py -> /home/ros25/ROS/ROS_25/colcon_ws/install/turtlebot3_controller/share/turtlebot3_controller/launch
[5.239s] copying worlds/my_test_map.world -> /home/ros25/ROS/ROS_25/colcon_ws/install/turtlebot3_controller/share/turtlebot3_controller/worlds
[5.240s] running install_egg_info
[5.246s] removing '/home/ros25/ROS/ROS_25/colcon_ws/install/turtlebot3_controller/lib/python3.10/site-packages/turtlebot3_controller-0.0.0-py3.10.egg-info' (and everything under it)
[5.247s] Copying ../../build/turtlebot3_controller/turtlebot3_controller.egg-info to /home/ros25/ROS/ROS_25/colcon_ws/install/turtlebot3_controller/lib/python3.10/site-packages/turtlebot3_controller-0.0.0-py3.10.egg-info
[5.255s] running install_scripts
[5.369s] Installing mission_manager script to /home/ros25/ROS/ROS_25/colcon_ws/install/turtlebot3_controller/lib/turtlebot3_controller
[5.371s] Installing navigator script to /home/ros25/ROS/ROS_25/colcon_ws/install/turtlebot3_controller/lib/turtlebot3_controller
[5.372s] Installing obstacle_avoider script to /home/ros25/ROS/ROS_25/colcon_ws/install/turtlebot3_controller/lib/turtlebot3_controller
[5.375s] Installing sensor_listener script to /home/ros25/ROS/ROS_25/colcon_ws/install/turtlebot3_controller/lib/turtlebot3_controller
[5.377s] writing list of installed files to '/home/ros25/ROS/ROS_25/colcon_ws/build/turtlebot3_controller/install.log'
[5.508s] Invoked command in '/home/ros25/ROS/ROS_25/colcon_ws/src/turtlebot3_controller' returned '0': PYTHONPATH=/home/ros25/ROS/ROS_25/colcon_ws/build/turtlebot3_controller/prefix_override:/usr/lib/python3/dist-packages/colcon_core/task/python/colcon_distutils_commands:/home/ros25/ROS/ROS_25/colcon_ws/install/turtlebot3_controller/lib/python3.10/site-packages:${PYTHONPATH} /usr/bin/python3 -W ignore:setup.py install is deprecated -W ignore:easy_install command is deprecated setup.py egg_info --egg-base ../../build/turtlebot3_controller build --build-base /home/ros25/ROS/ROS_25/colcon_ws/build/turtlebot3_controller/build install --record /home/ros25/ROS/ROS_25/colcon_ws/build/turtlebot3_controller/install.log --single-version-externally-managed install_data
