[0.035s] Invoking command in '/home/ros25/ROS/ROS_25/colcon_ws/build/turtlebot3_description': CMAKE_PREFIX_PATH=${CMAKE_PREFIX_PATH}:/home/ros25/ROS/ROS_25/colcon_ws/install/turtlebot3_teleop:/home/ros25/ROS/ROS_25/colcon_ws/install/turtlebot3_example:/home/ros25/ROS/ROS_25/colcon_ws/install/turtlebot3_controller:/home/ros25/ROS/ROS_25/colcon_ws/install/test_node:/opt/ros/humble /usr/bin/cmake --build /home/ros25/ROS/ROS_25/colcon_ws/build/turtlebot3_description -- -j2 -l2
[0.213s] Invoked command in '/home/ros25/ROS/ROS_25/colcon_ws/build/turtlebot3_description' returned '0': CMAKE_PREFIX_PATH=${CMAKE_PREFIX_PATH}:/home/ros25/ROS/ROS_25/colcon_ws/install/turtlebot3_teleop:/home/ros25/ROS/ROS_25/colcon_ws/install/turtlebot3_example:/home/ros25/ROS/ROS_25/colcon_ws/install/turtlebot3_controller:/home/ros25/ROS/ROS_25/colcon_ws/install/test_node:/opt/ros/humble /usr/bin/cmake --build /home/ros25/ROS/ROS_25/colcon_ws/build/turtlebot3_description -- -j2 -l2
[0.228s] Invoking command in '/home/ros25/ROS/ROS_25/colcon_ws/build/turtlebot3_description': CMAKE_PREFIX_PATH=${CMAKE_PREFIX_PATH}:/home/ros25/ROS/ROS_25/colcon_ws/install/turtlebot3_teleop:/home/ros25/ROS/ROS_25/colcon_ws/install/turtlebot3_example:/home/ros25/ROS/ROS_25/colcon_ws/install/turtlebot3_controller:/home/ros25/ROS/ROS_25/colcon_ws/install/test_node:/opt/ros/humble /usr/bin/cmake --install /home/ros25/ROS/ROS_25/colcon_ws/build/turtlebot3_description
[0.280s] -- Install configuration: ""
[0.281s] -- Up-to-date: /home/ros25/ROS/ROS_25/colcon_ws/install/turtlebot3_description/share/turtlebot3_description/meshes
[0.281s] -- Up-to-date: /home/ros25/ROS/ROS_25/colcon_ws/install/turtlebot3_description/share/turtlebot3_description/meshes/sensors
[0.281s] -- Up-to-date: /home/ros25/ROS/ROS_25/colcon_ws/install/turtlebot3_description/share/turtlebot3_description/meshes/sensors/r200.dae
[0.281s] -- Up-to-date: /home/ros25/ROS/ROS_25/colcon_ws/install/turtlebot3_description/share/turtlebot3_description/meshes/sensors/astra.jpg
[0.281s] -- Up-to-date: /home/ros25/ROS/ROS_25/colcon_ws/install/turtlebot3_description/share/turtlebot3_description/meshes/sensors/astra.dae
[0.281s] -- Up-to-date: /home/ros25/ROS/ROS_25/colcon_ws/install/turtlebot3_description/share/turtlebot3_description/meshes/sensors/lds.stl
[0.282s] -- Up-to-date: /home/ros25/ROS/ROS_25/colcon_ws/install/turtlebot3_description/share/turtlebot3_description/meshes/sensors/r200.jpg
[0.289s] -- Up-to-date: /home/ros25/ROS/ROS_25/colcon_ws/install/turtlebot3_description/share/turtlebot3_description/meshes/bases
[0.291s] -- Up-to-date: /home/ros25/ROS/ROS_25/colcon_ws/install/turtlebot3_description/share/turtlebot3_description/meshes/bases/waffle_base.stl
[0.291s] -- Up-to-date: /home/ros25/ROS/ROS_25/colcon_ws/install/turtlebot3_description/share/turtlebot3_description/meshes/bases/burger_base.stl
[0.292s] -- Up-to-date: /home/ros25/ROS/ROS_25/colcon_ws/install/turtlebot3_description/share/turtlebot3_description/meshes/bases/waffle_pi_base.stl
[0.294s] -- Up-to-date: /home/ros25/ROS/ROS_25/colcon_ws/install/turtlebot3_description/share/turtlebot3_description/meshes/wheels
[0.294s] -- Up-to-date: /home/ros25/ROS/ROS_25/colcon_ws/install/turtlebot3_description/share/turtlebot3_description/meshes/wheels/left_tire.stl
[0.294s] -- Up-to-date: /home/ros25/ROS/ROS_25/colcon_ws/install/turtlebot3_description/share/turtlebot3_description/meshes/wheels/right_tire.stl
[0.294s] -- Up-to-date: /home/ros25/ROS/ROS_25/colcon_ws/install/turtlebot3_description/share/turtlebot3_description/rviz
[0.295s] -- Up-to-date: /home/ros25/ROS/ROS_25/colcon_ws/install/turtlebot3_description/share/turtlebot3_description/rviz/model.rviz
[0.295s] -- Up-to-date: /home/ros25/ROS/ROS_25/colcon_ws/install/turtlebot3_description/share/turtlebot3_description/urdf
[0.308s] -- Up-to-date: /home/ros25/ROS/ROS_25/colcon_ws/install/turtlebot3_description/share/turtlebot3_description/urdf/turtlebot3_burger.urdf
[0.309s] -- Up-to-date: /home/ros25/ROS/ROS_25/colcon_ws/install/turtlebot3_description/share/turtlebot3_description/urdf/turtlebot3_waffle.urdf
[0.309s] -- Up-to-date: /home/ros25/ROS/ROS_25/colcon_ws/install/turtlebot3_description/share/turtlebot3_description/urdf/turtlebot3_waffle_pi.urdf
[0.309s] -- Up-to-date: /home/ros25/ROS/ROS_25/colcon_ws/install/turtlebot3_description/share/turtlebot3_description/urdf/common_properties.urdf
[0.310s] -- Up-to-date: /home/ros25/ROS/ROS_25/colcon_ws/install/turtlebot3_description/share/ament_index/resource_index/package_run_dependencies/turtlebot3_description
[0.310s] -- Up-to-date: /home/ros25/ROS/ROS_25/colcon_ws/install/turtlebot3_description/share/ament_index/resource_index/parent_prefix_path/turtlebot3_description
[0.312s] -- Up-to-date: /home/ros25/ROS/ROS_25/colcon_ws/install/turtlebot3_description/share/turtlebot3_description/environment/ament_prefix_path.sh
[0.312s] -- Up-to-date: /home/ros25/ROS/ROS_25/colcon_ws/install/turtlebot3_description/share/turtlebot3_description/environment/ament_prefix_path.dsv
[0.315s] -- Up-to-date: /home/ros25/ROS/ROS_25/colcon_ws/install/turtlebot3_description/share/turtlebot3_description/environment/path.sh
[0.316s] -- Up-to-date: /home/ros25/ROS/ROS_25/colcon_ws/install/turtlebot3_description/share/turtlebot3_description/environment/path.dsv
[0.316s] -- Up-to-date: /home/ros25/ROS/ROS_25/colcon_ws/install/turtlebot3_description/share/turtlebot3_description/local_setup.bash
[0.316s] -- Up-to-date: /home/ros25/ROS/ROS_25/colcon_ws/install/turtlebot3_description/share/turtlebot3_description/local_setup.sh
[0.316s] -- Up-to-date: /home/ros25/ROS/ROS_25/colcon_ws/install/turtlebot3_description/share/turtlebot3_description/local_setup.zsh
[0.316s] -- Up-to-date: /home/ros25/ROS/ROS_25/colcon_ws/install/turtlebot3_description/share/turtlebot3_description/local_setup.dsv
[0.316s] -- Installing: /home/ros25/ROS/ROS_25/colcon_ws/install/turtlebot3_description/share/turtlebot3_description/package.dsv
[0.316s] -- Up-to-date: /home/ros25/ROS/ROS_25/colcon_ws/install/turtlebot3_description/share/ament_index/resource_index/packages/turtlebot3_description
[0.317s] -- Up-to-date: /home/ros25/ROS/ROS_25/colcon_ws/install/turtlebot3_description/share/turtlebot3_description/cmake/turtlebot3_descriptionConfig.cmake
[0.317s] -- Up-to-date: /home/ros25/ROS/ROS_25/colcon_ws/install/turtlebot3_description/share/turtlebot3_description/cmake/turtlebot3_descriptionConfig-version.cmake
[0.323s] -- Up-to-date: /home/ros25/ROS/ROS_25/colcon_ws/install/turtlebot3_description/share/turtlebot3_description/package.xml
[0.324s] Invoked command in '/home/ros25/ROS/ROS_25/colcon_ws/build/turtlebot3_description' returned '0': CMAKE_PREFIX_PATH=${CMAKE_PREFIX_PATH}:/home/ros25/ROS/ROS_25/colcon_ws/install/turtlebot3_teleop:/home/ros25/ROS/ROS_25/colcon_ws/install/turtlebot3_example:/home/ros25/ROS/ROS_25/colcon_ws/install/turtlebot3_controller:/home/ros25/ROS/ROS_25/colcon_ws/install/test_node:/opt/ros/humble /usr/bin/cmake --install /home/ros25/ROS/ROS_25/colcon_ws/build/turtlebot3_description
