[2.346s] Invoking command in '/home/ros25/ROS/ROS_25/colcon_ws/build/turtlebot3_dqn': CMAKE_PREFIX_PATH=/home/ros25/ROS/ROS_25/colcon_ws/install/turtlebot3_msgs:/home/ros25/ROS/ROS_25/colcon_ws/install/turtlebot3_machine_learning:/home/ros25/ROS/ROS_25/colcon_ws/install/turtlebot3:/home/ros25/ROS/ROS_25/colcon_ws/install/turtlebot3_simulations:/home/ros25/ROS/ROS_25/colcon_ws/install/turtlebot3_bringup:/home/ros25/ROS/ROS_25/colcon_ws/install/turtlebot3_node:/home/ros25/ROS/ROS_25/colcon_ws/install/turtlebot3_navigation2:/home/ros25/ROS/ROS_25/colcon_ws/install/turtlebot3_fake_node:/home/ros25/ROS/ROS_25/colcon_ws/install/turtlebot3_manipulation_gazebo:/home/ros25/ROS/ROS_25/colcon_ws/install/turtlebot3_gazebo:/home/ros25/ROS/ROS_25/colcon_ws/install/turtlebot3_description:/home/ros25/ROS/ROS_25/colcon_ws/install/turtlebot3_cartographer:/home/ros25/ROS/ROS_25/colcon_ws/install/dynamixel_sdk_examples:/home/ros25/ROS/ROS_25/colcon_ws/install/dynamixel_sdk_custom_interfaces:/home/ros25/ROS/ROS_25/colcon_ws/install/dynamixel_sdk LD_LIBRARY_PATH=/home/ros25/ROS/ROS_25/colcon_ws/install/turtlebot3_msgs/lib:/home/ros25/ROS/ROS_25/colcon_ws/install/dynamixel_sdk_custom_interfaces/lib:/home/ros25/ROS/ROS_25/colcon_ws/install/dynamixel_sdk/lib:/usr/lib/x86_64-linux-gnu/gazebo-11/plugins:/opt/ros/humble/opt/rviz_ogre_vendor/lib:/opt/ros/humble/lib/x86_64-linux-gnu:/opt/ros/humble/lib:/usr/share/gazebo/../../lib/x86_64-linux-gnu/gazebo-11/plugins PYTHONPATH=/home/ros25/ROS/ROS_25/colcon_ws/build/turtlebot3_dqn/prefix_override:/usr/lib/python3/dist-packages/colcon_core/task/python/colcon_distutils_commands:/home/ros25/ROS/ROS_25/colcon_ws/install/turtlebot3_dqn/lib/python3.10/site-packages:${PYTHONPATH} /usr/bin/python3 -W ignore:setup.py install is deprecated -W ignore:easy_install command is deprecated setup.py develop --editable --build-directory /home/ros25/ROS/ROS_25/colcon_ws/build/turtlebot3_dqn/build --no-deps symlink_data
[3.746s] running develop
[4.661s] running egg_info
[4.661s] creating turtlebot3_dqn.egg-info
[4.662s] writing turtlebot3_dqn.egg-info/PKG-INFO
[4.663s] writing dependency_links to turtlebot3_dqn.egg-info/dependency_links.txt
[4.666s] writing entry points to turtlebot3_dqn.egg-info/entry_points.txt
[4.666s] writing requirements to turtlebot3_dqn.egg-info/requires.txt
[4.666s] writing top-level names to turtlebot3_dqn.egg-info/top_level.txt
[4.666s] writing manifest file 'turtlebot3_dqn.egg-info/SOURCES.txt'
[4.668s] reading manifest file 'turtlebot3_dqn.egg-info/SOURCES.txt'
[4.668s] writing manifest file 'turtlebot3_dqn.egg-info/SOURCES.txt'
[4.675s] running build_ext
[4.675s] Creating /home/ros25/ROS/ROS_25/colcon_ws/install/turtlebot3_dqn/lib/python3.10/site-packages/turtlebot3-dqn.egg-link (link to .)
[4.676s] Installing action_graph script to /home/ros25/ROS/ROS_25/colcon_ws/install/turtlebot3_dqn/lib/turtlebot3_dqn
[4.676s] Installing dqn_agent script to /home/ros25/ROS/ROS_25/colcon_ws/install/turtlebot3_dqn/lib/turtlebot3_dqn
[4.676s] Installing dqn_environment script to /home/ros25/ROS/ROS_25/colcon_ws/install/turtlebot3_dqn/lib/turtlebot3_dqn
[4.676s] Installing dqn_gazebo script to /home/ros25/ROS/ROS_25/colcon_ws/install/turtlebot3_dqn/lib/turtlebot3_dqn
[4.676s] Installing dqn_test script to /home/ros25/ROS/ROS_25/colcon_ws/install/turtlebot3_dqn/lib/turtlebot3_dqn
[4.676s] Installing result_graph script to /home/ros25/ROS/ROS_25/colcon_ws/install/turtlebot3_dqn/lib/turtlebot3_dqn
[4.676s] 
[4.676s] Installed /home/ros25/ROS/ROS_25/colcon_ws/build/turtlebot3_dqn
[4.677s] running symlink_data
[4.678s] creating /home/ros25/ROS/ROS_25/colcon_ws/install/turtlebot3_dqn/share/ament_index
[4.682s] creating /home/ros25/ROS/ROS_25/colcon_ws/install/turtlebot3_dqn/share/ament_index/resource_index
[4.682s] creating /home/ros25/ROS/ROS_25/colcon_ws/install/turtlebot3_dqn/share/ament_index/resource_index/packages
[4.682s] symbolically linking /home/ros25/ROS/ROS_25/colcon_ws/build/turtlebot3_dqn/resource/turtlebot3_dqn -> /home/ros25/ROS/ROS_25/colcon_ws/install/turtlebot3_dqn/share/ament_index/resource_index/packages
[4.685s] symbolically linking /home/ros25/ROS/ROS_25/colcon_ws/build/turtlebot3_dqn/package.xml -> /home/ros25/ROS/ROS_25/colcon_ws/install/turtlebot3_dqn/share/turtlebot3_dqn
[4.686s] creating /home/ros25/ROS/ROS_25/colcon_ws/install/turtlebot3_dqn/share/turtlebot3_dqn/launch
[4.772s] Invoked command in '/home/ros25/ROS/ROS_25/colcon_ws/build/turtlebot3_dqn' returned '0': CMAKE_PREFIX_PATH=/home/ros25/ROS/ROS_25/colcon_ws/install/turtlebot3_msgs:/home/ros25/ROS/ROS_25/colcon_ws/install/turtlebot3_machine_learning:/home/ros25/ROS/ROS_25/colcon_ws/install/turtlebot3:/home/ros25/ROS/ROS_25/colcon_ws/install/turtlebot3_simulations:/home/ros25/ROS/ROS_25/colcon_ws/install/turtlebot3_bringup:/home/ros25/ROS/ROS_25/colcon_ws/install/turtlebot3_node:/home/ros25/ROS/ROS_25/colcon_ws/install/turtlebot3_navigation2:/home/ros25/ROS/ROS_25/colcon_ws/install/turtlebot3_fake_node:/home/ros25/ROS/ROS_25/colcon_ws/install/turtlebot3_manipulation_gazebo:/home/ros25/ROS/ROS_25/colcon_ws/install/turtlebot3_gazebo:/home/ros25/ROS/ROS_25/colcon_ws/install/turtlebot3_description:/home/ros25/ROS/ROS_25/colcon_ws/install/turtlebot3_cartographer:/home/ros25/ROS/ROS_25/colcon_ws/install/dynamixel_sdk_examples:/home/ros25/ROS/ROS_25/colcon_ws/install/dynamixel_sdk_custom_interfaces:/home/ros25/ROS/ROS_25/colcon_ws/install/dynamixel_sdk LD_LIBRARY_PATH=/home/ros25/ROS/ROS_25/colcon_ws/install/turtlebot3_msgs/lib:/home/ros25/ROS/ROS_25/colcon_ws/install/dynamixel_sdk_custom_interfaces/lib:/home/ros25/ROS/ROS_25/colcon_ws/install/dynamixel_sdk/lib:/usr/lib/x86_64-linux-gnu/gazebo-11/plugins:/opt/ros/humble/opt/rviz_ogre_vendor/lib:/opt/ros/humble/lib/x86_64-linux-gnu:/opt/ros/humble/lib:/usr/share/gazebo/../../lib/x86_64-linux-gnu/gazebo-11/plugins PYTHONPATH=/home/ros25/ROS/ROS_25/colcon_ws/build/turtlebot3_dqn/prefix_override:/usr/lib/python3/dist-packages/colcon_core/task/python/colcon_distutils_commands:/home/ros25/ROS/ROS_25/colcon_ws/install/turtlebot3_dqn/lib/python3.10/site-packages:${PYTHONPATH} /usr/bin/python3 -W ignore:setup.py install is deprecated -W ignore:easy_install command is deprecated setup.py develop --editable --build-directory /home/ros25/ROS/ROS_25/colcon_ws/build/turtlebot3_dqn/build --no-deps symlink_data
